[2023-03-16T05:16:24.550+0000] {taskinstance.py:1083} INFO - Dependencies all met for <TaskInstance: Spotify_Data_ETL.GetAudioQuality manual__2023-03-16T05:02:48.467376+00:00 [queued]>
[2023-03-16T05:16:24.555+0000] {taskinstance.py:1083} INFO - Dependencies all met for <TaskInstance: Spotify_Data_ETL.GetAudioQuality manual__2023-03-16T05:02:48.467376+00:00 [queued]>
[2023-03-16T05:16:24.556+0000] {taskinstance.py:1279} INFO - 
--------------------------------------------------------------------------------
[2023-03-16T05:16:24.563+0000] {taskinstance.py:1280} INFO - Starting attempt 2 of 4
[2023-03-16T05:16:24.564+0000] {taskinstance.py:1281} INFO - 
--------------------------------------------------------------------------------
[2023-03-16T05:16:24.572+0000] {taskinstance.py:1300} INFO - Executing <Task(PythonOperator): GetAudioQuality> on 2023-03-16 05:02:48.467376+00:00
[2023-03-16T05:16:24.578+0000] {standard_task_runner.py:55} INFO - Started process 9806 to run task
[2023-03-16T05:16:24.581+0000] {standard_task_runner.py:82} INFO - Running: ['***', 'tasks', 'run', 'Spotify_Data_ETL', 'GetAudioQuality', 'manual__2023-03-16T05:02:48.467376+00:00', '--job-id', '1267', '--raw', '--subdir', 'DAGS_FOLDER/spotifydag.py', '--cfg-path', '/tmp/tmpqk3u6nn0']
[2023-03-16T05:16:24.582+0000] {standard_task_runner.py:83} INFO - Job 1267: Subtask GetAudioQuality
[2023-03-16T05:16:24.634+0000] {task_command.py:388} INFO - Running <TaskInstance: Spotify_Data_ETL.GetAudioQuality manual__2023-03-16T05:02:48.467376+00:00 [running]> on host 18c42e4ef76b
[2023-03-16T05:16:24.821+0000] {taskinstance.py:1509} INFO - Exporting the following env vars:
AIRFLOW_CTX_DAG_OWNER=Ananta Moharana
AIRFLOW_CTX_DAG_ID=Spotify_Data_ETL
AIRFLOW_CTX_TASK_ID=GetAudioQuality
AIRFLOW_CTX_EXECUTION_DATE=2023-03-16T05:02:48.467376+00:00
AIRFLOW_CTX_TRY_NUMBER=2
AIRFLOW_CTX_DAG_RUN_ID=manual__2023-03-16T05:02:48.467376+00:00
[2023-03-16T05:16:48.334+0000] {python.py:177} INFO - Done. Returned value was: None
[2023-03-16T05:16:48.345+0000] {taskinstance.py:1323} INFO - Marking task as SUCCESS. dag_id=Spotify_Data_ETL, task_id=GetAudioQuality, execution_date=20230316T050248, start_date=20230316T051624, end_date=20230316T051648
[2023-03-16T05:16:48.391+0000] {local_task_job.py:208} INFO - Task exited with return code 0
[2023-03-16T05:16:48.410+0000] {taskinstance.py:2578} INFO - 0 downstream tasks scheduled from follow-on schedule check
