[2023-03-21T18:56:23.349+0000] {taskinstance.py:1084} INFO - Dependencies all met for dep_context=non-requeueable deps ti=<TaskInstance: Spotify_Data_ETL.GetArtistInfo manual__2023-03-21T03:00:40.656791+00:00 [queued]>
[2023-03-21T18:56:23.354+0000] {taskinstance.py:1084} INFO - Dependencies all met for dep_context=requeueable deps ti=<TaskInstance: Spotify_Data_ETL.GetArtistInfo manual__2023-03-21T03:00:40.656791+00:00 [queued]>
[2023-03-21T18:56:23.354+0000] {taskinstance.py:1282} INFO - 
--------------------------------------------------------------------------------
[2023-03-21T18:56:23.355+0000] {taskinstance.py:1283} INFO - Starting attempt 8 of 10
[2023-03-21T18:56:23.355+0000] {taskinstance.py:1284} INFO - 
--------------------------------------------------------------------------------
[2023-03-21T18:56:23.362+0000] {taskinstance.py:1303} INFO - Executing <Task(PythonOperator): GetArtistInfo> on 2023-03-21 03:00:40.656791+00:00
[2023-03-21T18:56:23.367+0000] {standard_task_runner.py:55} INFO - Started process 4736 to run task
[2023-03-21T18:56:23.371+0000] {standard_task_runner.py:82} INFO - Running: ['***', 'tasks', 'run', 'Spotify_Data_ETL', 'GetArtistInfo', 'manual__2023-03-21T03:00:40.656791+00:00', '--job-id', '1845', '--raw', '--subdir', 'DAGS_FOLDER/spotifydag.py', '--cfg-path', '/tmp/tmpv4czztoi']
[2023-03-21T18:56:23.372+0000] {standard_task_runner.py:83} INFO - Job 1845: Subtask GetArtistInfo
[2023-03-21T18:56:23.444+0000] {task_command.py:388} INFO - Running <TaskInstance: Spotify_Data_ETL.GetArtistInfo manual__2023-03-21T03:00:40.656791+00:00 [running]> on host 1fd7b08731f2
[2023-03-21T18:56:23.492+0000] {taskinstance.py:1511} INFO - Exporting the following env vars:
AIRFLOW_CTX_DAG_OWNER=Ananta Moharana
AIRFLOW_CTX_DAG_ID=Spotify_Data_ETL
AIRFLOW_CTX_TASK_ID=GetArtistInfo
AIRFLOW_CTX_EXECUTION_DATE=2023-03-21T03:00:40.656791+00:00
AIRFLOW_CTX_TRY_NUMBER=8
AIRFLOW_CTX_DAG_RUN_ID=manual__2023-03-21T03:00:40.656791+00:00
[2023-03-21T18:56:29.363+0000] {python.py:177} INFO - Done. Returned value was: None
[2023-03-21T18:56:29.371+0000] {taskinstance.py:1326} INFO - Marking task as SUCCESS. dag_id=Spotify_Data_ETL, task_id=GetArtistInfo, execution_date=20230321T030040, start_date=20230321T185623, end_date=20230321T185629
[2023-03-21T18:56:29.425+0000] {local_task_job.py:212} INFO - Task exited with return code 0
[2023-03-21T18:56:29.445+0000] {taskinstance.py:2585} INFO - 0 downstream tasks scheduled from follow-on schedule check
