[2023-03-16T05:02:52.689+0000] {taskinstance.py:1083} INFO - Dependencies all met for <TaskInstance: Spotify_Data_ETL.GetSongsFromPlaylist manual__2023-03-16T05:02:48.467376+00:00 [queued]>
[2023-03-16T05:02:52.693+0000] {taskinstance.py:1083} INFO - Dependencies all met for <TaskInstance: Spotify_Data_ETL.GetSongsFromPlaylist manual__2023-03-16T05:02:48.467376+00:00 [queued]>
[2023-03-16T05:02:52.694+0000] {taskinstance.py:1279} INFO - 
--------------------------------------------------------------------------------
[2023-03-16T05:02:52.694+0000] {taskinstance.py:1280} INFO - Starting attempt 1 of 3
[2023-03-16T05:02:52.695+0000] {taskinstance.py:1281} INFO - 
--------------------------------------------------------------------------------
[2023-03-16T05:02:52.701+0000] {taskinstance.py:1300} INFO - Executing <Task(PythonOperator): GetSongsFromPlaylist> on 2023-03-16 05:02:48.467376+00:00
[2023-03-16T05:02:52.705+0000] {standard_task_runner.py:55} INFO - Started process 8468 to run task
[2023-03-16T05:02:52.708+0000] {standard_task_runner.py:82} INFO - Running: ['***', 'tasks', 'run', 'Spotify_Data_ETL', 'GetSongsFromPlaylist', 'manual__2023-03-16T05:02:48.467376+00:00', '--job-id', '1160', '--raw', '--subdir', 'DAGS_FOLDER/spotifydag.py', '--cfg-path', '/tmp/tmpncoxc2t_']
[2023-03-16T05:02:52.709+0000] {standard_task_runner.py:83} INFO - Job 1160: Subtask GetSongsFromPlaylist
[2023-03-16T05:02:52.749+0000] {task_command.py:388} INFO - Running <TaskInstance: Spotify_Data_ETL.GetSongsFromPlaylist manual__2023-03-16T05:02:48.467376+00:00 [running]> on host 18c42e4ef76b
[2023-03-16T05:02:52.898+0000] {taskinstance.py:1509} INFO - Exporting the following env vars:
AIRFLOW_CTX_DAG_OWNER=Ananta Moharana
AIRFLOW_CTX_DAG_ID=Spotify_Data_ETL
AIRFLOW_CTX_TASK_ID=GetSongsFromPlaylist
AIRFLOW_CTX_EXECUTION_DATE=2023-03-16T05:02:48.467376+00:00
AIRFLOW_CTX_TRY_NUMBER=1
AIRFLOW_CTX_DAG_RUN_ID=manual__2023-03-16T05:02:48.467376+00:00
[2023-03-16T05:02:53.566+0000] {python.py:177} INFO - Done. Returned value was: None
[2023-03-16T05:02:53.574+0000] {taskinstance.py:1323} INFO - Marking task as SUCCESS. dag_id=Spotify_Data_ETL, task_id=GetSongsFromPlaylist, execution_date=20230316T050248, start_date=20230316T050252, end_date=20230316T050253
[2023-03-16T05:02:53.619+0000] {local_task_job.py:208} INFO - Task exited with return code 0
[2023-03-16T05:02:53.640+0000] {taskinstance.py:2578} INFO - 2 downstream tasks scheduled from follow-on schedule check
