[2023-03-17T19:16:26.855+0000] {taskinstance.py:1083} INFO - Dependencies all met for <TaskInstance: Spotify_Data_ETL.GetArtistInfo manual__2023-03-17T19:16:21.700412+00:00 [queued]>
[2023-03-17T19:16:26.860+0000] {taskinstance.py:1083} INFO - Dependencies all met for <TaskInstance: Spotify_Data_ETL.GetArtistInfo manual__2023-03-17T19:16:21.700412+00:00 [queued]>
[2023-03-17T19:16:26.860+0000] {taskinstance.py:1279} INFO - 
--------------------------------------------------------------------------------
[2023-03-17T19:16:26.861+0000] {taskinstance.py:1280} INFO - Starting attempt 1 of 3
[2023-03-17T19:16:26.861+0000] {taskinstance.py:1281} INFO - 
--------------------------------------------------------------------------------
[2023-03-17T19:16:26.868+0000] {taskinstance.py:1300} INFO - Executing <Task(PythonOperator): GetArtistInfo> on 2023-03-17 19:16:21.700412+00:00
[2023-03-17T19:16:26.874+0000] {standard_task_runner.py:55} INFO - Started process 6050 to run task
[2023-03-17T19:16:26.878+0000] {standard_task_runner.py:82} INFO - Running: ['***', 'tasks', 'run', 'Spotify_Data_ETL', 'GetArtistInfo', 'manual__2023-03-17T19:16:21.700412+00:00', '--job-id', '1349', '--raw', '--subdir', 'DAGS_FOLDER/spotifydag.py', '--cfg-path', '/tmp/tmpdvuy3uzt']
[2023-03-17T19:16:26.878+0000] {standard_task_runner.py:83} INFO - Job 1349: Subtask GetArtistInfo
[2023-03-17T19:16:26.936+0000] {task_command.py:388} INFO - Running <TaskInstance: Spotify_Data_ETL.GetArtistInfo manual__2023-03-17T19:16:21.700412+00:00 [running]> on host 8f7fdf71f1bb
[2023-03-17T19:16:26.990+0000] {taskinstance.py:1509} INFO - Exporting the following env vars:
AIRFLOW_CTX_DAG_OWNER=Ananta Moharana
AIRFLOW_CTX_DAG_ID=Spotify_Data_ETL
AIRFLOW_CTX_TASK_ID=GetArtistInfo
AIRFLOW_CTX_EXECUTION_DATE=2023-03-17T19:16:21.700412+00:00
AIRFLOW_CTX_TRY_NUMBER=1
AIRFLOW_CTX_DAG_RUN_ID=manual__2023-03-17T19:16:21.700412+00:00
[2023-03-17T19:16:33.921+0000] {python.py:177} INFO - Done. Returned value was: None
[2023-03-17T19:16:33.935+0000] {taskinstance.py:1323} INFO - Marking task as SUCCESS. dag_id=Spotify_Data_ETL, task_id=GetArtistInfo, execution_date=20230317T191621, start_date=20230317T191626, end_date=20230317T191633
[2023-03-17T19:16:33.971+0000] {local_task_job.py:208} INFO - Task exited with return code 0
[2023-03-17T19:16:33.992+0000] {taskinstance.py:2578} INFO - 1 downstream tasks scheduled from follow-on schedule check
