[2023-03-14T22:57:18.805+0000] {taskinstance.py:1083} INFO - Dependencies all met for <TaskInstance: Spotify_Data_ETL.JsonToCSV manual__2023-03-14T22:41:08.560415+00:00 [queued]>
[2023-03-14T22:57:18.811+0000] {taskinstance.py:1083} INFO - Dependencies all met for <TaskInstance: Spotify_Data_ETL.JsonToCSV manual__2023-03-14T22:41:08.560415+00:00 [queued]>
[2023-03-14T22:57:18.812+0000] {taskinstance.py:1279} INFO - 
--------------------------------------------------------------------------------
[2023-03-14T22:57:18.812+0000] {taskinstance.py:1280} INFO - Starting attempt 19 of 21
[2023-03-14T22:57:18.813+0000] {taskinstance.py:1281} INFO - 
--------------------------------------------------------------------------------
[2023-03-14T22:57:18.820+0000] {taskinstance.py:1300} INFO - Executing <Task(PythonOperator): JsonToCSV> on 2023-03-14 22:41:08.560415+00:00
[2023-03-14T22:57:18.825+0000] {standard_task_runner.py:55} INFO - Started process 1389 to run task
[2023-03-14T22:57:18.828+0000] {standard_task_runner.py:82} INFO - Running: ['***', 'tasks', 'run', 'Spotify_Data_ETL', 'JsonToCSV', 'manual__2023-03-14T22:41:08.560415+00:00', '--job-id', '651', '--raw', '--subdir', 'DAGS_FOLDER/spotifydag.py', '--cfg-path', '/tmp/tmpyys6ok45']
[2023-03-14T22:57:18.829+0000] {standard_task_runner.py:83} INFO - Job 651: Subtask JsonToCSV
[2023-03-14T22:57:18.884+0000] {task_command.py:388} INFO - Running <TaskInstance: Spotify_Data_ETL.JsonToCSV manual__2023-03-14T22:41:08.560415+00:00 [running]> on host 9cebcb3c5b96
[2023-03-14T22:57:19.267+0000] {taskinstance.py:1509} INFO - Exporting the following env vars:
AIRFLOW_CTX_DAG_OWNER=Ananta Moharana
AIRFLOW_CTX_DAG_ID=Spotify_Data_ETL
AIRFLOW_CTX_TASK_ID=JsonToCSV
AIRFLOW_CTX_EXECUTION_DATE=2023-03-14T22:41:08.560415+00:00
AIRFLOW_CTX_TRY_NUMBER=19
AIRFLOW_CTX_DAG_RUN_ID=manual__2023-03-14T22:41:08.560415+00:00
[2023-03-14T22:57:19.277+0000] {base.py:73} INFO - Using connection ID 'aws_connection' for task execution.
[2023-03-14T22:57:19.278+0000] {connection_wrapper.py:334} INFO - AWS Connection (conn_id='aws_connection', conn_type='aws') credentials retrieved from login and password.
[2023-03-14T22:57:20.057+0000] {python.py:177} INFO - Done. Returned value was: None
[2023-03-14T22:57:20.086+0000] {taskinstance.py:1323} INFO - Marking task as SUCCESS. dag_id=Spotify_Data_ETL, task_id=JsonToCSV, execution_date=20230314T224108, start_date=20230314T225718, end_date=20230314T225720
[2023-03-14T22:57:20.167+0000] {local_task_job.py:208} INFO - Task exited with return code 0
[2023-03-14T22:57:20.186+0000] {taskinstance.py:2578} INFO - 1 downstream tasks scheduled from follow-on schedule check
