[2023-03-15T20:57:53.667+0000] {taskinstance.py:1083} INFO - Dependencies all met for <TaskInstance: Spotify_Data_ETL.JsonToCSV manual__2023-03-14T22:41:08.560415+00:00 [queued]>
[2023-03-15T20:57:53.672+0000] {taskinstance.py:1083} INFO - Dependencies all met for <TaskInstance: Spotify_Data_ETL.JsonToCSV manual__2023-03-14T22:41:08.560415+00:00 [queued]>
[2023-03-15T20:57:53.672+0000] {taskinstance.py:1279} INFO - 
--------------------------------------------------------------------------------
[2023-03-15T20:57:53.673+0000] {taskinstance.py:1280} INFO - Starting attempt 26 of 28
[2023-03-15T20:57:53.673+0000] {taskinstance.py:1281} INFO - 
--------------------------------------------------------------------------------
[2023-03-15T20:57:53.679+0000] {taskinstance.py:1300} INFO - Executing <Task(PythonOperator): JsonToCSV> on 2023-03-14 22:41:08.560415+00:00
[2023-03-15T20:57:53.684+0000] {standard_task_runner.py:55} INFO - Started process 7777 to run task
[2023-03-15T20:57:53.687+0000] {standard_task_runner.py:82} INFO - Running: ['***', 'tasks', 'run', 'Spotify_Data_ETL', 'JsonToCSV', 'manual__2023-03-14T22:41:08.560415+00:00', '--job-id', '757', '--raw', '--subdir', 'DAGS_FOLDER/spotifydag.py', '--cfg-path', '/tmp/tmpuwnmv3zs']
[2023-03-15T20:57:53.688+0000] {standard_task_runner.py:83} INFO - Job 757: Subtask JsonToCSV
[2023-03-15T20:57:53.732+0000] {task_command.py:388} INFO - Running <TaskInstance: Spotify_Data_ETL.JsonToCSV manual__2023-03-14T22:41:08.560415+00:00 [running]> on host af46459234d2
[2023-03-15T20:57:53.889+0000] {taskinstance.py:1509} INFO - Exporting the following env vars:
AIRFLOW_CTX_DAG_OWNER=Ananta Moharana
AIRFLOW_CTX_DAG_ID=Spotify_Data_ETL
AIRFLOW_CTX_TASK_ID=JsonToCSV
AIRFLOW_CTX_EXECUTION_DATE=2023-03-14T22:41:08.560415+00:00
AIRFLOW_CTX_TRY_NUMBER=26
AIRFLOW_CTX_DAG_RUN_ID=manual__2023-03-14T22:41:08.560415+00:00
[2023-03-15T20:57:53.897+0000] {base.py:73} INFO - Using connection ID 'aws_connection' for task execution.
[2023-03-15T20:57:53.897+0000] {connection_wrapper.py:334} INFO - AWS Connection (conn_id='aws_connection', conn_type='aws') credentials retrieved from login and password.
[2023-03-15T20:57:54.670+0000] {python.py:177} INFO - Done. Returned value was: None
[2023-03-15T20:57:54.691+0000] {taskinstance.py:1323} INFO - Marking task as SUCCESS. dag_id=Spotify_Data_ETL, task_id=JsonToCSV, execution_date=20230314T224108, start_date=20230315T205753, end_date=20230315T205754
[2023-03-15T20:57:54.771+0000] {local_task_job.py:208} INFO - Task exited with return code 0
[2023-03-15T20:57:54.792+0000] {taskinstance.py:2578} INFO - 1 downstream tasks scheduled from follow-on schedule check
