[2023-03-14T22:52:43.009+0000] {taskinstance.py:1083} INFO - Dependencies all met for <TaskInstance: Spotify_Data_ETL.JsonToCSV manual__2023-03-14T22:41:08.560415+00:00 [queued]>
[2023-03-14T22:52:43.017+0000] {taskinstance.py:1083} INFO - Dependencies all met for <TaskInstance: Spotify_Data_ETL.JsonToCSV manual__2023-03-14T22:41:08.560415+00:00 [queued]>
[2023-03-14T22:52:43.017+0000] {taskinstance.py:1279} INFO - 
--------------------------------------------------------------------------------
[2023-03-14T22:52:43.018+0000] {taskinstance.py:1280} INFO - Starting attempt 15 of 17
[2023-03-14T22:52:43.018+0000] {taskinstance.py:1281} INFO - 
--------------------------------------------------------------------------------
[2023-03-14T22:52:43.026+0000] {taskinstance.py:1300} INFO - Executing <Task(PythonOperator): JsonToCSV> on 2023-03-14 22:41:08.560415+00:00
[2023-03-14T22:52:43.031+0000] {standard_task_runner.py:55} INFO - Started process 1053 to run task
[2023-03-14T22:52:43.034+0000] {standard_task_runner.py:82} INFO - Running: ['***', 'tasks', 'run', 'Spotify_Data_ETL', 'JsonToCSV', 'manual__2023-03-14T22:41:08.560415+00:00', '--job-id', '647', '--raw', '--subdir', 'DAGS_FOLDER/spotifydag.py', '--cfg-path', '/tmp/tmpgmp388sf']
[2023-03-14T22:52:43.035+0000] {standard_task_runner.py:83} INFO - Job 647: Subtask JsonToCSV
[2023-03-14T22:52:43.081+0000] {task_command.py:388} INFO - Running <TaskInstance: Spotify_Data_ETL.JsonToCSV manual__2023-03-14T22:41:08.560415+00:00 [running]> on host 9cebcb3c5b96
[2023-03-14T22:52:43.318+0000] {taskinstance.py:1509} INFO - Exporting the following env vars:
AIRFLOW_CTX_DAG_OWNER=Ananta Moharana
AIRFLOW_CTX_DAG_ID=Spotify_Data_ETL
AIRFLOW_CTX_TASK_ID=JsonToCSV
AIRFLOW_CTX_EXECUTION_DATE=2023-03-14T22:41:08.560415+00:00
AIRFLOW_CTX_TRY_NUMBER=15
AIRFLOW_CTX_DAG_RUN_ID=manual__2023-03-14T22:41:08.560415+00:00
[2023-03-14T22:52:43.320+0000] {taskinstance.py:1768} ERROR - Task failed with exception
Traceback (most recent call last):
  File "/home/airflow/.local/lib/python3.7/site-packages/airflow/operators/python.py", line 175, in execute
    return_value = self.execute_callable()
  File "/home/airflow/.local/lib/python3.7/site-packages/airflow/operators/python.py", line 192, in execute_callable
    return self.python_callable(*self.op_args, **self.op_kwargs)
  File "/opt/airflow/dags/src/load.py", line 28, in json_to_csv
    pay_load=json.loads(pay_load)
  File "/usr/local/lib/python3.7/json/__init__.py", line 341, in loads
    raise TypeError(f'the JSON object must be str, bytes or bytearray, '
TypeError: the JSON object must be str, bytes or bytearray, not dict
[2023-03-14T22:52:43.327+0000] {taskinstance.py:1323} INFO - Marking task as UP_FOR_RETRY. dag_id=Spotify_Data_ETL, task_id=JsonToCSV, execution_date=20230314T224108, start_date=20230314T225243, end_date=20230314T225243
[2023-03-14T22:52:43.333+0000] {standard_task_runner.py:105} ERROR - Failed to execute job 647 for task JsonToCSV (the JSON object must be str, bytes or bytearray, not dict; 1053)
[2023-03-14T22:52:43.368+0000] {local_task_job.py:208} INFO - Task exited with return code 1
[2023-03-14T22:52:43.384+0000] {taskinstance.py:2578} INFO - 0 downstream tasks scheduled from follow-on schedule check
