[2023-03-15T19:42:42.647+0000] {taskinstance.py:1083} INFO - Dependencies all met for <TaskInstance: Spotify_Data_ETL.JsonToCSV manual__2023-03-14T22:41:08.560415+00:00 [queued]>
[2023-03-15T19:42:42.653+0000] {taskinstance.py:1083} INFO - Dependencies all met for <TaskInstance: Spotify_Data_ETL.JsonToCSV manual__2023-03-14T22:41:08.560415+00:00 [queued]>
[2023-03-15T19:42:42.653+0000] {taskinstance.py:1279} INFO - 
--------------------------------------------------------------------------------
[2023-03-15T19:42:42.654+0000] {taskinstance.py:1280} INFO - Starting attempt 23 of 25
[2023-03-15T19:42:42.654+0000] {taskinstance.py:1281} INFO - 
--------------------------------------------------------------------------------
[2023-03-15T19:42:42.661+0000] {taskinstance.py:1300} INFO - Executing <Task(PythonOperator): JsonToCSV> on 2023-03-14 22:41:08.560415+00:00
[2023-03-15T19:42:42.668+0000] {standard_task_runner.py:55} INFO - Started process 2422 to run task
[2023-03-15T19:42:42.673+0000] {standard_task_runner.py:82} INFO - Running: ['***', 'tasks', 'run', 'Spotify_Data_ETL', 'JsonToCSV', 'manual__2023-03-14T22:41:08.560415+00:00', '--job-id', '720', '--raw', '--subdir', 'DAGS_FOLDER/spotifydag.py', '--cfg-path', '/tmp/tmpvlkc9fbd']
[2023-03-15T19:42:42.674+0000] {standard_task_runner.py:83} INFO - Job 720: Subtask JsonToCSV
[2023-03-15T19:42:42.718+0000] {task_command.py:388} INFO - Running <TaskInstance: Spotify_Data_ETL.JsonToCSV manual__2023-03-14T22:41:08.560415+00:00 [running]> on host af46459234d2
[2023-03-15T19:42:42.962+0000] {taskinstance.py:1509} INFO - Exporting the following env vars:
AIRFLOW_CTX_DAG_OWNER=Ananta Moharana
AIRFLOW_CTX_DAG_ID=Spotify_Data_ETL
AIRFLOW_CTX_TASK_ID=JsonToCSV
AIRFLOW_CTX_EXECUTION_DATE=2023-03-14T22:41:08.560415+00:00
AIRFLOW_CTX_TRY_NUMBER=23
AIRFLOW_CTX_DAG_RUN_ID=manual__2023-03-14T22:41:08.560415+00:00
[2023-03-15T19:42:42.970+0000] {base.py:73} INFO - Using connection ID 'aws_connection' for task execution.
[2023-03-15T19:42:42.971+0000] {connection_wrapper.py:334} INFO - AWS Connection (conn_id='aws_connection', conn_type='aws') credentials retrieved from login and password.
[2023-03-15T19:42:43.675+0000] {python.py:177} INFO - Done. Returned value was: None
[2023-03-15T19:42:43.702+0000] {taskinstance.py:1323} INFO - Marking task as SUCCESS. dag_id=Spotify_Data_ETL, task_id=JsonToCSV, execution_date=20230314T224108, start_date=20230315T194242, end_date=20230315T194243
[2023-03-15T19:42:43.764+0000] {local_task_job.py:208} INFO - Task exited with return code 0
[2023-03-15T19:42:43.785+0000] {taskinstance.py:2578} INFO - 1 downstream tasks scheduled from follow-on schedule check
