[2023-03-14T22:48:22.086+0000] {taskinstance.py:1083} INFO - Dependencies all met for <TaskInstance: Spotify_Data_ETL.JsonToCSV manual__2023-03-14T22:41:08.560415+00:00 [queued]>
[2023-03-14T22:48:22.092+0000] {taskinstance.py:1083} INFO - Dependencies all met for <TaskInstance: Spotify_Data_ETL.JsonToCSV manual__2023-03-14T22:41:08.560415+00:00 [queued]>
[2023-03-14T22:48:22.092+0000] {taskinstance.py:1279} INFO - 
--------------------------------------------------------------------------------
[2023-03-14T22:48:22.093+0000] {taskinstance.py:1280} INFO - Starting attempt 9 of 9
[2023-03-14T22:48:22.093+0000] {taskinstance.py:1281} INFO - 
--------------------------------------------------------------------------------
[2023-03-14T22:48:22.101+0000] {taskinstance.py:1300} INFO - Executing <Task(PythonOperator): JsonToCSV> on 2023-03-14 22:41:08.560415+00:00
[2023-03-14T22:48:22.106+0000] {standard_task_runner.py:55} INFO - Started process 723 to run task
[2023-03-14T22:48:22.111+0000] {standard_task_runner.py:82} INFO - Running: ['***', 'tasks', 'run', 'Spotify_Data_ETL', 'JsonToCSV', 'manual__2023-03-14T22:41:08.560415+00:00', '--job-id', '641', '--raw', '--subdir', 'DAGS_FOLDER/spotifydag.py', '--cfg-path', '/tmp/tmpxe6wqkvb']
[2023-03-14T22:48:22.112+0000] {standard_task_runner.py:83} INFO - Job 641: Subtask JsonToCSV
[2023-03-14T22:48:22.172+0000] {task_command.py:388} INFO - Running <TaskInstance: Spotify_Data_ETL.JsonToCSV manual__2023-03-14T22:41:08.560415+00:00 [running]> on host 9cebcb3c5b96
[2023-03-14T22:48:22.389+0000] {taskinstance.py:1509} INFO - Exporting the following env vars:
AIRFLOW_CTX_DAG_OWNER=Ananta Moharana
AIRFLOW_CTX_DAG_ID=Spotify_Data_ETL
AIRFLOW_CTX_TASK_ID=JsonToCSV
AIRFLOW_CTX_EXECUTION_DATE=2023-03-14T22:41:08.560415+00:00
AIRFLOW_CTX_TRY_NUMBER=9
AIRFLOW_CTX_DAG_RUN_ID=manual__2023-03-14T22:41:08.560415+00:00
[2023-03-14T22:48:22.397+0000] {base.py:73} INFO - Using connection ID 'aws_connection' for task execution.
[2023-03-14T22:48:22.398+0000] {connection_wrapper.py:334} INFO - AWS Connection (conn_id='aws_connection', conn_type='aws') credentials retrieved from login and password.
[2023-03-14T22:48:22.630+0000] {taskinstance.py:1768} ERROR - Task failed with exception
Traceback (most recent call last):
  File "/home/airflow/.local/lib/python3.7/site-packages/airflow/operators/python.py", line 175, in execute
    return_value = self.execute_callable()
  File "/home/airflow/.local/lib/python3.7/site-packages/airflow/operators/python.py", line 192, in execute_callable
    return self.python_callable(*self.op_args, **self.op_kwargs)
  File "/opt/airflow/dags/src/load.py", line 28, in json_to_csv
    hook.invoke_lambda(function_name="json_to_csv",payload=pay_load)
  File "/home/airflow/.local/lib/python3.7/site-packages/airflow/providers/amazon/aws/hooks/lambda_function.py", line 74, in invoke_lambda
    return self.conn.invoke(**trim_none_values(invoke_args))
  File "/home/airflow/.local/lib/python3.7/site-packages/botocore/client.py", line 530, in _api_call
    return self._make_api_call(operation_name, kwargs)
  File "/home/airflow/.local/lib/python3.7/site-packages/botocore/client.py", line 924, in _make_api_call
    headers=additional_headers,
  File "/home/airflow/.local/lib/python3.7/site-packages/botocore/client.py", line 991, in _convert_to_request_dict
    api_params, operation_model
  File "/home/airflow/.local/lib/python3.7/site-packages/botocore/validate.py", line 381, in serialize_to_request
    raise ParamValidationError(report=report.generate_report())
botocore.exceptions.ParamValidationError: Parameter validation failed:
Invalid type for parameter Payload, value: {'s3_bucket': 'spotify-top-50', 's3_folder': '2023-03-14'}, type: <class 'dict'>, valid types: <class 'bytes'>, <class 'bytearray'>, file-like object
[2023-03-14T22:48:22.638+0000] {taskinstance.py:1323} INFO - Marking task as FAILED. dag_id=Spotify_Data_ETL, task_id=JsonToCSV, execution_date=20230314T224108, start_date=20230314T224822, end_date=20230314T224822
[2023-03-14T22:48:22.646+0000] {standard_task_runner.py:105} ERROR - Failed to execute job 641 for task JsonToCSV (Parameter validation failed:
Invalid type for parameter Payload, value: {'s3_bucket': 'spotify-top-50', 's3_folder': '2023-03-14'}, type: <class 'dict'>, valid types: <class 'bytes'>, <class 'bytearray'>, file-like object; 723)
[2023-03-14T22:48:22.692+0000] {local_task_job.py:208} INFO - Task exited with return code 1
[2023-03-14T22:48:22.710+0000] {taskinstance.py:2578} INFO - 0 downstream tasks scheduled from follow-on schedule check
