[2023-03-13T17:35:58.374+0000] {taskinstance.py:1083} INFO - Dependencies all met for <TaskInstance: Spotify_Data_ETL.GetArtistInfo manual__2023-03-12T22:52:31.282023+00:00 [queued]>
[2023-03-13T17:35:58.380+0000] {taskinstance.py:1083} INFO - Dependencies all met for <TaskInstance: Spotify_Data_ETL.GetArtistInfo manual__2023-03-12T22:52:31.282023+00:00 [queued]>
[2023-03-13T17:35:58.380+0000] {taskinstance.py:1279} INFO - 
--------------------------------------------------------------------------------
[2023-03-13T17:35:58.381+0000] {taskinstance.py:1280} INFO - Starting attempt 5 of 7
[2023-03-13T17:35:58.381+0000] {taskinstance.py:1281} INFO - 
--------------------------------------------------------------------------------
[2023-03-13T17:35:58.391+0000] {taskinstance.py:1300} INFO - Executing <Task(PythonOperator): GetArtistInfo> on 2023-03-12 22:52:31.282023+00:00
[2023-03-13T17:35:58.397+0000] {standard_task_runner.py:55} INFO - Started process 3390 to run task
[2023-03-13T17:35:58.401+0000] {standard_task_runner.py:82} INFO - Running: ['***', 'tasks', 'run', 'Spotify_Data_ETL', 'GetArtistInfo', 'manual__2023-03-12T22:52:31.282023+00:00', '--job-id', '229', '--raw', '--subdir', 'DAGS_FOLDER/spotifydag.py', '--cfg-path', '/tmp/tmpc8ztsek0']
[2023-03-13T17:35:58.402+0000] {standard_task_runner.py:83} INFO - Job 229: Subtask GetArtistInfo
[2023-03-13T17:35:58.454+0000] {task_command.py:388} INFO - Running <TaskInstance: Spotify_Data_ETL.GetArtistInfo manual__2023-03-12T22:52:31.282023+00:00 [running]> on host 649b70e6a8b0
[2023-03-13T17:35:58.508+0000] {taskinstance.py:1509} INFO - Exporting the following env vars:
AIRFLOW_CTX_DAG_OWNER=Ananta Moharana
AIRFLOW_CTX_DAG_ID=Spotify_Data_ETL
AIRFLOW_CTX_TASK_ID=GetArtistInfo
AIRFLOW_CTX_EXECUTION_DATE=2023-03-12T22:52:31.282023+00:00
AIRFLOW_CTX_TRY_NUMBER=5
AIRFLOW_CTX_DAG_RUN_ID=manual__2023-03-12T22:52:31.282023+00:00
[2023-03-13T17:36:08.567+0000] {python.py:177} INFO - Done. Returned value was: None
[2023-03-13T17:36:08.575+0000] {taskinstance.py:1323} INFO - Marking task as SUCCESS. dag_id=Spotify_Data_ETL, task_id=GetArtistInfo, execution_date=20230312T225231, start_date=20230313T173558, end_date=20230313T173608
[2023-03-13T17:36:08.607+0000] {local_task_job.py:208} INFO - Task exited with return code 0
[2023-03-13T17:36:08.621+0000] {taskinstance.py:2578} INFO - 0 downstream tasks scheduled from follow-on schedule check
