[2023-03-14T04:46:10.132+0000] {taskinstance.py:1083} INFO - Dependencies all met for <TaskInstance: Spotify_Data_ETL.GetArtistInfo manual__2023-03-14T04:41:06.270770+00:00 [queued]>
[2023-03-14T04:46:10.139+0000] {taskinstance.py:1083} INFO - Dependencies all met for <TaskInstance: Spotify_Data_ETL.GetArtistInfo manual__2023-03-14T04:41:06.270770+00:00 [queued]>
[2023-03-14T04:46:10.140+0000] {taskinstance.py:1279} INFO - 
--------------------------------------------------------------------------------
[2023-03-14T04:46:10.140+0000] {taskinstance.py:1280} INFO - Starting attempt 2 of 4
[2023-03-14T04:46:10.141+0000] {taskinstance.py:1281} INFO - 
--------------------------------------------------------------------------------
[2023-03-14T04:46:10.153+0000] {taskinstance.py:1300} INFO - Executing <Task(PythonOperator): GetArtistInfo> on 2023-03-14 04:41:06.270770+00:00
[2023-03-14T04:46:10.158+0000] {standard_task_runner.py:55} INFO - Started process 165 to run task
[2023-03-14T04:46:10.161+0000] {standard_task_runner.py:82} INFO - Running: ['***', 'tasks', 'run', 'Spotify_Data_ETL', 'GetArtistInfo', 'manual__2023-03-14T04:41:06.270770+00:00', '--job-id', '525', '--raw', '--subdir', 'DAGS_FOLDER/spotifydag.py', '--cfg-path', '/tmp/tmpb1av0vih']
[2023-03-14T04:46:10.162+0000] {standard_task_runner.py:83} INFO - Job 525: Subtask GetArtistInfo
[2023-03-14T04:46:10.217+0000] {task_command.py:388} INFO - Running <TaskInstance: Spotify_Data_ETL.GetArtistInfo manual__2023-03-14T04:41:06.270770+00:00 [running]> on host f1a61db33278
[2023-03-14T04:46:10.505+0000] {taskinstance.py:1509} INFO - Exporting the following env vars:
AIRFLOW_CTX_DAG_OWNER=Ananta Moharana
AIRFLOW_CTX_DAG_ID=Spotify_Data_ETL
AIRFLOW_CTX_TASK_ID=GetArtistInfo
AIRFLOW_CTX_EXECUTION_DATE=2023-03-14T04:41:06.270770+00:00
AIRFLOW_CTX_TRY_NUMBER=2
AIRFLOW_CTX_DAG_RUN_ID=manual__2023-03-14T04:41:06.270770+00:00
[2023-03-14T04:46:20.426+0000] {python.py:177} INFO - Done. Returned value was: None
[2023-03-14T04:46:20.434+0000] {taskinstance.py:1323} INFO - Marking task as SUCCESS. dag_id=Spotify_Data_ETL, task_id=GetArtistInfo, execution_date=20230314T044106, start_date=20230314T044610, end_date=20230314T044620
[2023-03-14T04:46:20.467+0000] {local_task_job.py:208} INFO - Task exited with return code 0
[2023-03-14T04:46:20.486+0000] {taskinstance.py:2578} INFO - 1 downstream tasks scheduled from follow-on schedule check
