[2023-03-21T21:08:09.993+0000] {taskinstance.py:1084} INFO - Dependencies all met for dep_context=non-requeueable deps ti=<TaskInstance: Spotify_Data_ETL.GetAudioQuality manual__2023-03-21T19:43:28.798625+00:00 [queued]>
[2023-03-21T21:08:09.997+0000] {taskinstance.py:1084} INFO - Dependencies all met for dep_context=requeueable deps ti=<TaskInstance: Spotify_Data_ETL.GetAudioQuality manual__2023-03-21T19:43:28.798625+00:00 [queued]>
[2023-03-21T21:08:09.997+0000] {taskinstance.py:1282} INFO - 
--------------------------------------------------------------------------------
[2023-03-21T21:08:09.998+0000] {taskinstance.py:1283} INFO - Starting attempt 6 of 8
[2023-03-21T21:08:09.998+0000] {taskinstance.py:1284} INFO - 
--------------------------------------------------------------------------------
[2023-03-21T21:08:10.008+0000] {taskinstance.py:1303} INFO - Executing <Task(PythonOperator): GetAudioQuality> on 2023-03-21 19:43:28.798625+00:00
[2023-03-21T21:08:10.013+0000] {standard_task_runner.py:55} INFO - Started process 14056 to run task
[2023-03-21T21:08:10.017+0000] {standard_task_runner.py:82} INFO - Running: ['***', 'tasks', 'run', 'Spotify_Data_ETL', 'GetAudioQuality', 'manual__2023-03-21T19:43:28.798625+00:00', '--job-id', '2095', '--raw', '--subdir', 'DAGS_FOLDER/spotifydag.py', '--cfg-path', '/tmp/tmpsk_1xeju']
[2023-03-21T21:08:10.018+0000] {standard_task_runner.py:83} INFO - Job 2095: Subtask GetAudioQuality
[2023-03-21T21:08:10.067+0000] {task_command.py:388} INFO - Running <TaskInstance: Spotify_Data_ETL.GetAudioQuality manual__2023-03-21T19:43:28.798625+00:00 [running]> on host 1fd7b08731f2
[2023-03-21T21:08:10.110+0000] {taskinstance.py:1511} INFO - Exporting the following env vars:
AIRFLOW_CTX_DAG_OWNER=Ananta Moharana
AIRFLOW_CTX_DAG_ID=Spotify_Data_ETL
AIRFLOW_CTX_TASK_ID=GetAudioQuality
AIRFLOW_CTX_EXECUTION_DATE=2023-03-21T19:43:28.798625+00:00
AIRFLOW_CTX_TRY_NUMBER=6
AIRFLOW_CTX_DAG_RUN_ID=manual__2023-03-21T19:43:28.798625+00:00
[2023-03-21T21:08:16.576+0000] {python.py:177} INFO - Done. Returned value was: None
[2023-03-21T21:08:16.585+0000] {taskinstance.py:1326} INFO - Marking task as SUCCESS. dag_id=Spotify_Data_ETL, task_id=GetAudioQuality, execution_date=20230321T194328, start_date=20230321T210809, end_date=20230321T210816
[2023-03-21T21:08:16.614+0000] {local_task_job.py:212} INFO - Task exited with return code 0
[2023-03-21T21:08:16.637+0000] {taskinstance.py:2585} INFO - 1 downstream tasks scheduled from follow-on schedule check
