[2023-03-21T20:05:20.028+0000] {taskinstance.py:1084} INFO - Dependencies all met for dep_context=non-requeueable deps ti=<TaskInstance: Spotify_Data_ETL.GetAudioQuality manual__2023-03-21T19:43:28.798625+00:00 [queued]>
[2023-03-21T20:05:20.033+0000] {taskinstance.py:1084} INFO - Dependencies all met for dep_context=requeueable deps ti=<TaskInstance: Spotify_Data_ETL.GetAudioQuality manual__2023-03-21T19:43:28.798625+00:00 [queued]>
[2023-03-21T20:05:20.034+0000] {taskinstance.py:1282} INFO - 
--------------------------------------------------------------------------------
[2023-03-21T20:05:20.034+0000] {taskinstance.py:1283} INFO - Starting attempt 2 of 4
[2023-03-21T20:05:20.034+0000] {taskinstance.py:1284} INFO - 
--------------------------------------------------------------------------------
[2023-03-21T20:05:20.045+0000] {taskinstance.py:1303} INFO - Executing <Task(PythonOperator): GetAudioQuality> on 2023-03-21 19:43:28.798625+00:00
[2023-03-21T20:05:20.051+0000] {standard_task_runner.py:55} INFO - Started process 10253 to run task
[2023-03-21T20:05:20.058+0000] {standard_task_runner.py:82} INFO - Running: ['***', 'tasks', 'run', 'Spotify_Data_ETL', 'GetAudioQuality', 'manual__2023-03-21T19:43:28.798625+00:00', '--job-id', '2028', '--raw', '--subdir', 'DAGS_FOLDER/spotifydag.py', '--cfg-path', '/tmp/tmp0iqq5gsf']
[2023-03-21T20:05:20.059+0000] {standard_task_runner.py:83} INFO - Job 2028: Subtask GetAudioQuality
[2023-03-21T20:05:20.117+0000] {task_command.py:388} INFO - Running <TaskInstance: Spotify_Data_ETL.GetAudioQuality manual__2023-03-21T19:43:28.798625+00:00 [running]> on host 1fd7b08731f2
[2023-03-21T20:05:20.175+0000] {taskinstance.py:1511} INFO - Exporting the following env vars:
AIRFLOW_CTX_DAG_OWNER=Ananta Moharana
AIRFLOW_CTX_DAG_ID=Spotify_Data_ETL
AIRFLOW_CTX_TASK_ID=GetAudioQuality
AIRFLOW_CTX_EXECUTION_DATE=2023-03-21T19:43:28.798625+00:00
AIRFLOW_CTX_TRY_NUMBER=2
AIRFLOW_CTX_DAG_RUN_ID=manual__2023-03-21T19:43:28.798625+00:00
[2023-03-21T20:05:26.761+0000] {python.py:177} INFO - Done. Returned value was: None
[2023-03-21T20:05:26.770+0000] {taskinstance.py:1326} INFO - Marking task as SUCCESS. dag_id=Spotify_Data_ETL, task_id=GetAudioQuality, execution_date=20230321T194328, start_date=20230321T200520, end_date=20230321T200526
[2023-03-21T20:05:26.821+0000] {local_task_job.py:212} INFO - Task exited with return code 0
[2023-03-21T20:05:26.842+0000] {taskinstance.py:2585} INFO - 1 downstream tasks scheduled from follow-on schedule check
