[2023-03-21T19:30:06.991+0000] {taskinstance.py:1084} INFO - Dependencies all met for dep_context=non-requeueable deps ti=<TaskInstance: Spotify_Data_ETL.GetSongsFromPlaylist manual__2023-03-21T19:30:03.674048+00:00 [queued]>
[2023-03-21T19:30:06.997+0000] {taskinstance.py:1084} INFO - Dependencies all met for dep_context=requeueable deps ti=<TaskInstance: Spotify_Data_ETL.GetSongsFromPlaylist manual__2023-03-21T19:30:03.674048+00:00 [queued]>
[2023-03-21T19:30:06.997+0000] {taskinstance.py:1282} INFO - 
--------------------------------------------------------------------------------
[2023-03-21T19:30:06.998+0000] {taskinstance.py:1283} INFO - Starting attempt 1 of 3
[2023-03-21T19:30:06.998+0000] {taskinstance.py:1284} INFO - 
--------------------------------------------------------------------------------
[2023-03-21T19:30:07.006+0000] {taskinstance.py:1303} INFO - Executing <Task(PythonOperator): GetSongsFromPlaylist> on 2023-03-21 19:30:03.674048+00:00
[2023-03-21T19:30:07.011+0000] {standard_task_runner.py:55} INFO - Started process 7547 to run task
[2023-03-21T19:30:07.016+0000] {standard_task_runner.py:82} INFO - Running: ['***', 'tasks', 'run', 'Spotify_Data_ETL', 'GetSongsFromPlaylist', 'manual__2023-03-21T19:30:03.674048+00:00', '--job-id', '1944', '--raw', '--subdir', 'DAGS_FOLDER/spotifydag.py', '--cfg-path', '/tmp/tmpyusxgj7p']
[2023-03-21T19:30:07.017+0000] {standard_task_runner.py:83} INFO - Job 1944: Subtask GetSongsFromPlaylist
[2023-03-21T19:30:07.079+0000] {task_command.py:388} INFO - Running <TaskInstance: Spotify_Data_ETL.GetSongsFromPlaylist manual__2023-03-21T19:30:03.674048+00:00 [running]> on host 1fd7b08731f2
[2023-03-21T19:30:07.138+0000] {taskinstance.py:1511} INFO - Exporting the following env vars:
AIRFLOW_CTX_DAG_OWNER=Ananta Moharana
AIRFLOW_CTX_DAG_ID=Spotify_Data_ETL
AIRFLOW_CTX_TASK_ID=GetSongsFromPlaylist
AIRFLOW_CTX_EXECUTION_DATE=2023-03-21T19:30:03.674048+00:00
AIRFLOW_CTX_TRY_NUMBER=1
AIRFLOW_CTX_DAG_RUN_ID=manual__2023-03-21T19:30:03.674048+00:00
[2023-03-21T19:30:07.616+0000] {python.py:177} INFO - Done. Returned value was: None
[2023-03-21T19:30:07.624+0000] {taskinstance.py:1326} INFO - Marking task as SUCCESS. dag_id=Spotify_Data_ETL, task_id=GetSongsFromPlaylist, execution_date=20230321T193003, start_date=20230321T193006, end_date=20230321T193007
[2023-03-21T19:30:07.674+0000] {local_task_job.py:212} INFO - Task exited with return code 0
[2023-03-21T19:30:07.697+0000] {taskinstance.py:2585} INFO - 2 downstream tasks scheduled from follow-on schedule check
