[2023-03-21T23:51:36.566+0000] {taskinstance.py:1084} INFO - Dependencies all met for dep_context=non-requeueable deps ti=<TaskInstance: Spotify_Data_ETL.JsonToCSV manual__2023-03-21T23:51:16.155488+00:00 [queued]>
[2023-03-21T23:51:36.573+0000] {taskinstance.py:1084} INFO - Dependencies all met for dep_context=requeueable deps ti=<TaskInstance: Spotify_Data_ETL.JsonToCSV manual__2023-03-21T23:51:16.155488+00:00 [queued]>
[2023-03-21T23:51:36.573+0000] {taskinstance.py:1282} INFO - 
--------------------------------------------------------------------------------
[2023-03-21T23:51:36.574+0000] {taskinstance.py:1283} INFO - Starting attempt 1 of 3
[2023-03-21T23:51:36.574+0000] {taskinstance.py:1284} INFO - 
--------------------------------------------------------------------------------
[2023-03-21T23:51:36.581+0000] {taskinstance.py:1303} INFO - Executing <Task(PythonOperator): JsonToCSV> on 2023-03-21 23:51:16.155488+00:00
[2023-03-21T23:51:36.586+0000] {standard_task_runner.py:55} INFO - Started process 1370 to run task
[2023-03-21T23:51:36.590+0000] {standard_task_runner.py:82} INFO - Running: ['***', 'tasks', 'run', 'Spotify_Data_ETL', 'JsonToCSV', 'manual__2023-03-21T23:51:16.155488+00:00', '--job-id', '2452', '--raw', '--subdir', 'DAGS_FOLDER/spotifydag.py', '--cfg-path', '/tmp/tmppiax8pk6']
[2023-03-21T23:51:36.590+0000] {standard_task_runner.py:83} INFO - Job 2452: Subtask JsonToCSV
[2023-03-21T23:51:36.639+0000] {task_command.py:388} INFO - Running <TaskInstance: Spotify_Data_ETL.JsonToCSV manual__2023-03-21T23:51:16.155488+00:00 [running]> on host c6886449e314
[2023-03-21T23:51:36.683+0000] {taskinstance.py:1511} INFO - Exporting the following env vars:
AIRFLOW_CTX_DAG_OWNER=Ananta Moharana
AIRFLOW_CTX_DAG_ID=Spotify_Data_ETL
AIRFLOW_CTX_TASK_ID=JsonToCSV
AIRFLOW_CTX_EXECUTION_DATE=2023-03-21T23:51:16.155488+00:00
AIRFLOW_CTX_TRY_NUMBER=1
AIRFLOW_CTX_DAG_RUN_ID=manual__2023-03-21T23:51:16.155488+00:00
[2023-03-21T23:51:36.691+0000] {base.py:73} INFO - Using connection ID 'aws_connection' for task execution.
[2023-03-21T23:51:36.692+0000] {connection_wrapper.py:337} INFO - AWS Connection (conn_id='aws_connection', conn_type='aws') credentials retrieved from login and password.
[2023-03-21T23:51:39.359+0000] {python.py:177} INFO - Done. Returned value was: None
[2023-03-21T23:51:39.387+0000] {taskinstance.py:1326} INFO - Marking task as SUCCESS. dag_id=Spotify_Data_ETL, task_id=JsonToCSV, execution_date=20230321T235116, start_date=20230321T235136, end_date=20230321T235139
[2023-03-21T23:51:39.437+0000] {local_task_job.py:212} INFO - Task exited with return code 0
[2023-03-21T23:51:39.460+0000] {taskinstance.py:2585} INFO - 1 downstream tasks scheduled from follow-on schedule check
