[2023-03-16T05:16:20.343+0000] {taskinstance.py:1083} INFO - Dependencies all met for <TaskInstance: Spotify_Data_ETL.AuthenticateAPI manual__2023-03-16T05:02:48.467376+00:00 [queued]>
[2023-03-16T05:16:20.348+0000] {taskinstance.py:1083} INFO - Dependencies all met for <TaskInstance: Spotify_Data_ETL.AuthenticateAPI manual__2023-03-16T05:02:48.467376+00:00 [queued]>
[2023-03-16T05:16:20.349+0000] {taskinstance.py:1279} INFO - 
--------------------------------------------------------------------------------
[2023-03-16T05:16:20.349+0000] {taskinstance.py:1280} INFO - Starting attempt 2 of 4
[2023-03-16T05:16:20.350+0000] {taskinstance.py:1281} INFO - 
--------------------------------------------------------------------------------
[2023-03-16T05:16:20.357+0000] {taskinstance.py:1300} INFO - Executing <Task(PythonOperator): AuthenticateAPI> on 2023-03-16 05:02:48.467376+00:00
[2023-03-16T05:16:20.362+0000] {standard_task_runner.py:55} INFO - Started process 9794 to run task
[2023-03-16T05:16:20.365+0000] {standard_task_runner.py:82} INFO - Running: ['***', 'tasks', 'run', 'Spotify_Data_ETL', 'AuthenticateAPI', 'manual__2023-03-16T05:02:48.467376+00:00', '--job-id', '1265', '--raw', '--subdir', 'DAGS_FOLDER/spotifydag.py', '--cfg-path', '/tmp/tmpod7hakv2']
[2023-03-16T05:16:20.366+0000] {standard_task_runner.py:83} INFO - Job 1265: Subtask AuthenticateAPI
[2023-03-16T05:16:20.416+0000] {task_command.py:388} INFO - Running <TaskInstance: Spotify_Data_ETL.AuthenticateAPI manual__2023-03-16T05:02:48.467376+00:00 [running]> on host 18c42e4ef76b
[2023-03-16T05:16:20.616+0000] {taskinstance.py:1509} INFO - Exporting the following env vars:
AIRFLOW_CTX_DAG_OWNER=Ananta Moharana
AIRFLOW_CTX_DAG_ID=Spotify_Data_ETL
AIRFLOW_CTX_TASK_ID=AuthenticateAPI
AIRFLOW_CTX_EXECUTION_DATE=2023-03-16T05:02:48.467376+00:00
AIRFLOW_CTX_TRY_NUMBER=2
AIRFLOW_CTX_DAG_RUN_ID=manual__2023-03-16T05:02:48.467376+00:00
[2023-03-16T05:16:21.086+0000] {logging_mixin.py:137} INFO - BQBbR8sSErbC7oMkXyu0KLxj2jDPi06sv6zD4iU4--Bp6ZzVIip1Hqyx23UUpNOcTFoI224UcUAr6_M9pzCXlH5LPQTFCC2PoE9E6RaxibL9lR2BpDx3
[2023-03-16T05:16:21.100+0000] {python.py:177} INFO - Done. Returned value was: None
[2023-03-16T05:16:21.109+0000] {taskinstance.py:1323} INFO - Marking task as SUCCESS. dag_id=Spotify_Data_ETL, task_id=AuthenticateAPI, execution_date=20230316T050248, start_date=20230316T051620, end_date=20230316T051621
[2023-03-16T05:16:21.142+0000] {local_task_job.py:208} INFO - Task exited with return code 0
[2023-03-16T05:16:21.164+0000] {taskinstance.py:2578} INFO - 1 downstream tasks scheduled from follow-on schedule check
