[2023-03-16T05:02:50.698+0000] {taskinstance.py:1083} INFO - Dependencies all met for <TaskInstance: Spotify_Data_ETL.AuthenticateAPI manual__2023-03-16T05:02:48.467376+00:00 [queued]>
[2023-03-16T05:02:50.703+0000] {taskinstance.py:1083} INFO - Dependencies all met for <TaskInstance: Spotify_Data_ETL.AuthenticateAPI manual__2023-03-16T05:02:48.467376+00:00 [queued]>
[2023-03-16T05:02:50.704+0000] {taskinstance.py:1279} INFO - 
--------------------------------------------------------------------------------
[2023-03-16T05:02:50.704+0000] {taskinstance.py:1280} INFO - Starting attempt 1 of 3
[2023-03-16T05:02:50.705+0000] {taskinstance.py:1281} INFO - 
--------------------------------------------------------------------------------
[2023-03-16T05:02:50.712+0000] {taskinstance.py:1300} INFO - Executing <Task(PythonOperator): AuthenticateAPI> on 2023-03-16 05:02:48.467376+00:00
[2023-03-16T05:02:50.717+0000] {standard_task_runner.py:55} INFO - Started process 8461 to run task
[2023-03-16T05:02:50.721+0000] {standard_task_runner.py:82} INFO - Running: ['***', 'tasks', 'run', 'Spotify_Data_ETL', 'AuthenticateAPI', 'manual__2023-03-16T05:02:48.467376+00:00', '--job-id', '1159', '--raw', '--subdir', 'DAGS_FOLDER/spotifydag.py', '--cfg-path', '/tmp/tmptambe4t0']
[2023-03-16T05:02:50.722+0000] {standard_task_runner.py:83} INFO - Job 1159: Subtask AuthenticateAPI
[2023-03-16T05:02:50.785+0000] {task_command.py:388} INFO - Running <TaskInstance: Spotify_Data_ETL.AuthenticateAPI manual__2023-03-16T05:02:48.467376+00:00 [running]> on host 18c42e4ef76b
[2023-03-16T05:02:51.182+0000] {taskinstance.py:1509} INFO - Exporting the following env vars:
AIRFLOW_CTX_DAG_OWNER=Ananta Moharana
AIRFLOW_CTX_DAG_ID=Spotify_Data_ETL
AIRFLOW_CTX_TASK_ID=AuthenticateAPI
AIRFLOW_CTX_EXECUTION_DATE=2023-03-16T05:02:48.467376+00:00
AIRFLOW_CTX_TRY_NUMBER=1
AIRFLOW_CTX_DAG_RUN_ID=manual__2023-03-16T05:02:48.467376+00:00
[2023-03-16T05:02:51.416+0000] {logging_mixin.py:137} INFO - BQAIwlF8ldfvnuDzl0ljJL1MF_fzB27Dys8rftDkK1aB-biZH4pa18gXMgQ5cwQ9EgT4Wzr-Xxpqd5bAV_9Y3qxk_bH0lCriO5r35tjuGRqyjiO7hVoN
[2023-03-16T05:02:51.426+0000] {python.py:177} INFO - Done. Returned value was: None
[2023-03-16T05:02:51.433+0000] {taskinstance.py:1323} INFO - Marking task as SUCCESS. dag_id=Spotify_Data_ETL, task_id=AuthenticateAPI, execution_date=20230316T050248, start_date=20230316T050250, end_date=20230316T050251
[2023-03-16T05:02:51.496+0000] {local_task_job.py:208} INFO - Task exited with return code 0
[2023-03-16T05:02:51.518+0000] {taskinstance.py:2578} INFO - 1 downstream tasks scheduled from follow-on schedule check
