[2023-03-13T19:24:33.443+0000] {taskinstance.py:1083} INFO - Dependencies all met for <TaskInstance: Spotify_Data_ETL.GetArtistInfo manual__2023-03-13T17:35:51.683738+00:00 [queued]>
[2023-03-13T19:24:33.448+0000] {taskinstance.py:1083} INFO - Dependencies all met for <TaskInstance: Spotify_Data_ETL.GetArtistInfo manual__2023-03-13T17:35:51.683738+00:00 [queued]>
[2023-03-13T19:24:33.449+0000] {taskinstance.py:1279} INFO - 
--------------------------------------------------------------------------------
[2023-03-13T19:24:33.449+0000] {taskinstance.py:1280} INFO - Starting attempt 6 of 8
[2023-03-13T19:24:33.450+0000] {taskinstance.py:1281} INFO - 
--------------------------------------------------------------------------------
[2023-03-13T19:24:33.457+0000] {taskinstance.py:1300} INFO - Executing <Task(PythonOperator): GetArtistInfo> on 2023-03-13 17:35:51.683738+00:00
[2023-03-13T19:24:33.462+0000] {standard_task_runner.py:55} INFO - Started process 11145 to run task
[2023-03-13T19:24:33.465+0000] {standard_task_runner.py:82} INFO - Running: ['***', 'tasks', 'run', 'Spotify_Data_ETL', 'GetArtistInfo', 'manual__2023-03-13T17:35:51.683738+00:00', '--job-id', '264', '--raw', '--subdir', 'DAGS_FOLDER/spotifydag.py', '--cfg-path', '/tmp/tmpf5dunm1n']
[2023-03-13T19:24:33.466+0000] {standard_task_runner.py:83} INFO - Job 264: Subtask GetArtistInfo
[2023-03-13T19:24:33.513+0000] {task_command.py:388} INFO - Running <TaskInstance: Spotify_Data_ETL.GetArtistInfo manual__2023-03-13T17:35:51.683738+00:00 [running]> on host 649b70e6a8b0
[2023-03-13T19:24:33.557+0000] {taskinstance.py:1509} INFO - Exporting the following env vars:
AIRFLOW_CTX_DAG_OWNER=Ananta Moharana
AIRFLOW_CTX_DAG_ID=Spotify_Data_ETL
AIRFLOW_CTX_TASK_ID=GetArtistInfo
AIRFLOW_CTX_EXECUTION_DATE=2023-03-13T17:35:51.683738+00:00
AIRFLOW_CTX_TRY_NUMBER=6
AIRFLOW_CTX_DAG_RUN_ID=manual__2023-03-13T17:35:51.683738+00:00
[2023-03-13T19:24:45.643+0000] {python.py:177} INFO - Done. Returned value was: None
[2023-03-13T19:24:45.652+0000] {taskinstance.py:1323} INFO - Marking task as SUCCESS. dag_id=Spotify_Data_ETL, task_id=GetArtistInfo, execution_date=20230313T173551, start_date=20230313T192433, end_date=20230313T192445
[2023-03-13T19:24:45.699+0000] {local_task_job.py:208} INFO - Task exited with return code 0
[2023-03-13T19:24:45.715+0000] {taskinstance.py:2578} INFO - 1 downstream tasks scheduled from follow-on schedule check
