[2023-03-13T20:22:46.773+0000] {taskinstance.py:1083} INFO - Dependencies all met for <TaskInstance: Spotify_Data_ETL.GetArtistInfo manual__2023-03-13T17:35:51.683738+00:00 [queued]>
[2023-03-13T20:22:46.781+0000] {taskinstance.py:1083} INFO - Dependencies all met for <TaskInstance: Spotify_Data_ETL.GetArtistInfo manual__2023-03-13T17:35:51.683738+00:00 [queued]>
[2023-03-13T20:22:46.782+0000] {taskinstance.py:1279} INFO - 
--------------------------------------------------------------------------------
[2023-03-13T20:22:46.782+0000] {taskinstance.py:1280} INFO - Starting attempt 9 of 11
[2023-03-13T20:22:46.783+0000] {taskinstance.py:1281} INFO - 
--------------------------------------------------------------------------------
[2023-03-13T20:22:46.793+0000] {taskinstance.py:1300} INFO - Executing <Task(PythonOperator): GetArtistInfo> on 2023-03-13 17:35:51.683738+00:00
[2023-03-13T20:22:46.799+0000] {standard_task_runner.py:55} INFO - Started process 14840 to run task
[2023-03-13T20:22:46.804+0000] {standard_task_runner.py:82} INFO - Running: ['***', 'tasks', 'run', 'Spotify_Data_ETL', 'GetArtistInfo', 'manual__2023-03-13T17:35:51.683738+00:00', '--job-id', '294', '--raw', '--subdir', 'DAGS_FOLDER/spotifydag.py', '--cfg-path', '/tmp/tmpt3i3ndm4']
[2023-03-13T20:22:46.804+0000] {standard_task_runner.py:83} INFO - Job 294: Subtask GetArtistInfo
[2023-03-13T20:22:46.858+0000] {task_command.py:388} INFO - Running <TaskInstance: Spotify_Data_ETL.GetArtistInfo manual__2023-03-13T17:35:51.683738+00:00 [running]> on host 649b70e6a8b0
[2023-03-13T20:22:46.902+0000] {taskinstance.py:1509} INFO - Exporting the following env vars:
AIRFLOW_CTX_DAG_OWNER=Ananta Moharana
AIRFLOW_CTX_DAG_ID=Spotify_Data_ETL
AIRFLOW_CTX_TASK_ID=GetArtistInfo
AIRFLOW_CTX_EXECUTION_DATE=2023-03-13T17:35:51.683738+00:00
AIRFLOW_CTX_TRY_NUMBER=9
AIRFLOW_CTX_DAG_RUN_ID=manual__2023-03-13T17:35:51.683738+00:00
[2023-03-13T20:22:58.197+0000] {python.py:177} INFO - Done. Returned value was: None
[2023-03-13T20:22:58.205+0000] {taskinstance.py:1323} INFO - Marking task as SUCCESS. dag_id=Spotify_Data_ETL, task_id=GetArtistInfo, execution_date=20230313T173551, start_date=20230313T202246, end_date=20230313T202258
[2023-03-13T20:22:58.250+0000] {local_task_job.py:208} INFO - Task exited with return code 0
[2023-03-13T20:22:58.266+0000] {taskinstance.py:2578} INFO - 1 downstream tasks scheduled from follow-on schedule check
