[2023-03-13T19:29:28.952+0000] {taskinstance.py:1083} INFO - Dependencies all met for <TaskInstance: Spotify_Data_ETL.GetArtistInfo manual__2023-03-13T17:35:51.683738+00:00 [queued]>
[2023-03-13T19:29:28.957+0000] {taskinstance.py:1083} INFO - Dependencies all met for <TaskInstance: Spotify_Data_ETL.GetArtistInfo manual__2023-03-13T17:35:51.683738+00:00 [queued]>
[2023-03-13T19:29:28.958+0000] {taskinstance.py:1279} INFO - 
--------------------------------------------------------------------------------
[2023-03-13T19:29:28.958+0000] {taskinstance.py:1280} INFO - Starting attempt 7 of 9
[2023-03-13T19:29:28.958+0000] {taskinstance.py:1281} INFO - 
--------------------------------------------------------------------------------
[2023-03-13T19:29:28.966+0000] {taskinstance.py:1300} INFO - Executing <Task(PythonOperator): GetArtistInfo> on 2023-03-13 17:35:51.683738+00:00
[2023-03-13T19:29:28.970+0000] {standard_task_runner.py:55} INFO - Started process 11536 to run task
[2023-03-13T19:29:28.973+0000] {standard_task_runner.py:82} INFO - Running: ['***', 'tasks', 'run', 'Spotify_Data_ETL', 'GetArtistInfo', 'manual__2023-03-13T17:35:51.683738+00:00', '--job-id', '278', '--raw', '--subdir', 'DAGS_FOLDER/spotifydag.py', '--cfg-path', '/tmp/tmpi8tbg0bm']
[2023-03-13T19:29:28.974+0000] {standard_task_runner.py:83} INFO - Job 278: Subtask GetArtistInfo
[2023-03-13T19:29:29.019+0000] {task_command.py:388} INFO - Running <TaskInstance: Spotify_Data_ETL.GetArtistInfo manual__2023-03-13T17:35:51.683738+00:00 [running]> on host 649b70e6a8b0
[2023-03-13T19:29:29.065+0000] {taskinstance.py:1509} INFO - Exporting the following env vars:
AIRFLOW_CTX_DAG_OWNER=Ananta Moharana
AIRFLOW_CTX_DAG_ID=Spotify_Data_ETL
AIRFLOW_CTX_TASK_ID=GetArtistInfo
AIRFLOW_CTX_EXECUTION_DATE=2023-03-13T17:35:51.683738+00:00
AIRFLOW_CTX_TRY_NUMBER=7
AIRFLOW_CTX_DAG_RUN_ID=manual__2023-03-13T17:35:51.683738+00:00
[2023-03-13T19:29:40.632+0000] {python.py:177} INFO - Done. Returned value was: None
[2023-03-13T19:29:40.647+0000] {taskinstance.py:1323} INFO - Marking task as SUCCESS. dag_id=Spotify_Data_ETL, task_id=GetArtistInfo, execution_date=20230313T173551, start_date=20230313T192928, end_date=20230313T192940
[2023-03-13T19:29:40.671+0000] {local_task_job.py:208} INFO - Task exited with return code 0
[2023-03-13T19:29:40.687+0000] {taskinstance.py:2578} INFO - 1 downstream tasks scheduled from follow-on schedule check
