[2023-03-14T22:39:08.297+0000] {taskinstance.py:1083} INFO - Dependencies all met for <TaskInstance: Spotify_Data_ETL.SongFactToS3 manual__2023-03-14T17:39:32.565428+00:00 [queued]>
[2023-03-14T22:39:08.308+0000] {taskinstance.py:1083} INFO - Dependencies all met for <TaskInstance: Spotify_Data_ETL.SongFactToS3 manual__2023-03-14T17:39:32.565428+00:00 [queued]>
[2023-03-14T22:39:08.308+0000] {taskinstance.py:1279} INFO - 
--------------------------------------------------------------------------------
[2023-03-14T22:39:08.309+0000] {taskinstance.py:1280} INFO - Starting attempt 5 of 7
[2023-03-14T22:39:08.310+0000] {taskinstance.py:1281} INFO - 
--------------------------------------------------------------------------------
[2023-03-14T22:39:08.330+0000] {taskinstance.py:1300} INFO - Executing <Task(PythonOperator): SongFactToS3> on 2023-03-14 17:39:32.565428+00:00
[2023-03-14T22:39:08.336+0000] {standard_task_runner.py:55} INFO - Started process 6770 to run task
[2023-03-14T22:39:08.346+0000] {standard_task_runner.py:82} INFO - Running: ['***', 'tasks', 'run', 'Spotify_Data_ETL', 'SongFactToS3', 'manual__2023-03-14T17:39:32.565428+00:00', '--job-id', '602', '--raw', '--subdir', 'DAGS_FOLDER/spotifydag.py', '--cfg-path', '/tmp/tmp15n2wo_j']
[2023-03-14T22:39:08.346+0000] {standard_task_runner.py:83} INFO - Job 602: Subtask SongFactToS3
[2023-03-14T22:39:08.448+0000] {task_command.py:388} INFO - Running <TaskInstance: Spotify_Data_ETL.SongFactToS3 manual__2023-03-14T17:39:32.565428+00:00 [running]> on host aa32983f0e0e
[2023-03-14T22:39:09.142+0000] {taskinstance.py:1509} INFO - Exporting the following env vars:
AIRFLOW_CTX_DAG_OWNER=Ananta Moharana
AIRFLOW_CTX_DAG_ID=Spotify_Data_ETL
AIRFLOW_CTX_TASK_ID=SongFactToS3
AIRFLOW_CTX_EXECUTION_DATE=2023-03-14T17:39:32.565428+00:00
AIRFLOW_CTX_TRY_NUMBER=5
AIRFLOW_CTX_DAG_RUN_ID=manual__2023-03-14T17:39:32.565428+00:00
[2023-03-14T22:39:09.155+0000] {base.py:73} INFO - Using connection ID 'aws_connection' for task execution.
[2023-03-14T22:39:09.156+0000] {connection_wrapper.py:334} INFO - AWS Connection (conn_id='aws_connection', conn_type='aws') credentials retrieved from login and password.
[2023-03-14T22:39:09.968+0000] {python.py:177} INFO - Done. Returned value was: None
[2023-03-14T22:39:09.978+0000] {taskinstance.py:1323} INFO - Marking task as SUCCESS. dag_id=Spotify_Data_ETL, task_id=SongFactToS3, execution_date=20230314T173932, start_date=20230314T223908, end_date=20230314T223909
[2023-03-14T22:39:10.089+0000] {local_task_job.py:208} INFO - Task exited with return code 0
[2023-03-14T22:39:10.123+0000] {taskinstance.py:2578} INFO - 0 downstream tasks scheduled from follow-on schedule check
