[2023-03-18T04:26:09.835+0000] {taskinstance.py:1083} INFO - Dependencies all met for <TaskInstance: Spotify_Data_ETL.GetSongsFromPlaylist manual__2023-03-18T04:26:06.711156+00:00 [queued]>
[2023-03-18T04:26:09.848+0000] {taskinstance.py:1083} INFO - Dependencies all met for <TaskInstance: Spotify_Data_ETL.GetSongsFromPlaylist manual__2023-03-18T04:26:06.711156+00:00 [queued]>
[2023-03-18T04:26:09.849+0000] {taskinstance.py:1279} INFO - 
--------------------------------------------------------------------------------
[2023-03-18T04:26:09.849+0000] {taskinstance.py:1280} INFO - Starting attempt 1 of 3
[2023-03-18T04:26:09.850+0000] {taskinstance.py:1281} INFO - 
--------------------------------------------------------------------------------
[2023-03-18T04:26:09.865+0000] {taskinstance.py:1300} INFO - Executing <Task(PythonOperator): GetSongsFromPlaylist> on 2023-03-18 04:26:06.711156+00:00
[2023-03-18T04:26:09.888+0000] {standard_task_runner.py:55} INFO - Started process 135 to run task
[2023-03-18T04:26:09.888+0000] {standard_task_runner.py:82} INFO - Running: ['***', 'tasks', 'run', 'Spotify_Data_ETL', 'GetSongsFromPlaylist', 'manual__2023-03-18T04:26:06.711156+00:00', '--job-id', '1507', '--raw', '--subdir', 'DAGS_FOLDER/spotifydag.py', '--cfg-path', '/tmp/tmp4nz045f5']
[2023-03-18T04:26:09.900+0000] {standard_task_runner.py:83} INFO - Job 1507: Subtask GetSongsFromPlaylist
[2023-03-18T04:26:10.051+0000] {task_command.py:388} INFO - Running <TaskInstance: Spotify_Data_ETL.GetSongsFromPlaylist manual__2023-03-18T04:26:06.711156+00:00 [running]> on host 80993b942372
[2023-03-18T04:26:10.160+0000] {taskinstance.py:1509} INFO - Exporting the following env vars:
AIRFLOW_CTX_DAG_OWNER=Ananta Moharana
AIRFLOW_CTX_DAG_ID=Spotify_Data_ETL
AIRFLOW_CTX_TASK_ID=GetSongsFromPlaylist
AIRFLOW_CTX_EXECUTION_DATE=2023-03-18T04:26:06.711156+00:00
AIRFLOW_CTX_TRY_NUMBER=1
AIRFLOW_CTX_DAG_RUN_ID=manual__2023-03-18T04:26:06.711156+00:00
[2023-03-18T04:26:10.749+0000] {python.py:177} INFO - Done. Returned value was: None
[2023-03-18T04:26:10.757+0000] {taskinstance.py:1323} INFO - Marking task as SUCCESS. dag_id=Spotify_Data_ETL, task_id=GetSongsFromPlaylist, execution_date=20230318T042606, start_date=20230318T042609, end_date=20230318T042610
[2023-03-18T04:26:10.792+0000] {local_task_job.py:208} INFO - Task exited with return code 0
[2023-03-18T04:26:10.814+0000] {taskinstance.py:2578} INFO - 2 downstream tasks scheduled from follow-on schedule check
