[2023-03-14T04:46:10.150+0000] {taskinstance.py:1083} INFO - Dependencies all met for <TaskInstance: Spotify_Data_ETL.GetArtistInfo manual__2023-03-14T04:46:04.224243+00:00 [queued]>
[2023-03-14T04:46:10.159+0000] {taskinstance.py:1083} INFO - Dependencies all met for <TaskInstance: Spotify_Data_ETL.GetArtistInfo manual__2023-03-14T04:46:04.224243+00:00 [queued]>
[2023-03-14T04:46:10.159+0000] {taskinstance.py:1279} INFO - 
--------------------------------------------------------------------------------
[2023-03-14T04:46:10.160+0000] {taskinstance.py:1280} INFO - Starting attempt 1 of 3
[2023-03-14T04:46:10.160+0000] {taskinstance.py:1281} INFO - 
--------------------------------------------------------------------------------
[2023-03-14T04:46:10.167+0000] {taskinstance.py:1300} INFO - Executing <Task(PythonOperator): GetArtistInfo> on 2023-03-14 04:46:04.224243+00:00
[2023-03-14T04:46:10.172+0000] {standard_task_runner.py:55} INFO - Started process 166 to run task
[2023-03-14T04:46:10.176+0000] {standard_task_runner.py:82} INFO - Running: ['***', 'tasks', 'run', 'Spotify_Data_ETL', 'GetArtistInfo', 'manual__2023-03-14T04:46:04.224243+00:00', '--job-id', '526', '--raw', '--subdir', 'DAGS_FOLDER/spotifydag.py', '--cfg-path', '/tmp/tmpo25db22a']
[2023-03-14T04:46:10.177+0000] {standard_task_runner.py:83} INFO - Job 526: Subtask GetArtistInfo
[2023-03-14T04:46:10.238+0000] {task_command.py:388} INFO - Running <TaskInstance: Spotify_Data_ETL.GetArtistInfo manual__2023-03-14T04:46:04.224243+00:00 [running]> on host f1a61db33278
[2023-03-14T04:46:10.522+0000] {taskinstance.py:1509} INFO - Exporting the following env vars:
AIRFLOW_CTX_DAG_OWNER=Ananta Moharana
AIRFLOW_CTX_DAG_ID=Spotify_Data_ETL
AIRFLOW_CTX_TASK_ID=GetArtistInfo
AIRFLOW_CTX_EXECUTION_DATE=2023-03-14T04:46:04.224243+00:00
AIRFLOW_CTX_TRY_NUMBER=1
AIRFLOW_CTX_DAG_RUN_ID=manual__2023-03-14T04:46:04.224243+00:00
[2023-03-14T04:46:20.235+0000] {python.py:177} INFO - Done. Returned value was: None
[2023-03-14T04:46:20.245+0000] {taskinstance.py:1323} INFO - Marking task as SUCCESS. dag_id=Spotify_Data_ETL, task_id=GetArtistInfo, execution_date=20230314T044604, start_date=20230314T044610, end_date=20230314T044620
[2023-03-14T04:46:20.286+0000] {local_task_job.py:208} INFO - Task exited with return code 0
[2023-03-14T04:46:20.409+0000] {taskinstance.py:2578} INFO - 1 downstream tasks scheduled from follow-on schedule check
