[2023-03-14T04:41:13.393+0000] {taskinstance.py:1083} INFO - Dependencies all met for <TaskInstance: Spotify_Data_ETL.GetAudioQuality manual__2023-03-14T04:24:23.196801+00:00 [queued]>
[2023-03-14T04:41:13.398+0000] {taskinstance.py:1083} INFO - Dependencies all met for <TaskInstance: Spotify_Data_ETL.GetAudioQuality manual__2023-03-14T04:24:23.196801+00:00 [queued]>
[2023-03-14T04:41:13.398+0000] {taskinstance.py:1279} INFO - 
--------------------------------------------------------------------------------
[2023-03-14T04:41:13.399+0000] {taskinstance.py:1280} INFO - Starting attempt 3 of 5
[2023-03-14T04:41:13.399+0000] {taskinstance.py:1281} INFO - 
--------------------------------------------------------------------------------
[2023-03-14T04:41:13.407+0000] {taskinstance.py:1300} INFO - Executing <Task(PythonOperator): GetAudioQuality> on 2023-03-14 04:24:23.196801+00:00
[2023-03-14T04:41:13.413+0000] {standard_task_runner.py:55} INFO - Started process 437 to run task
[2023-03-14T04:41:13.417+0000] {standard_task_runner.py:82} INFO - Running: ['***', 'tasks', 'run', 'Spotify_Data_ETL', 'GetAudioQuality', 'manual__2023-03-14T04:24:23.196801+00:00', '--job-id', '503', '--raw', '--subdir', 'DAGS_FOLDER/spotifydag.py', '--cfg-path', '/tmp/tmpii61lhnv']
[2023-03-14T04:41:13.418+0000] {standard_task_runner.py:83} INFO - Job 503: Subtask GetAudioQuality
[2023-03-14T04:41:13.472+0000] {task_command.py:388} INFO - Running <TaskInstance: Spotify_Data_ETL.GetAudioQuality manual__2023-03-14T04:24:23.196801+00:00 [running]> on host 2b460a741d49
[2023-03-14T04:41:13.682+0000] {taskinstance.py:1509} INFO - Exporting the following env vars:
AIRFLOW_CTX_DAG_OWNER=Ananta Moharana
AIRFLOW_CTX_DAG_ID=Spotify_Data_ETL
AIRFLOW_CTX_TASK_ID=GetAudioQuality
AIRFLOW_CTX_EXECUTION_DATE=2023-03-14T04:24:23.196801+00:00
AIRFLOW_CTX_TRY_NUMBER=3
AIRFLOW_CTX_DAG_RUN_ID=manual__2023-03-14T04:24:23.196801+00:00
[2023-03-14T04:41:24.056+0000] {python.py:177} INFO - Done. Returned value was: None
[2023-03-14T04:41:24.069+0000] {taskinstance.py:1323} INFO - Marking task as SUCCESS. dag_id=Spotify_Data_ETL, task_id=GetAudioQuality, execution_date=20230314T042423, start_date=20230314T044113, end_date=20230314T044124
[2023-03-14T04:41:24.108+0000] {local_task_job.py:208} INFO - Task exited with return code 0
[2023-03-14T04:41:24.126+0000] {taskinstance.py:2578} INFO - 0 downstream tasks scheduled from follow-on schedule check
