[2023-03-14T02:22:34.201+0000] {taskinstance.py:1083} INFO - Dependencies all met for <TaskInstance: Spotify_Data_ETL.TransformData manual__2023-03-14T00:09:25.066398+00:00 [queued]>
[2023-03-14T02:22:34.210+0000] {taskinstance.py:1083} INFO - Dependencies all met for <TaskInstance: Spotify_Data_ETL.TransformData manual__2023-03-14T00:09:25.066398+00:00 [queued]>
[2023-03-14T02:22:34.210+0000] {taskinstance.py:1279} INFO - 
--------------------------------------------------------------------------------
[2023-03-14T02:22:34.211+0000] {taskinstance.py:1280} INFO - Starting attempt 5 of 7
[2023-03-14T02:22:34.211+0000] {taskinstance.py:1281} INFO - 
--------------------------------------------------------------------------------
[2023-03-14T02:22:34.221+0000] {taskinstance.py:1300} INFO - Executing <Task(PythonOperator): TransformData> on 2023-03-14 00:09:25.066398+00:00
[2023-03-14T02:22:34.227+0000] {standard_task_runner.py:55} INFO - Started process 13777 to run task
[2023-03-14T02:22:34.231+0000] {standard_task_runner.py:82} INFO - Running: ['***', 'tasks', 'run', 'Spotify_Data_ETL', 'TransformData', 'manual__2023-03-14T00:09:25.066398+00:00', '--job-id', '335', '--raw', '--subdir', 'DAGS_FOLDER/spotifydag.py', '--cfg-path', '/tmp/tmp033szf0w']
[2023-03-14T02:22:34.232+0000] {standard_task_runner.py:83} INFO - Job 335: Subtask TransformData
[2023-03-14T02:22:34.281+0000] {task_command.py:388} INFO - Running <TaskInstance: Spotify_Data_ETL.TransformData manual__2023-03-14T00:09:25.066398+00:00 [running]> on host 4d2033ffb16b
[2023-03-14T02:22:34.479+0000] {taskinstance.py:1509} INFO - Exporting the following env vars:
AIRFLOW_CTX_DAG_OWNER=Ananta Moharana
AIRFLOW_CTX_DAG_ID=Spotify_Data_ETL
AIRFLOW_CTX_TASK_ID=TransformData
AIRFLOW_CTX_EXECUTION_DATE=2023-03-14T00:09:25.066398+00:00
AIRFLOW_CTX_TRY_NUMBER=5
AIRFLOW_CTX_DAG_RUN_ID=manual__2023-03-14T00:09:25.066398+00:00
[2023-03-14T02:22:34.515+0000] {warnings.py:110} WARNING - /home/***/.local/lib/python3.7/site-packages/pandas/util/_decorators.py:311: SettingWithCopyWarning: 
A value is trying to be set on a copy of a slice from a DataFrame

See the caveats in the documentation: https://pandas.pydata.org/pandas-docs/stable/user_guide/indexing.html#returning-a-view-versus-a-copy
  return func(*args, **kwargs)

[2023-03-14T02:22:34.569+0000] {python.py:177} INFO - Done. Returned value was: None
[2023-03-14T02:22:34.576+0000] {taskinstance.py:1323} INFO - Marking task as SUCCESS. dag_id=Spotify_Data_ETL, task_id=TransformData, execution_date=20230314T000925, start_date=20230314T022234, end_date=20230314T022234
[2023-03-14T02:22:34.608+0000] {local_task_job.py:208} INFO - Task exited with return code 0
[2023-03-14T02:22:34.647+0000] {taskinstance.py:2578} INFO - 1 downstream tasks scheduled from follow-on schedule check
