[2023-03-14T03:35:33.064+0000] {taskinstance.py:1083} INFO - Dependencies all met for <TaskInstance: Spotify_Data_ETL.TransformData manual__2023-03-14T00:09:25.066398+00:00 [queued]>
[2023-03-14T03:35:33.069+0000] {taskinstance.py:1083} INFO - Dependencies all met for <TaskInstance: Spotify_Data_ETL.TransformData manual__2023-03-14T00:09:25.066398+00:00 [queued]>
[2023-03-14T03:35:33.070+0000] {taskinstance.py:1279} INFO - 
--------------------------------------------------------------------------------
[2023-03-14T03:35:33.070+0000] {taskinstance.py:1280} INFO - Starting attempt 14 of 16
[2023-03-14T03:35:33.070+0000] {taskinstance.py:1281} INFO - 
--------------------------------------------------------------------------------
[2023-03-14T03:35:33.077+0000] {taskinstance.py:1300} INFO - Executing <Task(PythonOperator): TransformData> on 2023-03-14 00:09:25.066398+00:00
[2023-03-14T03:35:33.083+0000] {standard_task_runner.py:55} INFO - Started process 1195 to run task
[2023-03-14T03:35:33.086+0000] {standard_task_runner.py:82} INFO - Running: ['***', 'tasks', 'run', 'Spotify_Data_ETL', 'TransformData', 'manual__2023-03-14T00:09:25.066398+00:00', '--job-id', '385', '--raw', '--subdir', 'DAGS_FOLDER/spotifydag.py', '--cfg-path', '/tmp/tmprhsxhm0n']
[2023-03-14T03:35:33.087+0000] {standard_task_runner.py:83} INFO - Job 385: Subtask TransformData
[2023-03-14T03:35:33.131+0000] {task_command.py:388} INFO - Running <TaskInstance: Spotify_Data_ETL.TransformData manual__2023-03-14T00:09:25.066398+00:00 [running]> on host c1e86c20df76
[2023-03-14T03:35:33.381+0000] {taskinstance.py:1509} INFO - Exporting the following env vars:
AIRFLOW_CTX_DAG_OWNER=Ananta Moharana
AIRFLOW_CTX_DAG_ID=Spotify_Data_ETL
AIRFLOW_CTX_TASK_ID=TransformData
AIRFLOW_CTX_EXECUTION_DATE=2023-03-14T00:09:25.066398+00:00
AIRFLOW_CTX_TRY_NUMBER=14
AIRFLOW_CTX_DAG_RUN_ID=manual__2023-03-14T00:09:25.066398+00:00
[2023-03-14T03:35:33.422+0000] {warnings.py:110} WARNING - /home/***/.local/lib/python3.7/site-packages/pandas/util/_decorators.py:311: SettingWithCopyWarning: 
A value is trying to be set on a copy of a slice from a DataFrame

See the caveats in the documentation: https://pandas.pydata.org/pandas-docs/stable/user_guide/indexing.html#returning-a-view-versus-a-copy
  return func(*args, **kwargs)

[2023-03-14T03:35:33.484+0000] {python.py:177} INFO - Done. Returned value was: None
[2023-03-14T03:35:33.492+0000] {taskinstance.py:1323} INFO - Marking task as SUCCESS. dag_id=Spotify_Data_ETL, task_id=TransformData, execution_date=20230314T000925, start_date=20230314T033533, end_date=20230314T033533
[2023-03-14T03:35:33.540+0000] {local_task_job.py:208} INFO - Task exited with return code 0
[2023-03-14T03:35:33.561+0000] {taskinstance.py:2578} INFO - 1 downstream tasks scheduled from follow-on schedule check
