[2023-03-21T02:10:05.157+0000] {taskinstance.py:1084} INFO - Dependencies all met for dep_context=non-requeueable deps ti=<TaskInstance: Spotify_Data_ETL.AuthenticateAPI manual__2023-03-18T04:27:11.434896+00:00 [queued]>
[2023-03-21T02:10:05.161+0000] {taskinstance.py:1084} INFO - Dependencies all met for dep_context=requeueable deps ti=<TaskInstance: Spotify_Data_ETL.AuthenticateAPI manual__2023-03-18T04:27:11.434896+00:00 [queued]>
[2023-03-21T02:10:05.162+0000] {taskinstance.py:1282} INFO - 
--------------------------------------------------------------------------------
[2023-03-21T02:10:05.162+0000] {taskinstance.py:1283} INFO - Starting attempt 8 of 10
[2023-03-21T02:10:05.162+0000] {taskinstance.py:1284} INFO - 
--------------------------------------------------------------------------------
[2023-03-21T02:10:05.170+0000] {taskinstance.py:1303} INFO - Executing <Task(PythonOperator): AuthenticateAPI> on 2023-03-18 04:27:11.434896+00:00
[2023-03-21T02:10:05.175+0000] {standard_task_runner.py:55} INFO - Started process 16914 to run task
[2023-03-21T02:10:05.179+0000] {standard_task_runner.py:82} INFO - Running: ['***', 'tasks', 'run', 'Spotify_Data_ETL', 'AuthenticateAPI', 'manual__2023-03-18T04:27:11.434896+00:00', '--job-id', '1662', '--raw', '--subdir', 'DAGS_FOLDER/spotifydag.py', '--cfg-path', '/tmp/tmp07626hny']
[2023-03-21T02:10:05.180+0000] {standard_task_runner.py:83} INFO - Job 1662: Subtask AuthenticateAPI
[2023-03-21T02:10:05.228+0000] {task_command.py:388} INFO - Running <TaskInstance: Spotify_Data_ETL.AuthenticateAPI manual__2023-03-18T04:27:11.434896+00:00 [running]> on host 1fd7b08731f2
[2023-03-21T02:10:05.271+0000] {taskinstance.py:1511} INFO - Exporting the following env vars:
AIRFLOW_CTX_DAG_OWNER=Ananta Moharana
AIRFLOW_CTX_DAG_ID=Spotify_Data_ETL
AIRFLOW_CTX_TASK_ID=AuthenticateAPI
AIRFLOW_CTX_EXECUTION_DATE=2023-03-18T04:27:11.434896+00:00
AIRFLOW_CTX_TRY_NUMBER=8
AIRFLOW_CTX_DAG_RUN_ID=manual__2023-03-18T04:27:11.434896+00:00
[2023-03-21T02:10:05.352+0000] {logging_mixin.py:137} INFO - BQA7FarjLGfq6PvANYfT2W51eoVOpo7nkLtG1juyqtpl6ZIB9aI8hAZj_XmBSfikuX8MTVhhs-bXCTSz-wgbrELkoEBiUADXZtQLF3vYGDkLeG6Ews2s
[2023-03-21T02:10:05.364+0000] {python.py:177} INFO - Done. Returned value was: None
[2023-03-21T02:10:05.372+0000] {taskinstance.py:1326} INFO - Marking task as SUCCESS. dag_id=Spotify_Data_ETL, task_id=AuthenticateAPI, execution_date=20230318T042711, start_date=20230321T021005, end_date=20230321T021005
[2023-03-21T02:10:05.390+0000] {local_task_job.py:212} INFO - Task exited with return code 0
[2023-03-21T02:10:05.410+0000] {taskinstance.py:2585} INFO - 1 downstream tasks scheduled from follow-on schedule check
