[2023-03-21T02:58:22.461+0000] {taskinstance.py:1084} INFO - Dependencies all met for dep_context=non-requeueable deps ti=<TaskInstance: Spotify_Data_ETL.AuthenticateAPI manual__2023-03-18T04:27:11.434896+00:00 [queued]>
[2023-03-21T02:58:22.466+0000] {taskinstance.py:1084} INFO - Dependencies all met for dep_context=requeueable deps ti=<TaskInstance: Spotify_Data_ETL.AuthenticateAPI manual__2023-03-18T04:27:11.434896+00:00 [queued]>
[2023-03-21T02:58:22.466+0000] {taskinstance.py:1282} INFO - 
--------------------------------------------------------------------------------
[2023-03-21T02:58:22.466+0000] {taskinstance.py:1283} INFO - Starting attempt 9 of 11
[2023-03-21T02:58:22.467+0000] {taskinstance.py:1284} INFO - 
--------------------------------------------------------------------------------
[2023-03-21T02:58:22.474+0000] {taskinstance.py:1303} INFO - Executing <Task(PythonOperator): AuthenticateAPI> on 2023-03-18 04:27:11.434896+00:00
[2023-03-21T02:58:22.479+0000] {standard_task_runner.py:55} INFO - Started process 19529 to run task
[2023-03-21T02:58:22.483+0000] {standard_task_runner.py:82} INFO - Running: ['***', 'tasks', 'run', 'Spotify_Data_ETL', 'AuthenticateAPI', 'manual__2023-03-18T04:27:11.434896+00:00', '--job-id', '1678', '--raw', '--subdir', 'DAGS_FOLDER/spotifydag.py', '--cfg-path', '/tmp/tmpkhs6b3r1']
[2023-03-21T02:58:22.484+0000] {standard_task_runner.py:83} INFO - Job 1678: Subtask AuthenticateAPI
[2023-03-21T02:58:22.532+0000] {task_command.py:388} INFO - Running <TaskInstance: Spotify_Data_ETL.AuthenticateAPI manual__2023-03-18T04:27:11.434896+00:00 [running]> on host 1fd7b08731f2
[2023-03-21T02:58:22.574+0000] {taskinstance.py:1511} INFO - Exporting the following env vars:
AIRFLOW_CTX_DAG_OWNER=Ananta Moharana
AIRFLOW_CTX_DAG_ID=Spotify_Data_ETL
AIRFLOW_CTX_TASK_ID=AuthenticateAPI
AIRFLOW_CTX_EXECUTION_DATE=2023-03-18T04:27:11.434896+00:00
AIRFLOW_CTX_TRY_NUMBER=9
AIRFLOW_CTX_DAG_RUN_ID=manual__2023-03-18T04:27:11.434896+00:00
[2023-03-21T02:58:22.678+0000] {logging_mixin.py:137} INFO - BQCIc9z7875WuDetzn1oCxqsUoLk67C9WYqPeH67RGtffXqLsXZiBryALQ_GKpm26J8XGbWR1vK76Nvw1cQKM51SQSqLT_8e3HkLTa4AcV7lhf537iKF
[2023-03-21T02:58:22.694+0000] {python.py:177} INFO - Done. Returned value was: None
[2023-03-21T02:58:22.704+0000] {taskinstance.py:1326} INFO - Marking task as SUCCESS. dag_id=Spotify_Data_ETL, task_id=AuthenticateAPI, execution_date=20230318T042711, start_date=20230321T025822, end_date=20230321T025822
[2023-03-21T02:58:22.736+0000] {local_task_job.py:212} INFO - Task exited with return code 0
[2023-03-21T02:58:22.759+0000] {taskinstance.py:2585} INFO - 1 downstream tasks scheduled from follow-on schedule check
