[2023-03-21T02:01:24.809+0000] {taskinstance.py:1084} INFO - Dependencies all met for dep_context=non-requeueable deps ti=<TaskInstance: Spotify_Data_ETL.AuthenticateAPI manual__2023-03-18T04:27:11.434896+00:00 [queued]>
[2023-03-21T02:01:24.814+0000] {taskinstance.py:1084} INFO - Dependencies all met for dep_context=requeueable deps ti=<TaskInstance: Spotify_Data_ETL.AuthenticateAPI manual__2023-03-18T04:27:11.434896+00:00 [queued]>
[2023-03-21T02:01:24.815+0000] {taskinstance.py:1282} INFO - 
--------------------------------------------------------------------------------
[2023-03-21T02:01:24.815+0000] {taskinstance.py:1283} INFO - Starting attempt 5 of 7
[2023-03-21T02:01:24.816+0000] {taskinstance.py:1284} INFO - 
--------------------------------------------------------------------------------
[2023-03-21T02:01:24.823+0000] {taskinstance.py:1303} INFO - Executing <Task(PythonOperator): AuthenticateAPI> on 2023-03-18 04:27:11.434896+00:00
[2023-03-21T02:01:24.828+0000] {standard_task_runner.py:55} INFO - Started process 16091 to run task
[2023-03-21T02:01:24.832+0000] {standard_task_runner.py:82} INFO - Running: ['***', 'tasks', 'run', 'Spotify_Data_ETL', 'AuthenticateAPI', 'manual__2023-03-18T04:27:11.434896+00:00', '--job-id', '1612', '--raw', '--subdir', 'DAGS_FOLDER/spotifydag.py', '--cfg-path', '/tmp/tmpq6biwiww']
[2023-03-21T02:01:24.833+0000] {standard_task_runner.py:83} INFO - Job 1612: Subtask AuthenticateAPI
[2023-03-21T02:01:24.885+0000] {task_command.py:388} INFO - Running <TaskInstance: Spotify_Data_ETL.AuthenticateAPI manual__2023-03-18T04:27:11.434896+00:00 [running]> on host 1fd7b08731f2
[2023-03-21T02:01:24.932+0000] {taskinstance.py:1511} INFO - Exporting the following env vars:
AIRFLOW_CTX_DAG_OWNER=Ananta Moharana
AIRFLOW_CTX_DAG_ID=Spotify_Data_ETL
AIRFLOW_CTX_TASK_ID=AuthenticateAPI
AIRFLOW_CTX_EXECUTION_DATE=2023-03-18T04:27:11.434896+00:00
AIRFLOW_CTX_TRY_NUMBER=5
AIRFLOW_CTX_DAG_RUN_ID=manual__2023-03-18T04:27:11.434896+00:00
[2023-03-21T02:01:25.032+0000] {logging_mixin.py:137} INFO - BQCkzZrUI2Xdc_oqpxw39zYZiwIdWtdj200AAbe_lofY3ZqvPfki0EVx4eELpW4VxxoZRhwJ0EKxhbp6TSsmNIeCverhjYZpdYJp-kRna2UbAFMNvxiQ
[2023-03-21T02:01:25.043+0000] {python.py:177} INFO - Done. Returned value was: None
[2023-03-21T02:01:25.050+0000] {taskinstance.py:1326} INFO - Marking task as SUCCESS. dag_id=Spotify_Data_ETL, task_id=AuthenticateAPI, execution_date=20230318T042711, start_date=20230321T020124, end_date=20230321T020125
[2023-03-21T02:01:25.090+0000] {local_task_job.py:212} INFO - Task exited with return code 0
[2023-03-21T02:01:25.113+0000] {taskinstance.py:2585} INFO - 1 downstream tasks scheduled from follow-on schedule check
