[2023-03-21T02:07:50.731+0000] {taskinstance.py:1084} INFO - Dependencies all met for dep_context=non-requeueable deps ti=<TaskInstance: Spotify_Data_ETL.AuthenticateAPI manual__2023-03-18T04:27:11.434896+00:00 [queued]>
[2023-03-21T02:07:50.735+0000] {taskinstance.py:1084} INFO - Dependencies all met for dep_context=requeueable deps ti=<TaskInstance: Spotify_Data_ETL.AuthenticateAPI manual__2023-03-18T04:27:11.434896+00:00 [queued]>
[2023-03-21T02:07:50.735+0000] {taskinstance.py:1282} INFO - 
--------------------------------------------------------------------------------
[2023-03-21T02:07:50.736+0000] {taskinstance.py:1283} INFO - Starting attempt 7 of 9
[2023-03-21T02:07:50.736+0000] {taskinstance.py:1284} INFO - 
--------------------------------------------------------------------------------
[2023-03-21T02:07:50.743+0000] {taskinstance.py:1303} INFO - Executing <Task(PythonOperator): AuthenticateAPI> on 2023-03-18 04:27:11.434896+00:00
[2023-03-21T02:07:50.747+0000] {standard_task_runner.py:55} INFO - Started process 16685 to run task
[2023-03-21T02:07:50.751+0000] {standard_task_runner.py:82} INFO - Running: ['***', 'tasks', 'run', 'Spotify_Data_ETL', 'AuthenticateAPI', 'manual__2023-03-18T04:27:11.434896+00:00', '--job-id', '1646', '--raw', '--subdir', 'DAGS_FOLDER/spotifydag.py', '--cfg-path', '/tmp/tmpubke_8kk']
[2023-03-21T02:07:50.752+0000] {standard_task_runner.py:83} INFO - Job 1646: Subtask AuthenticateAPI
[2023-03-21T02:07:50.798+0000] {task_command.py:388} INFO - Running <TaskInstance: Spotify_Data_ETL.AuthenticateAPI manual__2023-03-18T04:27:11.434896+00:00 [running]> on host 1fd7b08731f2
[2023-03-21T02:07:50.837+0000] {taskinstance.py:1511} INFO - Exporting the following env vars:
AIRFLOW_CTX_DAG_OWNER=Ananta Moharana
AIRFLOW_CTX_DAG_ID=Spotify_Data_ETL
AIRFLOW_CTX_TASK_ID=AuthenticateAPI
AIRFLOW_CTX_EXECUTION_DATE=2023-03-18T04:27:11.434896+00:00
AIRFLOW_CTX_TRY_NUMBER=7
AIRFLOW_CTX_DAG_RUN_ID=manual__2023-03-18T04:27:11.434896+00:00
[2023-03-21T02:07:50.934+0000] {logging_mixin.py:137} INFO - BQDvUAgn6Qom5uEzyKwNs03Fsx6h_CuMpzQTmVNpTxro2ECgqr45VsBdUyErXcRY3fZFX9FPyKG3Rta3MPYObyekuISEygcVs4WRPzdK_FlZyufxCZ1I
[2023-03-21T02:07:50.946+0000] {python.py:177} INFO - Done. Returned value was: None
[2023-03-21T02:07:50.953+0000] {taskinstance.py:1326} INFO - Marking task as SUCCESS. dag_id=Spotify_Data_ETL, task_id=AuthenticateAPI, execution_date=20230318T042711, start_date=20230321T020750, end_date=20230321T020750
[2023-03-21T02:07:50.968+0000] {local_task_job.py:212} INFO - Task exited with return code 0
[2023-03-21T02:07:50.987+0000] {taskinstance.py:2585} INFO - 1 downstream tasks scheduled from follow-on schedule check
