[2023-03-20T17:08:38.939+0000] {taskinstance.py:1084} INFO - Dependencies all met for dep_context=non-requeueable deps ti=<TaskInstance: Spotify_Data_ETL.AuthenticateAPI manual__2023-03-18T04:27:11.434896+00:00 [queued]>
[2023-03-20T17:08:38.943+0000] {taskinstance.py:1084} INFO - Dependencies all met for dep_context=requeueable deps ti=<TaskInstance: Spotify_Data_ETL.AuthenticateAPI manual__2023-03-18T04:27:11.434896+00:00 [queued]>
[2023-03-20T17:08:38.943+0000] {taskinstance.py:1282} INFO - 
--------------------------------------------------------------------------------
[2023-03-20T17:08:38.944+0000] {taskinstance.py:1283} INFO - Starting attempt 3 of 5
[2023-03-20T17:08:38.944+0000] {taskinstance.py:1284} INFO - 
--------------------------------------------------------------------------------
[2023-03-20T17:08:38.951+0000] {taskinstance.py:1303} INFO - Executing <Task(PythonOperator): AuthenticateAPI> on 2023-03-18 04:27:11.434896+00:00
[2023-03-20T17:08:38.956+0000] {standard_task_runner.py:55} INFO - Started process 638 to run task
[2023-03-20T17:08:38.959+0000] {standard_task_runner.py:82} INFO - Running: ['***', 'tasks', 'run', 'Spotify_Data_ETL', 'AuthenticateAPI', 'manual__2023-03-18T04:27:11.434896+00:00', '--job-id', '1586', '--raw', '--subdir', 'DAGS_FOLDER/spotifydag.py', '--cfg-path', '/tmp/tmp_g46wkbl']
[2023-03-20T17:08:38.960+0000] {standard_task_runner.py:83} INFO - Job 1586: Subtask AuthenticateAPI
[2023-03-20T17:08:39.003+0000] {task_command.py:388} INFO - Running <TaskInstance: Spotify_Data_ETL.AuthenticateAPI manual__2023-03-18T04:27:11.434896+00:00 [running]> on host 1fd7b08731f2
[2023-03-20T17:08:39.048+0000] {taskinstance.py:1511} INFO - Exporting the following env vars:
AIRFLOW_CTX_DAG_OWNER=Ananta Moharana
AIRFLOW_CTX_DAG_ID=Spotify_Data_ETL
AIRFLOW_CTX_TASK_ID=AuthenticateAPI
AIRFLOW_CTX_EXECUTION_DATE=2023-03-18T04:27:11.434896+00:00
AIRFLOW_CTX_TRY_NUMBER=3
AIRFLOW_CTX_DAG_RUN_ID=manual__2023-03-18T04:27:11.434896+00:00
[2023-03-20T17:08:39.164+0000] {logging_mixin.py:137} INFO - BQDn5Es_UaBICZutpG2exZ47oI1R9GtdsvoMjWneUxZzQtO_HjA6xB9vYVJ9wRCDm9BFoZn0LNAAbpIjMlHqZ_8d5Hc---jQF-qN7mOsse3A1Z0K-lCq
[2023-03-20T17:08:39.178+0000] {python.py:177} INFO - Done. Returned value was: None
[2023-03-20T17:08:39.185+0000] {taskinstance.py:1326} INFO - Marking task as SUCCESS. dag_id=Spotify_Data_ETL, task_id=AuthenticateAPI, execution_date=20230318T042711, start_date=20230320T170838, end_date=20230320T170839
[2023-03-20T17:08:39.212+0000] {local_task_job.py:212} INFO - Task exited with return code 0
[2023-03-20T17:08:39.234+0000] {taskinstance.py:2585} INFO - 1 downstream tasks scheduled from follow-on schedule check
