[2023-03-18T04:29:39.409+0000] {taskinstance.py:1083} INFO - Dependencies all met for <TaskInstance: Spotify_Data_ETL.AuthenticateAPI manual__2023-03-18T04:27:11.434896+00:00 [queued]>
[2023-03-18T04:29:39.413+0000] {taskinstance.py:1083} INFO - Dependencies all met for <TaskInstance: Spotify_Data_ETL.AuthenticateAPI manual__2023-03-18T04:27:11.434896+00:00 [queued]>
[2023-03-18T04:29:39.414+0000] {taskinstance.py:1279} INFO - 
--------------------------------------------------------------------------------
[2023-03-18T04:29:39.414+0000] {taskinstance.py:1280} INFO - Starting attempt 2 of 4
[2023-03-18T04:29:39.415+0000] {taskinstance.py:1281} INFO - 
--------------------------------------------------------------------------------
[2023-03-18T04:29:39.421+0000] {taskinstance.py:1300} INFO - Executing <Task(PythonOperator): AuthenticateAPI> on 2023-03-18 04:27:11.434896+00:00
[2023-03-18T04:29:39.427+0000] {standard_task_runner.py:55} INFO - Started process 529 to run task
[2023-03-18T04:29:39.430+0000] {standard_task_runner.py:82} INFO - Running: ['***', 'tasks', 'run', 'Spotify_Data_ETL', 'AuthenticateAPI', 'manual__2023-03-18T04:27:11.434896+00:00', '--job-id', '1548', '--raw', '--subdir', 'DAGS_FOLDER/spotifydag.py', '--cfg-path', '/tmp/tmpkgjfo_t4']
[2023-03-18T04:29:39.431+0000] {standard_task_runner.py:83} INFO - Job 1548: Subtask AuthenticateAPI
[2023-03-18T04:29:39.475+0000] {task_command.py:388} INFO - Running <TaskInstance: Spotify_Data_ETL.AuthenticateAPI manual__2023-03-18T04:27:11.434896+00:00 [running]> on host 80993b942372
[2023-03-18T04:29:39.519+0000] {taskinstance.py:1509} INFO - Exporting the following env vars:
AIRFLOW_CTX_DAG_OWNER=Ananta Moharana
AIRFLOW_CTX_DAG_ID=Spotify_Data_ETL
AIRFLOW_CTX_TASK_ID=AuthenticateAPI
AIRFLOW_CTX_EXECUTION_DATE=2023-03-18T04:27:11.434896+00:00
AIRFLOW_CTX_TRY_NUMBER=2
AIRFLOW_CTX_DAG_RUN_ID=manual__2023-03-18T04:27:11.434896+00:00
[2023-03-18T04:29:39.640+0000] {logging_mixin.py:137} INFO - BQDGWZQNQRuwx_UsmPRY2vd-Ec0TQ9Y-8wOYxk3uVmqoFQ0ws8PmsUDesPJPBRppCS8k8Ly16vaZq-jeAJbOS0f5eDKQDHv99AAbet1XEVfpKAXVqs1R
[2023-03-18T04:29:39.652+0000] {python.py:177} INFO - Done. Returned value was: None
[2023-03-18T04:29:39.660+0000] {taskinstance.py:1323} INFO - Marking task as SUCCESS. dag_id=Spotify_Data_ETL, task_id=AuthenticateAPI, execution_date=20230318T042711, start_date=20230318T042939, end_date=20230318T042939
[2023-03-18T04:29:39.684+0000] {local_task_job.py:208} INFO - Task exited with return code 0
[2023-03-18T04:29:39.704+0000] {taskinstance.py:2578} INFO - 1 downstream tasks scheduled from follow-on schedule check
