[2023-03-12T22:42:38.792+0000] {taskinstance.py:1083} INFO - Dependencies all met for <TaskInstance: Spotify_Data_ETL.AuthenticateAPI manual__2023-03-12T22:37:32.663552+00:00 [queued]>
[2023-03-12T22:42:38.797+0000] {taskinstance.py:1083} INFO - Dependencies all met for <TaskInstance: Spotify_Data_ETL.AuthenticateAPI manual__2023-03-12T22:37:32.663552+00:00 [queued]>
[2023-03-12T22:42:38.798+0000] {taskinstance.py:1279} INFO - 
--------------------------------------------------------------------------------
[2023-03-12T22:42:38.798+0000] {taskinstance.py:1280} INFO - Starting attempt 3 of 5
[2023-03-12T22:42:38.799+0000] {taskinstance.py:1281} INFO - 
--------------------------------------------------------------------------------
[2023-03-12T22:42:38.805+0000] {taskinstance.py:1300} INFO - Executing <Task(PythonOperator): AuthenticateAPI> on 2023-03-12 22:37:32.663552+00:00
[2023-03-12T22:42:38.810+0000] {standard_task_runner.py:55} INFO - Started process 119 to run task
[2023-03-12T22:42:38.813+0000] {standard_task_runner.py:82} INFO - Running: ['***', 'tasks', 'run', 'Spotify_Data_ETL', 'AuthenticateAPI', 'manual__2023-03-12T22:37:32.663552+00:00', '--job-id', '162', '--raw', '--subdir', 'DAGS_FOLDER/spotifydag.py', '--cfg-path', '/tmp/tmpis99za3x']
[2023-03-12T22:42:38.813+0000] {standard_task_runner.py:83} INFO - Job 162: Subtask AuthenticateAPI
[2023-03-12T22:42:38.855+0000] {task_command.py:388} INFO - Running <TaskInstance: Spotify_Data_ETL.AuthenticateAPI manual__2023-03-12T22:37:32.663552+00:00 [running]> on host 026b87d007ea
[2023-03-12T22:42:38.893+0000] {taskinstance.py:1509} INFO - Exporting the following env vars:
AIRFLOW_CTX_DAG_OWNER=Ananta Moharana
AIRFLOW_CTX_DAG_ID=Spotify_Data_ETL
AIRFLOW_CTX_TASK_ID=AuthenticateAPI
AIRFLOW_CTX_EXECUTION_DATE=2023-03-12T22:37:32.663552+00:00
AIRFLOW_CTX_TRY_NUMBER=3
AIRFLOW_CTX_DAG_RUN_ID=manual__2023-03-12T22:37:32.663552+00:00
[2023-03-12T22:42:39.130+0000] {logging_mixin.py:137} INFO - BQAjzQ1uiBuUCXn96IepEKrtsSRAl01lgTUK99HUtntHCT0usax9YtHNsNY-wUIrA-zJY4el0CcNMj-Y1iacG7q5anjO4Pf_RIXZdorruVY3zib1ephf
[2023-03-12T22:42:39.148+0000] {python.py:177} INFO - Done. Returned value was: None
[2023-03-12T22:42:39.158+0000] {taskinstance.py:1323} INFO - Marking task as SUCCESS. dag_id=Spotify_Data_ETL, task_id=AuthenticateAPI, execution_date=20230312T223732, start_date=20230312T224238, end_date=20230312T224239
[2023-03-12T22:42:39.190+0000] {local_task_job.py:208} INFO - Task exited with return code 0
[2023-03-12T22:42:39.208+0000] {taskinstance.py:2578} INFO - 0 downstream tasks scheduled from follow-on schedule check
