[2023-03-12T22:40:16.903+0000] {taskinstance.py:1083} INFO - Dependencies all met for <TaskInstance: Spotify_Data_ETL.AuthenticateAPI manual__2023-03-12T22:37:32.663552+00:00 [queued]>
[2023-03-12T22:40:16.908+0000] {taskinstance.py:1083} INFO - Dependencies all met for <TaskInstance: Spotify_Data_ETL.AuthenticateAPI manual__2023-03-12T22:37:32.663552+00:00 [queued]>
[2023-03-12T22:40:16.908+0000] {taskinstance.py:1279} INFO - 
--------------------------------------------------------------------------------
[2023-03-12T22:40:16.909+0000] {taskinstance.py:1280} INFO - Starting attempt 2 of 4
[2023-03-12T22:40:16.909+0000] {taskinstance.py:1281} INFO - 
--------------------------------------------------------------------------------
[2023-03-12T22:40:16.915+0000] {taskinstance.py:1300} INFO - Executing <Task(PythonOperator): AuthenticateAPI> on 2023-03-12 22:37:32.663552+00:00
[2023-03-12T22:40:16.920+0000] {standard_task_runner.py:55} INFO - Started process 106 to run task
[2023-03-12T22:40:16.923+0000] {standard_task_runner.py:82} INFO - Running: ['***', 'tasks', 'run', 'Spotify_Data_ETL', 'AuthenticateAPI', 'manual__2023-03-12T22:37:32.663552+00:00', '--job-id', '156', '--raw', '--subdir', 'DAGS_FOLDER/spotifydag.py', '--cfg-path', '/tmp/tmpaf03jfkx']
[2023-03-12T22:40:16.923+0000] {standard_task_runner.py:83} INFO - Job 156: Subtask AuthenticateAPI
[2023-03-12T22:40:16.969+0000] {task_command.py:388} INFO - Running <TaskInstance: Spotify_Data_ETL.AuthenticateAPI manual__2023-03-12T22:37:32.663552+00:00 [running]> on host 05dd4d0dec4c
[2023-03-12T22:40:17.008+0000] {taskinstance.py:1509} INFO - Exporting the following env vars:
AIRFLOW_CTX_DAG_OWNER=Ananta Moharana
AIRFLOW_CTX_DAG_ID=Spotify_Data_ETL
AIRFLOW_CTX_TASK_ID=AuthenticateAPI
AIRFLOW_CTX_EXECUTION_DATE=2023-03-12T22:37:32.663552+00:00
AIRFLOW_CTX_TRY_NUMBER=2
AIRFLOW_CTX_DAG_RUN_ID=manual__2023-03-12T22:37:32.663552+00:00
[2023-03-12T22:40:17.131+0000] {logging_mixin.py:137} INFO - BQDsZjjCj0kpqwt7QqGorG9HRKJRdkSyFLoYEb16fEFLyf6_o8K3PTpfHbOhGH_fNKLVmJuba9PrAgaz6RXGNLNCQ7Yn0fh-NABW2VSkIyeC_hi1z03G
[2023-03-12T22:40:17.143+0000] {python.py:177} INFO - Done. Returned value was: None
[2023-03-12T22:40:17.151+0000] {taskinstance.py:1323} INFO - Marking task as SUCCESS. dag_id=Spotify_Data_ETL, task_id=AuthenticateAPI, execution_date=20230312T223732, start_date=20230312T224016, end_date=20230312T224017
[2023-03-12T22:40:17.176+0000] {local_task_job.py:208} INFO - Task exited with return code 0
[2023-03-12T22:40:17.195+0000] {taskinstance.py:2578} INFO - 1 downstream tasks scheduled from follow-on schedule check
