[2023-03-12T22:50:33.775+0000] {taskinstance.py:1083} INFO - Dependencies all met for <TaskInstance: Spotify_Data_ETL.AuthenticateAPI manual__2023-03-12T22:37:32.663552+00:00 [queued]>
[2023-03-12T22:50:33.780+0000] {taskinstance.py:1083} INFO - Dependencies all met for <TaskInstance: Spotify_Data_ETL.AuthenticateAPI manual__2023-03-12T22:37:32.663552+00:00 [queued]>
[2023-03-12T22:50:33.780+0000] {taskinstance.py:1279} INFO - 
--------------------------------------------------------------------------------
[2023-03-12T22:50:33.781+0000] {taskinstance.py:1280} INFO - Starting attempt 9 of 11
[2023-03-12T22:50:33.781+0000] {taskinstance.py:1281} INFO - 
--------------------------------------------------------------------------------
[2023-03-12T22:50:33.788+0000] {taskinstance.py:1300} INFO - Executing <Task(PythonOperator): AuthenticateAPI> on 2023-03-12 22:37:32.663552+00:00
[2023-03-12T22:50:33.792+0000] {standard_task_runner.py:55} INFO - Started process 141 to run task
[2023-03-12T22:50:33.795+0000] {standard_task_runner.py:82} INFO - Running: ['***', 'tasks', 'run', 'Spotify_Data_ETL', 'AuthenticateAPI', 'manual__2023-03-12T22:37:32.663552+00:00', '--job-id', '187', '--raw', '--subdir', 'DAGS_FOLDER/spotifydag.py', '--cfg-path', '/tmp/tmpe20l0hnv']
[2023-03-12T22:50:33.796+0000] {standard_task_runner.py:83} INFO - Job 187: Subtask AuthenticateAPI
[2023-03-12T22:50:33.840+0000] {task_command.py:388} INFO - Running <TaskInstance: Spotify_Data_ETL.AuthenticateAPI manual__2023-03-12T22:37:32.663552+00:00 [running]> on host e10f56557b6e
[2023-03-12T22:50:33.879+0000] {taskinstance.py:1509} INFO - Exporting the following env vars:
AIRFLOW_CTX_DAG_OWNER=Ananta Moharana
AIRFLOW_CTX_DAG_ID=Spotify_Data_ETL
AIRFLOW_CTX_TASK_ID=AuthenticateAPI
AIRFLOW_CTX_EXECUTION_DATE=2023-03-12T22:37:32.663552+00:00
AIRFLOW_CTX_TRY_NUMBER=9
AIRFLOW_CTX_DAG_RUN_ID=manual__2023-03-12T22:37:32.663552+00:00
[2023-03-12T22:50:34.081+0000] {logging_mixin.py:137} INFO - BQCnZMk6bLFUQtu9RE4TDbswKmvHdiL1etePw5mJBQgIEkUAmT_z3QsrraQtkzysMN1gLjXjnhZDvK9iVQmiTuMQeUdehp1v2TQfOlvVbGmlHn9zGlwE
[2023-03-12T22:50:34.099+0000] {python.py:177} INFO - Done. Returned value was: None
[2023-03-12T22:50:34.110+0000] {taskinstance.py:1323} INFO - Marking task as SUCCESS. dag_id=Spotify_Data_ETL, task_id=AuthenticateAPI, execution_date=20230312T223732, start_date=20230312T225033, end_date=20230312T225034
[2023-03-12T22:50:34.141+0000] {local_task_job.py:208} INFO - Task exited with return code 0
[2023-03-12T22:50:34.159+0000] {taskinstance.py:2578} INFO - 1 downstream tasks scheduled from follow-on schedule check
