[2023-03-12T22:47:25.815+0000] {taskinstance.py:1083} INFO - Dependencies all met for <TaskInstance: Spotify_Data_ETL.AuthenticateAPI manual__2023-03-12T22:37:32.663552+00:00 [queued]>
[2023-03-12T22:47:25.819+0000] {taskinstance.py:1083} INFO - Dependencies all met for <TaskInstance: Spotify_Data_ETL.AuthenticateAPI manual__2023-03-12T22:37:32.663552+00:00 [queued]>
[2023-03-12T22:47:25.820+0000] {taskinstance.py:1279} INFO - 
--------------------------------------------------------------------------------
[2023-03-12T22:47:25.820+0000] {taskinstance.py:1280} INFO - Starting attempt 6 of 8
[2023-03-12T22:47:25.821+0000] {taskinstance.py:1281} INFO - 
--------------------------------------------------------------------------------
[2023-03-12T22:47:25.827+0000] {taskinstance.py:1300} INFO - Executing <Task(PythonOperator): AuthenticateAPI> on 2023-03-12 22:37:32.663552+00:00
[2023-03-12T22:47:25.833+0000] {standard_task_runner.py:55} INFO - Started process 490 to run task
[2023-03-12T22:47:25.836+0000] {standard_task_runner.py:82} INFO - Running: ['***', 'tasks', 'run', 'Spotify_Data_ETL', 'AuthenticateAPI', 'manual__2023-03-12T22:37:32.663552+00:00', '--job-id', '173', '--raw', '--subdir', 'DAGS_FOLDER/spotifydag.py', '--cfg-path', '/tmp/tmpta3x6ax1']
[2023-03-12T22:47:25.836+0000] {standard_task_runner.py:83} INFO - Job 173: Subtask AuthenticateAPI
[2023-03-12T22:47:25.878+0000] {task_command.py:388} INFO - Running <TaskInstance: Spotify_Data_ETL.AuthenticateAPI manual__2023-03-12T22:37:32.663552+00:00 [running]> on host 026b87d007ea
[2023-03-12T22:47:25.919+0000] {taskinstance.py:1509} INFO - Exporting the following env vars:
AIRFLOW_CTX_DAG_OWNER=Ananta Moharana
AIRFLOW_CTX_DAG_ID=Spotify_Data_ETL
AIRFLOW_CTX_TASK_ID=AuthenticateAPI
AIRFLOW_CTX_EXECUTION_DATE=2023-03-12T22:37:32.663552+00:00
AIRFLOW_CTX_TRY_NUMBER=6
AIRFLOW_CTX_DAG_RUN_ID=manual__2023-03-12T22:37:32.663552+00:00
[2023-03-12T22:47:26.075+0000] {logging_mixin.py:137} INFO - BQDmZlbxT9psQftYYrahS-SiKvJmRCiUBLiPGRSuBc2fxlX7k5O-k5YIV3iLiZStDlA0rqoms1ZmeYpINJxWwU3N6w6VDvsKNb1LZ1dw_8PAMavoORtf
[2023-03-12T22:47:26.088+0000] {python.py:177} INFO - Done. Returned value was: None
[2023-03-12T22:47:26.097+0000] {taskinstance.py:1323} INFO - Marking task as SUCCESS. dag_id=Spotify_Data_ETL, task_id=AuthenticateAPI, execution_date=20230312T223732, start_date=20230312T224725, end_date=20230312T224726
[2023-03-12T22:47:26.131+0000] {local_task_job.py:208} INFO - Task exited with return code 0
[2023-03-12T22:47:26.149+0000] {taskinstance.py:2578} INFO - 1 downstream tasks scheduled from follow-on schedule check
