[2023-03-12T22:44:47.359+0000] {taskinstance.py:1083} INFO - Dependencies all met for <TaskInstance: Spotify_Data_ETL.AuthenticateAPI manual__2023-03-12T22:37:32.663552+00:00 [queued]>
[2023-03-12T22:44:47.364+0000] {taskinstance.py:1083} INFO - Dependencies all met for <TaskInstance: Spotify_Data_ETL.AuthenticateAPI manual__2023-03-12T22:37:32.663552+00:00 [queued]>
[2023-03-12T22:44:47.364+0000] {taskinstance.py:1279} INFO - 
--------------------------------------------------------------------------------
[2023-03-12T22:44:47.365+0000] {taskinstance.py:1280} INFO - Starting attempt 5 of 7
[2023-03-12T22:44:47.365+0000] {taskinstance.py:1281} INFO - 
--------------------------------------------------------------------------------
[2023-03-12T22:44:47.372+0000] {taskinstance.py:1300} INFO - Executing <Task(PythonOperator): AuthenticateAPI> on 2023-03-12 22:37:32.663552+00:00
[2023-03-12T22:44:47.376+0000] {standard_task_runner.py:55} INFO - Started process 295 to run task
[2023-03-12T22:44:47.379+0000] {standard_task_runner.py:82} INFO - Running: ['***', 'tasks', 'run', 'Spotify_Data_ETL', 'AuthenticateAPI', 'manual__2023-03-12T22:37:32.663552+00:00', '--job-id', '169', '--raw', '--subdir', 'DAGS_FOLDER/spotifydag.py', '--cfg-path', '/tmp/tmpi7mm6ntn']
[2023-03-12T22:44:47.380+0000] {standard_task_runner.py:83} INFO - Job 169: Subtask AuthenticateAPI
[2023-03-12T22:44:47.422+0000] {task_command.py:388} INFO - Running <TaskInstance: Spotify_Data_ETL.AuthenticateAPI manual__2023-03-12T22:37:32.663552+00:00 [running]> on host 026b87d007ea
[2023-03-12T22:44:47.461+0000] {taskinstance.py:1509} INFO - Exporting the following env vars:
AIRFLOW_CTX_DAG_OWNER=Ananta Moharana
AIRFLOW_CTX_DAG_ID=Spotify_Data_ETL
AIRFLOW_CTX_TASK_ID=AuthenticateAPI
AIRFLOW_CTX_EXECUTION_DATE=2023-03-12T22:37:32.663552+00:00
AIRFLOW_CTX_TRY_NUMBER=5
AIRFLOW_CTX_DAG_RUN_ID=manual__2023-03-12T22:37:32.663552+00:00
[2023-03-12T22:44:47.639+0000] {logging_mixin.py:137} INFO - BQB3HxWt1sMjLIvhp2yjNzF_yiW37SmsnjWnZiic8F5F1OlPUAxdQxhi6K9N5AbJfrVsRSNAtP0SnZ32QC0kvptEEIqIjFueYeL4vVN7CB8O0HogNCvT
[2023-03-12T22:44:47.656+0000] {python.py:177} INFO - Done. Returned value was: None
[2023-03-12T22:44:47.665+0000] {taskinstance.py:1323} INFO - Marking task as SUCCESS. dag_id=Spotify_Data_ETL, task_id=AuthenticateAPI, execution_date=20230312T223732, start_date=20230312T224447, end_date=20230312T224447
[2023-03-12T22:44:47.719+0000] {local_task_job.py:208} INFO - Task exited with return code 0
[2023-03-12T22:44:47.739+0000] {taskinstance.py:2578} INFO - 1 downstream tasks scheduled from follow-on schedule check
