[2023-03-12T22:48:11.219+0000] {taskinstance.py:1083} INFO - Dependencies all met for <TaskInstance: Spotify_Data_ETL.AuthenticateAPI manual__2023-03-12T22:37:32.663552+00:00 [queued]>
[2023-03-12T22:48:11.224+0000] {taskinstance.py:1083} INFO - Dependencies all met for <TaskInstance: Spotify_Data_ETL.AuthenticateAPI manual__2023-03-12T22:37:32.663552+00:00 [queued]>
[2023-03-12T22:48:11.224+0000] {taskinstance.py:1279} INFO - 
--------------------------------------------------------------------------------
[2023-03-12T22:48:11.224+0000] {taskinstance.py:1280} INFO - Starting attempt 7 of 9
[2023-03-12T22:48:11.225+0000] {taskinstance.py:1281} INFO - 
--------------------------------------------------------------------------------
[2023-03-12T22:48:11.232+0000] {taskinstance.py:1300} INFO - Executing <Task(PythonOperator): AuthenticateAPI> on 2023-03-12 22:37:32.663552+00:00
[2023-03-12T22:48:11.236+0000] {standard_task_runner.py:55} INFO - Started process 554 to run task
[2023-03-12T22:48:11.239+0000] {standard_task_runner.py:82} INFO - Running: ['***', 'tasks', 'run', 'Spotify_Data_ETL', 'AuthenticateAPI', 'manual__2023-03-12T22:37:32.663552+00:00', '--job-id', '177', '--raw', '--subdir', 'DAGS_FOLDER/spotifydag.py', '--cfg-path', '/tmp/tmpxxlx2cj6']
[2023-03-12T22:48:11.240+0000] {standard_task_runner.py:83} INFO - Job 177: Subtask AuthenticateAPI
[2023-03-12T22:48:11.283+0000] {task_command.py:388} INFO - Running <TaskInstance: Spotify_Data_ETL.AuthenticateAPI manual__2023-03-12T22:37:32.663552+00:00 [running]> on host 026b87d007ea
[2023-03-12T22:48:11.322+0000] {taskinstance.py:1509} INFO - Exporting the following env vars:
AIRFLOW_CTX_DAG_OWNER=Ananta Moharana
AIRFLOW_CTX_DAG_ID=Spotify_Data_ETL
AIRFLOW_CTX_TASK_ID=AuthenticateAPI
AIRFLOW_CTX_EXECUTION_DATE=2023-03-12T22:37:32.663552+00:00
AIRFLOW_CTX_TRY_NUMBER=7
AIRFLOW_CTX_DAG_RUN_ID=manual__2023-03-12T22:37:32.663552+00:00
[2023-03-12T22:48:11.478+0000] {logging_mixin.py:137} INFO - BQB1HQSD6MLpE1UN8wxLamPlHObZWdy9wfo9NdK3grE6aeuMulfyhO88bnN4OQJjW6jUJf_LNT0IVsYpq2xqJik4J2XcSJiUG0V20zhbEAIs9s9TYVwM
[2023-03-12T22:48:11.492+0000] {python.py:177} INFO - Done. Returned value was: None
[2023-03-12T22:48:11.500+0000] {taskinstance.py:1323} INFO - Marking task as SUCCESS. dag_id=Spotify_Data_ETL, task_id=AuthenticateAPI, execution_date=20230312T223732, start_date=20230312T224811, end_date=20230312T224811
[2023-03-12T22:48:11.535+0000] {local_task_job.py:208} INFO - Task exited with return code 0
[2023-03-12T22:48:11.553+0000] {taskinstance.py:2578} INFO - 1 downstream tasks scheduled from follow-on schedule check
