[2023-03-14T20:17:09.772+0000] {taskinstance.py:1083} INFO - Dependencies all met for <TaskInstance: Spotify_Data_ETL.GetAudioQuality manual__2023-03-14T17:39:32.565428+00:00 [queued]>
[2023-03-14T20:17:09.777+0000] {taskinstance.py:1083} INFO - Dependencies all met for <TaskInstance: Spotify_Data_ETL.GetAudioQuality manual__2023-03-14T17:39:32.565428+00:00 [queued]>
[2023-03-14T20:17:09.777+0000] {taskinstance.py:1279} INFO - 
--------------------------------------------------------------------------------
[2023-03-14T20:17:09.778+0000] {taskinstance.py:1280} INFO - Starting attempt 2 of 4
[2023-03-14T20:17:09.778+0000] {taskinstance.py:1281} INFO - 
--------------------------------------------------------------------------------
[2023-03-14T20:17:09.785+0000] {taskinstance.py:1300} INFO - Executing <Task(PythonOperator): GetAudioQuality> on 2023-03-14 17:39:32.565428+00:00
[2023-03-14T20:17:09.789+0000] {standard_task_runner.py:55} INFO - Started process 12549 to run task
[2023-03-14T20:17:09.792+0000] {standard_task_runner.py:82} INFO - Running: ['***', 'tasks', 'run', 'Spotify_Data_ETL', 'GetAudioQuality', 'manual__2023-03-14T17:39:32.565428+00:00', '--job-id', '559', '--raw', '--subdir', 'DAGS_FOLDER/spotifydag.py', '--cfg-path', '/tmp/tmp1ep0efwh']
[2023-03-14T20:17:09.793+0000] {standard_task_runner.py:83} INFO - Job 559: Subtask GetAudioQuality
[2023-03-14T20:17:09.837+0000] {task_command.py:388} INFO - Running <TaskInstance: Spotify_Data_ETL.GetAudioQuality manual__2023-03-14T17:39:32.565428+00:00 [running]> on host 9cabbaedf88c
[2023-03-14T20:17:10.048+0000] {taskinstance.py:1509} INFO - Exporting the following env vars:
AIRFLOW_CTX_DAG_OWNER=Ananta Moharana
AIRFLOW_CTX_DAG_ID=Spotify_Data_ETL
AIRFLOW_CTX_TASK_ID=GetAudioQuality
AIRFLOW_CTX_EXECUTION_DATE=2023-03-14T17:39:32.565428+00:00
AIRFLOW_CTX_TRY_NUMBER=2
AIRFLOW_CTX_DAG_RUN_ID=manual__2023-03-14T17:39:32.565428+00:00
[2023-03-14T20:17:16.481+0000] {python.py:177} INFO - Done. Returned value was: None
[2023-03-14T20:17:16.488+0000] {taskinstance.py:1323} INFO - Marking task as SUCCESS. dag_id=Spotify_Data_ETL, task_id=GetAudioQuality, execution_date=20230314T173932, start_date=20230314T201709, end_date=20230314T201716
[2023-03-14T20:17:16.552+0000] {local_task_job.py:208} INFO - Task exited with return code 0
[2023-03-14T20:17:16.573+0000] {taskinstance.py:2578} INFO - 1 downstream tasks scheduled from follow-on schedule check
