[2023-03-15T22:14:24.991+0000] {taskinstance.py:1083} INFO - Dependencies all met for <TaskInstance: Spotify_Data_ETL.GetAudioQuality manual__2023-03-14T22:41:08.560415+00:00 [queued]>
[2023-03-15T22:14:24.997+0000] {taskinstance.py:1083} INFO - Dependencies all met for <TaskInstance: Spotify_Data_ETL.GetAudioQuality manual__2023-03-14T22:41:08.560415+00:00 [queued]>
[2023-03-15T22:14:24.997+0000] {taskinstance.py:1279} INFO - 
--------------------------------------------------------------------------------
[2023-03-15T22:14:24.997+0000] {taskinstance.py:1280} INFO - Starting attempt 13 of 15
[2023-03-15T22:14:24.998+0000] {taskinstance.py:1281} INFO - 
--------------------------------------------------------------------------------
[2023-03-15T22:14:25.004+0000] {taskinstance.py:1300} INFO - Executing <Task(PythonOperator): GetAudioQuality> on 2023-03-14 22:41:08.560415+00:00
[2023-03-15T22:14:25.009+0000] {standard_task_runner.py:55} INFO - Started process 13107 to run task
[2023-03-15T22:14:25.012+0000] {standard_task_runner.py:82} INFO - Running: ['***', 'tasks', 'run', 'Spotify_Data_ETL', 'GetAudioQuality', 'manual__2023-03-14T22:41:08.560415+00:00', '--job-id', '773', '--raw', '--subdir', 'DAGS_FOLDER/spotifydag.py', '--cfg-path', '/tmp/tmpqcn0cp5r']
[2023-03-15T22:14:25.013+0000] {standard_task_runner.py:83} INFO - Job 773: Subtask GetAudioQuality
[2023-03-15T22:14:25.060+0000] {task_command.py:388} INFO - Running <TaskInstance: Spotify_Data_ETL.GetAudioQuality manual__2023-03-14T22:41:08.560415+00:00 [running]> on host af46459234d2
[2023-03-15T22:14:25.255+0000] {taskinstance.py:1509} INFO - Exporting the following env vars:
AIRFLOW_CTX_DAG_OWNER=Ananta Moharana
AIRFLOW_CTX_DAG_ID=Spotify_Data_ETL
AIRFLOW_CTX_TASK_ID=GetAudioQuality
AIRFLOW_CTX_EXECUTION_DATE=2023-03-14T22:41:08.560415+00:00
AIRFLOW_CTX_TRY_NUMBER=13
AIRFLOW_CTX_DAG_RUN_ID=manual__2023-03-14T22:41:08.560415+00:00
[2023-03-15T22:14:33.136+0000] {python.py:177} INFO - Done. Returned value was: None
[2023-03-15T22:14:33.148+0000] {taskinstance.py:1323} INFO - Marking task as SUCCESS. dag_id=Spotify_Data_ETL, task_id=GetAudioQuality, execution_date=20230314T224108, start_date=20230315T221424, end_date=20230315T221433
[2023-03-15T22:14:33.206+0000] {local_task_job.py:208} INFO - Task exited with return code 0
[2023-03-15T22:14:33.225+0000] {taskinstance.py:2578} INFO - 1 downstream tasks scheduled from follow-on schedule check
