[2023-03-15T19:27:35.022+0000] {taskinstance.py:1083} INFO - Dependencies all met for <TaskInstance: Spotify_Data_ETL.GetAudioQuality manual__2023-03-14T22:41:08.560415+00:00 [queued]>
[2023-03-15T19:27:35.027+0000] {taskinstance.py:1083} INFO - Dependencies all met for <TaskInstance: Spotify_Data_ETL.GetAudioQuality manual__2023-03-14T22:41:08.560415+00:00 [queued]>
[2023-03-15T19:27:35.028+0000] {taskinstance.py:1279} INFO - 
--------------------------------------------------------------------------------
[2023-03-15T19:27:35.028+0000] {taskinstance.py:1280} INFO - Starting attempt 6 of 8
[2023-03-15T19:27:35.028+0000] {taskinstance.py:1281} INFO - 
--------------------------------------------------------------------------------
[2023-03-15T19:27:35.035+0000] {taskinstance.py:1300} INFO - Executing <Task(PythonOperator): GetAudioQuality> on 2023-03-14 22:41:08.560415+00:00
[2023-03-15T19:27:35.040+0000] {standard_task_runner.py:55} INFO - Started process 1207 to run task
[2023-03-15T19:27:35.043+0000] {standard_task_runner.py:82} INFO - Running: ['***', 'tasks', 'run', 'Spotify_Data_ETL', 'GetAudioQuality', 'manual__2023-03-14T22:41:08.560415+00:00', '--job-id', '684', '--raw', '--subdir', 'DAGS_FOLDER/spotifydag.py', '--cfg-path', '/tmp/tmp0ckor7ax']
[2023-03-15T19:27:35.043+0000] {standard_task_runner.py:83} INFO - Job 684: Subtask GetAudioQuality
[2023-03-15T19:27:35.086+0000] {task_command.py:388} INFO - Running <TaskInstance: Spotify_Data_ETL.GetAudioQuality manual__2023-03-14T22:41:08.560415+00:00 [running]> on host af46459234d2
[2023-03-15T19:27:35.262+0000] {taskinstance.py:1509} INFO - Exporting the following env vars:
AIRFLOW_CTX_DAG_OWNER=Ananta Moharana
AIRFLOW_CTX_DAG_ID=Spotify_Data_ETL
AIRFLOW_CTX_TASK_ID=GetAudioQuality
AIRFLOW_CTX_EXECUTION_DATE=2023-03-14T22:41:08.560415+00:00
AIRFLOW_CTX_TRY_NUMBER=6
AIRFLOW_CTX_DAG_RUN_ID=manual__2023-03-14T22:41:08.560415+00:00
[2023-03-15T19:27:42.410+0000] {python.py:177} INFO - Done. Returned value was: None
[2023-03-15T19:27:42.419+0000] {taskinstance.py:1323} INFO - Marking task as SUCCESS. dag_id=Spotify_Data_ETL, task_id=GetAudioQuality, execution_date=20230314T224108, start_date=20230315T192735, end_date=20230315T192742
[2023-03-15T19:27:42.461+0000] {local_task_job.py:208} INFO - Task exited with return code 0
[2023-03-15T19:27:42.483+0000] {taskinstance.py:2578} INFO - 1 downstream tasks scheduled from follow-on schedule check
