[2023-03-15T20:57:10.784+0000] {taskinstance.py:1083} INFO - Dependencies all met for <TaskInstance: Spotify_Data_ETL.GetAudioQuality manual__2023-03-14T22:41:08.560415+00:00 [queued]>
[2023-03-15T20:57:10.788+0000] {taskinstance.py:1083} INFO - Dependencies all met for <TaskInstance: Spotify_Data_ETL.GetAudioQuality manual__2023-03-14T22:41:08.560415+00:00 [queued]>
[2023-03-15T20:57:10.789+0000] {taskinstance.py:1279} INFO - 
--------------------------------------------------------------------------------
[2023-03-15T20:57:10.789+0000] {taskinstance.py:1280} INFO - Starting attempt 11 of 13
[2023-03-15T20:57:10.790+0000] {taskinstance.py:1281} INFO - 
--------------------------------------------------------------------------------
[2023-03-15T20:57:10.797+0000] {taskinstance.py:1300} INFO - Executing <Task(PythonOperator): GetAudioQuality> on 2023-03-14 22:41:08.560415+00:00
[2023-03-15T20:57:10.801+0000] {standard_task_runner.py:55} INFO - Started process 7686 to run task
[2023-03-15T20:57:10.804+0000] {standard_task_runner.py:82} INFO - Running: ['***', 'tasks', 'run', 'Spotify_Data_ETL', 'GetAudioQuality', 'manual__2023-03-14T22:41:08.560415+00:00', '--job-id', '748', '--raw', '--subdir', 'DAGS_FOLDER/spotifydag.py', '--cfg-path', '/tmp/tmp5y3bt5z3']
[2023-03-15T20:57:10.805+0000] {standard_task_runner.py:83} INFO - Job 748: Subtask GetAudioQuality
[2023-03-15T20:57:10.850+0000] {task_command.py:388} INFO - Running <TaskInstance: Spotify_Data_ETL.GetAudioQuality manual__2023-03-14T22:41:08.560415+00:00 [running]> on host af46459234d2
[2023-03-15T20:57:11.074+0000] {taskinstance.py:1509} INFO - Exporting the following env vars:
AIRFLOW_CTX_DAG_OWNER=Ananta Moharana
AIRFLOW_CTX_DAG_ID=Spotify_Data_ETL
AIRFLOW_CTX_TASK_ID=GetAudioQuality
AIRFLOW_CTX_EXECUTION_DATE=2023-03-14T22:41:08.560415+00:00
AIRFLOW_CTX_TRY_NUMBER=11
AIRFLOW_CTX_DAG_RUN_ID=manual__2023-03-14T22:41:08.560415+00:00
[2023-03-15T20:57:17.847+0000] {python.py:177} INFO - Done. Returned value was: None
[2023-03-15T20:57:17.855+0000] {taskinstance.py:1323} INFO - Marking task as SUCCESS. dag_id=Spotify_Data_ETL, task_id=GetAudioQuality, execution_date=20230314T224108, start_date=20230315T205710, end_date=20230315T205717
[2023-03-15T20:57:17.920+0000] {local_task_job.py:208} INFO - Task exited with return code 0
[2023-03-15T20:57:17.935+0000] {taskinstance.py:2578} INFO - 0 downstream tasks scheduled from follow-on schedule check
