[2023-03-14T22:45:04.146+0000] {taskinstance.py:1083} INFO - Dependencies all met for <TaskInstance: Spotify_Data_ETL.GetAudioQuality manual__2023-03-14T22:41:08.560415+00:00 [queued]>
[2023-03-14T22:45:04.150+0000] {taskinstance.py:1083} INFO - Dependencies all met for <TaskInstance: Spotify_Data_ETL.GetAudioQuality manual__2023-03-14T22:41:08.560415+00:00 [queued]>
[2023-03-14T22:45:04.151+0000] {taskinstance.py:1279} INFO - 
--------------------------------------------------------------------------------
[2023-03-14T22:45:04.152+0000] {taskinstance.py:1280} INFO - Starting attempt 2 of 4
[2023-03-14T22:45:04.152+0000] {taskinstance.py:1281} INFO - 
--------------------------------------------------------------------------------
[2023-03-14T22:45:04.159+0000] {taskinstance.py:1300} INFO - Executing <Task(PythonOperator): GetAudioQuality> on 2023-03-14 22:41:08.560415+00:00
[2023-03-14T22:45:04.164+0000] {standard_task_runner.py:55} INFO - Started process 433 to run task
[2023-03-14T22:45:04.167+0000] {standard_task_runner.py:82} INFO - Running: ['***', 'tasks', 'run', 'Spotify_Data_ETL', 'GetAudioQuality', 'manual__2023-03-14T22:41:08.560415+00:00', '--job-id', '627', '--raw', '--subdir', 'DAGS_FOLDER/spotifydag.py', '--cfg-path', '/tmp/tmps4d3oxu3']
[2023-03-14T22:45:04.168+0000] {standard_task_runner.py:83} INFO - Job 627: Subtask GetAudioQuality
[2023-03-14T22:45:04.214+0000] {task_command.py:388} INFO - Running <TaskInstance: Spotify_Data_ETL.GetAudioQuality manual__2023-03-14T22:41:08.560415+00:00 [running]> on host 9cebcb3c5b96
[2023-03-14T22:45:04.457+0000] {taskinstance.py:1509} INFO - Exporting the following env vars:
AIRFLOW_CTX_DAG_OWNER=Ananta Moharana
AIRFLOW_CTX_DAG_ID=Spotify_Data_ETL
AIRFLOW_CTX_TASK_ID=GetAudioQuality
AIRFLOW_CTX_EXECUTION_DATE=2023-03-14T22:41:08.560415+00:00
AIRFLOW_CTX_TRY_NUMBER=2
AIRFLOW_CTX_DAG_RUN_ID=manual__2023-03-14T22:41:08.560415+00:00
[2023-03-14T22:45:10.724+0000] {python.py:177} INFO - Done. Returned value was: None
[2023-03-14T22:45:10.733+0000] {taskinstance.py:1323} INFO - Marking task as SUCCESS. dag_id=Spotify_Data_ETL, task_id=GetAudioQuality, execution_date=20230314T224108, start_date=20230314T224504, end_date=20230314T224510
[2023-03-14T22:45:10.791+0000] {local_task_job.py:208} INFO - Task exited with return code 0
[2023-03-14T22:45:10.814+0000] {taskinstance.py:2578} INFO - 1 downstream tasks scheduled from follow-on schedule check
