[2023-03-15T19:35:48.033+0000] {taskinstance.py:1083} INFO - Dependencies all met for <TaskInstance: Spotify_Data_ETL.GetAudioQuality manual__2023-03-14T22:41:08.560415+00:00 [queued]>
[2023-03-15T19:35:48.038+0000] {taskinstance.py:1083} INFO - Dependencies all met for <TaskInstance: Spotify_Data_ETL.GetAudioQuality manual__2023-03-14T22:41:08.560415+00:00 [queued]>
[2023-03-15T19:35:48.038+0000] {taskinstance.py:1279} INFO - 
--------------------------------------------------------------------------------
[2023-03-15T19:35:48.039+0000] {taskinstance.py:1280} INFO - Starting attempt 7 of 9
[2023-03-15T19:35:48.039+0000] {taskinstance.py:1281} INFO - 
--------------------------------------------------------------------------------
[2023-03-15T19:35:48.046+0000] {taskinstance.py:1300} INFO - Executing <Task(PythonOperator): GetAudioQuality> on 2023-03-14 22:41:08.560415+00:00
[2023-03-15T19:35:48.051+0000] {standard_task_runner.py:55} INFO - Started process 1833 to run task
[2023-03-15T19:35:48.054+0000] {standard_task_runner.py:82} INFO - Running: ['***', 'tasks', 'run', 'Spotify_Data_ETL', 'GetAudioQuality', 'manual__2023-03-14T22:41:08.560415+00:00', '--job-id', '698', '--raw', '--subdir', 'DAGS_FOLDER/spotifydag.py', '--cfg-path', '/tmp/tmp4652vfxo']
[2023-03-15T19:35:48.055+0000] {standard_task_runner.py:83} INFO - Job 698: Subtask GetAudioQuality
[2023-03-15T19:35:48.106+0000] {task_command.py:388} INFO - Running <TaskInstance: Spotify_Data_ETL.GetAudioQuality manual__2023-03-14T22:41:08.560415+00:00 [running]> on host af46459234d2
[2023-03-15T19:35:48.365+0000] {taskinstance.py:1509} INFO - Exporting the following env vars:
AIRFLOW_CTX_DAG_OWNER=Ananta Moharana
AIRFLOW_CTX_DAG_ID=Spotify_Data_ETL
AIRFLOW_CTX_TASK_ID=GetAudioQuality
AIRFLOW_CTX_EXECUTION_DATE=2023-03-14T22:41:08.560415+00:00
AIRFLOW_CTX_TRY_NUMBER=7
AIRFLOW_CTX_DAG_RUN_ID=manual__2023-03-14T22:41:08.560415+00:00
[2023-03-15T19:35:54.913+0000] {python.py:177} INFO - Done. Returned value was: None
[2023-03-15T19:35:54.925+0000] {taskinstance.py:1323} INFO - Marking task as SUCCESS. dag_id=Spotify_Data_ETL, task_id=GetAudioQuality, execution_date=20230314T224108, start_date=20230315T193548, end_date=20230315T193554
[2023-03-15T19:35:54.964+0000] {local_task_job.py:208} INFO - Task exited with return code 0
[2023-03-15T19:35:54.984+0000] {taskinstance.py:2578} INFO - 1 downstream tasks scheduled from follow-on schedule check
