[2023-03-14T17:39:46.987+0000] {taskinstance.py:1083} INFO - Dependencies all met for <TaskInstance: Spotify_Data_ETL.SongDimToS3 manual__2023-03-14T17:39:32.565428+00:00 [queued]>
[2023-03-14T17:39:47.003+0000] {taskinstance.py:1083} INFO - Dependencies all met for <TaskInstance: Spotify_Data_ETL.SongDimToS3 manual__2023-03-14T17:39:32.565428+00:00 [queued]>
[2023-03-14T17:39:47.004+0000] {taskinstance.py:1279} INFO - 
--------------------------------------------------------------------------------
[2023-03-14T17:39:47.004+0000] {taskinstance.py:1280} INFO - Starting attempt 1 of 3
[2023-03-14T17:39:47.005+0000] {taskinstance.py:1281} INFO - 
--------------------------------------------------------------------------------
[2023-03-14T17:39:47.017+0000] {taskinstance.py:1300} INFO - Executing <Task(PythonOperator): SongDimToS3> on 2023-03-14 17:39:32.565428+00:00
[2023-03-14T17:39:47.023+0000] {standard_task_runner.py:55} INFO - Started process 1844 to run task
[2023-03-14T17:39:47.032+0000] {standard_task_runner.py:82} INFO - Running: ['***', 'tasks', 'run', 'Spotify_Data_ETL', 'SongDimToS3', 'manual__2023-03-14T17:39:32.565428+00:00', '--job-id', '553', '--raw', '--subdir', 'DAGS_FOLDER/spotifydag.py', '--cfg-path', '/tmp/tmpb4kti9n7']
[2023-03-14T17:39:47.034+0000] {standard_task_runner.py:83} INFO - Job 553: Subtask SongDimToS3
[2023-03-14T17:39:47.197+0000] {task_command.py:388} INFO - Running <TaskInstance: Spotify_Data_ETL.SongDimToS3 manual__2023-03-14T17:39:32.565428+00:00 [running]> on host 9cabbaedf88c
[2023-03-14T17:39:47.812+0000] {taskinstance.py:1509} INFO - Exporting the following env vars:
AIRFLOW_CTX_DAG_OWNER=Ananta Moharana
AIRFLOW_CTX_DAG_ID=Spotify_Data_ETL
AIRFLOW_CTX_TASK_ID=SongDimToS3
AIRFLOW_CTX_EXECUTION_DATE=2023-03-14T17:39:32.565428+00:00
AIRFLOW_CTX_TRY_NUMBER=1
AIRFLOW_CTX_DAG_RUN_ID=manual__2023-03-14T17:39:32.565428+00:00
[2023-03-14T17:39:47.839+0000] {base.py:73} INFO - Using connection ID 's3_connection' for task execution.
[2023-03-14T17:39:47.840+0000] {connection_wrapper.py:334} INFO - AWS Connection (conn_id='s3_connection', conn_type='aws') credentials retrieved from login and password.
[2023-03-14T17:39:48.574+0000] {python.py:177} INFO - Done. Returned value was: None
[2023-03-14T17:39:48.582+0000] {taskinstance.py:1323} INFO - Marking task as SUCCESS. dag_id=Spotify_Data_ETL, task_id=SongDimToS3, execution_date=20230314T173932, start_date=20230314T173946, end_date=20230314T173948
[2023-03-14T17:39:48.650+0000] {local_task_job.py:208} INFO - Task exited with return code 0
[2023-03-14T17:39:48.676+0000] {taskinstance.py:2578} INFO - 0 downstream tasks scheduled from follow-on schedule check
