[2023-03-12T22:50:34.915+0000] {taskinstance.py:1083} INFO - Dependencies all met for <TaskInstance: Spotify_Data_ETL.GetSongsFromPlaylist manual__2023-03-12T22:37:32.663552+00:00 [queued]>
[2023-03-12T22:50:34.920+0000] {taskinstance.py:1083} INFO - Dependencies all met for <TaskInstance: Spotify_Data_ETL.GetSongsFromPlaylist manual__2023-03-12T22:37:32.663552+00:00 [queued]>
[2023-03-12T22:50:34.920+0000] {taskinstance.py:1279} INFO - 
--------------------------------------------------------------------------------
[2023-03-12T22:50:34.921+0000] {taskinstance.py:1280} INFO - Starting attempt 9 of 11
[2023-03-12T22:50:34.921+0000] {taskinstance.py:1281} INFO - 
--------------------------------------------------------------------------------
[2023-03-12T22:50:34.928+0000] {taskinstance.py:1300} INFO - Executing <Task(PythonOperator): GetSongsFromPlaylist> on 2023-03-12 22:37:32.663552+00:00
[2023-03-12T22:50:34.933+0000] {standard_task_runner.py:55} INFO - Started process 157 to run task
[2023-03-12T22:50:34.936+0000] {standard_task_runner.py:82} INFO - Running: ['***', 'tasks', 'run', 'Spotify_Data_ETL', 'GetSongsFromPlaylist', 'manual__2023-03-12T22:37:32.663552+00:00', '--job-id', '189', '--raw', '--subdir', 'DAGS_FOLDER/spotifydag.py', '--cfg-path', '/tmp/tmpq7qqsy30']
[2023-03-12T22:50:34.937+0000] {standard_task_runner.py:83} INFO - Job 189: Subtask GetSongsFromPlaylist
[2023-03-12T22:50:34.981+0000] {task_command.py:388} INFO - Running <TaskInstance: Spotify_Data_ETL.GetSongsFromPlaylist manual__2023-03-12T22:37:32.663552+00:00 [running]> on host e10f56557b6e
[2023-03-12T22:50:35.035+0000] {taskinstance.py:1509} INFO - Exporting the following env vars:
AIRFLOW_CTX_DAG_OWNER=Ananta Moharana
AIRFLOW_CTX_DAG_ID=Spotify_Data_ETL
AIRFLOW_CTX_TASK_ID=GetSongsFromPlaylist
AIRFLOW_CTX_EXECUTION_DATE=2023-03-12T22:37:32.663552+00:00
AIRFLOW_CTX_TRY_NUMBER=9
AIRFLOW_CTX_DAG_RUN_ID=manual__2023-03-12T22:37:32.663552+00:00
[2023-03-12T22:50:35.706+0000] {python.py:177} INFO - Done. Returned value was: None
[2023-03-12T22:50:35.713+0000] {taskinstance.py:1323} INFO - Marking task as SUCCESS. dag_id=Spotify_Data_ETL, task_id=GetSongsFromPlaylist, execution_date=20230312T223732, start_date=20230312T225034, end_date=20230312T225035
[2023-03-12T22:50:35.756+0000] {local_task_job.py:208} INFO - Task exited with return code 0
[2023-03-12T22:50:35.771+0000] {taskinstance.py:2578} INFO - 2 downstream tasks scheduled from follow-on schedule check
