[2023-03-14T04:33:15.335+0000] {taskinstance.py:1083} INFO - Dependencies all met for <TaskInstance: Spotify_Data_ETL.AuthenticateAPI manual__2023-03-14T04:24:23.196801+00:00 [queued]>
[2023-03-14T04:33:15.340+0000] {taskinstance.py:1083} INFO - Dependencies all met for <TaskInstance: Spotify_Data_ETL.AuthenticateAPI manual__2023-03-14T04:24:23.196801+00:00 [queued]>
[2023-03-14T04:33:15.341+0000] {taskinstance.py:1279} INFO - 
--------------------------------------------------------------------------------
[2023-03-14T04:33:15.341+0000] {taskinstance.py:1280} INFO - Starting attempt 2 of 4
[2023-03-14T04:33:15.341+0000] {taskinstance.py:1281} INFO - 
--------------------------------------------------------------------------------
[2023-03-14T04:33:15.348+0000] {taskinstance.py:1300} INFO - Executing <Task(PythonOperator): AuthenticateAPI> on 2023-03-14 04:24:23.196801+00:00
[2023-03-14T04:33:15.354+0000] {standard_task_runner.py:55} INFO - Started process 1419 to run task
[2023-03-14T04:33:15.357+0000] {standard_task_runner.py:82} INFO - Running: ['***', 'tasks', 'run', 'Spotify_Data_ETL', 'AuthenticateAPI', 'manual__2023-03-14T04:24:23.196801+00:00', '--job-id', '489', '--raw', '--subdir', 'DAGS_FOLDER/spotifydag.py', '--cfg-path', '/tmp/tmpax2jz2i9']
[2023-03-14T04:33:15.358+0000] {standard_task_runner.py:83} INFO - Job 489: Subtask AuthenticateAPI
[2023-03-14T04:33:15.406+0000] {task_command.py:388} INFO - Running <TaskInstance: Spotify_Data_ETL.AuthenticateAPI manual__2023-03-14T04:24:23.196801+00:00 [running]> on host f9d11a1d4c93
[2023-03-14T04:33:15.666+0000] {taskinstance.py:1509} INFO - Exporting the following env vars:
AIRFLOW_CTX_DAG_OWNER=Ananta Moharana
AIRFLOW_CTX_DAG_ID=Spotify_Data_ETL
AIRFLOW_CTX_TASK_ID=AuthenticateAPI
AIRFLOW_CTX_EXECUTION_DATE=2023-03-14T04:24:23.196801+00:00
AIRFLOW_CTX_TRY_NUMBER=2
AIRFLOW_CTX_DAG_RUN_ID=manual__2023-03-14T04:24:23.196801+00:00
[2023-03-14T04:33:15.907+0000] {logging_mixin.py:137} INFO - BQAP9N78Tx2kK0IoKOfn5DqYPNXdZobfHWqoFZzpf6q1cErPkg85cz1pHFhVTgB5PwDNK0EFRA2NGUeHx7G5TSuUwgkayLj1DwiByn2YnWjJ1JiiVXkq
[2023-03-14T04:33:15.919+0000] {python.py:177} INFO - Done. Returned value was: None
[2023-03-14T04:33:15.929+0000] {taskinstance.py:1323} INFO - Marking task as SUCCESS. dag_id=Spotify_Data_ETL, task_id=AuthenticateAPI, execution_date=20230314T042423, start_date=20230314T043315, end_date=20230314T043315
[2023-03-14T04:33:15.974+0000] {local_task_job.py:208} INFO - Task exited with return code 0
[2023-03-14T04:33:15.994+0000] {taskinstance.py:2578} INFO - 1 downstream tasks scheduled from follow-on schedule check
