[2023-03-14T20:17:19.251+0000] {taskinstance.py:1083} INFO - Dependencies all met for <TaskInstance: Spotify_Data_ETL.GenreToS3 manual__2023-03-14T17:39:32.565428+00:00 [queued]>
[2023-03-14T20:17:19.259+0000] {taskinstance.py:1083} INFO - Dependencies all met for <TaskInstance: Spotify_Data_ETL.GenreToS3 manual__2023-03-14T17:39:32.565428+00:00 [queued]>
[2023-03-14T20:17:19.260+0000] {taskinstance.py:1279} INFO - 
--------------------------------------------------------------------------------
[2023-03-14T20:17:19.260+0000] {taskinstance.py:1280} INFO - Starting attempt 2 of 4
[2023-03-14T20:17:19.260+0000] {taskinstance.py:1281} INFO - 
--------------------------------------------------------------------------------
[2023-03-14T20:17:19.273+0000] {taskinstance.py:1300} INFO - Executing <Task(PythonOperator): GenreToS3> on 2023-03-14 17:39:32.565428+00:00
[2023-03-14T20:17:19.279+0000] {standard_task_runner.py:55} INFO - Started process 12583 to run task
[2023-03-14T20:17:19.302+0000] {standard_task_runner.py:82} INFO - Running: ['***', 'tasks', 'run', 'Spotify_Data_ETL', 'GenreToS3', 'manual__2023-03-14T17:39:32.565428+00:00', '--job-id', '564', '--raw', '--subdir', 'DAGS_FOLDER/spotifydag.py', '--cfg-path', '/tmp/tmpcyxzzr9_']
[2023-03-14T20:17:19.304+0000] {standard_task_runner.py:83} INFO - Job 564: Subtask GenreToS3
[2023-03-14T20:17:19.409+0000] {task_command.py:388} INFO - Running <TaskInstance: Spotify_Data_ETL.GenreToS3 manual__2023-03-14T17:39:32.565428+00:00 [running]> on host 9cabbaedf88c
[2023-03-14T20:17:19.996+0000] {taskinstance.py:1509} INFO - Exporting the following env vars:
AIRFLOW_CTX_DAG_OWNER=Ananta Moharana
AIRFLOW_CTX_DAG_ID=Spotify_Data_ETL
AIRFLOW_CTX_TASK_ID=GenreToS3
AIRFLOW_CTX_EXECUTION_DATE=2023-03-14T17:39:32.565428+00:00
AIRFLOW_CTX_TRY_NUMBER=2
AIRFLOW_CTX_DAG_RUN_ID=manual__2023-03-14T17:39:32.565428+00:00
[2023-03-14T20:17:20.047+0000] {base.py:73} INFO - Using connection ID 's3_connection' for task execution.
[2023-03-14T20:17:20.050+0000] {connection_wrapper.py:334} INFO - AWS Connection (conn_id='s3_connection', conn_type='aws') credentials retrieved from login and password.
[2023-03-14T20:17:20.907+0000] {python.py:177} INFO - Done. Returned value was: None
[2023-03-14T20:17:20.917+0000] {taskinstance.py:1323} INFO - Marking task as SUCCESS. dag_id=Spotify_Data_ETL, task_id=GenreToS3, execution_date=20230314T173932, start_date=20230314T201719, end_date=20230314T201720
[2023-03-14T20:17:21.002+0000] {local_task_job.py:208} INFO - Task exited with return code 0
[2023-03-14T20:17:21.020+0000] {taskinstance.py:2578} INFO - 0 downstream tasks scheduled from follow-on schedule check
