[2023-03-21T19:28:06.607+0000] {taskinstance.py:1084} INFO - Dependencies all met for dep_context=non-requeueable deps ti=<TaskInstance: Spotify_Data_ETL.GetSongsFromPlaylist manual__2023-03-21T18:58:58.410635+00:00 [queued]>
[2023-03-21T19:28:06.612+0000] {taskinstance.py:1084} INFO - Dependencies all met for dep_context=requeueable deps ti=<TaskInstance: Spotify_Data_ETL.GetSongsFromPlaylist manual__2023-03-21T18:58:58.410635+00:00 [queued]>
[2023-03-21T19:28:06.613+0000] {taskinstance.py:1282} INFO - 
--------------------------------------------------------------------------------
[2023-03-21T19:28:06.613+0000] {taskinstance.py:1283} INFO - Starting attempt 4 of 6
[2023-03-21T19:28:06.614+0000] {taskinstance.py:1284} INFO - 
--------------------------------------------------------------------------------
[2023-03-21T19:28:06.621+0000] {taskinstance.py:1303} INFO - Executing <Task(PythonOperator): GetSongsFromPlaylist> on 2023-03-21 18:58:58.410635+00:00
[2023-03-21T19:28:06.625+0000] {standard_task_runner.py:55} INFO - Started process 7325 to run task
[2023-03-21T19:28:06.630+0000] {standard_task_runner.py:82} INFO - Running: ['***', 'tasks', 'run', 'Spotify_Data_ETL', 'GetSongsFromPlaylist', 'manual__2023-03-21T18:58:58.410635+00:00', '--job-id', '1925', '--raw', '--subdir', 'DAGS_FOLDER/spotifydag.py', '--cfg-path', '/tmp/tmpd_zu42v6']
[2023-03-21T19:28:06.630+0000] {standard_task_runner.py:83} INFO - Job 1925: Subtask GetSongsFromPlaylist
[2023-03-21T19:28:06.689+0000] {task_command.py:388} INFO - Running <TaskInstance: Spotify_Data_ETL.GetSongsFromPlaylist manual__2023-03-21T18:58:58.410635+00:00 [running]> on host 1fd7b08731f2
[2023-03-21T19:28:06.734+0000] {taskinstance.py:1511} INFO - Exporting the following env vars:
AIRFLOW_CTX_DAG_OWNER=Ananta Moharana
AIRFLOW_CTX_DAG_ID=Spotify_Data_ETL
AIRFLOW_CTX_TASK_ID=GetSongsFromPlaylist
AIRFLOW_CTX_EXECUTION_DATE=2023-03-21T18:58:58.410635+00:00
AIRFLOW_CTX_TRY_NUMBER=4
AIRFLOW_CTX_DAG_RUN_ID=manual__2023-03-21T18:58:58.410635+00:00
[2023-03-21T19:28:07.306+0000] {python.py:177} INFO - Done. Returned value was: None
[2023-03-21T19:28:07.313+0000] {taskinstance.py:1326} INFO - Marking task as SUCCESS. dag_id=Spotify_Data_ETL, task_id=GetSongsFromPlaylist, execution_date=20230321T185858, start_date=20230321T192806, end_date=20230321T192807
[2023-03-21T19:28:07.336+0000] {local_task_job.py:212} INFO - Task exited with return code 0
[2023-03-21T19:28:07.358+0000] {taskinstance.py:2585} INFO - 2 downstream tasks scheduled from follow-on schedule check
