[2023-03-21T23:32:10.659+0000] {taskinstance.py:1084} INFO - Dependencies all met for dep_context=non-requeueable deps ti=<TaskInstance: Spotify_Data_ETL.StoreDataInWarehouse.StoreSongDim manual__2023-03-21T23:31:45.009664+00:00 [queued]>
[2023-03-21T23:32:10.665+0000] {taskinstance.py:1084} INFO - Dependencies all met for dep_context=requeueable deps ti=<TaskInstance: Spotify_Data_ETL.StoreDataInWarehouse.StoreSongDim manual__2023-03-21T23:31:45.009664+00:00 [queued]>
[2023-03-21T23:32:10.665+0000] {taskinstance.py:1282} INFO - 
--------------------------------------------------------------------------------
[2023-03-21T23:32:10.666+0000] {taskinstance.py:1283} INFO - Starting attempt 1 of 3
[2023-03-21T23:32:10.666+0000] {taskinstance.py:1284} INFO - 
--------------------------------------------------------------------------------
[2023-03-21T23:32:10.673+0000] {taskinstance.py:1303} INFO - Executing <Task(S3ToSnowflakeOperator): StoreDataInWarehouse.StoreSongDim> on 2023-03-21 23:31:45.009664+00:00
[2023-03-21T23:32:10.677+0000] {standard_task_runner.py:55} INFO - Started process 379 to run task
[2023-03-21T23:32:10.680+0000] {standard_task_runner.py:82} INFO - Running: ['***', 'tasks', 'run', 'Spotify_Data_ETL', 'StoreDataInWarehouse.StoreSongDim', 'manual__2023-03-21T23:31:45.009664+00:00', '--job-id', '2404', '--raw', '--subdir', 'DAGS_FOLDER/spotifydag.py', '--cfg-path', '/tmp/tmpa127rs09']
[2023-03-21T23:32:10.681+0000] {standard_task_runner.py:83} INFO - Job 2404: Subtask StoreDataInWarehouse.StoreSongDim
[2023-03-21T23:32:10.727+0000] {task_command.py:388} INFO - Running <TaskInstance: Spotify_Data_ETL.StoreDataInWarehouse.StoreSongDim manual__2023-03-21T23:31:45.009664+00:00 [running]> on host c6886449e314
[2023-03-21T23:32:10.768+0000] {taskinstance.py:1511} INFO - Exporting the following env vars:
AIRFLOW_CTX_DAG_OWNER=Ananta Moharana
AIRFLOW_CTX_DAG_ID=Spotify_Data_ETL
AIRFLOW_CTX_TASK_ID=StoreDataInWarehouse.StoreSongDim
AIRFLOW_CTX_EXECUTION_DATE=2023-03-21T23:31:45.009664+00:00
AIRFLOW_CTX_TRY_NUMBER=1
AIRFLOW_CTX_DAG_RUN_ID=manual__2023-03-21T23:31:45.009664+00:00
[2023-03-21T23:32:10.770+0000] {s3_to_snowflake.py:146} INFO - Executing COPY command...
[2023-03-21T23:32:10.777+0000] {base.py:73} INFO - Using connection ID 'snowflake_connection' for task execution.
[2023-03-21T23:32:10.779+0000] {connection.py:287} INFO - Snowflake Connector for Python Version: 3.0.1, Python Version: 3.7.16, Platform: Linux-5.15.49-linuxkit-aarch64-with-debian-11.6
[2023-03-21T23:32:10.780+0000] {connection.py:990} INFO - This connection is in OCSP Fail Open Mode. TLS Certificates would be checked for validity and revocation status. Any other Certificate Revocation related exceptions or OCSP Responder failures would be disregarded in favor of connectivity.
[2023-03-21T23:32:10.781+0000] {connection.py:1007} INFO - Setting use_openssl_only mode to False
[2023-03-21T23:32:11.418+0000] {cursor.py:738} INFO - query: [ALTER SESSION SET autocommit=True]
[2023-03-21T23:32:11.510+0000] {cursor.py:751} INFO - query execution done
[2023-03-21T23:32:11.511+0000] {cursor.py:891} INFO - Number of results in first chunk: 1
[2023-03-21T23:32:11.512+0000] {sql.py:375} INFO - Running statement: COPY INTO SpotifyTop50USA.song_dim
FROM @s3_snowflake_stage/
files=('2023-03-21/song_dim.csv')
file_format=DATA_CSV, parameters: None
[2023-03-21T23:32:11.513+0000] {cursor.py:738} INFO - query: [COPY INTO SpotifyTop50USA.song_dim FROM @s3_snowflake_stage/ files=('2023-03-21/...]
[2023-03-21T23:32:12.820+0000] {cursor.py:751} INFO - query execution done
[2023-03-21T23:32:12.824+0000] {cursor.py:891} INFO - Number of results in first chunk: 1
[2023-03-21T23:32:12.825+0000] {sql.py:384} INFO - Rows affected: 1
[2023-03-21T23:32:12.826+0000] {snowflake.py:391} INFO - Rows affected: 1
[2023-03-21T23:32:12.827+0000] {snowflake.py:392} INFO - Snowflake query id: 01ab1aa4-0004-6150-0000-00552087e12d
[2023-03-21T23:32:12.828+0000] {connection.py:586} INFO - closed
[2023-03-21T23:32:12.863+0000] {connection.py:589} INFO - No async queries seem to be running, deleting session
[2023-03-21T23:32:12.965+0000] {s3_to_snowflake.py:148} INFO - COPY command completed
[2023-03-21T23:32:12.983+0000] {taskinstance.py:1326} INFO - Marking task as SUCCESS. dag_id=Spotify_Data_ETL, task_id=StoreDataInWarehouse.StoreSongDim, execution_date=20230321T233145, start_date=20230321T233210, end_date=20230321T233212
[2023-03-21T23:32:13.021+0000] {local_task_job.py:212} INFO - Task exited with return code 0
[2023-03-21T23:32:13.044+0000] {taskinstance.py:2585} INFO - 1 downstream tasks scheduled from follow-on schedule check
