[2023-03-14T04:15:31.636+0000] {taskinstance.py:1083} INFO - Dependencies all met for <TaskInstance: Spotify_Data_ETL.GetArtistInfo manual__2023-03-14T04:15:24.954549+00:00 [queued]>
[2023-03-14T04:15:31.642+0000] {taskinstance.py:1083} INFO - Dependencies all met for <TaskInstance: Spotify_Data_ETL.GetArtistInfo manual__2023-03-14T04:15:24.954549+00:00 [queued]>
[2023-03-14T04:15:31.642+0000] {taskinstance.py:1279} INFO - 
--------------------------------------------------------------------------------
[2023-03-14T04:15:31.643+0000] {taskinstance.py:1280} INFO - Starting attempt 1 of 3
[2023-03-14T04:15:31.644+0000] {taskinstance.py:1281} INFO - 
--------------------------------------------------------------------------------
[2023-03-14T04:15:31.652+0000] {taskinstance.py:1300} INFO - Executing <Task(PythonOperator): GetArtistInfo> on 2023-03-14 04:15:24.954549+00:00
[2023-03-14T04:15:31.658+0000] {standard_task_runner.py:55} INFO - Started process 97 to run task
[2023-03-14T04:15:31.661+0000] {standard_task_runner.py:82} INFO - Running: ['***', 'tasks', 'run', 'Spotify_Data_ETL', 'GetArtistInfo', 'manual__2023-03-14T04:15:24.954549+00:00', '--job-id', '469', '--raw', '--subdir', 'DAGS_FOLDER/spotifydag.py', '--cfg-path', '/tmp/tmpksonqruy']
[2023-03-14T04:15:31.662+0000] {standard_task_runner.py:83} INFO - Job 469: Subtask GetArtistInfo
[2023-03-14T04:15:31.729+0000] {task_command.py:388} INFO - Running <TaskInstance: Spotify_Data_ETL.GetArtistInfo manual__2023-03-14T04:15:24.954549+00:00 [running]> on host f9d11a1d4c93
[2023-03-14T04:15:32.089+0000] {taskinstance.py:1509} INFO - Exporting the following env vars:
AIRFLOW_CTX_DAG_OWNER=Ananta Moharana
AIRFLOW_CTX_DAG_ID=Spotify_Data_ETL
AIRFLOW_CTX_TASK_ID=GetArtistInfo
AIRFLOW_CTX_EXECUTION_DATE=2023-03-14T04:15:24.954549+00:00
AIRFLOW_CTX_TRY_NUMBER=1
AIRFLOW_CTX_DAG_RUN_ID=manual__2023-03-14T04:15:24.954549+00:00
[2023-03-14T04:15:42.366+0000] {python.py:177} INFO - Done. Returned value was: None
[2023-03-14T04:15:42.374+0000] {taskinstance.py:1323} INFO - Marking task as SUCCESS. dag_id=Spotify_Data_ETL, task_id=GetArtistInfo, execution_date=20230314T041524, start_date=20230314T041531, end_date=20230314T041542
[2023-03-14T04:15:42.435+0000] {local_task_job.py:208} INFO - Task exited with return code 0
[2023-03-14T04:15:42.457+0000] {taskinstance.py:2578} INFO - 1 downstream tasks scheduled from follow-on schedule check
