[2023-03-11T23:26:27.502+0000] {taskinstance.py:1083} INFO - Dependencies all met for <TaskInstance: Spotify_Data_ETL.GetSongsFromPlaylist manual__2023-03-11T23:22:05.182734+00:00 [queued]>
[2023-03-11T23:26:27.508+0000] {taskinstance.py:1083} INFO - Dependencies all met for <TaskInstance: Spotify_Data_ETL.GetSongsFromPlaylist manual__2023-03-11T23:22:05.182734+00:00 [queued]>
[2023-03-11T23:26:27.508+0000] {taskinstance.py:1279} INFO - 
--------------------------------------------------------------------------------
[2023-03-11T23:26:27.509+0000] {taskinstance.py:1280} INFO - Starting attempt 5 of 7
[2023-03-11T23:26:27.509+0000] {taskinstance.py:1281} INFO - 
--------------------------------------------------------------------------------
[2023-03-11T23:26:27.516+0000] {taskinstance.py:1300} INFO - Executing <Task(PythonOperator): GetSongsFromPlaylist> on 2023-03-11 23:22:05.182734+00:00
[2023-03-11T23:26:27.526+0000] {standard_task_runner.py:55} INFO - Started process 865 to run task
[2023-03-11T23:26:27.529+0000] {standard_task_runner.py:82} INFO - Running: ['***', 'tasks', 'run', 'Spotify_Data_ETL', 'GetSongsFromPlaylist', 'manual__2023-03-11T23:22:05.182734+00:00', '--job-id', '35', '--raw', '--subdir', 'DAGS_FOLDER/spotifydag.py', '--cfg-path', '/tmp/tmpw78av_px']
[2023-03-11T23:26:27.530+0000] {standard_task_runner.py:83} INFO - Job 35: Subtask GetSongsFromPlaylist
[2023-03-11T23:26:27.578+0000] {task_command.py:388} INFO - Running <TaskInstance: Spotify_Data_ETL.GetSongsFromPlaylist manual__2023-03-11T23:22:05.182734+00:00 [running]> on host 4fa3b0adb91e
[2023-03-11T23:26:27.623+0000] {taskinstance.py:1509} INFO - Exporting the following env vars:
AIRFLOW_CTX_DAG_OWNER=Ananta Moharana
AIRFLOW_CTX_DAG_ID=Spotify_Data_ETL
AIRFLOW_CTX_TASK_ID=GetSongsFromPlaylist
AIRFLOW_CTX_EXECUTION_DATE=2023-03-11T23:22:05.182734+00:00
AIRFLOW_CTX_TRY_NUMBER=5
AIRFLOW_CTX_DAG_RUN_ID=manual__2023-03-11T23:22:05.182734+00:00
[2023-03-11T23:26:28.132+0000] {python.py:177} INFO - Done. Returned value was: None
[2023-03-11T23:26:28.139+0000] {taskinstance.py:1323} INFO - Marking task as SUCCESS. dag_id=Spotify_Data_ETL, task_id=GetSongsFromPlaylist, execution_date=20230311T232205, start_date=20230311T232627, end_date=20230311T232628
[2023-03-11T23:26:28.191+0000] {local_task_job.py:208} INFO - Task exited with return code 0
[2023-03-11T23:26:28.204+0000] {taskinstance.py:2578} INFO - 0 downstream tasks scheduled from follow-on schedule check
