[2023-03-13T00:48:58.201+0000] {taskinstance.py:1083} INFO - Dependencies all met for <TaskInstance: Spotify_Data_ETL.GetSongsFromPlaylist manual__2023-03-12T22:52:31.282023+00:00 [queued]>
[2023-03-13T00:48:58.206+0000] {taskinstance.py:1083} INFO - Dependencies all met for <TaskInstance: Spotify_Data_ETL.GetSongsFromPlaylist manual__2023-03-12T22:52:31.282023+00:00 [queued]>
[2023-03-13T00:48:58.207+0000] {taskinstance.py:1279} INFO - 
--------------------------------------------------------------------------------
[2023-03-13T00:48:58.207+0000] {taskinstance.py:1280} INFO - Starting attempt 4 of 6
[2023-03-13T00:48:58.208+0000] {taskinstance.py:1281} INFO - 
--------------------------------------------------------------------------------
[2023-03-13T00:48:58.216+0000] {taskinstance.py:1300} INFO - Executing <Task(PythonOperator): GetSongsFromPlaylist> on 2023-03-12 22:52:31.282023+00:00
[2023-03-13T00:48:58.221+0000] {standard_task_runner.py:55} INFO - Started process 290 to run task
[2023-03-13T00:48:58.224+0000] {standard_task_runner.py:82} INFO - Running: ['***', 'tasks', 'run', 'Spotify_Data_ETL', 'GetSongsFromPlaylist', 'manual__2023-03-12T22:52:31.282023+00:00', '--job-id', '220', '--raw', '--subdir', 'DAGS_FOLDER/spotifydag.py', '--cfg-path', '/tmp/tmp6t81e5dp']
[2023-03-13T00:48:58.225+0000] {standard_task_runner.py:83} INFO - Job 220: Subtask GetSongsFromPlaylist
[2023-03-13T00:48:58.285+0000] {task_command.py:388} INFO - Running <TaskInstance: Spotify_Data_ETL.GetSongsFromPlaylist manual__2023-03-12T22:52:31.282023+00:00 [running]> on host 62fbe2962392
[2023-03-13T00:48:58.355+0000] {taskinstance.py:1509} INFO - Exporting the following env vars:
AIRFLOW_CTX_DAG_OWNER=Ananta Moharana
AIRFLOW_CTX_DAG_ID=Spotify_Data_ETL
AIRFLOW_CTX_TASK_ID=GetSongsFromPlaylist
AIRFLOW_CTX_EXECUTION_DATE=2023-03-12T22:52:31.282023+00:00
AIRFLOW_CTX_TRY_NUMBER=4
AIRFLOW_CTX_DAG_RUN_ID=manual__2023-03-12T22:52:31.282023+00:00
[2023-03-13T00:48:58.843+0000] {python.py:177} INFO - Done. Returned value was: None
[2023-03-13T00:48:58.857+0000] {taskinstance.py:1323} INFO - Marking task as SUCCESS. dag_id=Spotify_Data_ETL, task_id=GetSongsFromPlaylist, execution_date=20230312T225231, start_date=20230313T004858, end_date=20230313T004858
[2023-03-13T00:48:58.921+0000] {local_task_job.py:208} INFO - Task exited with return code 0
[2023-03-13T00:48:58.936+0000] {taskinstance.py:2578} INFO - 2 downstream tasks scheduled from follow-on schedule check
