[2023-03-12T22:55:29.986+0000] {taskinstance.py:1083} INFO - Dependencies all met for <TaskInstance: Spotify_Data_ETL.GetSongsFromPlaylist manual__2023-03-12T22:52:31.282023+00:00 [queued]>
[2023-03-12T22:55:29.991+0000] {taskinstance.py:1083} INFO - Dependencies all met for <TaskInstance: Spotify_Data_ETL.GetSongsFromPlaylist manual__2023-03-12T22:52:31.282023+00:00 [queued]>
[2023-03-12T22:55:29.992+0000] {taskinstance.py:1279} INFO - 
--------------------------------------------------------------------------------
[2023-03-12T22:55:29.992+0000] {taskinstance.py:1280} INFO - Starting attempt 2 of 4
[2023-03-12T22:55:29.992+0000] {taskinstance.py:1281} INFO - 
--------------------------------------------------------------------------------
[2023-03-12T22:55:29.999+0000] {taskinstance.py:1300} INFO - Executing <Task(PythonOperator): GetSongsFromPlaylist> on 2023-03-12 22:52:31.282023+00:00
[2023-03-12T22:55:30.003+0000] {standard_task_runner.py:55} INFO - Started process 559 to run task
[2023-03-12T22:55:30.006+0000] {standard_task_runner.py:82} INFO - Running: ['***', 'tasks', 'run', 'Spotify_Data_ETL', 'GetSongsFromPlaylist', 'manual__2023-03-12T22:52:31.282023+00:00', '--job-id', '210', '--raw', '--subdir', 'DAGS_FOLDER/spotifydag.py', '--cfg-path', '/tmp/tmpz5a_adr3']
[2023-03-12T22:55:30.006+0000] {standard_task_runner.py:83} INFO - Job 210: Subtask GetSongsFromPlaylist
[2023-03-12T22:55:30.051+0000] {task_command.py:388} INFO - Running <TaskInstance: Spotify_Data_ETL.GetSongsFromPlaylist manual__2023-03-12T22:52:31.282023+00:00 [running]> on host e10f56557b6e
[2023-03-12T22:55:30.094+0000] {taskinstance.py:1509} INFO - Exporting the following env vars:
AIRFLOW_CTX_DAG_OWNER=Ananta Moharana
AIRFLOW_CTX_DAG_ID=Spotify_Data_ETL
AIRFLOW_CTX_TASK_ID=GetSongsFromPlaylist
AIRFLOW_CTX_EXECUTION_DATE=2023-03-12T22:52:31.282023+00:00
AIRFLOW_CTX_TRY_NUMBER=2
AIRFLOW_CTX_DAG_RUN_ID=manual__2023-03-12T22:52:31.282023+00:00
[2023-03-12T22:55:30.840+0000] {python.py:177} INFO - Done. Returned value was: None
[2023-03-12T22:55:30.848+0000] {taskinstance.py:1323} INFO - Marking task as SUCCESS. dag_id=Spotify_Data_ETL, task_id=GetSongsFromPlaylist, execution_date=20230312T225231, start_date=20230312T225529, end_date=20230312T225530
[2023-03-12T22:55:30.868+0000] {local_task_job.py:208} INFO - Task exited with return code 0
[2023-03-12T22:55:30.883+0000] {taskinstance.py:2578} INFO - 2 downstream tasks scheduled from follow-on schedule check
