[2023-03-14T04:41:27.557+0000] {taskinstance.py:1083} INFO - Dependencies all met for <TaskInstance: Spotify_Data_ETL.SongDimToS3 manual__2023-03-14T04:24:23.196801+00:00 [queued]>
[2023-03-14T04:41:27.572+0000] {taskinstance.py:1083} INFO - Dependencies all met for <TaskInstance: Spotify_Data_ETL.SongDimToS3 manual__2023-03-14T04:24:23.196801+00:00 [queued]>
[2023-03-14T04:41:27.579+0000] {taskinstance.py:1279} INFO - 
--------------------------------------------------------------------------------
[2023-03-14T04:41:27.579+0000] {taskinstance.py:1280} INFO - Starting attempt 3 of 5
[2023-03-14T04:41:27.580+0000] {taskinstance.py:1281} INFO - 
--------------------------------------------------------------------------------
[2023-03-14T04:41:27.635+0000] {taskinstance.py:1300} INFO - Executing <Task(PythonOperator): SongDimToS3> on 2023-03-14 04:24:23.196801+00:00
[2023-03-14T04:41:27.666+0000] {standard_task_runner.py:55} INFO - Started process 496 to run task
[2023-03-14T04:41:27.685+0000] {standard_task_runner.py:82} INFO - Running: ['***', 'tasks', 'run', 'Spotify_Data_ETL', 'SongDimToS3', 'manual__2023-03-14T04:24:23.196801+00:00', '--job-id', '514', '--raw', '--subdir', 'DAGS_FOLDER/spotifydag.py', '--cfg-path', '/tmp/tmpnd5mc1rf']
[2023-03-14T04:41:27.689+0000] {standard_task_runner.py:83} INFO - Job 514: Subtask SongDimToS3
[2023-03-14T04:41:27.880+0000] {task_command.py:388} INFO - Running <TaskInstance: Spotify_Data_ETL.SongDimToS3 manual__2023-03-14T04:24:23.196801+00:00 [running]> on host 2b460a741d49
[2023-03-14T04:41:29.498+0000] {taskinstance.py:1509} INFO - Exporting the following env vars:
AIRFLOW_CTX_DAG_OWNER=Ananta Moharana
AIRFLOW_CTX_DAG_ID=Spotify_Data_ETL
AIRFLOW_CTX_TASK_ID=SongDimToS3
AIRFLOW_CTX_EXECUTION_DATE=2023-03-14T04:24:23.196801+00:00
AIRFLOW_CTX_TRY_NUMBER=3
AIRFLOW_CTX_DAG_RUN_ID=manual__2023-03-14T04:24:23.196801+00:00
[2023-03-14T04:41:29.513+0000] {base.py:73} INFO - Using connection ID 's3_connection' for task execution.
[2023-03-14T04:41:29.514+0000] {connection_wrapper.py:334} INFO - AWS Connection (conn_id='s3_connection', conn_type='aws') credentials retrieved from login and password.
[2023-03-14T04:41:30.420+0000] {python.py:177} INFO - Done. Returned value was: None
[2023-03-14T04:41:30.439+0000] {taskinstance.py:1323} INFO - Marking task as SUCCESS. dag_id=Spotify_Data_ETL, task_id=SongDimToS3, execution_date=20230314T042423, start_date=20230314T044127, end_date=20230314T044130
[2023-03-14T04:41:30.581+0000] {local_task_job.py:208} INFO - Task exited with return code 0
[2023-03-14T04:41:30.616+0000] {taskinstance.py:2578} INFO - 0 downstream tasks scheduled from follow-on schedule check
