[2023-03-21T23:04:28.214+0000] {taskinstance.py:1084} INFO - Dependencies all met for dep_context=non-requeueable deps ti=<TaskInstance: Spotify_Data_ETL.GetSongsFromPlaylist manual__2023-03-21T22:47:20.265233+00:00 [queued]>
[2023-03-21T23:04:28.219+0000] {taskinstance.py:1084} INFO - Dependencies all met for dep_context=requeueable deps ti=<TaskInstance: Spotify_Data_ETL.GetSongsFromPlaylist manual__2023-03-21T22:47:20.265233+00:00 [queued]>
[2023-03-21T23:04:28.219+0000] {taskinstance.py:1282} INFO - 
--------------------------------------------------------------------------------
[2023-03-21T23:04:28.220+0000] {taskinstance.py:1283} INFO - Starting attempt 5 of 7
[2023-03-21T23:04:28.220+0000] {taskinstance.py:1284} INFO - 
--------------------------------------------------------------------------------
[2023-03-21T23:04:28.227+0000] {taskinstance.py:1303} INFO - Executing <Task(PythonOperator): GetSongsFromPlaylist> on 2023-03-21 22:47:20.265233+00:00
[2023-03-21T23:04:28.233+0000] {standard_task_runner.py:55} INFO - Started process 23303 to run task
[2023-03-21T23:04:28.236+0000] {standard_task_runner.py:82} INFO - Running: ['***', 'tasks', 'run', 'Spotify_Data_ETL', 'GetSongsFromPlaylist', 'manual__2023-03-21T22:47:20.265233+00:00', '--job-id', '2331', '--raw', '--subdir', 'DAGS_FOLDER/spotifydag.py', '--cfg-path', '/tmp/tmpf_84wuu_']
[2023-03-21T23:04:28.237+0000] {standard_task_runner.py:83} INFO - Job 2331: Subtask GetSongsFromPlaylist
[2023-03-21T23:04:28.282+0000] {task_command.py:388} INFO - Running <TaskInstance: Spotify_Data_ETL.GetSongsFromPlaylist manual__2023-03-21T22:47:20.265233+00:00 [running]> on host 1fd7b08731f2
[2023-03-21T23:04:28.330+0000] {taskinstance.py:1511} INFO - Exporting the following env vars:
AIRFLOW_CTX_DAG_OWNER=Ananta Moharana
AIRFLOW_CTX_DAG_ID=Spotify_Data_ETL
AIRFLOW_CTX_TASK_ID=GetSongsFromPlaylist
AIRFLOW_CTX_EXECUTION_DATE=2023-03-21T22:47:20.265233+00:00
AIRFLOW_CTX_TRY_NUMBER=5
AIRFLOW_CTX_DAG_RUN_ID=manual__2023-03-21T22:47:20.265233+00:00
[2023-03-21T23:04:28.896+0000] {python.py:177} INFO - Done. Returned value was: None
[2023-03-21T23:04:28.904+0000] {taskinstance.py:1326} INFO - Marking task as SUCCESS. dag_id=Spotify_Data_ETL, task_id=GetSongsFromPlaylist, execution_date=20230321T224720, start_date=20230321T230428, end_date=20230321T230428
[2023-03-21T23:04:28.944+0000] {local_task_job.py:212} INFO - Task exited with return code 0
[2023-03-21T23:04:28.968+0000] {taskinstance.py:2585} INFO - 2 downstream tasks scheduled from follow-on schedule check
