[2023-03-21T22:55:16.487+0000] {taskinstance.py:1084} INFO - Dependencies all met for dep_context=non-requeueable deps ti=<TaskInstance: Spotify_Data_ETL.GetSongsFromPlaylist manual__2023-03-21T22:47:20.265233+00:00 [queued]>
[2023-03-21T22:55:16.491+0000] {taskinstance.py:1084} INFO - Dependencies all met for dep_context=requeueable deps ti=<TaskInstance: Spotify_Data_ETL.GetSongsFromPlaylist manual__2023-03-21T22:47:20.265233+00:00 [queued]>
[2023-03-21T22:55:16.491+0000] {taskinstance.py:1282} INFO - 
--------------------------------------------------------------------------------
[2023-03-21T22:55:16.492+0000] {taskinstance.py:1283} INFO - Starting attempt 3 of 5
[2023-03-21T22:55:16.492+0000] {taskinstance.py:1284} INFO - 
--------------------------------------------------------------------------------
[2023-03-21T22:55:16.500+0000] {taskinstance.py:1303} INFO - Executing <Task(PythonOperator): GetSongsFromPlaylist> on 2023-03-21 22:47:20.265233+00:00
[2023-03-21T22:55:16.504+0000] {standard_task_runner.py:55} INFO - Started process 22463 to run task
[2023-03-21T22:55:16.507+0000] {standard_task_runner.py:82} INFO - Running: ['***', 'tasks', 'run', 'Spotify_Data_ETL', 'GetSongsFromPlaylist', 'manual__2023-03-21T22:47:20.265233+00:00', '--job-id', '2289', '--raw', '--subdir', 'DAGS_FOLDER/spotifydag.py', '--cfg-path', '/tmp/tmpozmmcxw1']
[2023-03-21T22:55:16.508+0000] {standard_task_runner.py:83} INFO - Job 2289: Subtask GetSongsFromPlaylist
[2023-03-21T22:55:16.552+0000] {task_command.py:388} INFO - Running <TaskInstance: Spotify_Data_ETL.GetSongsFromPlaylist manual__2023-03-21T22:47:20.265233+00:00 [running]> on host 1fd7b08731f2
[2023-03-21T22:55:16.595+0000] {taskinstance.py:1511} INFO - Exporting the following env vars:
AIRFLOW_CTX_DAG_OWNER=Ananta Moharana
AIRFLOW_CTX_DAG_ID=Spotify_Data_ETL
AIRFLOW_CTX_TASK_ID=GetSongsFromPlaylist
AIRFLOW_CTX_EXECUTION_DATE=2023-03-21T22:47:20.265233+00:00
AIRFLOW_CTX_TRY_NUMBER=3
AIRFLOW_CTX_DAG_RUN_ID=manual__2023-03-21T22:47:20.265233+00:00
[2023-03-21T22:55:17.165+0000] {python.py:177} INFO - Done. Returned value was: None
[2023-03-21T22:55:17.174+0000] {taskinstance.py:1326} INFO - Marking task as SUCCESS. dag_id=Spotify_Data_ETL, task_id=GetSongsFromPlaylist, execution_date=20230321T224720, start_date=20230321T225516, end_date=20230321T225517
[2023-03-21T22:55:17.225+0000] {local_task_job.py:212} INFO - Task exited with return code 0
[2023-03-21T22:55:17.249+0000] {taskinstance.py:2585} INFO - 2 downstream tasks scheduled from follow-on schedule check
