[2023-03-21T02:59:51.470+0000] {taskinstance.py:1084} INFO - Dependencies all met for dep_context=non-requeueable deps ti=<TaskInstance: Spotify_Data_ETL.GetAudioQuality manual__2023-03-18T04:27:11.434896+00:00 [queued]>
[2023-03-21T02:59:51.474+0000] {taskinstance.py:1084} INFO - Dependencies all met for dep_context=requeueable deps ti=<TaskInstance: Spotify_Data_ETL.GetAudioQuality manual__2023-03-18T04:27:11.434896+00:00 [queued]>
[2023-03-21T02:59:51.475+0000] {taskinstance.py:1282} INFO - 
--------------------------------------------------------------------------------
[2023-03-21T02:59:51.475+0000] {taskinstance.py:1283} INFO - Starting attempt 10 of 12
[2023-03-21T02:59:51.476+0000] {taskinstance.py:1284} INFO - 
--------------------------------------------------------------------------------
[2023-03-21T02:59:51.483+0000] {taskinstance.py:1303} INFO - Executing <Task(PythonOperator): GetAudioQuality> on 2023-03-18 04:27:11.434896+00:00
[2023-03-21T02:59:51.489+0000] {standard_task_runner.py:55} INFO - Started process 19722 to run task
[2023-03-21T02:59:51.493+0000] {standard_task_runner.py:82} INFO - Running: ['***', 'tasks', 'run', 'Spotify_Data_ETL', 'GetAudioQuality', 'manual__2023-03-18T04:27:11.434896+00:00', '--job-id', '1697', '--raw', '--subdir', 'DAGS_FOLDER/spotifydag.py', '--cfg-path', '/tmp/tmp73ct99ll']
[2023-03-21T02:59:51.494+0000] {standard_task_runner.py:83} INFO - Job 1697: Subtask GetAudioQuality
[2023-03-21T02:59:51.551+0000] {task_command.py:388} INFO - Running <TaskInstance: Spotify_Data_ETL.GetAudioQuality manual__2023-03-18T04:27:11.434896+00:00 [running]> on host 1fd7b08731f2
[2023-03-21T02:59:51.606+0000] {taskinstance.py:1511} INFO - Exporting the following env vars:
AIRFLOW_CTX_DAG_OWNER=Ananta Moharana
AIRFLOW_CTX_DAG_ID=Spotify_Data_ETL
AIRFLOW_CTX_TASK_ID=GetAudioQuality
AIRFLOW_CTX_EXECUTION_DATE=2023-03-18T04:27:11.434896+00:00
AIRFLOW_CTX_TRY_NUMBER=10
AIRFLOW_CTX_DAG_RUN_ID=manual__2023-03-18T04:27:11.434896+00:00
[2023-03-21T02:59:57.947+0000] {python.py:177} INFO - Done. Returned value was: None
[2023-03-21T02:59:57.955+0000] {taskinstance.py:1326} INFO - Marking task as SUCCESS. dag_id=Spotify_Data_ETL, task_id=GetAudioQuality, execution_date=20230318T042711, start_date=20230321T025951, end_date=20230321T025957
[2023-03-21T02:59:58.011+0000] {local_task_job.py:212} INFO - Task exited with return code 0
[2023-03-21T02:59:58.032+0000] {taskinstance.py:2585} INFO - 1 downstream tasks scheduled from follow-on schedule check
