[2023-03-21T02:01:12.076+0000] {taskinstance.py:1084} INFO - Dependencies all met for dep_context=non-requeueable deps ti=<TaskInstance: Spotify_Data_ETL.GetAudioQuality manual__2023-03-18T04:27:11.434896+00:00 [queued]>
[2023-03-21T02:01:12.084+0000] {taskinstance.py:1084} INFO - Dependencies all met for dep_context=requeueable deps ti=<TaskInstance: Spotify_Data_ETL.GetAudioQuality manual__2023-03-18T04:27:11.434896+00:00 [queued]>
[2023-03-21T02:01:12.086+0000] {taskinstance.py:1282} INFO - 
--------------------------------------------------------------------------------
[2023-03-21T02:01:12.086+0000] {taskinstance.py:1283} INFO - Starting attempt 4 of 6
[2023-03-21T02:01:12.087+0000] {taskinstance.py:1284} INFO - 
--------------------------------------------------------------------------------
[2023-03-21T02:01:12.099+0000] {taskinstance.py:1303} INFO - Executing <Task(PythonOperator): GetAudioQuality> on 2023-03-18 04:27:11.434896+00:00
[2023-03-21T02:01:12.107+0000] {standard_task_runner.py:55} INFO - Started process 16045 to run task
[2023-03-21T02:01:12.113+0000] {standard_task_runner.py:82} INFO - Running: ['***', 'tasks', 'run', 'Spotify_Data_ETL', 'GetAudioQuality', 'manual__2023-03-18T04:27:11.434896+00:00', '--job-id', '1604', '--raw', '--subdir', 'DAGS_FOLDER/spotifydag.py', '--cfg-path', '/tmp/tmpa3jl8nqd']
[2023-03-21T02:01:12.114+0000] {standard_task_runner.py:83} INFO - Job 1604: Subtask GetAudioQuality
[2023-03-21T02:01:12.176+0000] {task_command.py:388} INFO - Running <TaskInstance: Spotify_Data_ETL.GetAudioQuality manual__2023-03-18T04:27:11.434896+00:00 [running]> on host 1fd7b08731f2
[2023-03-21T02:01:12.242+0000] {taskinstance.py:1511} INFO - Exporting the following env vars:
AIRFLOW_CTX_DAG_OWNER=Ananta Moharana
AIRFLOW_CTX_DAG_ID=Spotify_Data_ETL
AIRFLOW_CTX_TASK_ID=GetAudioQuality
AIRFLOW_CTX_EXECUTION_DATE=2023-03-18T04:27:11.434896+00:00
AIRFLOW_CTX_TRY_NUMBER=4
AIRFLOW_CTX_DAG_RUN_ID=manual__2023-03-18T04:27:11.434896+00:00
[2023-03-21T02:01:18.559+0000] {python.py:177} INFO - Done. Returned value was: None
[2023-03-21T02:01:18.569+0000] {taskinstance.py:1326} INFO - Marking task as SUCCESS. dag_id=Spotify_Data_ETL, task_id=GetAudioQuality, execution_date=20230318T042711, start_date=20230321T020112, end_date=20230321T020118
[2023-03-21T02:01:18.603+0000] {local_task_job.py:212} INFO - Task exited with return code 0
[2023-03-21T02:01:18.634+0000] {taskinstance.py:2585} INFO - 0 downstream tasks scheduled from follow-on schedule check
