[2023-03-18T04:27:17.182+0000] {taskinstance.py:1083} INFO - Dependencies all met for <TaskInstance: Spotify_Data_ETL.GetAudioQuality manual__2023-03-18T04:27:11.434896+00:00 [queued]>
[2023-03-18T04:27:17.187+0000] {taskinstance.py:1083} INFO - Dependencies all met for <TaskInstance: Spotify_Data_ETL.GetAudioQuality manual__2023-03-18T04:27:11.434896+00:00 [queued]>
[2023-03-18T04:27:17.187+0000] {taskinstance.py:1279} INFO - 
--------------------------------------------------------------------------------
[2023-03-18T04:27:17.187+0000] {taskinstance.py:1280} INFO - Starting attempt 1 of 3
[2023-03-18T04:27:17.188+0000] {taskinstance.py:1281} INFO - 
--------------------------------------------------------------------------------
[2023-03-18T04:27:17.194+0000] {taskinstance.py:1300} INFO - Executing <Task(PythonOperator): GetAudioQuality> on 2023-03-18 04:27:11.434896+00:00
[2023-03-18T04:27:17.199+0000] {standard_task_runner.py:55} INFO - Started process 309 to run task
[2023-03-18T04:27:17.202+0000] {standard_task_runner.py:82} INFO - Running: ['***', 'tasks', 'run', 'Spotify_Data_ETL', 'GetAudioQuality', 'manual__2023-03-18T04:27:11.434896+00:00', '--job-id', '1535', '--raw', '--subdir', 'DAGS_FOLDER/spotifydag.py', '--cfg-path', '/tmp/tmpwwmrfb_a']
[2023-03-18T04:27:17.203+0000] {standard_task_runner.py:83} INFO - Job 1535: Subtask GetAudioQuality
[2023-03-18T04:27:17.246+0000] {task_command.py:388} INFO - Running <TaskInstance: Spotify_Data_ETL.GetAudioQuality manual__2023-03-18T04:27:11.434896+00:00 [running]> on host 80993b942372
[2023-03-18T04:27:17.285+0000] {taskinstance.py:1509} INFO - Exporting the following env vars:
AIRFLOW_CTX_DAG_OWNER=Ananta Moharana
AIRFLOW_CTX_DAG_ID=Spotify_Data_ETL
AIRFLOW_CTX_TASK_ID=GetAudioQuality
AIRFLOW_CTX_EXECUTION_DATE=2023-03-18T04:27:11.434896+00:00
AIRFLOW_CTX_TRY_NUMBER=1
AIRFLOW_CTX_DAG_RUN_ID=manual__2023-03-18T04:27:11.434896+00:00
[2023-03-18T04:27:23.475+0000] {python.py:177} INFO - Done. Returned value was: None
[2023-03-18T04:27:23.483+0000] {taskinstance.py:1323} INFO - Marking task as SUCCESS. dag_id=Spotify_Data_ETL, task_id=GetAudioQuality, execution_date=20230318T042711, start_date=20230318T042717, end_date=20230318T042723
[2023-03-18T04:27:23.509+0000] {local_task_job.py:208} INFO - Task exited with return code 0
[2023-03-18T04:27:23.528+0000] {taskinstance.py:2578} INFO - 1 downstream tasks scheduled from follow-on schedule check
