[2023-03-21T23:04:27.055+0000] {taskinstance.py:1084} INFO - Dependencies all met for dep_context=non-requeueable deps ti=<TaskInstance: Spotify_Data_ETL.AuthenticateAPI manual__2023-03-21T22:47:20.265233+00:00 [queued]>
[2023-03-21T23:04:27.059+0000] {taskinstance.py:1084} INFO - Dependencies all met for dep_context=requeueable deps ti=<TaskInstance: Spotify_Data_ETL.AuthenticateAPI manual__2023-03-21T22:47:20.265233+00:00 [queued]>
[2023-03-21T23:04:27.060+0000] {taskinstance.py:1282} INFO - 
--------------------------------------------------------------------------------
[2023-03-21T23:04:27.060+0000] {taskinstance.py:1283} INFO - Starting attempt 5 of 7
[2023-03-21T23:04:27.061+0000] {taskinstance.py:1284} INFO - 
--------------------------------------------------------------------------------
[2023-03-21T23:04:27.069+0000] {taskinstance.py:1303} INFO - Executing <Task(PythonOperator): AuthenticateAPI> on 2023-03-21 22:47:20.265233+00:00
[2023-03-21T23:04:27.074+0000] {standard_task_runner.py:55} INFO - Started process 23299 to run task
[2023-03-21T23:04:27.079+0000] {standard_task_runner.py:82} INFO - Running: ['***', 'tasks', 'run', 'Spotify_Data_ETL', 'AuthenticateAPI', 'manual__2023-03-21T22:47:20.265233+00:00', '--job-id', '2330', '--raw', '--subdir', 'DAGS_FOLDER/spotifydag.py', '--cfg-path', '/tmp/tmp8wn96e7_']
[2023-03-21T23:04:27.080+0000] {standard_task_runner.py:83} INFO - Job 2330: Subtask AuthenticateAPI
[2023-03-21T23:04:27.130+0000] {task_command.py:388} INFO - Running <TaskInstance: Spotify_Data_ETL.AuthenticateAPI manual__2023-03-21T22:47:20.265233+00:00 [running]> on host 1fd7b08731f2
[2023-03-21T23:04:27.177+0000] {taskinstance.py:1511} INFO - Exporting the following env vars:
AIRFLOW_CTX_DAG_OWNER=Ananta Moharana
AIRFLOW_CTX_DAG_ID=Spotify_Data_ETL
AIRFLOW_CTX_TASK_ID=AuthenticateAPI
AIRFLOW_CTX_EXECUTION_DATE=2023-03-21T22:47:20.265233+00:00
AIRFLOW_CTX_TRY_NUMBER=5
AIRFLOW_CTX_DAG_RUN_ID=manual__2023-03-21T22:47:20.265233+00:00
[2023-03-21T23:04:27.282+0000] {logging_mixin.py:137} INFO - BQAnO1bOFQ3DJgdHv9GYR2bhTbxoN67b62DWt4FGM_UzU_SfNkxsiPacaNNA9mliFvhkHbeasswezLfB462MqXNoPEYRagRey_KqqyWgyRKVDPJ7Rhw2
[2023-03-21T23:04:27.293+0000] {python.py:177} INFO - Done. Returned value was: None
[2023-03-21T23:04:27.301+0000] {taskinstance.py:1326} INFO - Marking task as SUCCESS. dag_id=Spotify_Data_ETL, task_id=AuthenticateAPI, execution_date=20230321T224720, start_date=20230321T230427, end_date=20230321T230427
[2023-03-21T23:04:27.330+0000] {local_task_job.py:212} INFO - Task exited with return code 0
[2023-03-21T23:04:27.353+0000] {taskinstance.py:2585} INFO - 1 downstream tasks scheduled from follow-on schedule check
