[2023-03-21T22:52:40.411+0000] {taskinstance.py:1084} INFO - Dependencies all met for dep_context=non-requeueable deps ti=<TaskInstance: Spotify_Data_ETL.AuthenticateAPI manual__2023-03-21T22:47:20.265233+00:00 [queued]>
[2023-03-21T22:52:40.416+0000] {taskinstance.py:1084} INFO - Dependencies all met for dep_context=requeueable deps ti=<TaskInstance: Spotify_Data_ETL.AuthenticateAPI manual__2023-03-21T22:47:20.265233+00:00 [queued]>
[2023-03-21T22:52:40.416+0000] {taskinstance.py:1282} INFO - 
--------------------------------------------------------------------------------
[2023-03-21T22:52:40.416+0000] {taskinstance.py:1283} INFO - Starting attempt 2 of 4
[2023-03-21T22:52:40.417+0000] {taskinstance.py:1284} INFO - 
--------------------------------------------------------------------------------
[2023-03-21T22:52:40.424+0000] {taskinstance.py:1303} INFO - Executing <Task(PythonOperator): AuthenticateAPI> on 2023-03-21 22:47:20.265233+00:00
[2023-03-21T22:52:40.429+0000] {standard_task_runner.py:55} INFO - Started process 22175 to run task
[2023-03-21T22:52:40.432+0000] {standard_task_runner.py:82} INFO - Running: ['***', 'tasks', 'run', 'Spotify_Data_ETL', 'AuthenticateAPI', 'manual__2023-03-21T22:47:20.265233+00:00', '--job-id', '2267', '--raw', '--subdir', 'DAGS_FOLDER/spotifydag.py', '--cfg-path', '/tmp/tmptc3y2p7k']
[2023-03-21T22:52:40.433+0000] {standard_task_runner.py:83} INFO - Job 2267: Subtask AuthenticateAPI
[2023-03-21T22:52:40.477+0000] {task_command.py:388} INFO - Running <TaskInstance: Spotify_Data_ETL.AuthenticateAPI manual__2023-03-21T22:47:20.265233+00:00 [running]> on host 1fd7b08731f2
[2023-03-21T22:52:40.517+0000] {taskinstance.py:1511} INFO - Exporting the following env vars:
AIRFLOW_CTX_DAG_OWNER=Ananta Moharana
AIRFLOW_CTX_DAG_ID=Spotify_Data_ETL
AIRFLOW_CTX_TASK_ID=AuthenticateAPI
AIRFLOW_CTX_EXECUTION_DATE=2023-03-21T22:47:20.265233+00:00
AIRFLOW_CTX_TRY_NUMBER=2
AIRFLOW_CTX_DAG_RUN_ID=manual__2023-03-21T22:47:20.265233+00:00
[2023-03-21T22:52:40.625+0000] {logging_mixin.py:137} INFO - BQCX4idnibQLz_Iq5O6iYfR-n7RrtYALkYtzoG34RC3aBt9ndo1wcKe4jfq2Bgo7wbVGNGeqmaNrTj0_K-shOpXcSmTj7OhV_Md6eFjDC5VHCMyvCh40
[2023-03-21T22:52:40.637+0000] {python.py:177} INFO - Done. Returned value was: None
[2023-03-21T22:52:40.645+0000] {taskinstance.py:1326} INFO - Marking task as SUCCESS. dag_id=Spotify_Data_ETL, task_id=AuthenticateAPI, execution_date=20230321T224720, start_date=20230321T225240, end_date=20230321T225240
[2023-03-21T22:52:40.694+0000] {local_task_job.py:212} INFO - Task exited with return code 0
[2023-03-21T22:52:40.717+0000] {taskinstance.py:2585} INFO - 1 downstream tasks scheduled from follow-on schedule check
