[2023-03-21T22:55:15.473+0000] {taskinstance.py:1084} INFO - Dependencies all met for dep_context=non-requeueable deps ti=<TaskInstance: Spotify_Data_ETL.AuthenticateAPI manual__2023-03-21T22:47:20.265233+00:00 [queued]>
[2023-03-21T22:55:15.481+0000] {taskinstance.py:1084} INFO - Dependencies all met for dep_context=requeueable deps ti=<TaskInstance: Spotify_Data_ETL.AuthenticateAPI manual__2023-03-21T22:47:20.265233+00:00 [queued]>
[2023-03-21T22:55:15.482+0000] {taskinstance.py:1282} INFO - 
--------------------------------------------------------------------------------
[2023-03-21T22:55:15.482+0000] {taskinstance.py:1283} INFO - Starting attempt 3 of 5
[2023-03-21T22:55:15.482+0000] {taskinstance.py:1284} INFO - 
--------------------------------------------------------------------------------
[2023-03-21T22:55:15.492+0000] {taskinstance.py:1303} INFO - Executing <Task(PythonOperator): AuthenticateAPI> on 2023-03-21 22:47:20.265233+00:00
[2023-03-21T22:55:15.497+0000] {standard_task_runner.py:55} INFO - Started process 22459 to run task
[2023-03-21T22:55:15.501+0000] {standard_task_runner.py:82} INFO - Running: ['***', 'tasks', 'run', 'Spotify_Data_ETL', 'AuthenticateAPI', 'manual__2023-03-21T22:47:20.265233+00:00', '--job-id', '2288', '--raw', '--subdir', 'DAGS_FOLDER/spotifydag.py', '--cfg-path', '/tmp/tmpo7i09q_x']
[2023-03-21T22:55:15.502+0000] {standard_task_runner.py:83} INFO - Job 2288: Subtask AuthenticateAPI
[2023-03-21T22:55:15.553+0000] {task_command.py:388} INFO - Running <TaskInstance: Spotify_Data_ETL.AuthenticateAPI manual__2023-03-21T22:47:20.265233+00:00 [running]> on host 1fd7b08731f2
[2023-03-21T22:55:15.597+0000] {taskinstance.py:1511} INFO - Exporting the following env vars:
AIRFLOW_CTX_DAG_OWNER=Ananta Moharana
AIRFLOW_CTX_DAG_ID=Spotify_Data_ETL
AIRFLOW_CTX_TASK_ID=AuthenticateAPI
AIRFLOW_CTX_EXECUTION_DATE=2023-03-21T22:47:20.265233+00:00
AIRFLOW_CTX_TRY_NUMBER=3
AIRFLOW_CTX_DAG_RUN_ID=manual__2023-03-21T22:47:20.265233+00:00
[2023-03-21T22:55:15.698+0000] {logging_mixin.py:137} INFO - BQA-kCBz4HruJOrqLWWXXoLjQjmcmv683uH1bz48usqOnfSBk98NZHqwLBoJ6klpl_Xp4V9STz3uyn6AE0dOtqNUybmRj4UETTlXxhlDRwmXhhhPQjuG
[2023-03-21T22:55:15.709+0000] {python.py:177} INFO - Done. Returned value was: None
[2023-03-21T22:55:15.717+0000] {taskinstance.py:1326} INFO - Marking task as SUCCESS. dag_id=Spotify_Data_ETL, task_id=AuthenticateAPI, execution_date=20230321T224720, start_date=20230321T225515, end_date=20230321T225515
[2023-03-21T22:55:15.753+0000] {local_task_job.py:212} INFO - Task exited with return code 0
[2023-03-21T22:55:15.776+0000] {taskinstance.py:2585} INFO - 1 downstream tasks scheduled from follow-on schedule check
