[2023-03-21T23:01:47.463+0000] {taskinstance.py:1084} INFO - Dependencies all met for dep_context=non-requeueable deps ti=<TaskInstance: Spotify_Data_ETL.AuthenticateAPI manual__2023-03-21T22:47:20.265233+00:00 [queued]>
[2023-03-21T23:01:47.467+0000] {taskinstance.py:1084} INFO - Dependencies all met for dep_context=requeueable deps ti=<TaskInstance: Spotify_Data_ETL.AuthenticateAPI manual__2023-03-21T22:47:20.265233+00:00 [queued]>
[2023-03-21T23:01:47.468+0000] {taskinstance.py:1282} INFO - 
--------------------------------------------------------------------------------
[2023-03-21T23:01:47.468+0000] {taskinstance.py:1283} INFO - Starting attempt 4 of 6
[2023-03-21T23:01:47.468+0000] {taskinstance.py:1284} INFO - 
--------------------------------------------------------------------------------
[2023-03-21T23:01:47.475+0000] {taskinstance.py:1303} INFO - Executing <Task(PythonOperator): AuthenticateAPI> on 2023-03-21 22:47:20.265233+00:00
[2023-03-21T23:01:47.479+0000] {standard_task_runner.py:55} INFO - Started process 23014 to run task
[2023-03-21T23:01:47.483+0000] {standard_task_runner.py:82} INFO - Running: ['***', 'tasks', 'run', 'Spotify_Data_ETL', 'AuthenticateAPI', 'manual__2023-03-21T22:47:20.265233+00:00', '--job-id', '2309', '--raw', '--subdir', 'DAGS_FOLDER/spotifydag.py', '--cfg-path', '/tmp/tmpymx0w4jr']
[2023-03-21T23:01:47.484+0000] {standard_task_runner.py:83} INFO - Job 2309: Subtask AuthenticateAPI
[2023-03-21T23:01:47.527+0000] {task_command.py:388} INFO - Running <TaskInstance: Spotify_Data_ETL.AuthenticateAPI manual__2023-03-21T22:47:20.265233+00:00 [running]> on host 1fd7b08731f2
[2023-03-21T23:01:47.570+0000] {taskinstance.py:1511} INFO - Exporting the following env vars:
AIRFLOW_CTX_DAG_OWNER=Ananta Moharana
AIRFLOW_CTX_DAG_ID=Spotify_Data_ETL
AIRFLOW_CTX_TASK_ID=AuthenticateAPI
AIRFLOW_CTX_EXECUTION_DATE=2023-03-21T22:47:20.265233+00:00
AIRFLOW_CTX_TRY_NUMBER=4
AIRFLOW_CTX_DAG_RUN_ID=manual__2023-03-21T22:47:20.265233+00:00
[2023-03-21T23:01:47.676+0000] {logging_mixin.py:137} INFO - BQCdc6I5MNeDf3ndW7y-OBklG0c7dcdT7wPyVXXaNPHBobFXxtaMQUVoH7px9-ScBAeNOc1xG2bMWEYJ3WAB7mIDNizWSIpI7z1UJqYHHJw8u8DDOrfj
[2023-03-21T23:01:47.688+0000] {python.py:177} INFO - Done. Returned value was: None
[2023-03-21T23:01:47.696+0000] {taskinstance.py:1326} INFO - Marking task as SUCCESS. dag_id=Spotify_Data_ETL, task_id=AuthenticateAPI, execution_date=20230321T224720, start_date=20230321T230147, end_date=20230321T230147
[2023-03-21T23:01:47.739+0000] {local_task_job.py:212} INFO - Task exited with return code 0
[2023-03-21T23:01:47.762+0000] {taskinstance.py:2585} INFO - 1 downstream tasks scheduled from follow-on schedule check
