[2023-03-21T22:47:25.110+0000] {taskinstance.py:1084} INFO - Dependencies all met for dep_context=non-requeueable deps ti=<TaskInstance: Spotify_Data_ETL.AuthenticateAPI manual__2023-03-21T22:47:20.265233+00:00 [queued]>
[2023-03-21T22:47:25.138+0000] {taskinstance.py:1084} INFO - Dependencies all met for dep_context=requeueable deps ti=<TaskInstance: Spotify_Data_ETL.AuthenticateAPI manual__2023-03-21T22:47:20.265233+00:00 [queued]>
[2023-03-21T22:47:25.139+0000] {taskinstance.py:1282} INFO - 
--------------------------------------------------------------------------------
[2023-03-21T22:47:25.140+0000] {taskinstance.py:1283} INFO - Starting attempt 1 of 3
[2023-03-21T22:47:25.141+0000] {taskinstance.py:1284} INFO - 
--------------------------------------------------------------------------------
[2023-03-21T22:47:25.160+0000] {taskinstance.py:1303} INFO - Executing <Task(PythonOperator): AuthenticateAPI> on 2023-03-21 22:47:20.265233+00:00
[2023-03-21T22:47:25.185+0000] {standard_task_runner.py:55} INFO - Started process 21653 to run task
[2023-03-21T22:47:25.193+0000] {standard_task_runner.py:82} INFO - Running: ['***', 'tasks', 'run', 'Spotify_Data_ETL', 'AuthenticateAPI', 'manual__2023-03-21T22:47:20.265233+00:00', '--job-id', '2236', '--raw', '--subdir', 'DAGS_FOLDER/spotifydag.py', '--cfg-path', '/tmp/tmpe6kadslr']
[2023-03-21T22:47:25.194+0000] {standard_task_runner.py:83} INFO - Job 2236: Subtask AuthenticateAPI
[2023-03-21T22:47:25.353+0000] {task_command.py:388} INFO - Running <TaskInstance: Spotify_Data_ETL.AuthenticateAPI manual__2023-03-21T22:47:20.265233+00:00 [running]> on host 1fd7b08731f2
[2023-03-21T22:47:25.457+0000] {taskinstance.py:1511} INFO - Exporting the following env vars:
AIRFLOW_CTX_DAG_OWNER=Ananta Moharana
AIRFLOW_CTX_DAG_ID=Spotify_Data_ETL
AIRFLOW_CTX_TASK_ID=AuthenticateAPI
AIRFLOW_CTX_EXECUTION_DATE=2023-03-21T22:47:20.265233+00:00
AIRFLOW_CTX_TRY_NUMBER=1
AIRFLOW_CTX_DAG_RUN_ID=manual__2023-03-21T22:47:20.265233+00:00
[2023-03-21T22:47:25.576+0000] {logging_mixin.py:137} INFO - BQAVoUFedkNx45mTOSZV7SknKAhk7SW7yXOlZkQ9cdqR3LyAkwajUdosbHIYwinuqU5UlSoNsyX_y02n5HwwtontDBYWDaeENGf31AqLn1-zSDZtAdfL
[2023-03-21T22:47:25.603+0000] {python.py:177} INFO - Done. Returned value was: None
[2023-03-21T22:47:25.615+0000] {taskinstance.py:1326} INFO - Marking task as SUCCESS. dag_id=Spotify_Data_ETL, task_id=AuthenticateAPI, execution_date=20230321T224720, start_date=20230321T224725, end_date=20230321T224725
[2023-03-21T22:47:25.646+0000] {local_task_job.py:212} INFO - Task exited with return code 0
[2023-03-21T22:47:25.675+0000] {taskinstance.py:2585} INFO - 1 downstream tasks scheduled from follow-on schedule check
