[2023-03-12T22:27:39.254+0000] {taskinstance.py:1083} INFO - Dependencies all met for <TaskInstance: Spotify_Data_ETL.GetArtistInfo manual__2023-03-12T22:27:34.575843+00:00 [queued]>
[2023-03-12T22:27:39.259+0000] {taskinstance.py:1083} INFO - Dependencies all met for <TaskInstance: Spotify_Data_ETL.GetArtistInfo manual__2023-03-12T22:27:34.575843+00:00 [queued]>
[2023-03-12T22:27:39.259+0000] {taskinstance.py:1279} INFO - 
--------------------------------------------------------------------------------
[2023-03-12T22:27:39.260+0000] {taskinstance.py:1280} INFO - Starting attempt 1 of 3
[2023-03-12T22:27:39.260+0000] {taskinstance.py:1281} INFO - 
--------------------------------------------------------------------------------
[2023-03-12T22:27:39.266+0000] {taskinstance.py:1300} INFO - Executing <Task(PythonOperator): GetArtistInfo> on 2023-03-12 22:27:34.575843+00:00
[2023-03-12T22:27:39.271+0000] {standard_task_runner.py:55} INFO - Started process 2306 to run task
[2023-03-12T22:27:39.274+0000] {standard_task_runner.py:82} INFO - Running: ['***', 'tasks', 'run', 'Spotify_Data_ETL', 'GetArtistInfo', 'manual__2023-03-12T22:27:34.575843+00:00', '--job-id', '140', '--raw', '--subdir', 'DAGS_FOLDER/spotifydag.py', '--cfg-path', '/tmp/tmpe85n0waw']
[2023-03-12T22:27:39.274+0000] {standard_task_runner.py:83} INFO - Job 140: Subtask GetArtistInfo
[2023-03-12T22:27:39.315+0000] {task_command.py:388} INFO - Running <TaskInstance: Spotify_Data_ETL.GetArtistInfo manual__2023-03-12T22:27:34.575843+00:00 [running]> on host 83697a7176fb
[2023-03-12T22:27:39.354+0000] {taskinstance.py:1509} INFO - Exporting the following env vars:
AIRFLOW_CTX_DAG_OWNER=Ananta Moharana
AIRFLOW_CTX_DAG_ID=Spotify_Data_ETL
AIRFLOW_CTX_TASK_ID=GetArtistInfo
AIRFLOW_CTX_EXECUTION_DATE=2023-03-12T22:27:34.575843+00:00
AIRFLOW_CTX_TRY_NUMBER=1
AIRFLOW_CTX_DAG_RUN_ID=manual__2023-03-12T22:27:34.575843+00:00
[2023-03-12T22:27:50.591+0000] {python.py:177} INFO - Done. Returned value was: None
[2023-03-12T22:27:50.606+0000] {taskinstance.py:1323} INFO - Marking task as SUCCESS. dag_id=Spotify_Data_ETL, task_id=GetArtistInfo, execution_date=20230312T222734, start_date=20230312T222739, end_date=20230312T222750
[2023-03-12T22:27:50.628+0000] {local_task_job.py:208} INFO - Task exited with return code 0
[2023-03-12T22:27:50.643+0000] {taskinstance.py:2578} INFO - 1 downstream tasks scheduled from follow-on schedule check
