[2023-03-16T18:04:29.879+0000] {taskinstance.py:1083} INFO - Dependencies all met for <TaskInstance: Spotify_Data_ETL.GetSongsFromPlaylist manual__2023-03-16T18:04:25.665608+00:00 [queued]>
[2023-03-16T18:04:29.884+0000] {taskinstance.py:1083} INFO - Dependencies all met for <TaskInstance: Spotify_Data_ETL.GetSongsFromPlaylist manual__2023-03-16T18:04:25.665608+00:00 [queued]>
[2023-03-16T18:04:29.885+0000] {taskinstance.py:1279} INFO - 
--------------------------------------------------------------------------------
[2023-03-16T18:04:29.885+0000] {taskinstance.py:1280} INFO - Starting attempt 1 of 3
[2023-03-16T18:04:29.886+0000] {taskinstance.py:1281} INFO - 
--------------------------------------------------------------------------------
[2023-03-16T18:04:29.892+0000] {taskinstance.py:1300} INFO - Executing <Task(PythonOperator): GetSongsFromPlaylist> on 2023-03-16 18:04:25.665608+00:00
[2023-03-16T18:04:29.897+0000] {standard_task_runner.py:55} INFO - Started process 462 to run task
[2023-03-16T18:04:29.899+0000] {standard_task_runner.py:82} INFO - Running: ['***', 'tasks', 'run', 'Spotify_Data_ETL', 'GetSongsFromPlaylist', 'manual__2023-03-16T18:04:25.665608+00:00', '--job-id', '1328', '--raw', '--subdir', 'DAGS_FOLDER/spotifydag.py', '--cfg-path', '/tmp/tmp3s27gc86']
[2023-03-16T18:04:29.900+0000] {standard_task_runner.py:83} INFO - Job 1328: Subtask GetSongsFromPlaylist
[2023-03-16T18:04:29.941+0000] {task_command.py:388} INFO - Running <TaskInstance: Spotify_Data_ETL.GetSongsFromPlaylist manual__2023-03-16T18:04:25.665608+00:00 [running]> on host 8f7fdf71f1bb
[2023-03-16T18:04:30.088+0000] {taskinstance.py:1509} INFO - Exporting the following env vars:
AIRFLOW_CTX_DAG_OWNER=Ananta Moharana
AIRFLOW_CTX_DAG_ID=Spotify_Data_ETL
AIRFLOW_CTX_TASK_ID=GetSongsFromPlaylist
AIRFLOW_CTX_EXECUTION_DATE=2023-03-16T18:04:25.665608+00:00
AIRFLOW_CTX_TRY_NUMBER=1
AIRFLOW_CTX_DAG_RUN_ID=manual__2023-03-16T18:04:25.665608+00:00
[2023-03-16T18:04:30.643+0000] {python.py:177} INFO - Done. Returned value was: None
[2023-03-16T18:04:30.650+0000] {taskinstance.py:1323} INFO - Marking task as SUCCESS. dag_id=Spotify_Data_ETL, task_id=GetSongsFromPlaylist, execution_date=20230316T180425, start_date=20230316T180429, end_date=20230316T180430
[2023-03-16T18:04:30.690+0000] {local_task_job.py:208} INFO - Task exited with return code 0
[2023-03-16T18:04:30.712+0000] {taskinstance.py:2578} INFO - 2 downstream tasks scheduled from follow-on schedule check
