[2023-03-16T04:45:56.740+0000] {taskinstance.py:1083} INFO - Dependencies all met for <TaskInstance: Spotify_Data_ETL.GetAudioQuality manual__2023-03-16T04:45:52.513624+00:00 [queued]>
[2023-03-16T04:45:56.744+0000] {taskinstance.py:1083} INFO - Dependencies all met for <TaskInstance: Spotify_Data_ETL.GetAudioQuality manual__2023-03-16T04:45:52.513624+00:00 [queued]>
[2023-03-16T04:45:56.745+0000] {taskinstance.py:1279} INFO - 
--------------------------------------------------------------------------------
[2023-03-16T04:45:56.745+0000] {taskinstance.py:1280} INFO - Starting attempt 1 of 3
[2023-03-16T04:45:56.746+0000] {taskinstance.py:1281} INFO - 
--------------------------------------------------------------------------------
[2023-03-16T04:45:56.753+0000] {taskinstance.py:1300} INFO - Executing <Task(PythonOperator): GetAudioQuality> on 2023-03-16 04:45:52.513624+00:00
[2023-03-16T04:45:56.757+0000] {standard_task_runner.py:55} INFO - Started process 7073 to run task
[2023-03-16T04:45:56.761+0000] {standard_task_runner.py:82} INFO - Running: ['***', 'tasks', 'run', 'Spotify_Data_ETL', 'GetAudioQuality', 'manual__2023-03-16T04:45:52.513624+00:00', '--job-id', '1095', '--raw', '--subdir', 'DAGS_FOLDER/spotifydag.py', '--cfg-path', '/tmp/tmploi2c8n7']
[2023-03-16T04:45:56.761+0000] {standard_task_runner.py:83} INFO - Job 1095: Subtask GetAudioQuality
[2023-03-16T04:45:56.806+0000] {task_command.py:388} INFO - Running <TaskInstance: Spotify_Data_ETL.GetAudioQuality manual__2023-03-16T04:45:52.513624+00:00 [running]> on host 18c42e4ef76b
[2023-03-16T04:45:56.982+0000] {taskinstance.py:1509} INFO - Exporting the following env vars:
AIRFLOW_CTX_DAG_OWNER=Ananta Moharana
AIRFLOW_CTX_DAG_ID=Spotify_Data_ETL
AIRFLOW_CTX_TASK_ID=GetAudioQuality
AIRFLOW_CTX_EXECUTION_DATE=2023-03-16T04:45:52.513624+00:00
AIRFLOW_CTX_TRY_NUMBER=1
AIRFLOW_CTX_DAG_RUN_ID=manual__2023-03-16T04:45:52.513624+00:00
[2023-03-16T04:46:27.640+0000] {python.py:177} INFO - Done. Returned value was: None
[2023-03-16T04:46:27.651+0000] {taskinstance.py:1323} INFO - Marking task as SUCCESS. dag_id=Spotify_Data_ETL, task_id=GetAudioQuality, execution_date=20230316T044552, start_date=20230316T044556, end_date=20230316T044627
[2023-03-16T04:46:27.696+0000] {local_task_job.py:208} INFO - Task exited with return code 0
[2023-03-16T04:46:27.844+0000] {taskinstance.py:2578} INFO - 1 downstream tasks scheduled from follow-on schedule check
