[2023-03-21T19:28:16.880+0000] {taskinstance.py:1084} INFO - Dependencies all met for dep_context=non-requeueable deps ti=<TaskInstance: Spotify_Data_ETL.TransformData manual__2023-03-21T18:58:58.410635+00:00 [queued]>
[2023-03-21T19:28:16.884+0000] {taskinstance.py:1084} INFO - Dependencies all met for dep_context=requeueable deps ti=<TaskInstance: Spotify_Data_ETL.TransformData manual__2023-03-21T18:58:58.410635+00:00 [queued]>
[2023-03-21T19:28:16.885+0000] {taskinstance.py:1282} INFO - 
--------------------------------------------------------------------------------
[2023-03-21T19:28:16.885+0000] {taskinstance.py:1283} INFO - Starting attempt 4 of 6
[2023-03-21T19:28:16.886+0000] {taskinstance.py:1284} INFO - 
--------------------------------------------------------------------------------
[2023-03-21T19:28:16.893+0000] {taskinstance.py:1303} INFO - Executing <Task(PythonOperator): TransformData> on 2023-03-21 18:58:58.410635+00:00
[2023-03-21T19:28:16.897+0000] {standard_task_runner.py:55} INFO - Started process 7341 to run task
[2023-03-21T19:28:16.900+0000] {standard_task_runner.py:82} INFO - Running: ['***', 'tasks', 'run', 'Spotify_Data_ETL', 'TransformData', 'manual__2023-03-21T18:58:58.410635+00:00', '--job-id', '1928', '--raw', '--subdir', 'DAGS_FOLDER/spotifydag.py', '--cfg-path', '/tmp/tmpe76099f8']
[2023-03-21T19:28:16.901+0000] {standard_task_runner.py:83} INFO - Job 1928: Subtask TransformData
[2023-03-21T19:28:16.943+0000] {task_command.py:388} INFO - Running <TaskInstance: Spotify_Data_ETL.TransformData manual__2023-03-21T18:58:58.410635+00:00 [running]> on host 1fd7b08731f2
[2023-03-21T19:28:16.982+0000] {taskinstance.py:1511} INFO - Exporting the following env vars:
AIRFLOW_CTX_DAG_OWNER=Ananta Moharana
AIRFLOW_CTX_DAG_ID=Spotify_Data_ETL
AIRFLOW_CTX_TASK_ID=TransformData
AIRFLOW_CTX_EXECUTION_DATE=2023-03-21T18:58:58.410635+00:00
AIRFLOW_CTX_TRY_NUMBER=4
AIRFLOW_CTX_DAG_RUN_ID=manual__2023-03-21T18:58:58.410635+00:00
[2023-03-21T19:28:17.015+0000] {warnings.py:110} WARNING - /opt/***/dags/src/transform.py:29: SettingWithCopyWarning: 
A value is trying to be set on a copy of a slice from a DataFrame.
Try using .loc[row_indexer,col_indexer] = value instead

See the caveats in the documentation: https://pandas.pydata.org/pandas-docs/stable/user_guide/indexing.html#returning-a-view-versus-a-copy
  song_fact['date']=today

[2023-03-21T19:28:17.017+0000] {warnings.py:110} WARNING - /home/***/.local/lib/python3.7/site-packages/pandas/util/_decorators.py:311: SettingWithCopyWarning: 
A value is trying to be set on a copy of a slice from a DataFrame

See the caveats in the documentation: https://pandas.pydata.org/pandas-docs/stable/user_guide/indexing.html#returning-a-view-versus-a-copy
  return func(*args, **kwargs)

[2023-03-21T19:28:17.073+0000] {python.py:177} INFO - Done. Returned value was: None
[2023-03-21T19:28:17.080+0000] {taskinstance.py:1326} INFO - Marking task as SUCCESS. dag_id=Spotify_Data_ETL, task_id=TransformData, execution_date=20230321T185858, start_date=20230321T192816, end_date=20230321T192817
[2023-03-21T19:28:17.112+0000] {local_task_job.py:212} INFO - Task exited with return code 0
[2023-03-21T19:28:17.133+0000] {taskinstance.py:2585} INFO - 6 downstream tasks scheduled from follow-on schedule check
