[2023-03-14T04:15:31.738+0000] {taskinstance.py:1083} INFO - Dependencies all met for <TaskInstance: Spotify_Data_ETL.GetAudioQuality manual__2023-03-14T04:09:39.290984+00:00 [queued]>
[2023-03-14T04:15:31.744+0000] {taskinstance.py:1083} INFO - Dependencies all met for <TaskInstance: Spotify_Data_ETL.GetAudioQuality manual__2023-03-14T04:09:39.290984+00:00 [queued]>
[2023-03-14T04:15:31.745+0000] {taskinstance.py:1279} INFO - 
--------------------------------------------------------------------------------
[2023-03-14T04:15:31.745+0000] {taskinstance.py:1280} INFO - Starting attempt 5 of 7
[2023-03-14T04:15:31.745+0000] {taskinstance.py:1281} INFO - 
--------------------------------------------------------------------------------
[2023-03-14T04:15:31.754+0000] {taskinstance.py:1300} INFO - Executing <Task(PythonOperator): GetAudioQuality> on 2023-03-14 04:09:39.290984+00:00
[2023-03-14T04:15:31.759+0000] {standard_task_runner.py:55} INFO - Started process 100 to run task
[2023-03-14T04:15:31.763+0000] {standard_task_runner.py:82} INFO - Running: ['***', 'tasks', 'run', 'Spotify_Data_ETL', 'GetAudioQuality', 'manual__2023-03-14T04:09:39.290984+00:00', '--job-id', '472', '--raw', '--subdir', 'DAGS_FOLDER/spotifydag.py', '--cfg-path', '/tmp/tmpp6vxwkv2']
[2023-03-14T04:15:31.767+0000] {standard_task_runner.py:83} INFO - Job 472: Subtask GetAudioQuality
[2023-03-14T04:15:31.882+0000] {task_command.py:388} INFO - Running <TaskInstance: Spotify_Data_ETL.GetAudioQuality manual__2023-03-14T04:09:39.290984+00:00 [running]> on host f9d11a1d4c93
[2023-03-14T04:15:32.253+0000] {taskinstance.py:1509} INFO - Exporting the following env vars:
AIRFLOW_CTX_DAG_OWNER=Ananta Moharana
AIRFLOW_CTX_DAG_ID=Spotify_Data_ETL
AIRFLOW_CTX_TASK_ID=GetAudioQuality
AIRFLOW_CTX_EXECUTION_DATE=2023-03-14T04:09:39.290984+00:00
AIRFLOW_CTX_TRY_NUMBER=5
AIRFLOW_CTX_DAG_RUN_ID=manual__2023-03-14T04:09:39.290984+00:00
[2023-03-14T04:15:41.624+0000] {python.py:177} INFO - Done. Returned value was: None
[2023-03-14T04:15:41.633+0000] {taskinstance.py:1323} INFO - Marking task as SUCCESS. dag_id=Spotify_Data_ETL, task_id=GetAudioQuality, execution_date=20230314T040939, start_date=20230314T041531, end_date=20230314T041541
[2023-03-14T04:15:41.679+0000] {local_task_job.py:208} INFO - Task exited with return code 0
[2023-03-14T04:15:41.961+0000] {taskinstance.py:2578} INFO - 0 downstream tasks scheduled from follow-on schedule check
