[2023-03-14T04:12:20.084+0000] {taskinstance.py:1083} INFO - Dependencies all met for <TaskInstance: Spotify_Data_ETL.GetAudioQuality manual__2023-03-14T04:09:39.290984+00:00 [queued]>
[2023-03-14T04:12:20.116+0000] {taskinstance.py:1083} INFO - Dependencies all met for <TaskInstance: Spotify_Data_ETL.GetAudioQuality manual__2023-03-14T04:09:39.290984+00:00 [queued]>
[2023-03-14T04:12:20.117+0000] {taskinstance.py:1279} INFO - 
--------------------------------------------------------------------------------
[2023-03-14T04:12:20.117+0000] {taskinstance.py:1280} INFO - Starting attempt 3 of 5
[2023-03-14T04:12:20.118+0000] {taskinstance.py:1281} INFO - 
--------------------------------------------------------------------------------
[2023-03-14T04:12:20.127+0000] {taskinstance.py:1300} INFO - Executing <Task(PythonOperator): GetAudioQuality> on 2023-03-14 04:09:39.290984+00:00
[2023-03-14T04:12:20.146+0000] {standard_task_runner.py:82} INFO - Running: ['***', 'tasks', 'run', 'Spotify_Data_ETL', 'GetAudioQuality', 'manual__2023-03-14T04:09:39.290984+00:00', '--job-id', '456', '--raw', '--subdir', 'DAGS_FOLDER/spotifydag.py', '--cfg-path', '/tmp/tmp3azgs888']
[2023-03-14T04:12:20.146+0000] {standard_task_runner.py:55} INFO - Started process 3974 to run task
[2023-03-14T04:12:20.150+0000] {standard_task_runner.py:83} INFO - Job 456: Subtask GetAudioQuality
[2023-03-14T04:12:20.252+0000] {task_command.py:388} INFO - Running <TaskInstance: Spotify_Data_ETL.GetAudioQuality manual__2023-03-14T04:09:39.290984+00:00 [running]> on host c1e86c20df76
[2023-03-14T04:12:20.503+0000] {taskinstance.py:1509} INFO - Exporting the following env vars:
AIRFLOW_CTX_DAG_OWNER=Ananta Moharana
AIRFLOW_CTX_DAG_ID=Spotify_Data_ETL
AIRFLOW_CTX_TASK_ID=GetAudioQuality
AIRFLOW_CTX_EXECUTION_DATE=2023-03-14T04:09:39.290984+00:00
AIRFLOW_CTX_TRY_NUMBER=3
AIRFLOW_CTX_DAG_RUN_ID=manual__2023-03-14T04:09:39.290984+00:00
[2023-03-14T04:12:30.147+0000] {python.py:177} INFO - Done. Returned value was: None
[2023-03-14T04:12:30.162+0000] {taskinstance.py:1323} INFO - Marking task as SUCCESS. dag_id=Spotify_Data_ETL, task_id=GetAudioQuality, execution_date=20230314T040939, start_date=20230314T041220, end_date=20230314T041230
[2023-03-14T04:12:30.227+0000] {local_task_job.py:208} INFO - Task exited with return code 0
[2023-03-14T04:12:30.368+0000] {taskinstance.py:2578} INFO - 0 downstream tasks scheduled from follow-on schedule check
