[2023-03-14T04:13:10.387+0000] {taskinstance.py:1083} INFO - Dependencies all met for <TaskInstance: Spotify_Data_ETL.GetAudioQuality manual__2023-03-14T04:09:39.290984+00:00 [queued]>
[2023-03-14T04:13:10.392+0000] {taskinstance.py:1083} INFO - Dependencies all met for <TaskInstance: Spotify_Data_ETL.GetAudioQuality manual__2023-03-14T04:09:39.290984+00:00 [queued]>
[2023-03-14T04:13:10.393+0000] {taskinstance.py:1279} INFO - 
--------------------------------------------------------------------------------
[2023-03-14T04:13:10.393+0000] {taskinstance.py:1280} INFO - Starting attempt 4 of 6
[2023-03-14T04:13:10.394+0000] {taskinstance.py:1281} INFO - 
--------------------------------------------------------------------------------
[2023-03-14T04:13:10.401+0000] {taskinstance.py:1300} INFO - Executing <Task(PythonOperator): GetAudioQuality> on 2023-03-14 04:09:39.290984+00:00
[2023-03-14T04:13:10.406+0000] {standard_task_runner.py:55} INFO - Started process 4056 to run task
[2023-03-14T04:13:10.411+0000] {standard_task_runner.py:82} INFO - Running: ['***', 'tasks', 'run', 'Spotify_Data_ETL', 'GetAudioQuality', 'manual__2023-03-14T04:09:39.290984+00:00', '--job-id', '461', '--raw', '--subdir', 'DAGS_FOLDER/spotifydag.py', '--cfg-path', '/tmp/tmpzafv1f70']
[2023-03-14T04:13:10.411+0000] {standard_task_runner.py:83} INFO - Job 461: Subtask GetAudioQuality
[2023-03-14T04:13:10.461+0000] {task_command.py:388} INFO - Running <TaskInstance: Spotify_Data_ETL.GetAudioQuality manual__2023-03-14T04:09:39.290984+00:00 [running]> on host c1e86c20df76
[2023-03-14T04:13:10.663+0000] {taskinstance.py:1509} INFO - Exporting the following env vars:
AIRFLOW_CTX_DAG_OWNER=Ananta Moharana
AIRFLOW_CTX_DAG_ID=Spotify_Data_ETL
AIRFLOW_CTX_TASK_ID=GetAudioQuality
AIRFLOW_CTX_EXECUTION_DATE=2023-03-14T04:09:39.290984+00:00
AIRFLOW_CTX_TRY_NUMBER=4
AIRFLOW_CTX_DAG_RUN_ID=manual__2023-03-14T04:09:39.290984+00:00
[2023-03-14T04:13:20.096+0000] {python.py:177} INFO - Done. Returned value was: None
[2023-03-14T04:13:20.106+0000] {taskinstance.py:1323} INFO - Marking task as SUCCESS. dag_id=Spotify_Data_ETL, task_id=GetAudioQuality, execution_date=20230314T040939, start_date=20230314T041310, end_date=20230314T041320
[2023-03-14T04:13:20.149+0000] {local_task_job.py:208} INFO - Task exited with return code 0
[2023-03-14T04:13:20.167+0000] {taskinstance.py:2578} INFO - 0 downstream tasks scheduled from follow-on schedule check
