[2023-03-18T04:27:25.083+0000] {taskinstance.py:1083} INFO - Dependencies all met for <TaskInstance: Spotify_Data_ETL.TransformData manual__2023-03-18T04:27:11.434896+00:00 [queued]>
[2023-03-18T04:27:25.087+0000] {taskinstance.py:1083} INFO - Dependencies all met for <TaskInstance: Spotify_Data_ETL.TransformData manual__2023-03-18T04:27:11.434896+00:00 [queued]>
[2023-03-18T04:27:25.088+0000] {taskinstance.py:1279} INFO - 
--------------------------------------------------------------------------------
[2023-03-18T04:27:25.088+0000] {taskinstance.py:1280} INFO - Starting attempt 1 of 3
[2023-03-18T04:27:25.089+0000] {taskinstance.py:1281} INFO - 
--------------------------------------------------------------------------------
[2023-03-18T04:27:25.095+0000] {taskinstance.py:1300} INFO - Executing <Task(PythonOperator): TransformData> on 2023-03-18 04:27:11.434896+00:00
[2023-03-18T04:27:25.100+0000] {standard_task_runner.py:55} INFO - Started process 321 to run task
[2023-03-18T04:27:25.104+0000] {standard_task_runner.py:82} INFO - Running: ['***', 'tasks', 'run', 'Spotify_Data_ETL', 'TransformData', 'manual__2023-03-18T04:27:11.434896+00:00', '--job-id', '1536', '--raw', '--subdir', 'DAGS_FOLDER/spotifydag.py', '--cfg-path', '/tmp/tmpqigq6v_y']
[2023-03-18T04:27:25.105+0000] {standard_task_runner.py:83} INFO - Job 1536: Subtask TransformData
[2023-03-18T04:27:25.148+0000] {task_command.py:388} INFO - Running <TaskInstance: Spotify_Data_ETL.TransformData manual__2023-03-18T04:27:11.434896+00:00 [running]> on host 80993b942372
[2023-03-18T04:27:25.188+0000] {taskinstance.py:1509} INFO - Exporting the following env vars:
AIRFLOW_CTX_DAG_OWNER=Ananta Moharana
AIRFLOW_CTX_DAG_ID=Spotify_Data_ETL
AIRFLOW_CTX_TASK_ID=TransformData
AIRFLOW_CTX_EXECUTION_DATE=2023-03-18T04:27:11.434896+00:00
AIRFLOW_CTX_TRY_NUMBER=1
AIRFLOW_CTX_DAG_RUN_ID=manual__2023-03-18T04:27:11.434896+00:00
[2023-03-18T04:27:25.225+0000] {warnings.py:110} WARNING - /opt/***/dags/src/transform.py:29: SettingWithCopyWarning: 
A value is trying to be set on a copy of a slice from a DataFrame.
Try using .loc[row_indexer,col_indexer] = value instead

See the caveats in the documentation: https://pandas.pydata.org/pandas-docs/stable/user_guide/indexing.html#returning-a-view-versus-a-copy
  song_fact['date']=today

[2023-03-18T04:27:25.227+0000] {warnings.py:110} WARNING - /home/***/.local/lib/python3.7/site-packages/pandas/util/_decorators.py:311: SettingWithCopyWarning: 
A value is trying to be set on a copy of a slice from a DataFrame

See the caveats in the documentation: https://pandas.pydata.org/pandas-docs/stable/user_guide/indexing.html#returning-a-view-versus-a-copy
  return func(*args, **kwargs)

[2023-03-18T04:27:25.280+0000] {python.py:177} INFO - Done. Returned value was: None
[2023-03-18T04:27:25.287+0000] {taskinstance.py:1323} INFO - Marking task as SUCCESS. dag_id=Spotify_Data_ETL, task_id=TransformData, execution_date=20230318T042711, start_date=20230318T042725, end_date=20230318T042725
[2023-03-18T04:27:25.315+0000] {local_task_job.py:208} INFO - Task exited with return code 0
[2023-03-18T04:27:25.335+0000] {taskinstance.py:2578} INFO - 5 downstream tasks scheduled from follow-on schedule check
