[2023-03-21T02:08:01.036+0000] {taskinstance.py:1084} INFO - Dependencies all met for dep_context=non-requeueable deps ti=<TaskInstance: Spotify_Data_ETL.TransformData manual__2023-03-18T04:27:11.434896+00:00 [queued]>
[2023-03-21T02:08:01.040+0000] {taskinstance.py:1084} INFO - Dependencies all met for dep_context=requeueable deps ti=<TaskInstance: Spotify_Data_ETL.TransformData manual__2023-03-18T04:27:11.434896+00:00 [queued]>
[2023-03-21T02:08:01.041+0000] {taskinstance.py:1282} INFO - 
--------------------------------------------------------------------------------
[2023-03-21T02:08:01.041+0000] {taskinstance.py:1283} INFO - Starting attempt 7 of 9
[2023-03-21T02:08:01.042+0000] {taskinstance.py:1284} INFO - 
--------------------------------------------------------------------------------
[2023-03-21T02:08:01.049+0000] {taskinstance.py:1303} INFO - Executing <Task(PythonOperator): TransformData> on 2023-03-18 04:27:11.434896+00:00
[2023-03-21T02:08:01.054+0000] {standard_task_runner.py:55} INFO - Started process 16714 to run task
[2023-03-21T02:08:01.057+0000] {standard_task_runner.py:82} INFO - Running: ['***', 'tasks', 'run', 'Spotify_Data_ETL', 'TransformData', 'manual__2023-03-18T04:27:11.434896+00:00', '--job-id', '1650', '--raw', '--subdir', 'DAGS_FOLDER/spotifydag.py', '--cfg-path', '/tmp/tmpywh1uxiu']
[2023-03-21T02:08:01.058+0000] {standard_task_runner.py:83} INFO - Job 1650: Subtask TransformData
[2023-03-21T02:08:01.102+0000] {task_command.py:388} INFO - Running <TaskInstance: Spotify_Data_ETL.TransformData manual__2023-03-18T04:27:11.434896+00:00 [running]> on host 1fd7b08731f2
[2023-03-21T02:08:01.141+0000] {taskinstance.py:1511} INFO - Exporting the following env vars:
AIRFLOW_CTX_DAG_OWNER=Ananta Moharana
AIRFLOW_CTX_DAG_ID=Spotify_Data_ETL
AIRFLOW_CTX_TASK_ID=TransformData
AIRFLOW_CTX_EXECUTION_DATE=2023-03-18T04:27:11.434896+00:00
AIRFLOW_CTX_TRY_NUMBER=7
AIRFLOW_CTX_DAG_RUN_ID=manual__2023-03-18T04:27:11.434896+00:00
[2023-03-21T02:08:01.176+0000] {warnings.py:110} WARNING - /opt/***/dags/src/transform.py:29: SettingWithCopyWarning: 
A value is trying to be set on a copy of a slice from a DataFrame.
Try using .loc[row_indexer,col_indexer] = value instead

See the caveats in the documentation: https://pandas.pydata.org/pandas-docs/stable/user_guide/indexing.html#returning-a-view-versus-a-copy
  song_fact['date']=today

[2023-03-21T02:08:01.179+0000] {warnings.py:110} WARNING - /home/***/.local/lib/python3.7/site-packages/pandas/util/_decorators.py:311: SettingWithCopyWarning: 
A value is trying to be set on a copy of a slice from a DataFrame

See the caveats in the documentation: https://pandas.pydata.org/pandas-docs/stable/user_guide/indexing.html#returning-a-view-versus-a-copy
  return func(*args, **kwargs)

[2023-03-21T02:08:01.224+0000] {python.py:177} INFO - Done. Returned value was: None
[2023-03-21T02:08:01.231+0000] {taskinstance.py:1326} INFO - Marking task as SUCCESS. dag_id=Spotify_Data_ETL, task_id=TransformData, execution_date=20230318T042711, start_date=20230321T020801, end_date=20230321T020801
[2023-03-21T02:08:01.274+0000] {local_task_job.py:212} INFO - Task exited with return code 0
[2023-03-21T02:08:01.296+0000] {taskinstance.py:2585} INFO - 5 downstream tasks scheduled from follow-on schedule check
