[2023-03-17T19:16:39.642+0000] {taskinstance.py:1083} INFO - Dependencies all met for <TaskInstance: Spotify_Data_ETL.JsonToCSV manual__2023-03-17T19:16:21.700412+00:00 [queued]>
[2023-03-17T19:16:39.646+0000] {taskinstance.py:1083} INFO - Dependencies all met for <TaskInstance: Spotify_Data_ETL.JsonToCSV manual__2023-03-17T19:16:21.700412+00:00 [queued]>
[2023-03-17T19:16:39.647+0000] {taskinstance.py:1279} INFO - 
--------------------------------------------------------------------------------
[2023-03-17T19:16:39.647+0000] {taskinstance.py:1280} INFO - Starting attempt 1 of 3
[2023-03-17T19:16:39.648+0000] {taskinstance.py:1281} INFO - 
--------------------------------------------------------------------------------
[2023-03-17T19:16:39.654+0000] {taskinstance.py:1300} INFO - Executing <Task(PythonOperator): JsonToCSV> on 2023-03-17 19:16:21.700412+00:00
[2023-03-17T19:16:39.658+0000] {standard_task_runner.py:55} INFO - Started process 6118 to run task
[2023-03-17T19:16:39.662+0000] {standard_task_runner.py:82} INFO - Running: ['***', 'tasks', 'run', 'Spotify_Data_ETL', 'JsonToCSV', 'manual__2023-03-17T19:16:21.700412+00:00', '--job-id', '1364', '--raw', '--subdir', 'DAGS_FOLDER/spotifydag.py', '--cfg-path', '/tmp/tmpjihznxz8']
[2023-03-17T19:16:39.662+0000] {standard_task_runner.py:83} INFO - Job 1364: Subtask JsonToCSV
[2023-03-17T19:16:39.704+0000] {task_command.py:388} INFO - Running <TaskInstance: Spotify_Data_ETL.JsonToCSV manual__2023-03-17T19:16:21.700412+00:00 [running]> on host 8f7fdf71f1bb
[2023-03-17T19:16:39.741+0000] {taskinstance.py:1509} INFO - Exporting the following env vars:
AIRFLOW_CTX_DAG_OWNER=Ananta Moharana
AIRFLOW_CTX_DAG_ID=Spotify_Data_ETL
AIRFLOW_CTX_TASK_ID=JsonToCSV
AIRFLOW_CTX_EXECUTION_DATE=2023-03-17T19:16:21.700412+00:00
AIRFLOW_CTX_TRY_NUMBER=1
AIRFLOW_CTX_DAG_RUN_ID=manual__2023-03-17T19:16:21.700412+00:00
[2023-03-17T19:16:39.749+0000] {base.py:73} INFO - Using connection ID 'aws_connection' for task execution.
[2023-03-17T19:16:39.749+0000] {connection_wrapper.py:334} INFO - AWS Connection (conn_id='aws_connection', conn_type='aws') credentials retrieved from login and password.
[2023-03-17T19:16:43.030+0000] {python.py:177} INFO - Done. Returned value was: None
[2023-03-17T19:16:43.039+0000] {taskinstance.py:1323} INFO - Marking task as SUCCESS. dag_id=Spotify_Data_ETL, task_id=JsonToCSV, execution_date=20230317T191621, start_date=20230317T191639, end_date=20230317T191643
[2023-03-17T19:16:43.101+0000] {local_task_job.py:208} INFO - Task exited with return code 0
[2023-03-17T19:16:43.138+0000] {taskinstance.py:2578} INFO - 1 downstream tasks scheduled from follow-on schedule check
