[2023-03-16T18:04:28.201+0000] {taskinstance.py:1083} INFO - Dependencies all met for <TaskInstance: Spotify_Data_ETL.AuthenticateAPI manual__2023-03-16T18:04:25.665608+00:00 [queued]>
[2023-03-16T18:04:28.207+0000] {taskinstance.py:1083} INFO - Dependencies all met for <TaskInstance: Spotify_Data_ETL.AuthenticateAPI manual__2023-03-16T18:04:25.665608+00:00 [queued]>
[2023-03-16T18:04:28.207+0000] {taskinstance.py:1279} INFO - 
--------------------------------------------------------------------------------
[2023-03-16T18:04:28.208+0000] {taskinstance.py:1280} INFO - Starting attempt 1 of 3
[2023-03-16T18:04:28.208+0000] {taskinstance.py:1281} INFO - 
--------------------------------------------------------------------------------
[2023-03-16T18:04:28.216+0000] {taskinstance.py:1300} INFO - Executing <Task(PythonOperator): AuthenticateAPI> on 2023-03-16 18:04:25.665608+00:00
[2023-03-16T18:04:28.221+0000] {standard_task_runner.py:55} INFO - Started process 446 to run task
[2023-03-16T18:04:28.226+0000] {standard_task_runner.py:82} INFO - Running: ['***', 'tasks', 'run', 'Spotify_Data_ETL', 'AuthenticateAPI', 'manual__2023-03-16T18:04:25.665608+00:00', '--job-id', '1327', '--raw', '--subdir', 'DAGS_FOLDER/spotifydag.py', '--cfg-path', '/tmp/tmp2uqyvr71']
[2023-03-16T18:04:28.227+0000] {standard_task_runner.py:83} INFO - Job 1327: Subtask AuthenticateAPI
[2023-03-16T18:04:28.275+0000] {task_command.py:388} INFO - Running <TaskInstance: Spotify_Data_ETL.AuthenticateAPI manual__2023-03-16T18:04:25.665608+00:00 [running]> on host 8f7fdf71f1bb
[2023-03-16T18:04:28.491+0000] {taskinstance.py:1509} INFO - Exporting the following env vars:
AIRFLOW_CTX_DAG_OWNER=Ananta Moharana
AIRFLOW_CTX_DAG_ID=Spotify_Data_ETL
AIRFLOW_CTX_TASK_ID=AuthenticateAPI
AIRFLOW_CTX_EXECUTION_DATE=2023-03-16T18:04:25.665608+00:00
AIRFLOW_CTX_TRY_NUMBER=1
AIRFLOW_CTX_DAG_RUN_ID=manual__2023-03-16T18:04:25.665608+00:00
[2023-03-16T18:04:28.595+0000] {logging_mixin.py:137} INFO - BQDVliKmQ4t7YIxHaAaqfoO25TFg2l4rPHImsHLI1ffrXSyfF_UwuSJHVHLbxr8Lir7NOWanzVfaOpUOuxLcebuG5Ke4NZb78ZnhirN2ntzCJX8iXPAl
[2023-03-16T18:04:28.608+0000] {python.py:177} INFO - Done. Returned value was: None
[2023-03-16T18:04:28.615+0000] {taskinstance.py:1323} INFO - Marking task as SUCCESS. dag_id=Spotify_Data_ETL, task_id=AuthenticateAPI, execution_date=20230316T180425, start_date=20230316T180428, end_date=20230316T180428
[2023-03-16T18:04:28.682+0000] {local_task_job.py:208} INFO - Task exited with return code 0
[2023-03-16T18:04:28.809+0000] {taskinstance.py:2578} INFO - 1 downstream tasks scheduled from follow-on schedule check
