[2023-03-12T22:37:34.974+0000] {taskinstance.py:1083} INFO - Dependencies all met for <TaskInstance: Spotify_Data_ETL.GetSongsFromPlaylist manual__2023-03-12T22:27:34.575843+00:00 [queued]>
[2023-03-12T22:37:34.993+0000] {taskinstance.py:1083} INFO - Dependencies all met for <TaskInstance: Spotify_Data_ETL.GetSongsFromPlaylist manual__2023-03-12T22:27:34.575843+00:00 [queued]>
[2023-03-12T22:37:34.995+0000] {taskinstance.py:1279} INFO - 
--------------------------------------------------------------------------------
[2023-03-12T22:37:34.995+0000] {taskinstance.py:1280} INFO - Starting attempt 2 of 4
[2023-03-12T22:37:34.996+0000] {taskinstance.py:1281} INFO - 
--------------------------------------------------------------------------------
[2023-03-12T22:37:35.014+0000] {taskinstance.py:1300} INFO - Executing <Task(PythonOperator): GetSongsFromPlaylist> on 2023-03-12 22:27:34.575843+00:00
[2023-03-12T22:37:35.029+0000] {standard_task_runner.py:55} INFO - Started process 141 to run task
[2023-03-12T22:37:35.049+0000] {standard_task_runner.py:82} INFO - Running: ['***', 'tasks', 'run', 'Spotify_Data_ETL', 'GetSongsFromPlaylist', 'manual__2023-03-12T22:27:34.575843+00:00', '--job-id', '149', '--raw', '--subdir', 'DAGS_FOLDER/spotifydag.py', '--cfg-path', '/tmp/tmpwd2lrjvj']
[2023-03-12T22:37:35.050+0000] {standard_task_runner.py:83} INFO - Job 149: Subtask GetSongsFromPlaylist
[2023-03-12T22:37:35.168+0000] {task_command.py:388} INFO - Running <TaskInstance: Spotify_Data_ETL.GetSongsFromPlaylist manual__2023-03-12T22:27:34.575843+00:00 [running]> on host 82c473378c2f
[2023-03-12T22:37:35.277+0000] {taskinstance.py:1509} INFO - Exporting the following env vars:
AIRFLOW_CTX_DAG_OWNER=Ananta Moharana
AIRFLOW_CTX_DAG_ID=Spotify_Data_ETL
AIRFLOW_CTX_TASK_ID=GetSongsFromPlaylist
AIRFLOW_CTX_EXECUTION_DATE=2023-03-12T22:27:34.575843+00:00
AIRFLOW_CTX_TRY_NUMBER=2
AIRFLOW_CTX_DAG_RUN_ID=manual__2023-03-12T22:27:34.575843+00:00
[2023-03-12T22:37:36.041+0000] {python.py:177} INFO - Done. Returned value was: None
[2023-03-12T22:37:36.049+0000] {taskinstance.py:1323} INFO - Marking task as SUCCESS. dag_id=Spotify_Data_ETL, task_id=GetSongsFromPlaylist, execution_date=20230312T222734, start_date=20230312T223734, end_date=20230312T223736
[2023-03-12T22:37:36.105+0000] {local_task_job.py:208} INFO - Task exited with return code 0
[2023-03-12T22:37:36.122+0000] {taskinstance.py:2578} INFO - 2 downstream tasks scheduled from follow-on schedule check
