[2023-03-16T05:01:04.521+0000] {taskinstance.py:1083} INFO - Dependencies all met for <TaskInstance: Spotify_Data_ETL.GetSongsFromPlaylist manual__2023-03-16T04:25:58.412323+00:00 [queued]>
[2023-03-16T05:01:04.527+0000] {taskinstance.py:1083} INFO - Dependencies all met for <TaskInstance: Spotify_Data_ETL.GetSongsFromPlaylist manual__2023-03-16T04:25:58.412323+00:00 [queued]>
[2023-03-16T05:01:04.528+0000] {taskinstance.py:1279} INFO - 
--------------------------------------------------------------------------------
[2023-03-16T05:01:04.528+0000] {taskinstance.py:1280} INFO - Starting attempt 5 of 7
[2023-03-16T05:01:04.528+0000] {taskinstance.py:1281} INFO - 
--------------------------------------------------------------------------------
[2023-03-16T05:01:04.536+0000] {taskinstance.py:1300} INFO - Executing <Task(PythonOperator): GetSongsFromPlaylist> on 2023-03-16 04:25:58.412323+00:00
[2023-03-16T05:01:04.541+0000] {standard_task_runner.py:55} INFO - Started process 8326 to run task
[2023-03-16T05:01:04.544+0000] {standard_task_runner.py:82} INFO - Running: ['***', 'tasks', 'run', 'Spotify_Data_ETL', 'GetSongsFromPlaylist', 'manual__2023-03-16T04:25:58.412323+00:00', '--job-id', '1156', '--raw', '--subdir', 'DAGS_FOLDER/spotifydag.py', '--cfg-path', '/tmp/tmpn94f3img']
[2023-03-16T05:01:04.545+0000] {standard_task_runner.py:83} INFO - Job 1156: Subtask GetSongsFromPlaylist
[2023-03-16T05:01:04.590+0000] {task_command.py:388} INFO - Running <TaskInstance: Spotify_Data_ETL.GetSongsFromPlaylist manual__2023-03-16T04:25:58.412323+00:00 [running]> on host 18c42e4ef76b
[2023-03-16T05:01:04.743+0000] {taskinstance.py:1509} INFO - Exporting the following env vars:
AIRFLOW_CTX_DAG_OWNER=Ananta Moharana
AIRFLOW_CTX_DAG_ID=Spotify_Data_ETL
AIRFLOW_CTX_TASK_ID=GetSongsFromPlaylist
AIRFLOW_CTX_EXECUTION_DATE=2023-03-16T04:25:58.412323+00:00
AIRFLOW_CTX_TRY_NUMBER=5
AIRFLOW_CTX_DAG_RUN_ID=manual__2023-03-16T04:25:58.412323+00:00
[2023-03-16T05:01:07.241+0000] {python.py:177} INFO - Done. Returned value was: None
[2023-03-16T05:01:07.249+0000] {taskinstance.py:1323} INFO - Marking task as SUCCESS. dag_id=Spotify_Data_ETL, task_id=GetSongsFromPlaylist, execution_date=20230316T042558, start_date=20230316T050104, end_date=20230316T050107
[2023-03-16T05:01:07.297+0000] {local_task_job.py:208} INFO - Task exited with return code 0
[2023-03-16T05:01:07.318+0000] {taskinstance.py:2578} INFO - 2 downstream tasks scheduled from follow-on schedule check
