[2023-03-21T23:11:16.900+0000] {taskinstance.py:1084} INFO - Dependencies all met for dep_context=non-requeueable deps ti=<TaskInstance: Spotify_Data_ETL.AuthenticateAPI manual__2023-03-21T23:11:14.411669+00:00 [queued]>
[2023-03-21T23:11:16.906+0000] {taskinstance.py:1084} INFO - Dependencies all met for dep_context=requeueable deps ti=<TaskInstance: Spotify_Data_ETL.AuthenticateAPI manual__2023-03-21T23:11:14.411669+00:00 [queued]>
[2023-03-21T23:11:16.916+0000] {taskinstance.py:1282} INFO - 
--------------------------------------------------------------------------------
[2023-03-21T23:11:16.916+0000] {taskinstance.py:1283} INFO - Starting attempt 1 of 3
[2023-03-21T23:11:16.917+0000] {taskinstance.py:1284} INFO - 
--------------------------------------------------------------------------------
[2023-03-21T23:11:16.928+0000] {taskinstance.py:1303} INFO - Executing <Task(PythonOperator): AuthenticateAPI> on 2023-03-21 23:11:14.411669+00:00
[2023-03-21T23:11:16.949+0000] {standard_task_runner.py:55} INFO - Started process 23877 to run task
[2023-03-21T23:11:16.956+0000] {standard_task_runner.py:82} INFO - Running: ['***', 'tasks', 'run', 'Spotify_Data_ETL', 'AuthenticateAPI', 'manual__2023-03-21T23:11:14.411669+00:00', '--job-id', '2351', '--raw', '--subdir', 'DAGS_FOLDER/spotifydag.py', '--cfg-path', '/tmp/tmp79o41crc']
[2023-03-21T23:11:16.957+0000] {standard_task_runner.py:83} INFO - Job 2351: Subtask AuthenticateAPI
[2023-03-21T23:11:17.054+0000] {task_command.py:388} INFO - Running <TaskInstance: Spotify_Data_ETL.AuthenticateAPI manual__2023-03-21T23:11:14.411669+00:00 [running]> on host 1fd7b08731f2
[2023-03-21T23:11:17.109+0000] {taskinstance.py:1511} INFO - Exporting the following env vars:
AIRFLOW_CTX_DAG_OWNER=Ananta Moharana
AIRFLOW_CTX_DAG_ID=Spotify_Data_ETL
AIRFLOW_CTX_TASK_ID=AuthenticateAPI
AIRFLOW_CTX_EXECUTION_DATE=2023-03-21T23:11:14.411669+00:00
AIRFLOW_CTX_TRY_NUMBER=1
AIRFLOW_CTX_DAG_RUN_ID=manual__2023-03-21T23:11:14.411669+00:00
[2023-03-21T23:11:17.239+0000] {logging_mixin.py:137} INFO - BQDXmVU1YTHNFRV_3eMGmNlzci0xxxm7e_dXixDZYZXYdBRkjaxQlZHYNWb-W8j7ApJss02rJqkvHaXnWLn72RWYTxj1EK0wuafJfKqi9FZ6OmsnFYlc
[2023-03-21T23:11:17.275+0000] {python.py:177} INFO - Done. Returned value was: None
[2023-03-21T23:11:17.284+0000] {taskinstance.py:1326} INFO - Marking task as SUCCESS. dag_id=Spotify_Data_ETL, task_id=AuthenticateAPI, execution_date=20230321T231114, start_date=20230321T231116, end_date=20230321T231117
[2023-03-21T23:11:17.330+0000] {local_task_job.py:212} INFO - Task exited with return code 0
[2023-03-21T23:11:17.355+0000] {taskinstance.py:2585} INFO - 1 downstream tasks scheduled from follow-on schedule check
