[2023-03-21T23:11:20.335+0000] {taskinstance.py:1084} INFO - Dependencies all met for dep_context=non-requeueable deps ti=<TaskInstance: Spotify_Data_ETL.GetArtistInfo manual__2023-03-21T23:11:14.411669+00:00 [queued]>
[2023-03-21T23:11:20.340+0000] {taskinstance.py:1084} INFO - Dependencies all met for dep_context=requeueable deps ti=<TaskInstance: Spotify_Data_ETL.GetArtistInfo manual__2023-03-21T23:11:14.411669+00:00 [queued]>
[2023-03-21T23:11:20.340+0000] {taskinstance.py:1282} INFO - 
--------------------------------------------------------------------------------
[2023-03-21T23:11:20.341+0000] {taskinstance.py:1283} INFO - Starting attempt 1 of 3
[2023-03-21T23:11:20.341+0000] {taskinstance.py:1284} INFO - 
--------------------------------------------------------------------------------
[2023-03-21T23:11:20.351+0000] {taskinstance.py:1303} INFO - Executing <Task(PythonOperator): GetArtistInfo> on 2023-03-21 23:11:14.411669+00:00
[2023-03-21T23:11:20.357+0000] {standard_task_runner.py:55} INFO - Started process 23898 to run task
[2023-03-21T23:11:20.360+0000] {standard_task_runner.py:82} INFO - Running: ['***', 'tasks', 'run', 'Spotify_Data_ETL', 'GetArtistInfo', 'manual__2023-03-21T23:11:14.411669+00:00', '--job-id', '2359', '--raw', '--subdir', 'DAGS_FOLDER/spotifydag.py', '--cfg-path', '/tmp/tmpheuxy_ji']
[2023-03-21T23:11:20.361+0000] {standard_task_runner.py:83} INFO - Job 2359: Subtask GetArtistInfo
[2023-03-21T23:11:20.448+0000] {task_command.py:388} INFO - Running <TaskInstance: Spotify_Data_ETL.GetArtistInfo manual__2023-03-21T23:11:14.411669+00:00 [running]> on host 1fd7b08731f2
[2023-03-21T23:11:20.492+0000] {taskinstance.py:1511} INFO - Exporting the following env vars:
AIRFLOW_CTX_DAG_OWNER=Ananta Moharana
AIRFLOW_CTX_DAG_ID=Spotify_Data_ETL
AIRFLOW_CTX_TASK_ID=GetArtistInfo
AIRFLOW_CTX_EXECUTION_DATE=2023-03-21T23:11:14.411669+00:00
AIRFLOW_CTX_TRY_NUMBER=1
AIRFLOW_CTX_DAG_RUN_ID=manual__2023-03-21T23:11:14.411669+00:00
[2023-03-21T23:11:26.807+0000] {python.py:177} INFO - Done. Returned value was: None
[2023-03-21T23:11:26.816+0000] {taskinstance.py:1326} INFO - Marking task as SUCCESS. dag_id=Spotify_Data_ETL, task_id=GetArtistInfo, execution_date=20230321T231114, start_date=20230321T231120, end_date=20230321T231126
[2023-03-21T23:11:26.875+0000] {local_task_job.py:212} INFO - Task exited with return code 0
[2023-03-21T23:11:26.898+0000] {taskinstance.py:2585} INFO - 0 downstream tasks scheduled from follow-on schedule check
