[2023-03-21T20:05:16.739+0000] {taskinstance.py:1084} INFO - Dependencies all met for dep_context=non-requeueable deps ti=<TaskInstance: Spotify_Data_ETL.AuthenticateAPI manual__2023-03-21T19:43:28.798625+00:00 [queued]>
[2023-03-21T20:05:16.744+0000] {taskinstance.py:1084} INFO - Dependencies all met for dep_context=requeueable deps ti=<TaskInstance: Spotify_Data_ETL.AuthenticateAPI manual__2023-03-21T19:43:28.798625+00:00 [queued]>
[2023-03-21T20:05:16.745+0000] {taskinstance.py:1282} INFO - 
--------------------------------------------------------------------------------
[2023-03-21T20:05:16.745+0000] {taskinstance.py:1283} INFO - Starting attempt 2 of 4
[2023-03-21T20:05:16.746+0000] {taskinstance.py:1284} INFO - 
--------------------------------------------------------------------------------
[2023-03-21T20:05:16.756+0000] {taskinstance.py:1303} INFO - Executing <Task(PythonOperator): AuthenticateAPI> on 2023-03-21 19:43:28.798625+00:00
[2023-03-21T20:05:16.762+0000] {standard_task_runner.py:55} INFO - Started process 10237 to run task
[2023-03-21T20:05:16.769+0000] {standard_task_runner.py:82} INFO - Running: ['***', 'tasks', 'run', 'Spotify_Data_ETL', 'AuthenticateAPI', 'manual__2023-03-21T19:43:28.798625+00:00', '--job-id', '2025', '--raw', '--subdir', 'DAGS_FOLDER/spotifydag.py', '--cfg-path', '/tmp/tmp8goptpk8']
[2023-03-21T20:05:16.770+0000] {standard_task_runner.py:83} INFO - Job 2025: Subtask AuthenticateAPI
[2023-03-21T20:05:16.828+0000] {task_command.py:388} INFO - Running <TaskInstance: Spotify_Data_ETL.AuthenticateAPI manual__2023-03-21T19:43:28.798625+00:00 [running]> on host 1fd7b08731f2
[2023-03-21T20:05:16.884+0000] {taskinstance.py:1511} INFO - Exporting the following env vars:
AIRFLOW_CTX_DAG_OWNER=Ananta Moharana
AIRFLOW_CTX_DAG_ID=Spotify_Data_ETL
AIRFLOW_CTX_TASK_ID=AuthenticateAPI
AIRFLOW_CTX_EXECUTION_DATE=2023-03-21T19:43:28.798625+00:00
AIRFLOW_CTX_TRY_NUMBER=2
AIRFLOW_CTX_DAG_RUN_ID=manual__2023-03-21T19:43:28.798625+00:00
[2023-03-21T20:05:16.989+0000] {logging_mixin.py:137} INFO - BQC_wPwYUC1QhrfH4iVznH0vjjanw5muyLmuXP7wYhHKyhSgIjUvRijjs6PqnHlWw-8pKhAyT55pQQn2rogv_dBQkyInwVxAurYjujBqUlTFRmf70j_D
[2023-03-21T20:05:17.002+0000] {python.py:177} INFO - Done. Returned value was: None
[2023-03-21T20:05:17.010+0000] {taskinstance.py:1326} INFO - Marking task as SUCCESS. dag_id=Spotify_Data_ETL, task_id=AuthenticateAPI, execution_date=20230321T194328, start_date=20230321T200516, end_date=20230321T200517
[2023-03-21T20:05:17.058+0000] {local_task_job.py:212} INFO - Task exited with return code 0
[2023-03-21T20:05:17.087+0000] {taskinstance.py:2585} INFO - 1 downstream tasks scheduled from follow-on schedule check
