[2023-03-21T21:08:06.827+0000] {taskinstance.py:1084} INFO - Dependencies all met for dep_context=non-requeueable deps ti=<TaskInstance: Spotify_Data_ETL.AuthenticateAPI manual__2023-03-21T19:43:28.798625+00:00 [queued]>
[2023-03-21T21:08:06.832+0000] {taskinstance.py:1084} INFO - Dependencies all met for dep_context=requeueable deps ti=<TaskInstance: Spotify_Data_ETL.AuthenticateAPI manual__2023-03-21T19:43:28.798625+00:00 [queued]>
[2023-03-21T21:08:06.833+0000] {taskinstance.py:1282} INFO - 
--------------------------------------------------------------------------------
[2023-03-21T21:08:06.833+0000] {taskinstance.py:1283} INFO - Starting attempt 6 of 8
[2023-03-21T21:08:06.834+0000] {taskinstance.py:1284} INFO - 
--------------------------------------------------------------------------------
[2023-03-21T21:08:06.841+0000] {taskinstance.py:1303} INFO - Executing <Task(PythonOperator): AuthenticateAPI> on 2023-03-21 19:43:28.798625+00:00
[2023-03-21T21:08:06.846+0000] {standard_task_runner.py:55} INFO - Started process 14040 to run task
[2023-03-21T21:08:06.849+0000] {standard_task_runner.py:82} INFO - Running: ['***', 'tasks', 'run', 'Spotify_Data_ETL', 'AuthenticateAPI', 'manual__2023-03-21T19:43:28.798625+00:00', '--job-id', '2092', '--raw', '--subdir', 'DAGS_FOLDER/spotifydag.py', '--cfg-path', '/tmp/tmpg0lb69sz']
[2023-03-21T21:08:06.850+0000] {standard_task_runner.py:83} INFO - Job 2092: Subtask AuthenticateAPI
[2023-03-21T21:08:06.894+0000] {task_command.py:388} INFO - Running <TaskInstance: Spotify_Data_ETL.AuthenticateAPI manual__2023-03-21T19:43:28.798625+00:00 [running]> on host 1fd7b08731f2
[2023-03-21T21:08:06.935+0000] {taskinstance.py:1511} INFO - Exporting the following env vars:
AIRFLOW_CTX_DAG_OWNER=Ananta Moharana
AIRFLOW_CTX_DAG_ID=Spotify_Data_ETL
AIRFLOW_CTX_TASK_ID=AuthenticateAPI
AIRFLOW_CTX_EXECUTION_DATE=2023-03-21T19:43:28.798625+00:00
AIRFLOW_CTX_TRY_NUMBER=6
AIRFLOW_CTX_DAG_RUN_ID=manual__2023-03-21T19:43:28.798625+00:00
[2023-03-21T21:08:07.045+0000] {logging_mixin.py:137} INFO - BQCVRnWBtVa-CvTl0AwvZwDMZQDO4odR9DlM3WfEjZ7txxfWNOMOQLQqZj7nihexZT2chNiSDSDBjAGPphHJ2YyYiA-qtT3iovrB60sT7hjAKwh1iM2a
[2023-03-21T21:08:07.056+0000] {python.py:177} INFO - Done. Returned value was: None
[2023-03-21T21:08:07.064+0000] {taskinstance.py:1326} INFO - Marking task as SUCCESS. dag_id=Spotify_Data_ETL, task_id=AuthenticateAPI, execution_date=20230321T194328, start_date=20230321T210806, end_date=20230321T210807
[2023-03-21T21:08:07.102+0000] {local_task_job.py:212} INFO - Task exited with return code 0
[2023-03-21T21:08:07.125+0000] {taskinstance.py:2585} INFO - 0 downstream tasks scheduled from follow-on schedule check
