[2023-03-21T21:03:33.156+0000] {taskinstance.py:1084} INFO - Dependencies all met for dep_context=non-requeueable deps ti=<TaskInstance: Spotify_Data_ETL.AuthenticateAPI manual__2023-03-21T19:43:28.798625+00:00 [queued]>
[2023-03-21T21:03:33.161+0000] {taskinstance.py:1084} INFO - Dependencies all met for dep_context=requeueable deps ti=<TaskInstance: Spotify_Data_ETL.AuthenticateAPI manual__2023-03-21T19:43:28.798625+00:00 [queued]>
[2023-03-21T21:03:33.161+0000] {taskinstance.py:1282} INFO - 
--------------------------------------------------------------------------------
[2023-03-21T21:03:33.162+0000] {taskinstance.py:1283} INFO - Starting attempt 4 of 6
[2023-03-21T21:03:33.162+0000] {taskinstance.py:1284} INFO - 
--------------------------------------------------------------------------------
[2023-03-21T21:03:33.169+0000] {taskinstance.py:1303} INFO - Executing <Task(PythonOperator): AuthenticateAPI> on 2023-03-21 19:43:28.798625+00:00
[2023-03-21T21:03:33.175+0000] {standard_task_runner.py:55} INFO - Started process 13599 to run task
[2023-03-21T21:03:33.178+0000] {standard_task_runner.py:82} INFO - Running: ['***', 'tasks', 'run', 'Spotify_Data_ETL', 'AuthenticateAPI', 'manual__2023-03-21T19:43:28.798625+00:00', '--job-id', '2067', '--raw', '--subdir', 'DAGS_FOLDER/spotifydag.py', '--cfg-path', '/tmp/tmpvj7j1xlj']
[2023-03-21T21:03:33.179+0000] {standard_task_runner.py:83} INFO - Job 2067: Subtask AuthenticateAPI
[2023-03-21T21:03:33.222+0000] {task_command.py:388} INFO - Running <TaskInstance: Spotify_Data_ETL.AuthenticateAPI manual__2023-03-21T19:43:28.798625+00:00 [running]> on host 1fd7b08731f2
[2023-03-21T21:03:33.261+0000] {taskinstance.py:1511} INFO - Exporting the following env vars:
AIRFLOW_CTX_DAG_OWNER=Ananta Moharana
AIRFLOW_CTX_DAG_ID=Spotify_Data_ETL
AIRFLOW_CTX_TASK_ID=AuthenticateAPI
AIRFLOW_CTX_EXECUTION_DATE=2023-03-21T19:43:28.798625+00:00
AIRFLOW_CTX_TRY_NUMBER=4
AIRFLOW_CTX_DAG_RUN_ID=manual__2023-03-21T19:43:28.798625+00:00
[2023-03-21T21:03:33.351+0000] {logging_mixin.py:137} INFO - BQDj1hIYJ2-hE8VPdoNRROBeOjvJnMPwTXtEjOnqhrY1qZdWeMn8k3kkCnvxq1iq4YZeNQ-7npzTNaICyTMtFOXihEY0OdN_6xr5ALNci6b20nZh6aZx
[2023-03-21T21:03:33.363+0000] {python.py:177} INFO - Done. Returned value was: None
[2023-03-21T21:03:33.370+0000] {taskinstance.py:1326} INFO - Marking task as SUCCESS. dag_id=Spotify_Data_ETL, task_id=AuthenticateAPI, execution_date=20230321T194328, start_date=20230321T210333, end_date=20230321T210333
[2023-03-21T21:03:33.391+0000] {local_task_job.py:212} INFO - Task exited with return code 0
[2023-03-21T21:03:33.414+0000] {taskinstance.py:2585} INFO - 1 downstream tasks scheduled from follow-on schedule check
