[2023-03-21T19:43:31.110+0000] {taskinstance.py:1084} INFO - Dependencies all met for dep_context=non-requeueable deps ti=<TaskInstance: Spotify_Data_ETL.AuthenticateAPI manual__2023-03-21T19:43:28.798625+00:00 [queued]>
[2023-03-21T19:43:31.116+0000] {taskinstance.py:1084} INFO - Dependencies all met for dep_context=requeueable deps ti=<TaskInstance: Spotify_Data_ETL.AuthenticateAPI manual__2023-03-21T19:43:28.798625+00:00 [queued]>
[2023-03-21T19:43:31.117+0000] {taskinstance.py:1282} INFO - 
--------------------------------------------------------------------------------
[2023-03-21T19:43:31.117+0000] {taskinstance.py:1283} INFO - Starting attempt 1 of 3
[2023-03-21T19:43:31.118+0000] {taskinstance.py:1284} INFO - 
--------------------------------------------------------------------------------
[2023-03-21T19:43:31.127+0000] {taskinstance.py:1303} INFO - Executing <Task(PythonOperator): AuthenticateAPI> on 2023-03-21 19:43:28.798625+00:00
[2023-03-21T19:43:31.133+0000] {standard_task_runner.py:55} INFO - Started process 8769 to run task
[2023-03-21T19:43:31.138+0000] {standard_task_runner.py:82} INFO - Running: ['***', 'tasks', 'run', 'Spotify_Data_ETL', 'AuthenticateAPI', 'manual__2023-03-21T19:43:28.798625+00:00', '--job-id', '2004', '--raw', '--subdir', 'DAGS_FOLDER/spotifydag.py', '--cfg-path', '/tmp/tmpxmrc0dbw']
[2023-03-21T19:43:31.139+0000] {standard_task_runner.py:83} INFO - Job 2004: Subtask AuthenticateAPI
[2023-03-21T19:43:31.232+0000] {task_command.py:388} INFO - Running <TaskInstance: Spotify_Data_ETL.AuthenticateAPI manual__2023-03-21T19:43:28.798625+00:00 [running]> on host 1fd7b08731f2
[2023-03-21T19:43:31.298+0000] {taskinstance.py:1511} INFO - Exporting the following env vars:
AIRFLOW_CTX_DAG_OWNER=Ananta Moharana
AIRFLOW_CTX_DAG_ID=Spotify_Data_ETL
AIRFLOW_CTX_TASK_ID=AuthenticateAPI
AIRFLOW_CTX_EXECUTION_DATE=2023-03-21T19:43:28.798625+00:00
AIRFLOW_CTX_TRY_NUMBER=1
AIRFLOW_CTX_DAG_RUN_ID=manual__2023-03-21T19:43:28.798625+00:00
[2023-03-21T19:43:31.424+0000] {logging_mixin.py:137} INFO - BQDIILCl8BxQXpdlZvW5KUWO6BxzAlTaYpGX796LgsBhFzSfCIXKfg9QEYjSY_gxUevWfPSoZ-rAMwY2zKs07UQnN7VZnBGjJLrIaDPCUJZgFV87-1XN
[2023-03-21T19:43:31.452+0000] {python.py:177} INFO - Done. Returned value was: None
[2023-03-21T19:43:31.463+0000] {taskinstance.py:1326} INFO - Marking task as SUCCESS. dag_id=Spotify_Data_ETL, task_id=AuthenticateAPI, execution_date=20230321T194328, start_date=20230321T194331, end_date=20230321T194331
[2023-03-21T19:43:31.511+0000] {local_task_job.py:212} INFO - Task exited with return code 0
[2023-03-21T19:43:31.550+0000] {taskinstance.py:2585} INFO - 1 downstream tasks scheduled from follow-on schedule check
