[2023-03-21T21:09:24.381+0000] {taskinstance.py:1084} INFO - Dependencies all met for dep_context=non-requeueable deps ti=<TaskInstance: Spotify_Data_ETL.AuthenticateAPI manual__2023-03-21T19:43:28.798625+00:00 [queued]>
[2023-03-21T21:09:24.386+0000] {taskinstance.py:1084} INFO - Dependencies all met for dep_context=requeueable deps ti=<TaskInstance: Spotify_Data_ETL.AuthenticateAPI manual__2023-03-21T19:43:28.798625+00:00 [queued]>
[2023-03-21T21:09:24.386+0000] {taskinstance.py:1282} INFO - 
--------------------------------------------------------------------------------
[2023-03-21T21:09:24.387+0000] {taskinstance.py:1283} INFO - Starting attempt 7 of 9
[2023-03-21T21:09:24.387+0000] {taskinstance.py:1284} INFO - 
--------------------------------------------------------------------------------
[2023-03-21T21:09:24.396+0000] {taskinstance.py:1303} INFO - Executing <Task(PythonOperator): AuthenticateAPI> on 2023-03-21 19:43:28.798625+00:00
[2023-03-21T21:09:24.401+0000] {standard_task_runner.py:55} INFO - Started process 14219 to run task
[2023-03-21T21:09:24.405+0000] {standard_task_runner.py:82} INFO - Running: ['***', 'tasks', 'run', 'Spotify_Data_ETL', 'AuthenticateAPI', 'manual__2023-03-21T19:43:28.798625+00:00', '--job-id', '2112', '--raw', '--subdir', 'DAGS_FOLDER/spotifydag.py', '--cfg-path', '/tmp/tmpkqfhw81z']
[2023-03-21T21:09:24.406+0000] {standard_task_runner.py:83} INFO - Job 2112: Subtask AuthenticateAPI
[2023-03-21T21:09:24.459+0000] {task_command.py:388} INFO - Running <TaskInstance: Spotify_Data_ETL.AuthenticateAPI manual__2023-03-21T19:43:28.798625+00:00 [running]> on host 1fd7b08731f2
[2023-03-21T21:09:24.504+0000] {taskinstance.py:1511} INFO - Exporting the following env vars:
AIRFLOW_CTX_DAG_OWNER=Ananta Moharana
AIRFLOW_CTX_DAG_ID=Spotify_Data_ETL
AIRFLOW_CTX_TASK_ID=AuthenticateAPI
AIRFLOW_CTX_EXECUTION_DATE=2023-03-21T19:43:28.798625+00:00
AIRFLOW_CTX_TRY_NUMBER=7
AIRFLOW_CTX_DAG_RUN_ID=manual__2023-03-21T19:43:28.798625+00:00
[2023-03-21T21:09:24.619+0000] {logging_mixin.py:137} INFO - BQAVzCWhf26VTtmJDJM_BBOnBFYeWiZiR09wW65AmBjztNj7dxkphncgWUokRiBIHUuUgBY4ah_puTdeGIsafnCKnTZc81bprYwHT5CSZaDCJ_fZYyjx
[2023-03-21T21:09:24.630+0000] {python.py:177} INFO - Done. Returned value was: None
[2023-03-21T21:09:24.641+0000] {taskinstance.py:1326} INFO - Marking task as SUCCESS. dag_id=Spotify_Data_ETL, task_id=AuthenticateAPI, execution_date=20230321T194328, start_date=20230321T210924, end_date=20230321T210924
[2023-03-21T21:09:24.697+0000] {local_task_job.py:212} INFO - Task exited with return code 0
[2023-03-21T21:09:24.719+0000] {taskinstance.py:2585} INFO - 1 downstream tasks scheduled from follow-on schedule check
