[2023-03-21T20:45:42.895+0000] {taskinstance.py:1084} INFO - Dependencies all met for dep_context=non-requeueable deps ti=<TaskInstance: Spotify_Data_ETL.AuthenticateAPI manual__2023-03-21T19:43:28.798625+00:00 [queued]>
[2023-03-21T20:45:42.899+0000] {taskinstance.py:1084} INFO - Dependencies all met for dep_context=requeueable deps ti=<TaskInstance: Spotify_Data_ETL.AuthenticateAPI manual__2023-03-21T19:43:28.798625+00:00 [queued]>
[2023-03-21T20:45:42.899+0000] {taskinstance.py:1282} INFO - 
--------------------------------------------------------------------------------
[2023-03-21T20:45:42.900+0000] {taskinstance.py:1283} INFO - Starting attempt 3 of 5
[2023-03-21T20:45:42.900+0000] {taskinstance.py:1284} INFO - 
--------------------------------------------------------------------------------
[2023-03-21T20:45:42.907+0000] {taskinstance.py:1303} INFO - Executing <Task(PythonOperator): AuthenticateAPI> on 2023-03-21 19:43:28.798625+00:00
[2023-03-21T20:45:42.912+0000] {standard_task_runner.py:55} INFO - Started process 12260 to run task
[2023-03-21T20:45:42.916+0000] {standard_task_runner.py:82} INFO - Running: ['***', 'tasks', 'run', 'Spotify_Data_ETL', 'AuthenticateAPI', 'manual__2023-03-21T19:43:28.798625+00:00', '--job-id', '2046', '--raw', '--subdir', 'DAGS_FOLDER/spotifydag.py', '--cfg-path', '/tmp/tmpb22oss4z']
[2023-03-21T20:45:42.917+0000] {standard_task_runner.py:83} INFO - Job 2046: Subtask AuthenticateAPI
[2023-03-21T20:45:42.970+0000] {task_command.py:388} INFO - Running <TaskInstance: Spotify_Data_ETL.AuthenticateAPI manual__2023-03-21T19:43:28.798625+00:00 [running]> on host 1fd7b08731f2
[2023-03-21T20:45:43.010+0000] {taskinstance.py:1511} INFO - Exporting the following env vars:
AIRFLOW_CTX_DAG_OWNER=Ananta Moharana
AIRFLOW_CTX_DAG_ID=Spotify_Data_ETL
AIRFLOW_CTX_TASK_ID=AuthenticateAPI
AIRFLOW_CTX_EXECUTION_DATE=2023-03-21T19:43:28.798625+00:00
AIRFLOW_CTX_TRY_NUMBER=3
AIRFLOW_CTX_DAG_RUN_ID=manual__2023-03-21T19:43:28.798625+00:00
[2023-03-21T20:45:43.129+0000] {logging_mixin.py:137} INFO - BQA1S8MYnUTOE0YuvVZlgxG-Pv8BZS9VGPj0Cp8pfntnm8k-eyzfaGzjYV5p33bFcaUGPSp7-KmJcpR5aosdm6BJ3gEjF3lq-1Sj4TCdGZN6iHmYTXK2
[2023-03-21T20:45:43.141+0000] {python.py:177} INFO - Done. Returned value was: None
[2023-03-21T20:45:43.148+0000] {taskinstance.py:1326} INFO - Marking task as SUCCESS. dag_id=Spotify_Data_ETL, task_id=AuthenticateAPI, execution_date=20230321T194328, start_date=20230321T204542, end_date=20230321T204543
[2023-03-21T20:45:43.169+0000] {local_task_job.py:212} INFO - Task exited with return code 0
[2023-03-21T20:45:43.190+0000] {taskinstance.py:2585} INFO - 1 downstream tasks scheduled from follow-on schedule check
