[2023-03-16T04:45:54.446+0000] {taskinstance.py:1083} INFO - Dependencies all met for <TaskInstance: Spotify_Data_ETL.GetSongsFromPlaylist manual__2023-03-16T04:45:52.513624+00:00 [queued]>
[2023-03-16T04:45:54.451+0000] {taskinstance.py:1083} INFO - Dependencies all met for <TaskInstance: Spotify_Data_ETL.GetSongsFromPlaylist manual__2023-03-16T04:45:52.513624+00:00 [queued]>
[2023-03-16T04:45:54.451+0000] {taskinstance.py:1279} INFO - 
--------------------------------------------------------------------------------
[2023-03-16T04:45:54.451+0000] {taskinstance.py:1280} INFO - Starting attempt 1 of 3
[2023-03-16T04:45:54.452+0000] {taskinstance.py:1281} INFO - 
--------------------------------------------------------------------------------
[2023-03-16T04:45:54.458+0000] {taskinstance.py:1300} INFO - Executing <Task(PythonOperator): GetSongsFromPlaylist> on 2023-03-16 04:45:52.513624+00:00
[2023-03-16T04:45:54.463+0000] {standard_task_runner.py:55} INFO - Started process 7050 to run task
[2023-03-16T04:45:54.466+0000] {standard_task_runner.py:82} INFO - Running: ['***', 'tasks', 'run', 'Spotify_Data_ETL', 'GetSongsFromPlaylist', 'manual__2023-03-16T04:45:52.513624+00:00', '--job-id', '1092', '--raw', '--subdir', 'DAGS_FOLDER/spotifydag.py', '--cfg-path', '/tmp/tmp6x2gitba']
[2023-03-16T04:45:54.466+0000] {standard_task_runner.py:83} INFO - Job 1092: Subtask GetSongsFromPlaylist
[2023-03-16T04:45:54.509+0000] {task_command.py:388} INFO - Running <TaskInstance: Spotify_Data_ETL.GetSongsFromPlaylist manual__2023-03-16T04:45:52.513624+00:00 [running]> on host 18c42e4ef76b
[2023-03-16T04:45:54.670+0000] {taskinstance.py:1509} INFO - Exporting the following env vars:
AIRFLOW_CTX_DAG_OWNER=Ananta Moharana
AIRFLOW_CTX_DAG_ID=Spotify_Data_ETL
AIRFLOW_CTX_TASK_ID=GetSongsFromPlaylist
AIRFLOW_CTX_EXECUTION_DATE=2023-03-16T04:45:52.513624+00:00
AIRFLOW_CTX_TRY_NUMBER=1
AIRFLOW_CTX_DAG_RUN_ID=manual__2023-03-16T04:45:52.513624+00:00
[2023-03-16T04:45:55.259+0000] {python.py:177} INFO - Done. Returned value was: None
[2023-03-16T04:45:55.267+0000] {taskinstance.py:1323} INFO - Marking task as SUCCESS. dag_id=Spotify_Data_ETL, task_id=GetSongsFromPlaylist, execution_date=20230316T044552, start_date=20230316T044554, end_date=20230316T044555
[2023-03-16T04:45:55.300+0000] {local_task_job.py:208} INFO - Task exited with return code 0
[2023-03-16T04:45:55.322+0000] {taskinstance.py:2578} INFO - 2 downstream tasks scheduled from follow-on schedule check
