[2023-03-14T04:24:28.046+0000] {taskinstance.py:1083} INFO - Dependencies all met for <TaskInstance: Spotify_Data_ETL.GetArtistInfo manual__2023-03-14T04:24:23.196801+00:00 [queued]>
[2023-03-14T04:24:28.052+0000] {taskinstance.py:1083} INFO - Dependencies all met for <TaskInstance: Spotify_Data_ETL.GetArtistInfo manual__2023-03-14T04:24:23.196801+00:00 [queued]>
[2023-03-14T04:24:28.052+0000] {taskinstance.py:1279} INFO - 
--------------------------------------------------------------------------------
[2023-03-14T04:24:28.052+0000] {taskinstance.py:1280} INFO - Starting attempt 1 of 3
[2023-03-14T04:24:28.053+0000] {taskinstance.py:1281} INFO - 
--------------------------------------------------------------------------------
[2023-03-14T04:24:28.064+0000] {taskinstance.py:1300} INFO - Executing <Task(PythonOperator): GetArtistInfo> on 2023-03-14 04:24:23.196801+00:00
[2023-03-14T04:24:28.070+0000] {standard_task_runner.py:55} INFO - Started process 773 to run task
[2023-03-14T04:24:28.079+0000] {standard_task_runner.py:82} INFO - Running: ['***', 'tasks', 'run', 'Spotify_Data_ETL', 'GetArtistInfo', 'manual__2023-03-14T04:24:23.196801+00:00', '--job-id', '482', '--raw', '--subdir', 'DAGS_FOLDER/spotifydag.py', '--cfg-path', '/tmp/tmp_unzlev8']
[2023-03-14T04:24:28.080+0000] {standard_task_runner.py:83} INFO - Job 482: Subtask GetArtistInfo
[2023-03-14T04:24:28.156+0000] {task_command.py:388} INFO - Running <TaskInstance: Spotify_Data_ETL.GetArtistInfo manual__2023-03-14T04:24:23.196801+00:00 [running]> on host f9d11a1d4c93
[2023-03-14T04:24:28.500+0000] {taskinstance.py:1509} INFO - Exporting the following env vars:
AIRFLOW_CTX_DAG_OWNER=Ananta Moharana
AIRFLOW_CTX_DAG_ID=Spotify_Data_ETL
AIRFLOW_CTX_TASK_ID=GetArtistInfo
AIRFLOW_CTX_EXECUTION_DATE=2023-03-14T04:24:23.196801+00:00
AIRFLOW_CTX_TRY_NUMBER=1
AIRFLOW_CTX_DAG_RUN_ID=manual__2023-03-14T04:24:23.196801+00:00
[2023-03-14T04:24:38.203+0000] {python.py:177} INFO - Done. Returned value was: None
[2023-03-14T04:24:38.211+0000] {taskinstance.py:1323} INFO - Marking task as SUCCESS. dag_id=Spotify_Data_ETL, task_id=GetArtistInfo, execution_date=20230314T042423, start_date=20230314T042428, end_date=20230314T042438
[2023-03-14T04:24:38.280+0000] {local_task_job.py:208} INFO - Task exited with return code 0
[2023-03-14T04:24:38.466+0000] {taskinstance.py:2578} INFO - 1 downstream tasks scheduled from follow-on schedule check
