[2023-03-14T04:33:19.366+0000] {taskinstance.py:1083} INFO - Dependencies all met for <TaskInstance: Spotify_Data_ETL.GetArtistInfo manual__2023-03-14T04:24:23.196801+00:00 [queued]>
[2023-03-14T04:33:19.371+0000] {taskinstance.py:1083} INFO - Dependencies all met for <TaskInstance: Spotify_Data_ETL.GetArtistInfo manual__2023-03-14T04:24:23.196801+00:00 [queued]>
[2023-03-14T04:33:19.371+0000] {taskinstance.py:1279} INFO - 
--------------------------------------------------------------------------------
[2023-03-14T04:33:19.372+0000] {taskinstance.py:1280} INFO - Starting attempt 2 of 4
[2023-03-14T04:33:19.372+0000] {taskinstance.py:1281} INFO - 
--------------------------------------------------------------------------------
[2023-03-14T04:33:19.379+0000] {taskinstance.py:1300} INFO - Executing <Task(PythonOperator): GetArtistInfo> on 2023-03-14 04:24:23.196801+00:00
[2023-03-14T04:33:19.384+0000] {standard_task_runner.py:55} INFO - Started process 1431 to run task
[2023-03-14T04:33:19.388+0000] {standard_task_runner.py:82} INFO - Running: ['***', 'tasks', 'run', 'Spotify_Data_ETL', 'GetArtistInfo', 'manual__2023-03-14T04:24:23.196801+00:00', '--job-id', '491', '--raw', '--subdir', 'DAGS_FOLDER/spotifydag.py', '--cfg-path', '/tmp/tmpomql457w']
[2023-03-14T04:33:19.388+0000] {standard_task_runner.py:83} INFO - Job 491: Subtask GetArtistInfo
[2023-03-14T04:33:19.441+0000] {task_command.py:388} INFO - Running <TaskInstance: Spotify_Data_ETL.GetArtistInfo manual__2023-03-14T04:24:23.196801+00:00 [running]> on host f9d11a1d4c93
[2023-03-14T04:33:19.684+0000] {taskinstance.py:1509} INFO - Exporting the following env vars:
AIRFLOW_CTX_DAG_OWNER=Ananta Moharana
AIRFLOW_CTX_DAG_ID=Spotify_Data_ETL
AIRFLOW_CTX_TASK_ID=GetArtistInfo
AIRFLOW_CTX_EXECUTION_DATE=2023-03-14T04:24:23.196801+00:00
AIRFLOW_CTX_TRY_NUMBER=2
AIRFLOW_CTX_DAG_RUN_ID=manual__2023-03-14T04:24:23.196801+00:00
[2023-03-14T04:33:29.689+0000] {python.py:177} INFO - Done. Returned value was: None
[2023-03-14T04:33:29.696+0000] {taskinstance.py:1323} INFO - Marking task as SUCCESS. dag_id=Spotify_Data_ETL, task_id=GetArtistInfo, execution_date=20230314T042423, start_date=20230314T043319, end_date=20230314T043329
[2023-03-14T04:33:29.745+0000] {local_task_job.py:208} INFO - Task exited with return code 0
[2023-03-14T04:33:29.766+0000] {taskinstance.py:2578} INFO - 1 downstream tasks scheduled from follow-on schedule check
