[2023-03-16T04:37:20.839+0000] {taskinstance.py:1083} INFO - Dependencies all met for <TaskInstance: Spotify_Data_ETL.AuthenticateAPI manual__2023-03-16T04:25:58.412323+00:00 [queued]>
[2023-03-16T04:37:20.844+0000] {taskinstance.py:1083} INFO - Dependencies all met for <TaskInstance: Spotify_Data_ETL.AuthenticateAPI manual__2023-03-16T04:25:58.412323+00:00 [queued]>
[2023-03-16T04:37:20.845+0000] {taskinstance.py:1279} INFO - 
--------------------------------------------------------------------------------
[2023-03-16T04:37:20.845+0000] {taskinstance.py:1280} INFO - Starting attempt 3 of 5
[2023-03-16T04:37:20.846+0000] {taskinstance.py:1281} INFO - 
--------------------------------------------------------------------------------
[2023-03-16T04:37:20.853+0000] {taskinstance.py:1300} INFO - Executing <Task(PythonOperator): AuthenticateAPI> on 2023-03-16 04:25:58.412323+00:00
[2023-03-16T04:37:20.858+0000] {standard_task_runner.py:55} INFO - Started process 6312 to run task
[2023-03-16T04:37:20.861+0000] {standard_task_runner.py:82} INFO - Running: ['***', 'tasks', 'run', 'Spotify_Data_ETL', 'AuthenticateAPI', 'manual__2023-03-16T04:25:58.412323+00:00', '--job-id', '1047', '--raw', '--subdir', 'DAGS_FOLDER/spotifydag.py', '--cfg-path', '/tmp/tmpdv1ycsto']
[2023-03-16T04:37:20.861+0000] {standard_task_runner.py:83} INFO - Job 1047: Subtask AuthenticateAPI
[2023-03-16T04:37:20.907+0000] {task_command.py:388} INFO - Running <TaskInstance: Spotify_Data_ETL.AuthenticateAPI manual__2023-03-16T04:25:58.412323+00:00 [running]> on host 18c42e4ef76b
[2023-03-16T04:37:21.163+0000] {taskinstance.py:1509} INFO - Exporting the following env vars:
AIRFLOW_CTX_DAG_OWNER=Ananta Moharana
AIRFLOW_CTX_DAG_ID=Spotify_Data_ETL
AIRFLOW_CTX_TASK_ID=AuthenticateAPI
AIRFLOW_CTX_EXECUTION_DATE=2023-03-16T04:25:58.412323+00:00
AIRFLOW_CTX_TRY_NUMBER=3
AIRFLOW_CTX_DAG_RUN_ID=manual__2023-03-16T04:25:58.412323+00:00
[2023-03-16T04:37:21.261+0000] {logging_mixin.py:137} INFO - BQCwpXOygwn50XQC37npz58rGzNV5uWYTYydba-CX7QFaIOhrGwSjilOk2ExRoE2CSWNnz6yjcqt-wgDg25TWvgez-tF7SLktsJ2S4vI1_f2xESYW3ux
[2023-03-16T04:37:21.272+0000] {python.py:177} INFO - Done. Returned value was: None
[2023-03-16T04:37:21.281+0000] {taskinstance.py:1323} INFO - Marking task as SUCCESS. dag_id=Spotify_Data_ETL, task_id=AuthenticateAPI, execution_date=20230316T042558, start_date=20230316T043720, end_date=20230316T043721
[2023-03-16T04:37:21.314+0000] {local_task_job.py:208} INFO - Task exited with return code 0
[2023-03-16T04:37:21.341+0000] {taskinstance.py:2578} INFO - 1 downstream tasks scheduled from follow-on schedule check
