[2023-03-16T04:27:50.898+0000] {taskinstance.py:1083} INFO - Dependencies all met for <TaskInstance: Spotify_Data_ETL.AuthenticateAPI manual__2023-03-16T04:25:58.412323+00:00 [queued]>
[2023-03-16T04:27:50.903+0000] {taskinstance.py:1083} INFO - Dependencies all met for <TaskInstance: Spotify_Data_ETL.AuthenticateAPI manual__2023-03-16T04:25:58.412323+00:00 [queued]>
[2023-03-16T04:27:50.903+0000] {taskinstance.py:1279} INFO - 
--------------------------------------------------------------------------------
[2023-03-16T04:27:50.904+0000] {taskinstance.py:1280} INFO - Starting attempt 2 of 4
[2023-03-16T04:27:50.904+0000] {taskinstance.py:1281} INFO - 
--------------------------------------------------------------------------------
[2023-03-16T04:27:50.911+0000] {taskinstance.py:1300} INFO - Executing <Task(PythonOperator): AuthenticateAPI> on 2023-03-16 04:25:58.412323+00:00
[2023-03-16T04:27:50.915+0000] {standard_task_runner.py:55} INFO - Started process 5371 to run task
[2023-03-16T04:27:50.919+0000] {standard_task_runner.py:82} INFO - Running: ['***', 'tasks', 'run', 'Spotify_Data_ETL', 'AuthenticateAPI', 'manual__2023-03-16T04:25:58.412323+00:00', '--job-id', '958', '--raw', '--subdir', 'DAGS_FOLDER/spotifydag.py', '--cfg-path', '/tmp/tmpmczrdh8f']
[2023-03-16T04:27:50.919+0000] {standard_task_runner.py:83} INFO - Job 958: Subtask AuthenticateAPI
[2023-03-16T04:27:50.964+0000] {task_command.py:388} INFO - Running <TaskInstance: Spotify_Data_ETL.AuthenticateAPI manual__2023-03-16T04:25:58.412323+00:00 [running]> on host 18c42e4ef76b
[2023-03-16T04:27:51.115+0000] {taskinstance.py:1509} INFO - Exporting the following env vars:
AIRFLOW_CTX_DAG_OWNER=Ananta Moharana
AIRFLOW_CTX_DAG_ID=Spotify_Data_ETL
AIRFLOW_CTX_TASK_ID=AuthenticateAPI
AIRFLOW_CTX_EXECUTION_DATE=2023-03-16T04:25:58.412323+00:00
AIRFLOW_CTX_TRY_NUMBER=2
AIRFLOW_CTX_DAG_RUN_ID=manual__2023-03-16T04:25:58.412323+00:00
[2023-03-16T04:27:52.757+0000] {logging_mixin.py:137} INFO - BQDv5ebBxP34GKqFTX54y3Kd_bOJHdZlBa0ICa6ZOhSvZ3fXzGhZMlidYzXldIJbVvftyslRFAdToND9NsSDYbWee3pgJhFs-hsj--ug7atrlxV5wycT
[2023-03-16T04:27:52.777+0000] {python.py:177} INFO - Done. Returned value was: None
[2023-03-16T04:27:52.787+0000] {taskinstance.py:1323} INFO - Marking task as SUCCESS. dag_id=Spotify_Data_ETL, task_id=AuthenticateAPI, execution_date=20230316T042558, start_date=20230316T042750, end_date=20230316T042752
[2023-03-16T04:27:52.856+0000] {local_task_job.py:208} INFO - Task exited with return code 0
[2023-03-16T04:27:52.879+0000] {taskinstance.py:2578} INFO - 1 downstream tasks scheduled from follow-on schedule check
