[2023-03-16T04:45:53.382+0000] {taskinstance.py:1083} INFO - Dependencies all met for <TaskInstance: Spotify_Data_ETL.AuthenticateAPI manual__2023-03-16T04:25:58.412323+00:00 [queued]>
[2023-03-16T04:45:53.387+0000] {taskinstance.py:1083} INFO - Dependencies all met for <TaskInstance: Spotify_Data_ETL.AuthenticateAPI manual__2023-03-16T04:25:58.412323+00:00 [queued]>
[2023-03-16T04:45:53.388+0000] {taskinstance.py:1279} INFO - 
--------------------------------------------------------------------------------
[2023-03-16T04:45:53.388+0000] {taskinstance.py:1280} INFO - Starting attempt 4 of 6
[2023-03-16T04:45:53.388+0000] {taskinstance.py:1281} INFO - 
--------------------------------------------------------------------------------
[2023-03-16T04:45:53.396+0000] {taskinstance.py:1300} INFO - Executing <Task(PythonOperator): AuthenticateAPI> on 2023-03-16 04:25:58.412323+00:00
[2023-03-16T04:45:53.401+0000] {standard_task_runner.py:55} INFO - Started process 7046 to run task
[2023-03-16T04:45:53.405+0000] {standard_task_runner.py:82} INFO - Running: ['***', 'tasks', 'run', 'Spotify_Data_ETL', 'AuthenticateAPI', 'manual__2023-03-16T04:25:58.412323+00:00', '--job-id', '1090', '--raw', '--subdir', 'DAGS_FOLDER/spotifydag.py', '--cfg-path', '/tmp/tmp1h87ca8z']
[2023-03-16T04:45:53.406+0000] {standard_task_runner.py:83} INFO - Job 1090: Subtask AuthenticateAPI
[2023-03-16T04:45:53.454+0000] {task_command.py:388} INFO - Running <TaskInstance: Spotify_Data_ETL.AuthenticateAPI manual__2023-03-16T04:25:58.412323+00:00 [running]> on host 18c42e4ef76b
[2023-03-16T04:45:53.728+0000] {taskinstance.py:1509} INFO - Exporting the following env vars:
AIRFLOW_CTX_DAG_OWNER=Ananta Moharana
AIRFLOW_CTX_DAG_ID=Spotify_Data_ETL
AIRFLOW_CTX_TASK_ID=AuthenticateAPI
AIRFLOW_CTX_EXECUTION_DATE=2023-03-16T04:25:58.412323+00:00
AIRFLOW_CTX_TRY_NUMBER=4
AIRFLOW_CTX_DAG_RUN_ID=manual__2023-03-16T04:25:58.412323+00:00
[2023-03-16T04:45:54.198+0000] {logging_mixin.py:137} INFO - BQA4OGaDIbOKe7s87ICqInf4w88TIcCHwI--Uv96uq4s5yaFrhiiCDhSrE_0GoemRKY-8zoR53q6bSQqSebrDtb9-kZeBuX_AtHr1-4tXGckLXpexODc
[2023-03-16T04:45:54.209+0000] {python.py:177} INFO - Done. Returned value was: None
[2023-03-16T04:45:54.217+0000] {taskinstance.py:1323} INFO - Marking task as SUCCESS. dag_id=Spotify_Data_ETL, task_id=AuthenticateAPI, execution_date=20230316T042558, start_date=20230316T044553, end_date=20230316T044554
[2023-03-16T04:45:54.278+0000] {local_task_job.py:208} INFO - Task exited with return code 0
[2023-03-16T04:45:54.302+0000] {taskinstance.py:2578} INFO - 1 downstream tasks scheduled from follow-on schedule check
