[2023-03-14T04:41:27.095+0000] {taskinstance.py:1083} INFO - Dependencies all met for <TaskInstance: Spotify_Data_ETL.ArtistGenreBridgeToS3 manual__2023-03-14T04:41:06.270770+00:00 [queued]>
[2023-03-14T04:41:27.107+0000] {taskinstance.py:1083} INFO - Dependencies all met for <TaskInstance: Spotify_Data_ETL.ArtistGenreBridgeToS3 manual__2023-03-14T04:41:06.270770+00:00 [queued]>
[2023-03-14T04:41:27.108+0000] {taskinstance.py:1279} INFO - 
--------------------------------------------------------------------------------
[2023-03-14T04:41:27.108+0000] {taskinstance.py:1280} INFO - Starting attempt 1 of 3
[2023-03-14T04:41:27.108+0000] {taskinstance.py:1281} INFO - 
--------------------------------------------------------------------------------
[2023-03-14T04:41:27.126+0000] {taskinstance.py:1300} INFO - Executing <Task(PythonOperator): ArtistGenreBridgeToS3> on 2023-03-14 04:41:06.270770+00:00
[2023-03-14T04:41:27.133+0000] {standard_task_runner.py:55} INFO - Started process 486 to run task
[2023-03-14T04:41:27.146+0000] {standard_task_runner.py:82} INFO - Running: ['***', 'tasks', 'run', 'Spotify_Data_ETL', 'ArtistGenreBridgeToS3', 'manual__2023-03-14T04:41:06.270770+00:00', '--job-id', '508', '--raw', '--subdir', 'DAGS_FOLDER/spotifydag.py', '--cfg-path', '/tmp/tmpapyf3uzf']
[2023-03-14T04:41:27.149+0000] {standard_task_runner.py:83} INFO - Job 508: Subtask ArtistGenreBridgeToS3
[2023-03-14T04:41:27.253+0000] {task_command.py:388} INFO - Running <TaskInstance: Spotify_Data_ETL.ArtistGenreBridgeToS3 manual__2023-03-14T04:41:06.270770+00:00 [running]> on host 2b460a741d49
[2023-03-14T04:41:27.905+0000] {taskinstance.py:1509} INFO - Exporting the following env vars:
AIRFLOW_CTX_DAG_OWNER=Ananta Moharana
AIRFLOW_CTX_DAG_ID=Spotify_Data_ETL
AIRFLOW_CTX_TASK_ID=ArtistGenreBridgeToS3
AIRFLOW_CTX_EXECUTION_DATE=2023-03-14T04:41:06.270770+00:00
AIRFLOW_CTX_TRY_NUMBER=1
AIRFLOW_CTX_DAG_RUN_ID=manual__2023-03-14T04:41:06.270770+00:00
[2023-03-14T04:41:27.932+0000] {base.py:73} INFO - Using connection ID 's3_connection' for task execution.
[2023-03-14T04:41:27.936+0000] {connection_wrapper.py:334} INFO - AWS Connection (conn_id='s3_connection', conn_type='aws') credentials retrieved from login and password.
[2023-03-14T04:41:30.229+0000] {python.py:177} INFO - Done. Returned value was: None
[2023-03-14T04:41:30.240+0000] {taskinstance.py:1323} INFO - Marking task as SUCCESS. dag_id=Spotify_Data_ETL, task_id=ArtistGenreBridgeToS3, execution_date=20230314T044106, start_date=20230314T044127, end_date=20230314T044130
[2023-03-14T04:41:30.312+0000] {local_task_job.py:208} INFO - Task exited with return code 0
[2023-03-14T04:41:30.342+0000] {taskinstance.py:2578} INFO - 0 downstream tasks scheduled from follow-on schedule check
