[2023-03-14T04:46:24.385+0000] {taskinstance.py:1083} INFO - Dependencies all met for <TaskInstance: Spotify_Data_ETL.ArtistGenreBridgeToS3 manual__2023-03-14T04:41:06.270770+00:00 [queued]>
[2023-03-14T04:46:24.413+0000] {taskinstance.py:1083} INFO - Dependencies all met for <TaskInstance: Spotify_Data_ETL.ArtistGenreBridgeToS3 manual__2023-03-14T04:41:06.270770+00:00 [queued]>
[2023-03-14T04:46:24.413+0000] {taskinstance.py:1279} INFO - 
--------------------------------------------------------------------------------
[2023-03-14T04:46:24.414+0000] {taskinstance.py:1280} INFO - Starting attempt 2 of 4
[2023-03-14T04:46:24.414+0000] {taskinstance.py:1281} INFO - 
--------------------------------------------------------------------------------
[2023-03-14T04:46:24.450+0000] {taskinstance.py:1300} INFO - Executing <Task(PythonOperator): ArtistGenreBridgeToS3> on 2023-03-14 04:41:06.270770+00:00
[2023-03-14T04:46:24.469+0000] {standard_task_runner.py:55} INFO - Started process 228 to run task
[2023-03-14T04:46:24.529+0000] {standard_task_runner.py:82} INFO - Running: ['***', 'tasks', 'run', 'Spotify_Data_ETL', 'ArtistGenreBridgeToS3', 'manual__2023-03-14T04:41:06.270770+00:00', '--job-id', '530', '--raw', '--subdir', 'DAGS_FOLDER/spotifydag.py', '--cfg-path', '/tmp/tmpvj90w2sk']
[2023-03-14T04:46:24.535+0000] {standard_task_runner.py:83} INFO - Job 530: Subtask ArtistGenreBridgeToS3
[2023-03-14T04:46:24.703+0000] {task_command.py:388} INFO - Running <TaskInstance: Spotify_Data_ETL.ArtistGenreBridgeToS3 manual__2023-03-14T04:41:06.270770+00:00 [running]> on host f1a61db33278
[2023-03-14T04:46:26.020+0000] {taskinstance.py:1509} INFO - Exporting the following env vars:
AIRFLOW_CTX_DAG_OWNER=Ananta Moharana
AIRFLOW_CTX_DAG_ID=Spotify_Data_ETL
AIRFLOW_CTX_TASK_ID=ArtistGenreBridgeToS3
AIRFLOW_CTX_EXECUTION_DATE=2023-03-14T04:41:06.270770+00:00
AIRFLOW_CTX_TRY_NUMBER=2
AIRFLOW_CTX_DAG_RUN_ID=manual__2023-03-14T04:41:06.270770+00:00
[2023-03-14T04:46:26.056+0000] {base.py:73} INFO - Using connection ID 's3_connection' for task execution.
[2023-03-14T04:46:26.066+0000] {connection_wrapper.py:334} INFO - AWS Connection (conn_id='s3_connection', conn_type='aws') credentials retrieved from login and password.
[2023-03-14T04:46:27.658+0000] {python.py:177} INFO - Done. Returned value was: None
[2023-03-14T04:46:27.675+0000] {taskinstance.py:1323} INFO - Marking task as SUCCESS. dag_id=Spotify_Data_ETL, task_id=ArtistGenreBridgeToS3, execution_date=20230314T044106, start_date=20230314T044624, end_date=20230314T044627
[2023-03-14T04:46:27.798+0000] {local_task_job.py:208} INFO - Task exited with return code 0
[2023-03-14T04:46:27.837+0000] {taskinstance.py:2578} INFO - 0 downstream tasks scheduled from follow-on schedule check
