[2023-03-11T04:30:30.446+0000] {taskinstance.py:1083} INFO - Dependencies all met for <TaskInstance: Spotify_Data_ETL.AuthenticateAPI manual__2023-03-11T04:30:28.313547+00:00 [queued]>
[2023-03-11T04:30:30.452+0000] {taskinstance.py:1083} INFO - Dependencies all met for <TaskInstance: Spotify_Data_ETL.AuthenticateAPI manual__2023-03-11T04:30:28.313547+00:00 [queued]>
[2023-03-11T04:30:30.453+0000] {taskinstance.py:1279} INFO - 
--------------------------------------------------------------------------------
[2023-03-11T04:30:30.453+0000] {taskinstance.py:1280} INFO - Starting attempt 1 of 3
[2023-03-11T04:30:30.453+0000] {taskinstance.py:1281} INFO - 
--------------------------------------------------------------------------------
[2023-03-11T04:30:30.460+0000] {taskinstance.py:1300} INFO - Executing <Task(PythonOperator): AuthenticateAPI> on 2023-03-11 04:30:28.313547+00:00
[2023-03-11T04:30:30.465+0000] {standard_task_runner.py:55} INFO - Started process 6283 to run task
[2023-03-11T04:30:30.468+0000] {standard_task_runner.py:82} INFO - Running: ['***', 'tasks', 'run', 'Spotify_Data_ETL', 'AuthenticateAPI', 'manual__2023-03-11T04:30:28.313547+00:00', '--job-id', '5', '--raw', '--subdir', 'DAGS_FOLDER/spotifydag.py', '--cfg-path', '/tmp/tmp7jwze5v8']
[2023-03-11T04:30:30.469+0000] {standard_task_runner.py:83} INFO - Job 5: Subtask AuthenticateAPI
[2023-03-11T04:30:30.516+0000] {task_command.py:388} INFO - Running <TaskInstance: Spotify_Data_ETL.AuthenticateAPI manual__2023-03-11T04:30:28.313547+00:00 [running]> on host ce2775ffe0eb
[2023-03-11T04:30:30.571+0000] {taskinstance.py:1509} INFO - Exporting the following env vars:
AIRFLOW_CTX_DAG_OWNER=Ananta Moharana
AIRFLOW_CTX_DAG_ID=Spotify_Data_ETL
AIRFLOW_CTX_TASK_ID=AuthenticateAPI
AIRFLOW_CTX_EXECUTION_DATE=2023-03-11T04:30:28.313547+00:00
AIRFLOW_CTX_TRY_NUMBER=1
AIRFLOW_CTX_DAG_RUN_ID=manual__2023-03-11T04:30:28.313547+00:00
[2023-03-11T04:30:30.689+0000] {python.py:177} INFO - Done. Returned value was: None
[2023-03-11T04:30:30.699+0000] {taskinstance.py:1323} INFO - Marking task as SUCCESS. dag_id=Spotify_Data_ETL, task_id=AuthenticateAPI, execution_date=20230311T043028, start_date=20230311T043030, end_date=20230311T043030
[2023-03-11T04:30:30.720+0000] {local_task_job.py:208} INFO - Task exited with return code 0
[2023-03-11T04:30:30.734+0000] {taskinstance.py:2578} INFO - 0 downstream tasks scheduled from follow-on schedule check
