[2023-03-21T22:47:58.820+0000] {taskinstance.py:1084} INFO - Dependencies all met for dep_context=non-requeueable deps ti=<TaskInstance: Spotify_Data_ETL.StoreArtistDim manual__2023-03-21T22:47:20.265233+00:00 [queued]>
[2023-03-21T22:47:58.848+0000] {taskinstance.py:1084} INFO - Dependencies all met for dep_context=requeueable deps ti=<TaskInstance: Spotify_Data_ETL.StoreArtistDim manual__2023-03-21T22:47:20.265233+00:00 [queued]>
[2023-03-21T22:47:58.852+0000] {taskinstance.py:1282} INFO - 
--------------------------------------------------------------------------------
[2023-03-21T22:47:58.853+0000] {taskinstance.py:1283} INFO - Starting attempt 2 of 3
[2023-03-21T22:47:58.853+0000] {taskinstance.py:1284} INFO - 
--------------------------------------------------------------------------------
[2023-03-21T22:47:58.882+0000] {taskinstance.py:1303} INFO - Executing <Task(S3ToSnowflakeOperator): StoreArtistDim> on 2023-03-21 22:47:20.265233+00:00
[2023-03-21T22:47:58.915+0000] {standard_task_runner.py:55} INFO - Started process 21812 to run task
[2023-03-21T22:47:58.930+0000] {standard_task_runner.py:82} INFO - Running: ['***', 'tasks', 'run', 'Spotify_Data_ETL', 'StoreArtistDim', 'manual__2023-03-21T22:47:20.265233+00:00', '--job-id', '2260', '--raw', '--subdir', 'DAGS_FOLDER/spotifydag.py', '--cfg-path', '/tmp/tmpu8hm7l6i']
[2023-03-21T22:47:58.935+0000] {standard_task_runner.py:83} INFO - Job 2260: Subtask StoreArtistDim
[2023-03-21T22:47:59.144+0000] {task_command.py:388} INFO - Running <TaskInstance: Spotify_Data_ETL.StoreArtistDim manual__2023-03-21T22:47:20.265233+00:00 [running]> on host 1fd7b08731f2
[2023-03-21T22:47:59.330+0000] {taskinstance.py:1511} INFO - Exporting the following env vars:
AIRFLOW_CTX_DAG_OWNER=Ananta Moharana
AIRFLOW_CTX_DAG_ID=Spotify_Data_ETL
AIRFLOW_CTX_TASK_ID=StoreArtistDim
AIRFLOW_CTX_EXECUTION_DATE=2023-03-21T22:47:20.265233+00:00
AIRFLOW_CTX_TRY_NUMBER=2
AIRFLOW_CTX_DAG_RUN_ID=manual__2023-03-21T22:47:20.265233+00:00
[2023-03-21T22:47:59.332+0000] {s3_to_snowflake.py:146} INFO - Executing COPY command...
[2023-03-21T22:47:59.364+0000] {base.py:73} INFO - Using connection ID 'snowflake_connection' for task execution.
[2023-03-21T22:47:59.370+0000] {connection.py:287} INFO - Snowflake Connector for Python Version: 3.0.1, Python Version: 3.7.16, Platform: Linux-5.15.49-linuxkit-aarch64-with-debian-11.6
[2023-03-21T22:47:59.373+0000] {connection.py:990} INFO - This connection is in OCSP Fail Open Mode. TLS Certificates would be checked for validity and revocation status. Any other Certificate Revocation related exceptions or OCSP Responder failures would be disregarded in favor of connectivity.
[2023-03-21T22:47:59.373+0000] {connection.py:1007} INFO - Setting use_openssl_only mode to False
[2023-03-21T22:48:00.194+0000] {cursor.py:738} INFO - query: [ALTER SESSION SET autocommit=True]
[2023-03-21T22:48:00.314+0000] {cursor.py:751} INFO - query execution done
[2023-03-21T22:48:00.314+0000] {cursor.py:891} INFO - Number of results in first chunk: 1
[2023-03-21T22:48:00.315+0000] {sql.py:375} INFO - Running statement: COPY INTO SpotifyTop50USA.artist_dim
FROM @s3_snowflake_stage/
files=('2023-03-21/artist_dim.csv')
file_format=DATA_CSV, parameters: None
[2023-03-21T22:48:00.315+0000] {cursor.py:738} INFO - query: [COPY INTO SpotifyTop50USA.artist_dim FROM @s3_snowflake_stage/ files=('2023-03-2...]
[2023-03-21T22:48:01.007+0000] {cursor.py:751} INFO - query execution done
[2023-03-21T22:48:01.008+0000] {cursor.py:891} INFO - Number of results in first chunk: 1
[2023-03-21T22:48:01.009+0000] {sql.py:384} INFO - Rows affected: 1
[2023-03-21T22:48:01.009+0000] {snowflake.py:391} INFO - Rows affected: 1
[2023-03-21T22:48:01.010+0000] {snowflake.py:392} INFO - Snowflake query id: 01ab1a78-0004-614e-0000-00552087f0e1
[2023-03-21T22:48:01.010+0000] {connection.py:586} INFO - closed
[2023-03-21T22:48:01.052+0000] {connection.py:589} INFO - No async queries seem to be running, deleting session
[2023-03-21T22:48:01.118+0000] {s3_to_snowflake.py:148} INFO - COPY command completed
[2023-03-21T22:48:01.130+0000] {taskinstance.py:1326} INFO - Marking task as SUCCESS. dag_id=Spotify_Data_ETL, task_id=StoreArtistDim, execution_date=20230321T224720, start_date=20230321T224758, end_date=20230321T224801
[2023-03-21T22:48:01.184+0000] {local_task_job.py:212} INFO - Task exited with return code 0
[2023-03-21T22:48:01.208+0000] {taskinstance.py:2585} INFO - 0 downstream tasks scheduled from follow-on schedule check
