[2023-03-21T21:22:13.169+0000] {taskinstance.py:1084} INFO - Dependencies all met for dep_context=non-requeueable deps ti=<TaskInstance: Spotify_Data_ETL.AuthenticateAPI manual__2023-03-21T21:22:11.536477+00:00 [queued]>
[2023-03-21T21:22:13.174+0000] {taskinstance.py:1084} INFO - Dependencies all met for dep_context=requeueable deps ti=<TaskInstance: Spotify_Data_ETL.AuthenticateAPI manual__2023-03-21T21:22:11.536477+00:00 [queued]>
[2023-03-21T21:22:13.174+0000] {taskinstance.py:1282} INFO - 
--------------------------------------------------------------------------------
[2023-03-21T21:22:13.174+0000] {taskinstance.py:1283} INFO - Starting attempt 1 of 3
[2023-03-21T21:22:13.175+0000] {taskinstance.py:1284} INFO - 
--------------------------------------------------------------------------------
[2023-03-21T21:22:13.183+0000] {taskinstance.py:1303} INFO - Executing <Task(PythonOperator): AuthenticateAPI> on 2023-03-21 21:22:11.536477+00:00
[2023-03-21T21:22:13.190+0000] {standard_task_runner.py:55} INFO - Started process 15325 to run task
[2023-03-21T21:22:13.203+0000] {standard_task_runner.py:82} INFO - Running: ['***', 'tasks', 'run', 'Spotify_Data_ETL', 'AuthenticateAPI', 'manual__2023-03-21T21:22:11.536477+00:00', '--job-id', '2155', '--raw', '--subdir', 'DAGS_FOLDER/spotifydag.py', '--cfg-path', '/tmp/tmp9bf7ne40']
[2023-03-21T21:22:13.204+0000] {standard_task_runner.py:83} INFO - Job 2155: Subtask AuthenticateAPI
[2023-03-21T21:22:13.274+0000] {task_command.py:388} INFO - Running <TaskInstance: Spotify_Data_ETL.AuthenticateAPI manual__2023-03-21T21:22:11.536477+00:00 [running]> on host 1fd7b08731f2
[2023-03-21T21:22:13.337+0000] {taskinstance.py:1511} INFO - Exporting the following env vars:
AIRFLOW_CTX_DAG_OWNER=Ananta Moharana
AIRFLOW_CTX_DAG_ID=Spotify_Data_ETL
AIRFLOW_CTX_TASK_ID=AuthenticateAPI
AIRFLOW_CTX_EXECUTION_DATE=2023-03-21T21:22:11.536477+00:00
AIRFLOW_CTX_TRY_NUMBER=1
AIRFLOW_CTX_DAG_RUN_ID=manual__2023-03-21T21:22:11.536477+00:00
[2023-03-21T21:22:13.449+0000] {logging_mixin.py:137} INFO - BQB8RHWlwLKbeUF41DFVJ57LkBbn7-FCpAmySDLqUJ_hwHyek5FF1kQA_4V9ws6UYk0knbkAmZ8LCDZPGLDaZnGFOEpVd5Gq9NGa4bJvOX_mShOp-SxQ
[2023-03-21T21:22:13.460+0000] {python.py:177} INFO - Done. Returned value was: None
[2023-03-21T21:22:13.469+0000] {taskinstance.py:1326} INFO - Marking task as SUCCESS. dag_id=Spotify_Data_ETL, task_id=AuthenticateAPI, execution_date=20230321T212211, start_date=20230321T212213, end_date=20230321T212213
[2023-03-21T21:22:13.492+0000] {local_task_job.py:212} INFO - Task exited with return code 0
[2023-03-21T21:22:13.522+0000] {taskinstance.py:2585} INFO - 1 downstream tasks scheduled from follow-on schedule check
