[2023-03-15T19:46:51.586+0000] {taskinstance.py:1083} INFO - Dependencies all met for <TaskInstance: Spotify_Data_ETL.SongDimToS3 manual__2023-03-14T22:41:08.560415+00:00 [queued]>
[2023-03-15T19:46:51.603+0000] {taskinstance.py:1083} INFO - Dependencies all met for <TaskInstance: Spotify_Data_ETL.SongDimToS3 manual__2023-03-14T22:41:08.560415+00:00 [queued]>
[2023-03-15T19:46:51.604+0000] {taskinstance.py:1279} INFO - 
--------------------------------------------------------------------------------
[2023-03-15T19:46:51.604+0000] {taskinstance.py:1280} INFO - Starting attempt 7 of 9
[2023-03-15T19:46:51.605+0000] {taskinstance.py:1281} INFO - 
--------------------------------------------------------------------------------
[2023-03-15T19:46:51.631+0000] {taskinstance.py:1300} INFO - Executing <Task(PythonOperator): SongDimToS3> on 2023-03-14 22:41:08.560415+00:00
[2023-03-15T19:46:51.639+0000] {standard_task_runner.py:55} INFO - Started process 2741 to run task
[2023-03-15T19:46:51.651+0000] {standard_task_runner.py:82} INFO - Running: ['***', 'tasks', 'run', 'Spotify_Data_ETL', 'SongDimToS3', 'manual__2023-03-14T22:41:08.560415+00:00', '--job-id', '730', '--raw', '--subdir', 'DAGS_FOLDER/spotifydag.py', '--cfg-path', '/tmp/tmp9wynytzr']
[2023-03-15T19:46:51.653+0000] {standard_task_runner.py:83} INFO - Job 730: Subtask SongDimToS3
[2023-03-15T19:46:51.806+0000] {task_command.py:388} INFO - Running <TaskInstance: Spotify_Data_ETL.SongDimToS3 manual__2023-03-14T22:41:08.560415+00:00 [running]> on host af46459234d2
[2023-03-15T19:46:52.362+0000] {taskinstance.py:1509} INFO - Exporting the following env vars:
AIRFLOW_CTX_DAG_OWNER=Ananta Moharana
AIRFLOW_CTX_DAG_ID=Spotify_Data_ETL
AIRFLOW_CTX_TASK_ID=SongDimToS3
AIRFLOW_CTX_EXECUTION_DATE=2023-03-14T22:41:08.560415+00:00
AIRFLOW_CTX_TRY_NUMBER=7
AIRFLOW_CTX_DAG_RUN_ID=manual__2023-03-14T22:41:08.560415+00:00
[2023-03-15T19:46:52.373+0000] {base.py:73} INFO - Using connection ID 'aws_connection' for task execution.
[2023-03-15T19:46:52.374+0000] {connection_wrapper.py:334} INFO - AWS Connection (conn_id='aws_connection', conn_type='aws') credentials retrieved from login and password.
[2023-03-15T19:46:52.970+0000] {python.py:177} INFO - Done. Returned value was: None
[2023-03-15T19:46:52.980+0000] {taskinstance.py:1323} INFO - Marking task as SUCCESS. dag_id=Spotify_Data_ETL, task_id=SongDimToS3, execution_date=20230314T224108, start_date=20230315T194651, end_date=20230315T194652
[2023-03-15T19:46:53.017+0000] {local_task_job.py:208} INFO - Task exited with return code 0
[2023-03-15T19:46:53.043+0000] {taskinstance.py:2578} INFO - 1 downstream tasks scheduled from follow-on schedule check
