[2023-03-21T03:28:23.876+0000] {taskinstance.py:1084} INFO - Dependencies all met for dep_context=non-requeueable deps ti=<TaskInstance: Spotify_Data_ETL.GetSongsFromPlaylist manual__2023-03-21T03:00:40.656791+00:00 [queued]>
[2023-03-21T03:28:23.880+0000] {taskinstance.py:1084} INFO - Dependencies all met for dep_context=requeueable deps ti=<TaskInstance: Spotify_Data_ETL.GetSongsFromPlaylist manual__2023-03-21T03:00:40.656791+00:00 [queued]>
[2023-03-21T03:28:23.880+0000] {taskinstance.py:1282} INFO - 
--------------------------------------------------------------------------------
[2023-03-21T03:28:23.881+0000] {taskinstance.py:1283} INFO - Starting attempt 6 of 8
[2023-03-21T03:28:23.881+0000] {taskinstance.py:1284} INFO - 
--------------------------------------------------------------------------------
[2023-03-21T03:28:23.888+0000] {taskinstance.py:1303} INFO - Executing <Task(PythonOperator): GetSongsFromPlaylist> on 2023-03-21 03:00:40.656791+00:00
[2023-03-21T03:28:23.893+0000] {standard_task_runner.py:55} INFO - Started process 22165 to run task
[2023-03-21T03:28:23.896+0000] {standard_task_runner.py:82} INFO - Running: ['***', 'tasks', 'run', 'Spotify_Data_ETL', 'GetSongsFromPlaylist', 'manual__2023-03-21T03:00:40.656791+00:00', '--job-id', '1805', '--raw', '--subdir', 'DAGS_FOLDER/spotifydag.py', '--cfg-path', '/tmp/tmpnaaztv22']
[2023-03-21T03:28:23.896+0000] {standard_task_runner.py:83} INFO - Job 1805: Subtask GetSongsFromPlaylist
[2023-03-21T03:28:23.940+0000] {task_command.py:388} INFO - Running <TaskInstance: Spotify_Data_ETL.GetSongsFromPlaylist manual__2023-03-21T03:00:40.656791+00:00 [running]> on host 1fd7b08731f2
[2023-03-21T03:28:23.979+0000] {taskinstance.py:1511} INFO - Exporting the following env vars:
AIRFLOW_CTX_DAG_OWNER=Ananta Moharana
AIRFLOW_CTX_DAG_ID=Spotify_Data_ETL
AIRFLOW_CTX_TASK_ID=GetSongsFromPlaylist
AIRFLOW_CTX_EXECUTION_DATE=2023-03-21T03:00:40.656791+00:00
AIRFLOW_CTX_TRY_NUMBER=6
AIRFLOW_CTX_DAG_RUN_ID=manual__2023-03-21T03:00:40.656791+00:00
[2023-03-21T03:28:24.825+0000] {python.py:177} INFO - Done. Returned value was: None
[2023-03-21T03:28:24.832+0000] {taskinstance.py:1326} INFO - Marking task as SUCCESS. dag_id=Spotify_Data_ETL, task_id=GetSongsFromPlaylist, execution_date=20230321T030040, start_date=20230321T032823, end_date=20230321T032824
[2023-03-21T03:28:24.861+0000] {local_task_job.py:212} INFO - Task exited with return code 0
[2023-03-21T03:28:24.884+0000] {taskinstance.py:2585} INFO - 2 downstream tasks scheduled from follow-on schedule check
