[2023-03-21T18:56:20.974+0000] {taskinstance.py:1084} INFO - Dependencies all met for dep_context=non-requeueable deps ti=<TaskInstance: Spotify_Data_ETL.GetSongsFromPlaylist manual__2023-03-21T03:00:40.656791+00:00 [queued]>
[2023-03-21T18:56:20.978+0000] {taskinstance.py:1084} INFO - Dependencies all met for dep_context=requeueable deps ti=<TaskInstance: Spotify_Data_ETL.GetSongsFromPlaylist manual__2023-03-21T03:00:40.656791+00:00 [queued]>
[2023-03-21T18:56:20.978+0000] {taskinstance.py:1282} INFO - 
--------------------------------------------------------------------------------
[2023-03-21T18:56:20.979+0000] {taskinstance.py:1283} INFO - Starting attempt 8 of 10
[2023-03-21T18:56:20.979+0000] {taskinstance.py:1284} INFO - 
--------------------------------------------------------------------------------
[2023-03-21T18:56:20.986+0000] {taskinstance.py:1303} INFO - Executing <Task(PythonOperator): GetSongsFromPlaylist> on 2023-03-21 03:00:40.656791+00:00
[2023-03-21T18:56:20.990+0000] {standard_task_runner.py:55} INFO - Started process 4728 to run task
[2023-03-21T18:56:20.993+0000] {standard_task_runner.py:82} INFO - Running: ['***', 'tasks', 'run', 'Spotify_Data_ETL', 'GetSongsFromPlaylist', 'manual__2023-03-21T03:00:40.656791+00:00', '--job-id', '1843', '--raw', '--subdir', 'DAGS_FOLDER/spotifydag.py', '--cfg-path', '/tmp/tmp0qm982f_']
[2023-03-21T18:56:20.994+0000] {standard_task_runner.py:83} INFO - Job 1843: Subtask GetSongsFromPlaylist
[2023-03-21T18:56:21.036+0000] {task_command.py:388} INFO - Running <TaskInstance: Spotify_Data_ETL.GetSongsFromPlaylist manual__2023-03-21T03:00:40.656791+00:00 [running]> on host 1fd7b08731f2
[2023-03-21T18:56:21.076+0000] {taskinstance.py:1511} INFO - Exporting the following env vars:
AIRFLOW_CTX_DAG_OWNER=Ananta Moharana
AIRFLOW_CTX_DAG_ID=Spotify_Data_ETL
AIRFLOW_CTX_TASK_ID=GetSongsFromPlaylist
AIRFLOW_CTX_EXECUTION_DATE=2023-03-21T03:00:40.656791+00:00
AIRFLOW_CTX_TRY_NUMBER=8
AIRFLOW_CTX_DAG_RUN_ID=manual__2023-03-21T03:00:40.656791+00:00
[2023-03-21T18:56:21.502+0000] {python.py:177} INFO - Done. Returned value was: None
[2023-03-21T18:56:21.511+0000] {taskinstance.py:1326} INFO - Marking task as SUCCESS. dag_id=Spotify_Data_ETL, task_id=GetSongsFromPlaylist, execution_date=20230321T030040, start_date=20230321T185620, end_date=20230321T185621
[2023-03-21T18:56:21.534+0000] {local_task_job.py:212} INFO - Task exited with return code 0
[2023-03-21T18:56:21.557+0000] {taskinstance.py:2585} INFO - 2 downstream tasks scheduled from follow-on schedule check
