[2023-03-14T04:41:27.379+0000] {taskinstance.py:1083} INFO - Dependencies all met for <TaskInstance: Spotify_Data_ETL.GenreToS3 manual__2023-03-14T04:41:06.270770+00:00 [queued]>
[2023-03-14T04:41:27.392+0000] {taskinstance.py:1083} INFO - Dependencies all met for <TaskInstance: Spotify_Data_ETL.GenreToS3 manual__2023-03-14T04:41:06.270770+00:00 [queued]>
[2023-03-14T04:41:27.394+0000] {taskinstance.py:1279} INFO - 
--------------------------------------------------------------------------------
[2023-03-14T04:41:27.395+0000] {taskinstance.py:1280} INFO - Starting attempt 1 of 3
[2023-03-14T04:41:27.396+0000] {taskinstance.py:1281} INFO - 
--------------------------------------------------------------------------------
[2023-03-14T04:41:27.444+0000] {taskinstance.py:1300} INFO - Executing <Task(PythonOperator): GenreToS3> on 2023-03-14 04:41:06.270770+00:00
[2023-03-14T04:41:27.453+0000] {standard_task_runner.py:55} INFO - Started process 487 to run task
[2023-03-14T04:41:27.468+0000] {standard_task_runner.py:82} INFO - Running: ['***', 'tasks', 'run', 'Spotify_Data_ETL', 'GenreToS3', 'manual__2023-03-14T04:41:06.270770+00:00', '--job-id', '509', '--raw', '--subdir', 'DAGS_FOLDER/spotifydag.py', '--cfg-path', '/tmp/tmp9uj18odh']
[2023-03-14T04:41:27.471+0000] {standard_task_runner.py:83} INFO - Job 509: Subtask GenreToS3
[2023-03-14T04:41:27.576+0000] {task_command.py:388} INFO - Running <TaskInstance: Spotify_Data_ETL.GenreToS3 manual__2023-03-14T04:41:06.270770+00:00 [running]> on host 2b460a741d49
[2023-03-14T04:41:28.768+0000] {taskinstance.py:1509} INFO - Exporting the following env vars:
AIRFLOW_CTX_DAG_OWNER=Ananta Moharana
AIRFLOW_CTX_DAG_ID=Spotify_Data_ETL
AIRFLOW_CTX_TASK_ID=GenreToS3
AIRFLOW_CTX_EXECUTION_DATE=2023-03-14T04:41:06.270770+00:00
AIRFLOW_CTX_TRY_NUMBER=1
AIRFLOW_CTX_DAG_RUN_ID=manual__2023-03-14T04:41:06.270770+00:00
[2023-03-14T04:41:28.811+0000] {base.py:73} INFO - Using connection ID 's3_connection' for task execution.
[2023-03-14T04:41:28.813+0000] {connection_wrapper.py:334} INFO - AWS Connection (conn_id='s3_connection', conn_type='aws') credentials retrieved from login and password.
[2023-03-14T04:41:30.228+0000] {python.py:177} INFO - Done. Returned value was: None
[2023-03-14T04:41:30.238+0000] {taskinstance.py:1323} INFO - Marking task as SUCCESS. dag_id=Spotify_Data_ETL, task_id=GenreToS3, execution_date=20230314T044106, start_date=20230314T044127, end_date=20230314T044130
[2023-03-14T04:41:30.327+0000] {local_task_job.py:208} INFO - Task exited with return code 0
[2023-03-14T04:41:30.354+0000] {taskinstance.py:2578} INFO - 0 downstream tasks scheduled from follow-on schedule check
