[2023-03-21T20:06:12.634+0000] {taskinstance.py:1084} INFO - Dependencies all met for dep_context=non-requeueable deps ti=<TaskInstance: Spotify_Data_ETL.StoreSongDim manual__2023-03-21T19:43:28.798625+00:00 [queued]>
[2023-03-21T20:06:12.639+0000] {taskinstance.py:1084} INFO - Dependencies all met for dep_context=requeueable deps ti=<TaskInstance: Spotify_Data_ETL.StoreSongDim manual__2023-03-21T19:43:28.798625+00:00 [queued]>
[2023-03-21T20:06:12.640+0000] {taskinstance.py:1282} INFO - 
--------------------------------------------------------------------------------
[2023-03-21T20:06:12.640+0000] {taskinstance.py:1283} INFO - Starting attempt 5 of 6
[2023-03-21T20:06:12.641+0000] {taskinstance.py:1284} INFO - 
--------------------------------------------------------------------------------
[2023-03-21T20:06:12.648+0000] {taskinstance.py:1303} INFO - Executing <Task(S3ToSnowflakeOperator): StoreSongDim> on 2023-03-21 19:43:28.798625+00:00
[2023-03-21T20:06:12.653+0000] {standard_task_runner.py:55} INFO - Started process 10392 to run task
[2023-03-21T20:06:12.657+0000] {standard_task_runner.py:82} INFO - Running: ['***', 'tasks', 'run', 'Spotify_Data_ETL', 'StoreSongDim', 'manual__2023-03-21T19:43:28.798625+00:00', '--job-id', '2044', '--raw', '--subdir', 'DAGS_FOLDER/spotifydag.py', '--cfg-path', '/tmp/tmpu7ajx_gp']
[2023-03-21T20:06:12.658+0000] {standard_task_runner.py:83} INFO - Job 2044: Subtask StoreSongDim
[2023-03-21T20:06:12.705+0000] {task_command.py:388} INFO - Running <TaskInstance: Spotify_Data_ETL.StoreSongDim manual__2023-03-21T19:43:28.798625+00:00 [running]> on host 1fd7b08731f2
[2023-03-21T20:06:12.747+0000] {taskinstance.py:1511} INFO - Exporting the following env vars:
AIRFLOW_CTX_DAG_OWNER=Ananta Moharana
AIRFLOW_CTX_DAG_ID=Spotify_Data_ETL
AIRFLOW_CTX_TASK_ID=StoreSongDim
AIRFLOW_CTX_EXECUTION_DATE=2023-03-21T19:43:28.798625+00:00
AIRFLOW_CTX_TRY_NUMBER=5
AIRFLOW_CTX_DAG_RUN_ID=manual__2023-03-21T19:43:28.798625+00:00
[2023-03-21T20:06:12.748+0000] {s3_to_snowflake.py:146} INFO - Executing COPY command...
[2023-03-21T20:06:12.756+0000] {base.py:73} INFO - Using connection ID 'snowflake_connection' for task execution.
[2023-03-21T20:06:12.759+0000] {connection.py:287} INFO - Snowflake Connector for Python Version: 3.0.1, Python Version: 3.7.16, Platform: Linux-5.15.49-linuxkit-aarch64-with-debian-11.6
[2023-03-21T20:06:12.760+0000] {connection.py:990} INFO - This connection is in OCSP Fail Open Mode. TLS Certificates would be checked for validity and revocation status. Any other Certificate Revocation related exceptions or OCSP Responder failures would be disregarded in favor of connectivity.
[2023-03-21T20:06:12.760+0000] {connection.py:1007} INFO - Setting use_openssl_only mode to False
[2023-03-21T20:06:13.342+0000] {cursor.py:738} INFO - query: [ALTER SESSION SET autocommit=True]
[2023-03-21T20:06:13.442+0000] {cursor.py:751} INFO - query execution done
[2023-03-21T20:06:13.443+0000] {cursor.py:891} INFO - Number of results in first chunk: 1
[2023-03-21T20:06:13.444+0000] {sql.py:375} INFO - Running statement: COPY INTO SpotifyTop50USA.song_dim
FROM @s3_snowflake_stage/
files=('2023-03-21/song_dim.csv')
file_format=DATA_CSV, parameters: None
[2023-03-21T20:06:13.444+0000] {cursor.py:738} INFO - query: [COPY INTO SpotifyTop50USA.song_dim FROM @s3_snowflake_stage/ files=('2023-03-21/...]
[2023-03-21T20:06:14.119+0000] {cursor.py:751} INFO - query execution done
[2023-03-21T20:06:14.133+0000] {connection.py:586} INFO - closed
[2023-03-21T20:06:14.181+0000] {connection.py:589} INFO - No async queries seem to be running, deleting session
[2023-03-21T20:06:14.268+0000] {taskinstance.py:1775} ERROR - Task failed with exception
Traceback (most recent call last):
  File "/home/airflow/.local/lib/python3.7/site-packages/airflow/providers/snowflake/transfers/s3_to_snowflake.py", line 147, in execute
    snowflake_hook.run(copy_query, self.autocommit)
  File "/home/airflow/.local/lib/python3.7/site-packages/airflow/providers/snowflake/hooks/snowflake.py", line 379, in run
    self._run_command(cur, sql_statement, parameters)
  File "/home/airflow/.local/lib/python3.7/site-packages/airflow/providers/common/sql/hooks/sql.py", line 380, in _run_command
    cur.execute(sql_statement)
  File "/home/airflow/.local/lib/python3.7/site-packages/snowflake/connector/cursor.py", line 839, in execute
    Error.errorhandler_wrapper(self.connection, self, error_class, errvalue)
  File "/home/airflow/.local/lib/python3.7/site-packages/snowflake/connector/errors.py", line 294, in errorhandler_wrapper
    error_value,
  File "/home/airflow/.local/lib/python3.7/site-packages/snowflake/connector/errors.py", line 345, in hand_to_other_handler
    cursor.errorhandler(connection, cursor, error_class, error_value)
  File "/home/airflow/.local/lib/python3.7/site-packages/snowflake/connector/errors.py", line 231, in default_errorhandler
    cursor=cursor,
snowflake.connector.errors.ProgrammingError: 100074 (54000): 01ab19d6-0004-6110-0000-00552087a0f9: User character length limit (50) exceeded by string 'Until I Found You (with Em Beihold) - Em Beihold Version'
  File '2023-03-21/song_dim.csv', line 33, character 1
  Row 32, column "SONG_DIM"["SONG_ID":1]
  If you would like to continue loading when an error is encountered, use other values such as 'SKIP_FILE' or 'CONTINUE' for the ON_ERROR option. For more information on loading options, please run 'info loading_data' in a SQL client.
[2023-03-21T20:06:14.278+0000] {taskinstance.py:1326} INFO - Marking task as UP_FOR_RETRY. dag_id=Spotify_Data_ETL, task_id=StoreSongDim, execution_date=20230321T194328, start_date=20230321T200612, end_date=20230321T200614
[2023-03-21T20:06:14.288+0000] {standard_task_runner.py:105} ERROR - Failed to execute job 2044 for task StoreSongDim (100074 (54000): 01ab19d6-0004-6110-0000-00552087a0f9: User character length limit (50) exceeded by string 'Until I Found You (with Em Beihold) - Em Beihold Version'
  File '2023-03-21/song_dim.csv', line 33, character 1
  Row 32, column "SONG_DIM"["SONG_ID":1]
  If you would like to continue loading when an error is encountered, use other values such as 'SKIP_FILE' or 'CONTINUE' for the ON_ERROR option. For more information on loading options, please run 'info loading_data' in a SQL client.; 10392)
[2023-03-21T20:06:14.343+0000] {local_task_job.py:212} INFO - Task exited with return code 1
[2023-03-21T20:06:14.361+0000] {taskinstance.py:2585} INFO - 0 downstream tasks scheduled from follow-on schedule check
