[2023-03-14T20:35:40.804+0000] {taskinstance.py:1083} INFO - Dependencies all met for <TaskInstance: Spotify_Data_ETL.ArtistDimesnionToS3 manual__2023-03-14T17:39:32.565428+00:00 [queued]>
[2023-03-14T20:35:40.819+0000] {taskinstance.py:1083} INFO - Dependencies all met for <TaskInstance: Spotify_Data_ETL.ArtistDimesnionToS3 manual__2023-03-14T17:39:32.565428+00:00 [queued]>
[2023-03-14T20:35:40.819+0000] {taskinstance.py:1279} INFO - 
--------------------------------------------------------------------------------
[2023-03-14T20:35:40.819+0000] {taskinstance.py:1280} INFO - Starting attempt 3 of 5
[2023-03-14T20:35:40.820+0000] {taskinstance.py:1281} INFO - 
--------------------------------------------------------------------------------
[2023-03-14T20:35:40.839+0000] {taskinstance.py:1300} INFO - Executing <Task(PythonOperator): ArtistDimesnionToS3> on 2023-03-14 17:39:32.565428+00:00
[2023-03-14T20:35:40.860+0000] {standard_task_runner.py:55} INFO - Started process 13939 to run task
[2023-03-14T20:35:40.895+0000] {standard_task_runner.py:82} INFO - Running: ['***', 'tasks', 'run', 'Spotify_Data_ETL', 'ArtistDimesnionToS3', 'manual__2023-03-14T17:39:32.565428+00:00', '--job-id', '579', '--raw', '--subdir', 'DAGS_FOLDER/spotifydag.py', '--cfg-path', '/tmp/tmpoig13_co']
[2023-03-14T20:35:40.896+0000] {standard_task_runner.py:83} INFO - Job 579: Subtask ArtistDimesnionToS3
[2023-03-14T20:35:41.097+0000] {task_command.py:388} INFO - Running <TaskInstance: Spotify_Data_ETL.ArtistDimesnionToS3 manual__2023-03-14T17:39:32.565428+00:00 [running]> on host 9cabbaedf88c
[2023-03-14T20:35:41.912+0000] {taskinstance.py:1509} INFO - Exporting the following env vars:
AIRFLOW_CTX_DAG_OWNER=Ananta Moharana
AIRFLOW_CTX_DAG_ID=Spotify_Data_ETL
AIRFLOW_CTX_TASK_ID=ArtistDimesnionToS3
AIRFLOW_CTX_EXECUTION_DATE=2023-03-14T17:39:32.565428+00:00
AIRFLOW_CTX_TRY_NUMBER=3
AIRFLOW_CTX_DAG_RUN_ID=manual__2023-03-14T17:39:32.565428+00:00
[2023-03-14T20:35:41.924+0000] {base.py:73} INFO - Using connection ID 's3_connection' for task execution.
[2023-03-14T20:35:41.925+0000] {connection_wrapper.py:334} INFO - AWS Connection (conn_id='s3_connection', conn_type='aws') credentials retrieved from login and password.
[2023-03-14T20:35:42.421+0000] {python.py:177} INFO - Done. Returned value was: None
[2023-03-14T20:35:42.429+0000] {taskinstance.py:1323} INFO - Marking task as SUCCESS. dag_id=Spotify_Data_ETL, task_id=ArtistDimesnionToS3, execution_date=20230314T173932, start_date=20230314T203540, end_date=20230314T203542
[2023-03-14T20:35:42.491+0000] {local_task_job.py:208} INFO - Task exited with return code 0
[2023-03-14T20:35:42.524+0000] {taskinstance.py:2578} INFO - 0 downstream tasks scheduled from follow-on schedule check
