[2023-03-20T17:08:59.612+0000] {taskinstance.py:1084} INFO - Dependencies all met for dep_context=non-requeueable deps ti=<TaskInstance: Spotify_Data_ETL.JsonToCSV manual__2023-03-18T04:27:11.434896+00:00 [queued]>
[2023-03-20T17:08:59.617+0000] {taskinstance.py:1084} INFO - Dependencies all met for dep_context=requeueable deps ti=<TaskInstance: Spotify_Data_ETL.JsonToCSV manual__2023-03-18T04:27:11.434896+00:00 [queued]>
[2023-03-20T17:08:59.617+0000] {taskinstance.py:1282} INFO - 
--------------------------------------------------------------------------------
[2023-03-20T17:08:59.618+0000] {taskinstance.py:1283} INFO - Starting attempt 3 of 5
[2023-03-20T17:08:59.618+0000] {taskinstance.py:1284} INFO - 
--------------------------------------------------------------------------------
[2023-03-20T17:08:59.625+0000] {taskinstance.py:1303} INFO - Executing <Task(PythonOperator): JsonToCSV> on 2023-03-18 04:27:11.434896+00:00
[2023-03-20T17:08:59.629+0000] {standard_task_runner.py:55} INFO - Started process 734 to run task
[2023-03-20T17:08:59.633+0000] {standard_task_runner.py:82} INFO - Running: ['***', 'tasks', 'run', 'Spotify_Data_ETL', 'JsonToCSV', 'manual__2023-03-18T04:27:11.434896+00:00', '--job-id', '1601', '--raw', '--subdir', 'DAGS_FOLDER/spotifydag.py', '--cfg-path', '/tmp/tmpb0ec_8as']
[2023-03-20T17:08:59.633+0000] {standard_task_runner.py:83} INFO - Job 1601: Subtask JsonToCSV
[2023-03-20T17:08:59.678+0000] {task_command.py:388} INFO - Running <TaskInstance: Spotify_Data_ETL.JsonToCSV manual__2023-03-18T04:27:11.434896+00:00 [running]> on host 1fd7b08731f2
[2023-03-20T17:08:59.718+0000] {taskinstance.py:1511} INFO - Exporting the following env vars:
AIRFLOW_CTX_DAG_OWNER=Ananta Moharana
AIRFLOW_CTX_DAG_ID=Spotify_Data_ETL
AIRFLOW_CTX_TASK_ID=JsonToCSV
AIRFLOW_CTX_EXECUTION_DATE=2023-03-18T04:27:11.434896+00:00
AIRFLOW_CTX_TRY_NUMBER=3
AIRFLOW_CTX_DAG_RUN_ID=manual__2023-03-18T04:27:11.434896+00:00
[2023-03-20T17:08:59.726+0000] {base.py:73} INFO - Using connection ID 'aws_connection' for task execution.
[2023-03-20T17:08:59.726+0000] {connection_wrapper.py:337} INFO - AWS Connection (conn_id='aws_connection', conn_type='aws') credentials retrieved from login and password.
[2023-03-20T17:09:02.852+0000] {python.py:177} INFO - Done. Returned value was: None
[2023-03-20T17:09:02.874+0000] {taskinstance.py:1326} INFO - Marking task as SUCCESS. dag_id=Spotify_Data_ETL, task_id=JsonToCSV, execution_date=20230318T042711, start_date=20230320T170859, end_date=20230320T170902
[2023-03-20T17:09:02.938+0000] {local_task_job.py:212} INFO - Task exited with return code 0
[2023-03-20T17:09:02.959+0000] {taskinstance.py:2585} INFO - 1 downstream tasks scheduled from follow-on schedule check
