[2023-03-21T21:22:13.072+0000] {taskinstance.py:1084} INFO - Dependencies all met for dep_context=non-requeueable deps ti=<TaskInstance: Spotify_Data_ETL.JsonToCSV manual__2023-03-21T21:22:11.536477+00:00 [queued]>
[2023-03-21T21:22:13.076+0000] {taskinstance.py:1084} INFO - Dependencies all met for dep_context=requeueable deps ti=<TaskInstance: Spotify_Data_ETL.JsonToCSV manual__2023-03-21T21:22:11.536477+00:00 [queued]>
[2023-03-21T21:22:13.077+0000] {taskinstance.py:1282} INFO - 
--------------------------------------------------------------------------------
[2023-03-21T21:22:13.077+0000] {taskinstance.py:1283} INFO - Starting attempt 1 of 3
[2023-03-21T21:22:13.078+0000] {taskinstance.py:1284} INFO - 
--------------------------------------------------------------------------------
[2023-03-21T21:22:13.085+0000] {taskinstance.py:1303} INFO - Executing <Task(PythonOperator): JsonToCSV> on 2023-03-21 21:22:11.536477+00:00
[2023-03-21T21:22:13.090+0000] {standard_task_runner.py:55} INFO - Started process 15324 to run task
[2023-03-21T21:22:13.093+0000] {standard_task_runner.py:82} INFO - Running: ['***', 'tasks', 'run', 'Spotify_Data_ETL', 'JsonToCSV', 'manual__2023-03-21T21:22:11.536477+00:00', '--job-id', '2154', '--raw', '--subdir', 'DAGS_FOLDER/spotifydag.py', '--cfg-path', '/tmp/tmp78qk2gl1']
[2023-03-21T21:22:13.094+0000] {standard_task_runner.py:83} INFO - Job 2154: Subtask JsonToCSV
[2023-03-21T21:22:13.141+0000] {task_command.py:388} INFO - Running <TaskInstance: Spotify_Data_ETL.JsonToCSV manual__2023-03-21T21:22:11.536477+00:00 [running]> on host 1fd7b08731f2
[2023-03-21T21:22:13.193+0000] {taskinstance.py:1511} INFO - Exporting the following env vars:
AIRFLOW_CTX_DAG_OWNER=Ananta Moharana
AIRFLOW_CTX_DAG_ID=Spotify_Data_ETL
AIRFLOW_CTX_TASK_ID=JsonToCSV
AIRFLOW_CTX_EXECUTION_DATE=2023-03-21T21:22:11.536477+00:00
AIRFLOW_CTX_TRY_NUMBER=1
AIRFLOW_CTX_DAG_RUN_ID=manual__2023-03-21T21:22:11.536477+00:00
[2023-03-21T21:22:13.210+0000] {base.py:73} INFO - Using connection ID 'aws_connection' for task execution.
[2023-03-21T21:22:13.211+0000] {connection_wrapper.py:337} INFO - AWS Connection (conn_id='aws_connection', conn_type='aws') credentials retrieved from login and password.
[2023-03-21T21:22:15.975+0000] {python.py:177} INFO - Done. Returned value was: None
[2023-03-21T21:22:15.988+0000] {taskinstance.py:1326} INFO - Marking task as SUCCESS. dag_id=Spotify_Data_ETL, task_id=JsonToCSV, execution_date=20230321T212211, start_date=20230321T212213, end_date=20230321T212215
[2023-03-21T21:22:16.045+0000] {local_task_job.py:212} INFO - Task exited with return code 0
[2023-03-21T21:22:16.059+0000] {taskinstance.py:2585} INFO - 0 downstream tasks scheduled from follow-on schedule check
