[2023-03-13T17:39:47.046+0000] {taskinstance.py:1083} INFO - Dependencies all met for <TaskInstance: Spotify_Data_ETL.TransformData manual__2023-03-13T17:35:51.683738+00:00 [queued]>
[2023-03-13T17:39:47.051+0000] {taskinstance.py:1083} INFO - Dependencies all met for <TaskInstance: Spotify_Data_ETL.TransformData manual__2023-03-13T17:35:51.683738+00:00 [queued]>
[2023-03-13T17:39:47.051+0000] {taskinstance.py:1279} INFO - 
--------------------------------------------------------------------------------
[2023-03-13T17:39:47.051+0000] {taskinstance.py:1280} INFO - Starting attempt 2 of 4
[2023-03-13T17:39:47.052+0000] {taskinstance.py:1281} INFO - 
--------------------------------------------------------------------------------
[2023-03-13T17:39:47.058+0000] {taskinstance.py:1300} INFO - Executing <Task(PythonOperator): TransformData> on 2023-03-13 17:35:51.683738+00:00
[2023-03-13T17:39:47.063+0000] {standard_task_runner.py:55} INFO - Started process 3682 to run task
[2023-03-13T17:39:47.066+0000] {standard_task_runner.py:82} INFO - Running: ['***', 'tasks', 'run', 'Spotify_Data_ETL', 'TransformData', 'manual__2023-03-13T17:35:51.683738+00:00', '--job-id', '238', '--raw', '--subdir', 'DAGS_FOLDER/spotifydag.py', '--cfg-path', '/tmp/tmpm7cubmdp']
[2023-03-13T17:39:47.067+0000] {standard_task_runner.py:83} INFO - Job 238: Subtask TransformData
[2023-03-13T17:39:47.110+0000] {task_command.py:388} INFO - Running <TaskInstance: Spotify_Data_ETL.TransformData manual__2023-03-13T17:35:51.683738+00:00 [running]> on host 649b70e6a8b0
[2023-03-13T17:39:47.149+0000] {taskinstance.py:1509} INFO - Exporting the following env vars:
AIRFLOW_CTX_DAG_OWNER=Ananta Moharana
AIRFLOW_CTX_DAG_ID=Spotify_Data_ETL
AIRFLOW_CTX_TASK_ID=TransformData
AIRFLOW_CTX_EXECUTION_DATE=2023-03-13T17:35:51.683738+00:00
AIRFLOW_CTX_TRY_NUMBER=2
AIRFLOW_CTX_DAG_RUN_ID=manual__2023-03-13T17:35:51.683738+00:00
[2023-03-13T17:39:47.184+0000] {logging_mixin.py:137} INFO - Index(['song_name', 'track_id', 'is_explicit', 'popularity', 'artist_name',
       'artist_id', 'id', 'acousticness', 'danceability', 'duration_ms',
       'energy', 'instrumentalness', 'key', 'liveness', 'loudness',
       'speechiness', 'tempo', 'valence'],
      dtype='object')
[2023-03-13T17:39:47.185+0000] {python.py:177} INFO - Done. Returned value was: None
[2023-03-13T17:39:47.192+0000] {taskinstance.py:1323} INFO - Marking task as SUCCESS. dag_id=Spotify_Data_ETL, task_id=TransformData, execution_date=20230313T173551, start_date=20230313T173947, end_date=20230313T173947
[2023-03-13T17:39:47.240+0000] {local_task_job.py:208} INFO - Task exited with return code 0
[2023-03-13T17:39:47.254+0000] {taskinstance.py:2578} INFO - 0 downstream tasks scheduled from follow-on schedule check
