[2023-03-13T20:09:16.679+0000] {taskinstance.py:1083} INFO - Dependencies all met for <TaskInstance: Spotify_Data_ETL.TransformData manual__2023-03-13T17:35:51.683738+00:00 [queued]>
[2023-03-13T20:09:16.687+0000] {taskinstance.py:1083} INFO - Dependencies all met for <TaskInstance: Spotify_Data_ETL.TransformData manual__2023-03-13T17:35:51.683738+00:00 [queued]>
[2023-03-13T20:09:16.687+0000] {taskinstance.py:1279} INFO - 
--------------------------------------------------------------------------------
[2023-03-13T20:09:16.688+0000] {taskinstance.py:1280} INFO - Starting attempt 24 of 26
[2023-03-13T20:09:16.689+0000] {taskinstance.py:1281} INFO - 
--------------------------------------------------------------------------------
[2023-03-13T20:09:16.698+0000] {taskinstance.py:1300} INFO - Executing <Task(PythonOperator): TransformData> on 2023-03-13 17:35:51.683738+00:00
[2023-03-13T20:09:16.703+0000] {standard_task_runner.py:55} INFO - Started process 13876 to run task
[2023-03-13T20:09:16.707+0000] {standard_task_runner.py:82} INFO - Running: ['***', 'tasks', 'run', 'Spotify_Data_ETL', 'TransformData', 'manual__2023-03-13T17:35:51.683738+00:00', '--job-id', '291', '--raw', '--subdir', 'DAGS_FOLDER/spotifydag.py', '--cfg-path', '/tmp/tmp4hykk4ov']
[2023-03-13T20:09:16.708+0000] {standard_task_runner.py:83} INFO - Job 291: Subtask TransformData
[2023-03-13T20:09:16.761+0000] {task_command.py:388} INFO - Running <TaskInstance: Spotify_Data_ETL.TransformData manual__2023-03-13T17:35:51.683738+00:00 [running]> on host 649b70e6a8b0
[2023-03-13T20:09:16.807+0000] {taskinstance.py:1509} INFO - Exporting the following env vars:
AIRFLOW_CTX_DAG_OWNER=Ananta Moharana
AIRFLOW_CTX_DAG_ID=Spotify_Data_ETL
AIRFLOW_CTX_TASK_ID=TransformData
AIRFLOW_CTX_EXECUTION_DATE=2023-03-13T17:35:51.683738+00:00
AIRFLOW_CTX_TRY_NUMBER=24
AIRFLOW_CTX_DAG_RUN_ID=manual__2023-03-13T17:35:51.683738+00:00
[2023-03-13T20:09:16.851+0000] {warnings.py:110} WARNING - /home/***/.local/lib/python3.7/site-packages/pandas/util/_decorators.py:311: SettingWithCopyWarning: 
A value is trying to be set on a copy of a slice from a DataFrame

See the caveats in the documentation: https://pandas.pydata.org/pandas-docs/stable/user_guide/indexing.html#returning-a-view-versus-a-copy
  return func(*args, **kwargs)

[2023-03-13T20:09:16.854+0000] {logging_mixin.py:137} INFO - Index(['song_name', 'is_explicit', 'artist_name', 'artist_id'], dtype='object')
[2023-03-13T20:09:16.855+0000] {logging_mixin.py:137} INFO - False
[2023-03-13T20:09:16.855+0000] {logging_mixin.py:137} INFO - Duplicate rows:
[2023-03-13T20:09:16.857+0000] {logging_mixin.py:137} INFO - Empty DataFrame
Columns: [song_name, is_explicit, artist_name, artist_id]
Index: []
[2023-03-13T20:09:16.857+0000] {logging_mixin.py:137} INFO - **************************
[2023-03-13T20:09:16.858+0000] {logging_mixin.py:137} INFO - Index(['song_name', 'track_id', 'is_explicit', 'artist_name', 'artist_id',
       'acousticness', 'danceability', 'duration_ms', 'energy',
       'instrumentalness', 'key', 'liveness', 'loudness', 'speechiness',
       'tempo', 'valence'],
      dtype='object')
[2023-03-13T20:09:16.859+0000] {logging_mixin.py:137} INFO - False
[2023-03-13T20:09:16.859+0000] {logging_mixin.py:137} INFO - **************************
[2023-03-13T20:09:16.860+0000] {logging_mixin.py:137} INFO - Index(['track_id', 'artist_id'], dtype='object')
[2023-03-13T20:09:16.860+0000] {logging_mixin.py:137} INFO - False
[2023-03-13T20:09:16.861+0000] {logging_mixin.py:137} INFO - **************************
[2023-03-13T20:09:16.861+0000] {logging_mixin.py:137} INFO - Index(['artist_id', 'popularity', 'followers'], dtype='object')
[2023-03-13T20:09:16.862+0000] {logging_mixin.py:137} INFO - True
[2023-03-13T20:09:16.862+0000] {logging_mixin.py:137} INFO - **************************
[2023-03-13T20:09:16.863+0000] {logging_mixin.py:137} INFO - Index(['artist_name', 'id'], dtype='object')
[2023-03-13T20:09:16.863+0000] {logging_mixin.py:137} INFO - False
[2023-03-13T20:09:16.863+0000] {logging_mixin.py:137} INFO - **************************
[2023-03-13T20:09:16.864+0000] {logging_mixin.py:137} INFO - Index(['artist_id', 'genre'], dtype='object')
[2023-03-13T20:09:16.865+0000] {logging_mixin.py:137} INFO - False
[2023-03-13T20:09:16.865+0000] {logging_mixin.py:137} INFO - **************************
[2023-03-13T20:09:16.866+0000] {logging_mixin.py:137} INFO - Index(['genre'], dtype='object')
[2023-03-13T20:09:16.866+0000] {logging_mixin.py:137} INFO - False
[2023-03-13T20:09:16.867+0000] {python.py:177} INFO - Done. Returned value was: None
[2023-03-13T20:09:16.874+0000] {taskinstance.py:1323} INFO - Marking task as SUCCESS. dag_id=Spotify_Data_ETL, task_id=TransformData, execution_date=20230313T173551, start_date=20230313T200916, end_date=20230313T200916
[2023-03-13T20:09:16.918+0000] {local_task_job.py:208} INFO - Task exited with return code 0
[2023-03-13T20:09:16.940+0000] {taskinstance.py:2578} INFO - 0 downstream tasks scheduled from follow-on schedule check
