[2023-03-13T17:36:09.212+0000] {taskinstance.py:1083} INFO - Dependencies all met for <TaskInstance: Spotify_Data_ETL.TransformData manual__2023-03-13T17:35:51.683738+00:00 [queued]>
[2023-03-13T17:36:09.217+0000] {taskinstance.py:1083} INFO - Dependencies all met for <TaskInstance: Spotify_Data_ETL.TransformData manual__2023-03-13T17:35:51.683738+00:00 [queued]>
[2023-03-13T17:36:09.217+0000] {taskinstance.py:1279} INFO - 
--------------------------------------------------------------------------------
[2023-03-13T17:36:09.218+0000] {taskinstance.py:1280} INFO - Starting attempt 1 of 3
[2023-03-13T17:36:09.218+0000] {taskinstance.py:1281} INFO - 
--------------------------------------------------------------------------------
[2023-03-13T17:36:09.225+0000] {taskinstance.py:1300} INFO - Executing <Task(PythonOperator): TransformData> on 2023-03-13 17:35:51.683738+00:00
[2023-03-13T17:36:09.229+0000] {standard_task_runner.py:55} INFO - Started process 3408 to run task
[2023-03-13T17:36:09.232+0000] {standard_task_runner.py:82} INFO - Running: ['***', 'tasks', 'run', 'Spotify_Data_ETL', 'TransformData', 'manual__2023-03-13T17:35:51.683738+00:00', '--job-id', '233', '--raw', '--subdir', 'DAGS_FOLDER/spotifydag.py', '--cfg-path', '/tmp/tmpzv9axes1']
[2023-03-13T17:36:09.232+0000] {standard_task_runner.py:83} INFO - Job 233: Subtask TransformData
[2023-03-13T17:36:09.274+0000] {task_command.py:388} INFO - Running <TaskInstance: Spotify_Data_ETL.TransformData manual__2023-03-13T17:35:51.683738+00:00 [running]> on host 649b70e6a8b0
[2023-03-13T17:36:09.314+0000] {taskinstance.py:1509} INFO - Exporting the following env vars:
AIRFLOW_CTX_DAG_OWNER=Ananta Moharana
AIRFLOW_CTX_DAG_ID=Spotify_Data_ETL
AIRFLOW_CTX_TASK_ID=TransformData
AIRFLOW_CTX_EXECUTION_DATE=2023-03-13T17:35:51.683738+00:00
AIRFLOW_CTX_TRY_NUMBER=1
AIRFLOW_CTX_DAG_RUN_ID=manual__2023-03-13T17:35:51.683738+00:00
[2023-03-13T17:36:09.359+0000] {logging_mixin.py:137} INFO -               song_name                track_id  ...    tempo  valence
0           Que Vuelvas  6Um358vY92UBv5DloTRX9L  ...  162.469   0.7790
1           Que Vuelvas  6Um358vY92UBv5DloTRX9L  ...  162.469   0.7790
2                Cupido  04ndZkbKGthTgYSv3xS7en  ...  119.873   0.6270
3       Just Wanna Rock  4FyesJzVpA39hbYvcseO2d  ...  150.187   0.0385
4       Me Porto Bonito  6Sq7ltF9Qa7SNFBsV5Cogx  ...   92.005   0.4250
..                  ...                     ...  ...      ...      ...
73  Die For You - Remix  7oDd86yk8itslrA9HRP2ki  ...   66.900   0.5020
74  Die For You - Remix  7oDd86yk8itslrA9HRP2ki  ...   66.900   0.5020
75                  TQG  0DWdj2oZMBFSzRsi2Cvfzf  ...  179.974   0.6070
76                  TQG  0DWdj2oZMBFSzRsi2Cvfzf  ...  179.974   0.6070
77              Flowers  4DHcnVTT87F0zZhRPYmZ3B  ...  117.999   0.6460

[78 rows x 18 columns]
[2023-03-13T17:36:09.359+0000] {python.py:177} INFO - Done. Returned value was: None
[2023-03-13T17:36:09.366+0000] {taskinstance.py:1323} INFO - Marking task as SUCCESS. dag_id=Spotify_Data_ETL, task_id=TransformData, execution_date=20230313T173551, start_date=20230313T173609, end_date=20230313T173609
[2023-03-13T17:36:09.404+0000] {local_task_job.py:208} INFO - Task exited with return code 0
[2023-03-13T17:36:09.416+0000] {taskinstance.py:2578} INFO - 0 downstream tasks scheduled from follow-on schedule check
