[2023-03-13T19:10:03.922+0000] {taskinstance.py:1083} INFO - Dependencies all met for <TaskInstance: Spotify_Data_ETL.TransformData manual__2023-03-13T17:35:51.683738+00:00 [queued]>
[2023-03-13T19:10:03.928+0000] {taskinstance.py:1083} INFO - Dependencies all met for <TaskInstance: Spotify_Data_ETL.TransformData manual__2023-03-13T17:35:51.683738+00:00 [queued]>
[2023-03-13T19:10:03.928+0000] {taskinstance.py:1279} INFO - 
--------------------------------------------------------------------------------
[2023-03-13T19:10:03.929+0000] {taskinstance.py:1280} INFO - Starting attempt 7 of 8
[2023-03-13T19:10:03.929+0000] {taskinstance.py:1281} INFO - 
--------------------------------------------------------------------------------
[2023-03-13T19:10:03.936+0000] {taskinstance.py:1300} INFO - Executing <Task(PythonOperator): TransformData> on 2023-03-13 17:35:51.683738+00:00
[2023-03-13T19:10:03.940+0000] {standard_task_runner.py:55} INFO - Started process 10088 to run task
[2023-03-13T19:10:03.943+0000] {standard_task_runner.py:82} INFO - Running: ['***', 'tasks', 'run', 'Spotify_Data_ETL', 'TransformData', 'manual__2023-03-13T17:35:51.683738+00:00', '--job-id', '247', '--raw', '--subdir', 'DAGS_FOLDER/spotifydag.py', '--cfg-path', '/tmp/tmppw5mhnff']
[2023-03-13T19:10:03.944+0000] {standard_task_runner.py:83} INFO - Job 247: Subtask TransformData
[2023-03-13T19:10:03.991+0000] {task_command.py:388} INFO - Running <TaskInstance: Spotify_Data_ETL.TransformData manual__2023-03-13T17:35:51.683738+00:00 [running]> on host 649b70e6a8b0
[2023-03-13T19:10:04.036+0000] {taskinstance.py:1509} INFO - Exporting the following env vars:
AIRFLOW_CTX_DAG_OWNER=Ananta Moharana
AIRFLOW_CTX_DAG_ID=Spotify_Data_ETL
AIRFLOW_CTX_TASK_ID=TransformData
AIRFLOW_CTX_EXECUTION_DATE=2023-03-13T17:35:51.683738+00:00
AIRFLOW_CTX_TRY_NUMBER=7
AIRFLOW_CTX_DAG_RUN_ID=manual__2023-03-13T17:35:51.683738+00:00
[2023-03-13T19:10:04.073+0000] {logging_mixin.py:137} INFO - Index(['song_name', 'track_id', 'is_explicit', 'popularity', 'artist_name',
       'artist_id'],
      dtype='object')
[2023-03-13T19:10:04.074+0000] {taskinstance.py:1768} ERROR - Task failed with exception
Traceback (most recent call last):
  File "/home/airflow/.local/lib/python3.7/site-packages/airflow/operators/python.py", line 175, in execute
    return_value = self.execute_callable()
  File "/home/airflow/.local/lib/python3.7/site-packages/airflow/operators/python.py", line 192, in execute_callable
    return self.python_callable(*self.op_args, **self.op_kwargs)
  File "/opt/airflow/dags/src/transform.py", line 28, in transform_data
    song_fact=songs_df.drop(['track_id','popularity'])
  File "/home/airflow/.local/lib/python3.7/site-packages/pandas/util/_decorators.py", line 311, in wrapper
    return func(*args, **kwargs)
  File "/home/airflow/.local/lib/python3.7/site-packages/pandas/core/frame.py", line 4913, in drop
    errors=errors,
  File "/home/airflow/.local/lib/python3.7/site-packages/pandas/core/generic.py", line 4150, in drop
    obj = obj._drop_axis(labels, axis, level=level, errors=errors)
  File "/home/airflow/.local/lib/python3.7/site-packages/pandas/core/generic.py", line 4185, in _drop_axis
    new_axis = axis.drop(labels, errors=errors)
  File "/home/airflow/.local/lib/python3.7/site-packages/pandas/core/indexes/base.py", line 6017, in drop
    raise KeyError(f"{labels[mask]} not found in axis")
KeyError: "['track_id' 'popularity'] not found in axis"
[2023-03-13T19:10:04.084+0000] {taskinstance.py:1323} INFO - Marking task as UP_FOR_RETRY. dag_id=Spotify_Data_ETL, task_id=TransformData, execution_date=20230313T173551, start_date=20230313T191003, end_date=20230313T191004
[2023-03-13T19:10:04.090+0000] {standard_task_runner.py:105} ERROR - Failed to execute job 247 for task TransformData ("['track_id' 'popularity'] not found in axis"; 10088)
[2023-03-13T19:10:04.117+0000] {local_task_job.py:208} INFO - Task exited with return code 1
[2023-03-13T19:10:04.130+0000] {taskinstance.py:2578} INFO - 0 downstream tasks scheduled from follow-on schedule check
