[2023-03-13T19:12:19.202+0000] {taskinstance.py:1083} INFO - Dependencies all met for <TaskInstance: Spotify_Data_ETL.TransformData manual__2023-03-13T17:35:51.683738+00:00 [queued]>
[2023-03-13T19:12:19.206+0000] {taskinstance.py:1083} INFO - Dependencies all met for <TaskInstance: Spotify_Data_ETL.TransformData manual__2023-03-13T17:35:51.683738+00:00 [queued]>
[2023-03-13T19:12:19.207+0000] {taskinstance.py:1279} INFO - 
--------------------------------------------------------------------------------
[2023-03-13T19:12:19.207+0000] {taskinstance.py:1280} INFO - Starting attempt 10 of 12
[2023-03-13T19:12:19.207+0000] {taskinstance.py:1281} INFO - 
--------------------------------------------------------------------------------
[2023-03-13T19:12:19.214+0000] {taskinstance.py:1300} INFO - Executing <Task(PythonOperator): TransformData> on 2023-03-13 17:35:51.683738+00:00
[2023-03-13T19:12:19.219+0000] {standard_task_runner.py:55} INFO - Started process 10277 to run task
[2023-03-13T19:12:19.222+0000] {standard_task_runner.py:82} INFO - Running: ['***', 'tasks', 'run', 'Spotify_Data_ETL', 'TransformData', 'manual__2023-03-13T17:35:51.683738+00:00', '--job-id', '258', '--raw', '--subdir', 'DAGS_FOLDER/spotifydag.py', '--cfg-path', '/tmp/tmpzfkem39r']
[2023-03-13T19:12:19.222+0000] {standard_task_runner.py:83} INFO - Job 258: Subtask TransformData
[2023-03-13T19:12:19.266+0000] {task_command.py:388} INFO - Running <TaskInstance: Spotify_Data_ETL.TransformData manual__2023-03-13T17:35:51.683738+00:00 [running]> on host 649b70e6a8b0
[2023-03-13T19:12:19.308+0000] {taskinstance.py:1509} INFO - Exporting the following env vars:
AIRFLOW_CTX_DAG_OWNER=Ananta Moharana
AIRFLOW_CTX_DAG_ID=Spotify_Data_ETL
AIRFLOW_CTX_TASK_ID=TransformData
AIRFLOW_CTX_EXECUTION_DATE=2023-03-13T17:35:51.683738+00:00
AIRFLOW_CTX_TRY_NUMBER=10
AIRFLOW_CTX_DAG_RUN_ID=manual__2023-03-13T17:35:51.683738+00:00
[2023-03-13T19:12:19.347+0000] {warnings.py:110} WARNING - /home/***/.local/lib/python3.7/site-packages/pandas/util/_decorators.py:311: SettingWithCopyWarning: 
A value is trying to be set on a copy of a slice from a DataFrame

See the caveats in the documentation: https://pandas.pydata.org/pandas-docs/stable/user_guide/indexing.html#returning-a-view-versus-a-copy
  return func(*args, **kwargs)

[2023-03-13T19:12:19.350+0000] {logging_mixin.py:137} INFO - Index(['song_name', 'is_explicit', 'artist_name', 'artist_id'], dtype='object')
[2023-03-13T19:12:19.351+0000] {logging_mixin.py:137} INFO - False
[2023-03-13T19:12:19.351+0000] {logging_mixin.py:137} INFO - **************************
[2023-03-13T19:12:19.352+0000] {logging_mixin.py:137} INFO - Index(['song_name', 'track_id', 'is_explicit', 'artist_name', 'artist_id',
       'acousticness', 'danceability', 'duration_ms', 'energy',
       'instrumentalness', 'key', 'liveness', 'loudness', 'speechiness',
       'tempo', 'valence'],
      dtype='object')
[2023-03-13T19:12:19.353+0000] {logging_mixin.py:137} INFO - False
[2023-03-13T19:12:19.353+0000] {logging_mixin.py:137} INFO - **************************
[2023-03-13T19:12:19.354+0000] {taskinstance.py:1768} ERROR - Task failed with exception
Traceback (most recent call last):
  File "/home/airflow/.local/lib/python3.7/site-packages/airflow/operators/python.py", line 175, in execute
    return_value = self.execute_callable()
  File "/home/airflow/.local/lib/python3.7/site-packages/airflow/operators/python.py", line 192, in execute_callable
    return self.python_callable(*self.op_args, **self.op_kwargs)
  File "/opt/airflow/dags/src/transform.py", line 60, in transform_data
    print(song_arist_bridge.keys())
AttributeError: 'NoneType' object has no attribute 'keys'
[2023-03-13T19:12:19.361+0000] {taskinstance.py:1323} INFO - Marking task as UP_FOR_RETRY. dag_id=Spotify_Data_ETL, task_id=TransformData, execution_date=20230313T173551, start_date=20230313T191219, end_date=20230313T191219
[2023-03-13T19:12:19.367+0000] {standard_task_runner.py:105} ERROR - Failed to execute job 258 for task TransformData ('NoneType' object has no attribute 'keys'; 10277)
[2023-03-13T19:12:19.395+0000] {local_task_job.py:208} INFO - Task exited with return code 1
[2023-03-13T19:12:19.407+0000] {taskinstance.py:2578} INFO - 0 downstream tasks scheduled from follow-on schedule check
