[2023-03-13T19:37:32.461+0000] {taskinstance.py:1083} INFO - Dependencies all met for <TaskInstance: Spotify_Data_ETL.TransformData manual__2023-03-13T17:35:51.683738+00:00 [queued]>
[2023-03-13T19:37:32.466+0000] {taskinstance.py:1083} INFO - Dependencies all met for <TaskInstance: Spotify_Data_ETL.TransformData manual__2023-03-13T17:35:51.683738+00:00 [queued]>
[2023-03-13T19:37:32.466+0000] {taskinstance.py:1279} INFO - 
--------------------------------------------------------------------------------
[2023-03-13T19:37:32.467+0000] {taskinstance.py:1280} INFO - Starting attempt 22 of 24
[2023-03-13T19:37:32.467+0000] {taskinstance.py:1281} INFO - 
--------------------------------------------------------------------------------
[2023-03-13T19:37:32.474+0000] {taskinstance.py:1300} INFO - Executing <Task(PythonOperator): TransformData> on 2023-03-13 17:35:51.683738+00:00
[2023-03-13T19:37:32.478+0000] {standard_task_runner.py:55} INFO - Started process 12129 to run task
[2023-03-13T19:37:32.481+0000] {standard_task_runner.py:82} INFO - Running: ['***', 'tasks', 'run', 'Spotify_Data_ETL', 'TransformData', 'manual__2023-03-13T17:35:51.683738+00:00', '--job-id', '289', '--raw', '--subdir', 'DAGS_FOLDER/spotifydag.py', '--cfg-path', '/tmp/tmp3v5z6peo']
[2023-03-13T19:37:32.481+0000] {standard_task_runner.py:83} INFO - Job 289: Subtask TransformData
[2023-03-13T19:37:32.532+0000] {task_command.py:388} INFO - Running <TaskInstance: Spotify_Data_ETL.TransformData manual__2023-03-13T17:35:51.683738+00:00 [running]> on host 649b70e6a8b0
[2023-03-13T19:37:32.574+0000] {taskinstance.py:1509} INFO - Exporting the following env vars:
AIRFLOW_CTX_DAG_OWNER=Ananta Moharana
AIRFLOW_CTX_DAG_ID=Spotify_Data_ETL
AIRFLOW_CTX_TASK_ID=TransformData
AIRFLOW_CTX_EXECUTION_DATE=2023-03-13T17:35:51.683738+00:00
AIRFLOW_CTX_TRY_NUMBER=22
AIRFLOW_CTX_DAG_RUN_ID=manual__2023-03-13T17:35:51.683738+00:00
[2023-03-13T19:37:32.615+0000] {warnings.py:110} WARNING - /home/***/.local/lib/python3.7/site-packages/pandas/util/_decorators.py:311: SettingWithCopyWarning: 
A value is trying to be set on a copy of a slice from a DataFrame

See the caveats in the documentation: https://pandas.pydata.org/pandas-docs/stable/user_guide/indexing.html#returning-a-view-versus-a-copy
  return func(*args, **kwargs)

[2023-03-13T19:37:32.618+0000] {logging_mixin.py:137} INFO - Index(['song_name', 'is_explicit', 'artist_name', 'artist_id'], dtype='object')
[2023-03-13T19:37:32.619+0000] {logging_mixin.py:137} INFO - False
[2023-03-13T19:37:32.619+0000] {logging_mixin.py:137} INFO - **************************
[2023-03-13T19:37:32.620+0000] {logging_mixin.py:137} INFO - Index(['song_name', 'track_id', 'is_explicit', 'artist_name', 'artist_id',
       'acousticness', 'danceability', 'duration_ms', 'energy',
       'instrumentalness', 'key', 'liveness', 'loudness', 'speechiness',
       'tempo', 'valence'],
      dtype='object')
[2023-03-13T19:37:32.621+0000] {logging_mixin.py:137} INFO - False
[2023-03-13T19:37:32.621+0000] {logging_mixin.py:137} INFO - **************************
[2023-03-13T19:37:32.622+0000] {logging_mixin.py:137} INFO - Index(['track_id', 'artist_id'], dtype='object')
[2023-03-13T19:37:32.622+0000] {logging_mixin.py:137} INFO - False
[2023-03-13T19:37:32.623+0000] {logging_mixin.py:137} INFO - **************************
[2023-03-13T19:37:32.623+0000] {logging_mixin.py:137} INFO - Index(['artist_id', 'popularity', 'followers'], dtype='object')
[2023-03-13T19:37:32.624+0000] {logging_mixin.py:137} INFO - True
[2023-03-13T19:37:32.624+0000] {logging_mixin.py:137} INFO - **************************
[2023-03-13T19:37:32.624+0000] {logging_mixin.py:137} INFO - Index(['artist_name', 'id'], dtype='object')
[2023-03-13T19:37:32.625+0000] {logging_mixin.py:137} INFO - False
[2023-03-13T19:37:32.625+0000] {logging_mixin.py:137} INFO - **************************
[2023-03-13T19:37:32.626+0000] {logging_mixin.py:137} INFO - Index(['artist_id', 'genre'], dtype='object')
[2023-03-13T19:37:32.626+0000] {logging_mixin.py:137} INFO - False
[2023-03-13T19:37:32.627+0000] {logging_mixin.py:137} INFO - **************************
[2023-03-13T19:37:32.627+0000] {logging_mixin.py:137} INFO - Index(['genre'], dtype='object')
[2023-03-13T19:37:32.628+0000] {logging_mixin.py:137} INFO - False
[2023-03-13T19:37:32.628+0000] {python.py:177} INFO - Done. Returned value was: None
[2023-03-13T19:37:32.635+0000] {taskinstance.py:1323} INFO - Marking task as SUCCESS. dag_id=Spotify_Data_ETL, task_id=TransformData, execution_date=20230313T173551, start_date=20230313T193732, end_date=20230313T193732
[2023-03-13T19:37:32.653+0000] {local_task_job.py:208} INFO - Task exited with return code 0
[2023-03-13T19:37:32.665+0000] {taskinstance.py:2578} INFO - 0 downstream tasks scheduled from follow-on schedule check
