[2023-03-11T22:02:27.768+0000] {taskinstance.py:1083} INFO - Dependencies all met for <TaskInstance: Spotify_Data_ETL.AuthenticateAPI manual__2023-03-11T22:02:25.458657+00:00 [queued]>
[2023-03-11T22:02:27.774+0000] {taskinstance.py:1083} INFO - Dependencies all met for <TaskInstance: Spotify_Data_ETL.AuthenticateAPI manual__2023-03-11T22:02:25.458657+00:00 [queued]>
[2023-03-11T22:02:27.774+0000] {taskinstance.py:1279} INFO - 
--------------------------------------------------------------------------------
[2023-03-11T22:02:27.775+0000] {taskinstance.py:1280} INFO - Starting attempt 1 of 3
[2023-03-11T22:02:27.775+0000] {taskinstance.py:1281} INFO - 
--------------------------------------------------------------------------------
[2023-03-11T22:02:27.782+0000] {taskinstance.py:1300} INFO - Executing <Task(PythonOperator): AuthenticateAPI> on 2023-03-11 22:02:25.458657+00:00
[2023-03-11T22:02:27.787+0000] {standard_task_runner.py:55} INFO - Started process 2614 to run task
[2023-03-11T22:02:27.790+0000] {standard_task_runner.py:82} INFO - Running: ['***', 'tasks', 'run', 'Spotify_Data_ETL', 'AuthenticateAPI', 'manual__2023-03-11T22:02:25.458657+00:00', '--job-id', '16', '--raw', '--subdir', 'DAGS_FOLDER/spotifydag.py', '--cfg-path', '/tmp/tmphv3xm2s3']
[2023-03-11T22:02:27.792+0000] {standard_task_runner.py:83} INFO - Job 16: Subtask AuthenticateAPI
[2023-03-11T22:02:27.841+0000] {task_command.py:388} INFO - Running <TaskInstance: Spotify_Data_ETL.AuthenticateAPI manual__2023-03-11T22:02:25.458657+00:00 [running]> on host 65cc573a89f7
[2023-03-11T22:02:27.882+0000] {taskinstance.py:1509} INFO - Exporting the following env vars:
AIRFLOW_CTX_DAG_OWNER=Ananta Moharana
AIRFLOW_CTX_DAG_ID=Spotify_Data_ETL
AIRFLOW_CTX_TASK_ID=AuthenticateAPI
AIRFLOW_CTX_EXECUTION_DATE=2023-03-11T22:02:25.458657+00:00
AIRFLOW_CTX_TRY_NUMBER=1
AIRFLOW_CTX_DAG_RUN_ID=manual__2023-03-11T22:02:25.458657+00:00
[2023-03-11T22:02:27.967+0000] {logging_mixin.py:137} INFO - BQCki10BhY4HGk_En9I0uaEpAtSZxJ_ou36pWlbk2qzBbkm81wkFnWRRdXSrbMLou8oD_xAXpZTqSXtkuZq6tRx7E8Ng9Iu6CDIHhdMLSNsDL05ERfPG
[2023-03-11T22:02:27.978+0000] {python.py:177} INFO - Done. Returned value was: None
[2023-03-11T22:02:27.985+0000] {taskinstance.py:1323} INFO - Marking task as SUCCESS. dag_id=Spotify_Data_ETL, task_id=AuthenticateAPI, execution_date=20230311T220225, start_date=20230311T220227, end_date=20230311T220227
[2023-03-11T22:02:28.001+0000] {local_task_job.py:208} INFO - Task exited with return code 0
[2023-03-11T22:02:28.016+0000] {taskinstance.py:2578} INFO - 1 downstream tasks scheduled from follow-on schedule check
