[2023-03-12T22:43:27.746+0000] {taskinstance.py:1083} INFO - Dependencies all met for <TaskInstance: Spotify_Data_ETL.GetArtistInfo manual__2023-03-12T22:37:32.663552+00:00 [queued]>
[2023-03-12T22:43:27.752+0000] {taskinstance.py:1083} INFO - Dependencies all met for <TaskInstance: Spotify_Data_ETL.GetArtistInfo manual__2023-03-12T22:37:32.663552+00:00 [queued]>
[2023-03-12T22:43:27.752+0000] {taskinstance.py:1279} INFO - 
--------------------------------------------------------------------------------
[2023-03-12T22:43:27.753+0000] {taskinstance.py:1280} INFO - Starting attempt 4 of 6
[2023-03-12T22:43:27.753+0000] {taskinstance.py:1281} INFO - 
--------------------------------------------------------------------------------
[2023-03-12T22:43:27.761+0000] {taskinstance.py:1300} INFO - Executing <Task(PythonOperator): GetArtistInfo> on 2023-03-12 22:37:32.663552+00:00
[2023-03-12T22:43:27.766+0000] {standard_task_runner.py:55} INFO - Started process 202 to run task
[2023-03-12T22:43:27.770+0000] {standard_task_runner.py:82} INFO - Running: ['***', 'tasks', 'run', 'Spotify_Data_ETL', 'GetArtistInfo', 'manual__2023-03-12T22:37:32.663552+00:00', '--job-id', '168', '--raw', '--subdir', 'DAGS_FOLDER/spotifydag.py', '--cfg-path', '/tmp/tmp5pucnxfz']
[2023-03-12T22:43:27.771+0000] {standard_task_runner.py:83} INFO - Job 168: Subtask GetArtistInfo
[2023-03-12T22:43:27.818+0000] {task_command.py:388} INFO - Running <TaskInstance: Spotify_Data_ETL.GetArtistInfo manual__2023-03-12T22:37:32.663552+00:00 [running]> on host 026b87d007ea
[2023-03-12T22:43:27.865+0000] {taskinstance.py:1509} INFO - Exporting the following env vars:
AIRFLOW_CTX_DAG_OWNER=Ananta Moharana
AIRFLOW_CTX_DAG_ID=Spotify_Data_ETL
AIRFLOW_CTX_TASK_ID=GetArtistInfo
AIRFLOW_CTX_EXECUTION_DATE=2023-03-12T22:37:32.663552+00:00
AIRFLOW_CTX_TRY_NUMBER=4
AIRFLOW_CTX_DAG_RUN_ID=manual__2023-03-12T22:37:32.663552+00:00
[2023-03-12T22:43:39.180+0000] {python.py:177} INFO - Done. Returned value was: None
[2023-03-12T22:43:39.187+0000] {taskinstance.py:1323} INFO - Marking task as SUCCESS. dag_id=Spotify_Data_ETL, task_id=GetArtistInfo, execution_date=20230312T223732, start_date=20230312T224327, end_date=20230312T224339
[2023-03-12T22:43:39.208+0000] {local_task_job.py:208} INFO - Task exited with return code 0
[2023-03-12T22:43:39.219+0000] {taskinstance.py:2578} INFO - 0 downstream tasks scheduled from follow-on schedule check
