[2023-03-12T22:51:14.045+0000] {taskinstance.py:1083} INFO - Dependencies all met for <TaskInstance: Spotify_Data_ETL.GetArtistInfo manual__2023-03-12T22:37:32.663552+00:00 [queued]>
[2023-03-12T22:51:14.050+0000] {taskinstance.py:1083} INFO - Dependencies all met for <TaskInstance: Spotify_Data_ETL.GetArtistInfo manual__2023-03-12T22:37:32.663552+00:00 [queued]>
[2023-03-12T22:51:14.051+0000] {taskinstance.py:1279} INFO - 
--------------------------------------------------------------------------------
[2023-03-12T22:51:14.051+0000] {taskinstance.py:1280} INFO - Starting attempt 10 of 11
[2023-03-12T22:51:14.051+0000] {taskinstance.py:1281} INFO - 
--------------------------------------------------------------------------------
[2023-03-12T22:51:14.058+0000] {taskinstance.py:1300} INFO - Executing <Task(PythonOperator): GetArtistInfo> on 2023-03-12 22:37:32.663552+00:00
[2023-03-12T22:51:14.063+0000] {standard_task_runner.py:55} INFO - Started process 221 to run task
[2023-03-12T22:51:14.066+0000] {standard_task_runner.py:82} INFO - Running: ['***', 'tasks', 'run', 'Spotify_Data_ETL', 'GetArtistInfo', 'manual__2023-03-12T22:37:32.663552+00:00', '--job-id', '197', '--raw', '--subdir', 'DAGS_FOLDER/spotifydag.py', '--cfg-path', '/tmp/tmpze2hnvr1']
[2023-03-12T22:51:14.066+0000] {standard_task_runner.py:83} INFO - Job 197: Subtask GetArtistInfo
[2023-03-12T22:51:14.110+0000] {task_command.py:388} INFO - Running <TaskInstance: Spotify_Data_ETL.GetArtistInfo manual__2023-03-12T22:37:32.663552+00:00 [running]> on host e10f56557b6e
[2023-03-12T22:51:14.148+0000] {taskinstance.py:1509} INFO - Exporting the following env vars:
AIRFLOW_CTX_DAG_OWNER=Ananta Moharana
AIRFLOW_CTX_DAG_ID=Spotify_Data_ETL
AIRFLOW_CTX_TASK_ID=GetArtistInfo
AIRFLOW_CTX_EXECUTION_DATE=2023-03-12T22:37:32.663552+00:00
AIRFLOW_CTX_TRY_NUMBER=10
AIRFLOW_CTX_DAG_RUN_ID=manual__2023-03-12T22:37:32.663552+00:00
[2023-03-12T22:51:24.783+0000] {python.py:177} INFO - Done. Returned value was: None
[2023-03-12T22:51:24.799+0000] {taskinstance.py:1323} INFO - Marking task as SUCCESS. dag_id=Spotify_Data_ETL, task_id=GetArtistInfo, execution_date=20230312T223732, start_date=20230312T225114, end_date=20230312T225124
[2023-03-12T22:51:24.843+0000] {local_task_job.py:208} INFO - Task exited with return code 0
[2023-03-12T22:51:24.855+0000] {taskinstance.py:2578} INFO - 0 downstream tasks scheduled from follow-on schedule check
