[2023-03-12T22:44:50.651+0000] {taskinstance.py:1083} INFO - Dependencies all met for <TaskInstance: Spotify_Data_ETL.GetArtistInfo manual__2023-03-12T22:37:32.663552+00:00 [queued]>
[2023-03-12T22:44:50.655+0000] {taskinstance.py:1083} INFO - Dependencies all met for <TaskInstance: Spotify_Data_ETL.GetArtistInfo manual__2023-03-12T22:37:32.663552+00:00 [queued]>
[2023-03-12T22:44:50.656+0000] {taskinstance.py:1279} INFO - 
--------------------------------------------------------------------------------
[2023-03-12T22:44:50.656+0000] {taskinstance.py:1280} INFO - Starting attempt 5 of 7
[2023-03-12T22:44:50.656+0000] {taskinstance.py:1281} INFO - 
--------------------------------------------------------------------------------
[2023-03-12T22:44:50.663+0000] {taskinstance.py:1300} INFO - Executing <Task(PythonOperator): GetArtistInfo> on 2023-03-12 22:37:32.663552+00:00
[2023-03-12T22:44:50.668+0000] {standard_task_runner.py:55} INFO - Started process 303 to run task
[2023-03-12T22:44:50.671+0000] {standard_task_runner.py:82} INFO - Running: ['***', 'tasks', 'run', 'Spotify_Data_ETL', 'GetArtistInfo', 'manual__2023-03-12T22:37:32.663552+00:00', '--job-id', '171', '--raw', '--subdir', 'DAGS_FOLDER/spotifydag.py', '--cfg-path', '/tmp/tmpyy2jzmwa']
[2023-03-12T22:44:50.672+0000] {standard_task_runner.py:83} INFO - Job 171: Subtask GetArtistInfo
[2023-03-12T22:44:50.715+0000] {task_command.py:388} INFO - Running <TaskInstance: Spotify_Data_ETL.GetArtistInfo manual__2023-03-12T22:37:32.663552+00:00 [running]> on host 026b87d007ea
[2023-03-12T22:44:50.755+0000] {taskinstance.py:1509} INFO - Exporting the following env vars:
AIRFLOW_CTX_DAG_OWNER=Ananta Moharana
AIRFLOW_CTX_DAG_ID=Spotify_Data_ETL
AIRFLOW_CTX_TASK_ID=GetArtistInfo
AIRFLOW_CTX_EXECUTION_DATE=2023-03-12T22:37:32.663552+00:00
AIRFLOW_CTX_TRY_NUMBER=5
AIRFLOW_CTX_DAG_RUN_ID=manual__2023-03-12T22:37:32.663552+00:00
[2023-03-12T22:45:02.249+0000] {python.py:177} INFO - Done. Returned value was: None
[2023-03-12T22:45:02.257+0000] {taskinstance.py:1323} INFO - Marking task as SUCCESS. dag_id=Spotify_Data_ETL, task_id=GetArtistInfo, execution_date=20230312T223732, start_date=20230312T224450, end_date=20230312T224502
[2023-03-12T22:45:02.294+0000] {local_task_job.py:208} INFO - Task exited with return code 0
[2023-03-12T22:45:02.305+0000] {taskinstance.py:2578} INFO - 0 downstream tasks scheduled from follow-on schedule check
