[2023-03-14T20:35:39.145+0000] {taskinstance.py:1083} INFO - Dependencies all met for <TaskInstance: Spotify_Data_ETL.TransformData manual__2023-03-14T17:39:32.565428+00:00 [queued]>
[2023-03-14T20:35:39.152+0000] {taskinstance.py:1083} INFO - Dependencies all met for <TaskInstance: Spotify_Data_ETL.TransformData manual__2023-03-14T17:39:32.565428+00:00 [queued]>
[2023-03-14T20:35:39.152+0000] {taskinstance.py:1279} INFO - 
--------------------------------------------------------------------------------
[2023-03-14T20:35:39.153+0000] {taskinstance.py:1280} INFO - Starting attempt 3 of 5
[2023-03-14T20:35:39.154+0000] {taskinstance.py:1281} INFO - 
--------------------------------------------------------------------------------
[2023-03-14T20:35:39.163+0000] {taskinstance.py:1300} INFO - Executing <Task(PythonOperator): TransformData> on 2023-03-14 17:39:32.565428+00:00
[2023-03-14T20:35:39.171+0000] {standard_task_runner.py:55} INFO - Started process 13919 to run task
[2023-03-14T20:35:39.175+0000] {standard_task_runner.py:82} INFO - Running: ['***', 'tasks', 'run', 'Spotify_Data_ETL', 'TransformData', 'manual__2023-03-14T17:39:32.565428+00:00', '--job-id', '573', '--raw', '--subdir', 'DAGS_FOLDER/spotifydag.py', '--cfg-path', '/tmp/tmpy3h13s9_']
[2023-03-14T20:35:39.176+0000] {standard_task_runner.py:83} INFO - Job 573: Subtask TransformData
[2023-03-14T20:35:39.222+0000] {task_command.py:388} INFO - Running <TaskInstance: Spotify_Data_ETL.TransformData manual__2023-03-14T17:39:32.565428+00:00 [running]> on host 9cabbaedf88c
[2023-03-14T20:35:39.387+0000] {taskinstance.py:1509} INFO - Exporting the following env vars:
AIRFLOW_CTX_DAG_OWNER=Ananta Moharana
AIRFLOW_CTX_DAG_ID=Spotify_Data_ETL
AIRFLOW_CTX_TASK_ID=TransformData
AIRFLOW_CTX_EXECUTION_DATE=2023-03-14T17:39:32.565428+00:00
AIRFLOW_CTX_TRY_NUMBER=3
AIRFLOW_CTX_DAG_RUN_ID=manual__2023-03-14T17:39:32.565428+00:00
[2023-03-14T20:35:39.420+0000] {warnings.py:110} WARNING - /home/***/.local/lib/python3.7/site-packages/pandas/util/_decorators.py:311: SettingWithCopyWarning: 
A value is trying to be set on a copy of a slice from a DataFrame

See the caveats in the documentation: https://pandas.pydata.org/pandas-docs/stable/user_guide/indexing.html#returning-a-view-versus-a-copy
  return func(*args, **kwargs)

[2023-03-14T20:35:39.471+0000] {python.py:177} INFO - Done. Returned value was: None
[2023-03-14T20:35:39.478+0000] {taskinstance.py:1323} INFO - Marking task as SUCCESS. dag_id=Spotify_Data_ETL, task_id=TransformData, execution_date=20230314T173932, start_date=20230314T203539, end_date=20230314T203539
[2023-03-14T20:35:39.512+0000] {local_task_job.py:208} INFO - Task exited with return code 0
[2023-03-14T20:35:39.530+0000] {taskinstance.py:2578} INFO - 7 downstream tasks scheduled from follow-on schedule check
