[2023-03-11T23:24:19.153+0000] {taskinstance.py:1083} INFO - Dependencies all met for <TaskInstance: Spotify_Data_ETL.AuthenticateAPI manual__2023-03-11T23:24:18.127759+00:00 [queued]>
[2023-03-11T23:24:19.179+0000] {taskinstance.py:1083} INFO - Dependencies all met for <TaskInstance: Spotify_Data_ETL.AuthenticateAPI manual__2023-03-11T23:24:18.127759+00:00 [queued]>
[2023-03-11T23:24:19.180+0000] {taskinstance.py:1279} INFO - 
--------------------------------------------------------------------------------
[2023-03-11T23:24:19.180+0000] {taskinstance.py:1280} INFO - Starting attempt 1 of 3
[2023-03-11T23:24:19.180+0000] {taskinstance.py:1281} INFO - 
--------------------------------------------------------------------------------
[2023-03-11T23:24:19.191+0000] {taskinstance.py:1300} INFO - Executing <Task(PythonOperator): AuthenticateAPI> on 2023-03-11 23:24:18.127759+00:00
[2023-03-11T23:24:19.198+0000] {standard_task_runner.py:55} INFO - Started process 698 to run task
[2023-03-11T23:24:19.203+0000] {standard_task_runner.py:82} INFO - Running: ['***', 'tasks', 'run', 'Spotify_Data_ETL', 'AuthenticateAPI', 'manual__2023-03-11T23:24:18.127759+00:00', '--job-id', '26', '--raw', '--subdir', 'DAGS_FOLDER/spotifydag.py', '--cfg-path', '/tmp/tmpd0tw9em9']
[2023-03-11T23:24:19.203+0000] {standard_task_runner.py:83} INFO - Job 26: Subtask AuthenticateAPI
[2023-03-11T23:24:19.285+0000] {task_command.py:388} INFO - Running <TaskInstance: Spotify_Data_ETL.AuthenticateAPI manual__2023-03-11T23:24:18.127759+00:00 [running]> on host 4fa3b0adb91e
[2023-03-11T23:24:19.336+0000] {taskinstance.py:1509} INFO - Exporting the following env vars:
AIRFLOW_CTX_DAG_OWNER=Ananta Moharana
AIRFLOW_CTX_DAG_ID=Spotify_Data_ETL
AIRFLOW_CTX_TASK_ID=AuthenticateAPI
AIRFLOW_CTX_EXECUTION_DATE=2023-03-11T23:24:18.127759+00:00
AIRFLOW_CTX_TRY_NUMBER=1
AIRFLOW_CTX_DAG_RUN_ID=manual__2023-03-11T23:24:18.127759+00:00
[2023-03-11T23:24:19.425+0000] {logging_mixin.py:137} INFO - BQCAmg8A99_VHPTNb_KVhSMPjP8yJmrhGNogkDPzyTS_xGdwT0vlb40m51WI2MuHrPyLHHry7aK9x-ho6Lw5OtAAZLF74dH5zngHsihwUDpmPoynBCJ9
[2023-03-11T23:24:19.439+0000] {python.py:177} INFO - Done. Returned value was: None
[2023-03-11T23:24:19.448+0000] {taskinstance.py:1323} INFO - Marking task as SUCCESS. dag_id=Spotify_Data_ETL, task_id=AuthenticateAPI, execution_date=20230311T232418, start_date=20230311T232419, end_date=20230311T232419
[2023-03-11T23:24:19.495+0000] {local_task_job.py:208} INFO - Task exited with return code 0
[2023-03-11T23:24:19.513+0000] {taskinstance.py:2578} INFO - 1 downstream tasks scheduled from follow-on schedule check
