[2023-03-14T04:24:26.591+0000] {taskinstance.py:1083} INFO - Dependencies all met for <TaskInstance: Spotify_Data_ETL.GetSongsFromPlaylist manual__2023-03-14T04:15:24.954549+00:00 [queued]>
[2023-03-14T04:24:26.596+0000] {taskinstance.py:1083} INFO - Dependencies all met for <TaskInstance: Spotify_Data_ETL.GetSongsFromPlaylist manual__2023-03-14T04:15:24.954549+00:00 [queued]>
[2023-03-14T04:24:26.596+0000] {taskinstance.py:1279} INFO - 
--------------------------------------------------------------------------------
[2023-03-14T04:24:26.597+0000] {taskinstance.py:1280} INFO - Starting attempt 2 of 4
[2023-03-14T04:24:26.597+0000] {taskinstance.py:1281} INFO - 
--------------------------------------------------------------------------------
[2023-03-14T04:24:26.605+0000] {taskinstance.py:1300} INFO - Executing <Task(PythonOperator): GetSongsFromPlaylist> on 2023-03-14 04:15:24.954549+00:00
[2023-03-14T04:24:26.610+0000] {standard_task_runner.py:55} INFO - Started process 761 to run task
[2023-03-14T04:24:26.613+0000] {standard_task_runner.py:82} INFO - Running: ['***', 'tasks', 'run', 'Spotify_Data_ETL', 'GetSongsFromPlaylist', 'manual__2023-03-14T04:15:24.954549+00:00', '--job-id', '479', '--raw', '--subdir', 'DAGS_FOLDER/spotifydag.py', '--cfg-path', '/tmp/tmp8arcd5ai']
[2023-03-14T04:24:26.614+0000] {standard_task_runner.py:83} INFO - Job 479: Subtask GetSongsFromPlaylist
[2023-03-14T04:24:26.661+0000] {task_command.py:388} INFO - Running <TaskInstance: Spotify_Data_ETL.GetSongsFromPlaylist manual__2023-03-14T04:15:24.954549+00:00 [running]> on host f9d11a1d4c93
[2023-03-14T04:24:26.842+0000] {taskinstance.py:1509} INFO - Exporting the following env vars:
AIRFLOW_CTX_DAG_OWNER=Ananta Moharana
AIRFLOW_CTX_DAG_ID=Spotify_Data_ETL
AIRFLOW_CTX_TASK_ID=GetSongsFromPlaylist
AIRFLOW_CTX_EXECUTION_DATE=2023-03-14T04:15:24.954549+00:00
AIRFLOW_CTX_TRY_NUMBER=2
AIRFLOW_CTX_DAG_RUN_ID=manual__2023-03-14T04:15:24.954549+00:00
[2023-03-14T04:24:27.413+0000] {python.py:177} INFO - Done. Returned value was: None
[2023-03-14T04:24:27.421+0000] {taskinstance.py:1323} INFO - Marking task as SUCCESS. dag_id=Spotify_Data_ETL, task_id=GetSongsFromPlaylist, execution_date=20230314T041524, start_date=20230314T042426, end_date=20230314T042427
[2023-03-14T04:24:27.476+0000] {local_task_job.py:208} INFO - Task exited with return code 0
[2023-03-14T04:24:27.496+0000] {taskinstance.py:2578} INFO - 2 downstream tasks scheduled from follow-on schedule check
