[2023-03-21T18:57:19.310+0000] {taskinstance.py:1084} INFO - Dependencies all met for dep_context=non-requeueable deps ti=<TaskInstance: Spotify_Data_ETL.JsonToCSV manual__2023-03-21T03:00:40.656791+00:00 [queued]>
[2023-03-21T18:57:19.315+0000] {taskinstance.py:1084} INFO - Dependencies all met for dep_context=requeueable deps ti=<TaskInstance: Spotify_Data_ETL.JsonToCSV manual__2023-03-21T03:00:40.656791+00:00 [queued]>
[2023-03-21T18:57:19.315+0000] {taskinstance.py:1282} INFO - 
--------------------------------------------------------------------------------
[2023-03-21T18:57:19.316+0000] {taskinstance.py:1283} INFO - Starting attempt 5 of 7
[2023-03-21T18:57:19.316+0000] {taskinstance.py:1284} INFO - 
--------------------------------------------------------------------------------
[2023-03-21T18:57:19.323+0000] {taskinstance.py:1303} INFO - Executing <Task(PythonOperator): JsonToCSV> on 2023-03-21 03:00:40.656791+00:00
[2023-03-21T18:57:19.328+0000] {standard_task_runner.py:55} INFO - Started process 4884 to run task
[2023-03-21T18:57:19.332+0000] {standard_task_runner.py:82} INFO - Running: ['***', 'tasks', 'run', 'Spotify_Data_ETL', 'JsonToCSV', 'manual__2023-03-21T03:00:40.656791+00:00', '--job-id', '1863', '--raw', '--subdir', 'DAGS_FOLDER/spotifydag.py', '--cfg-path', '/tmp/tmp6b11dybr']
[2023-03-21T18:57:19.333+0000] {standard_task_runner.py:83} INFO - Job 1863: Subtask JsonToCSV
[2023-03-21T18:57:19.377+0000] {task_command.py:388} INFO - Running <TaskInstance: Spotify_Data_ETL.JsonToCSV manual__2023-03-21T03:00:40.656791+00:00 [running]> on host 1fd7b08731f2
[2023-03-21T18:57:19.418+0000] {taskinstance.py:1511} INFO - Exporting the following env vars:
AIRFLOW_CTX_DAG_OWNER=Ananta Moharana
AIRFLOW_CTX_DAG_ID=Spotify_Data_ETL
AIRFLOW_CTX_TASK_ID=JsonToCSV
AIRFLOW_CTX_EXECUTION_DATE=2023-03-21T03:00:40.656791+00:00
AIRFLOW_CTX_TRY_NUMBER=5
AIRFLOW_CTX_DAG_RUN_ID=manual__2023-03-21T03:00:40.656791+00:00
[2023-03-21T18:57:19.429+0000] {base.py:73} INFO - Using connection ID 'aws_connection' for task execution.
[2023-03-21T18:57:19.431+0000] {connection_wrapper.py:337} INFO - AWS Connection (conn_id='aws_connection', conn_type='aws') credentials retrieved from login and password.
[2023-03-21T18:57:22.701+0000] {python.py:177} INFO - Done. Returned value was: None
[2023-03-21T18:57:22.710+0000] {taskinstance.py:1326} INFO - Marking task as SUCCESS. dag_id=Spotify_Data_ETL, task_id=JsonToCSV, execution_date=20230321T030040, start_date=20230321T185719, end_date=20230321T185722
[2023-03-21T18:57:22.740+0000] {local_task_job.py:212} INFO - Task exited with return code 0
[2023-03-21T18:57:22.757+0000] {taskinstance.py:2585} INFO - 0 downstream tasks scheduled from follow-on schedule check
