[2023-03-21T03:03:51.928+0000] {taskinstance.py:1084} INFO - Dependencies all met for dep_context=non-requeueable deps ti=<TaskInstance: Spotify_Data_ETL.JsonToCSV manual__2023-03-21T03:00:40.656791+00:00 [queued]>
[2023-03-21T03:03:51.938+0000] {taskinstance.py:1084} INFO - Dependencies all met for dep_context=requeueable deps ti=<TaskInstance: Spotify_Data_ETL.JsonToCSV manual__2023-03-21T03:00:40.656791+00:00 [queued]>
[2023-03-21T03:03:51.939+0000] {taskinstance.py:1282} INFO - 
--------------------------------------------------------------------------------
[2023-03-21T03:03:51.940+0000] {taskinstance.py:1283} INFO - Starting attempt 1 of 3
[2023-03-21T03:03:51.940+0000] {taskinstance.py:1284} INFO - 
--------------------------------------------------------------------------------
[2023-03-21T03:03:51.948+0000] {taskinstance.py:1303} INFO - Executing <Task(PythonOperator): JsonToCSV> on 2023-03-21 03:00:40.656791+00:00
[2023-03-21T03:03:51.954+0000] {standard_task_runner.py:55} INFO - Started process 20229 to run task
[2023-03-21T03:03:51.958+0000] {standard_task_runner.py:82} INFO - Running: ['***', 'tasks', 'run', 'Spotify_Data_ETL', 'JsonToCSV', 'manual__2023-03-21T03:00:40.656791+00:00', '--job-id', '1748', '--raw', '--subdir', 'DAGS_FOLDER/spotifydag.py', '--cfg-path', '/tmp/tmp0zt63pe8']
[2023-03-21T03:03:51.958+0000] {standard_task_runner.py:83} INFO - Job 1748: Subtask JsonToCSV
[2023-03-21T03:03:52.010+0000] {task_command.py:388} INFO - Running <TaskInstance: Spotify_Data_ETL.JsonToCSV manual__2023-03-21T03:00:40.656791+00:00 [running]> on host 1fd7b08731f2
[2023-03-21T03:03:52.055+0000] {taskinstance.py:1511} INFO - Exporting the following env vars:
AIRFLOW_CTX_DAG_OWNER=Ananta Moharana
AIRFLOW_CTX_DAG_ID=Spotify_Data_ETL
AIRFLOW_CTX_TASK_ID=JsonToCSV
AIRFLOW_CTX_EXECUTION_DATE=2023-03-21T03:00:40.656791+00:00
AIRFLOW_CTX_TRY_NUMBER=1
AIRFLOW_CTX_DAG_RUN_ID=manual__2023-03-21T03:00:40.656791+00:00
[2023-03-21T03:03:52.063+0000] {base.py:73} INFO - Using connection ID 'aws_connection' for task execution.
[2023-03-21T03:03:52.064+0000] {connection_wrapper.py:337} INFO - AWS Connection (conn_id='aws_connection', conn_type='aws') credentials retrieved from login and password.
[2023-03-21T03:03:55.007+0000] {python.py:177} INFO - Done. Returned value was: None
[2023-03-21T03:03:55.023+0000] {taskinstance.py:1326} INFO - Marking task as SUCCESS. dag_id=Spotify_Data_ETL, task_id=JsonToCSV, execution_date=20230321T030040, start_date=20230321T030351, end_date=20230321T030355
[2023-03-21T03:03:55.086+0000] {local_task_job.py:212} INFO - Task exited with return code 0
[2023-03-21T03:03:55.113+0000] {taskinstance.py:2585} INFO - 1 downstream tasks scheduled from follow-on schedule check
