[2023-03-18T04:26:13.241+0000] {taskinstance.py:1083} INFO - Dependencies all met for <TaskInstance: Spotify_Data_ETL.JsonToCSV manual__2023-03-18T04:25:53.095760+00:00 [queued]>
[2023-03-18T04:26:13.246+0000] {taskinstance.py:1083} INFO - Dependencies all met for <TaskInstance: Spotify_Data_ETL.JsonToCSV manual__2023-03-18T04:25:53.095760+00:00 [queued]>
[2023-03-18T04:26:13.247+0000] {taskinstance.py:1279} INFO - 
--------------------------------------------------------------------------------
[2023-03-18T04:26:13.247+0000] {taskinstance.py:1280} INFO - Starting attempt 1 of 3
[2023-03-18T04:26:13.247+0000] {taskinstance.py:1281} INFO - 
--------------------------------------------------------------------------------
[2023-03-18T04:26:13.254+0000] {taskinstance.py:1300} INFO - Executing <Task(PythonOperator): JsonToCSV> on 2023-03-18 04:25:53.095760+00:00
[2023-03-18T04:26:13.259+0000] {standard_task_runner.py:55} INFO - Started process 173 to run task
[2023-03-18T04:26:13.262+0000] {standard_task_runner.py:82} INFO - Running: ['***', 'tasks', 'run', 'Spotify_Data_ETL', 'JsonToCSV', 'manual__2023-03-18T04:25:53.095760+00:00', '--job-id', '1519', '--raw', '--subdir', 'DAGS_FOLDER/spotifydag.py', '--cfg-path', '/tmp/tmp983bo75n']
[2023-03-18T04:26:13.263+0000] {standard_task_runner.py:83} INFO - Job 1519: Subtask JsonToCSV
[2023-03-18T04:26:13.307+0000] {task_command.py:388} INFO - Running <TaskInstance: Spotify_Data_ETL.JsonToCSV manual__2023-03-18T04:25:53.095760+00:00 [running]> on host 80993b942372
[2023-03-18T04:26:13.348+0000] {taskinstance.py:1509} INFO - Exporting the following env vars:
AIRFLOW_CTX_DAG_OWNER=Ananta Moharana
AIRFLOW_CTX_DAG_ID=Spotify_Data_ETL
AIRFLOW_CTX_TASK_ID=JsonToCSV
AIRFLOW_CTX_EXECUTION_DATE=2023-03-18T04:25:53.095760+00:00
AIRFLOW_CTX_TRY_NUMBER=1
AIRFLOW_CTX_DAG_RUN_ID=manual__2023-03-18T04:25:53.095760+00:00
[2023-03-18T04:26:13.356+0000] {base.py:73} INFO - Using connection ID 'aws_connection' for task execution.
[2023-03-18T04:26:13.357+0000] {connection_wrapper.py:334} INFO - AWS Connection (conn_id='aws_connection', conn_type='aws') credentials retrieved from login and password.
[2023-03-18T04:26:14.250+0000] {python.py:177} INFO - Done. Returned value was: None
[2023-03-18T04:26:14.259+0000] {taskinstance.py:1323} INFO - Marking task as SUCCESS. dag_id=Spotify_Data_ETL, task_id=JsonToCSV, execution_date=20230318T042553, start_date=20230318T042613, end_date=20230318T042614
[2023-03-18T04:26:14.287+0000] {local_task_job.py:208} INFO - Task exited with return code 0
[2023-03-18T04:26:14.302+0000] {taskinstance.py:2578} INFO - 1 downstream tasks scheduled from follow-on schedule check
