[2023-03-14T04:41:13.422+0000] {taskinstance.py:1083} INFO - Dependencies all met for <TaskInstance: Spotify_Data_ETL.GetAudioQuality manual__2023-03-14T04:41:06.270770+00:00 [queued]>
[2023-03-14T04:41:13.427+0000] {taskinstance.py:1083} INFO - Dependencies all met for <TaskInstance: Spotify_Data_ETL.GetAudioQuality manual__2023-03-14T04:41:06.270770+00:00 [queued]>
[2023-03-14T04:41:13.428+0000] {taskinstance.py:1279} INFO - 
--------------------------------------------------------------------------------
[2023-03-14T04:41:13.428+0000] {taskinstance.py:1280} INFO - Starting attempt 1 of 3
[2023-03-14T04:41:13.429+0000] {taskinstance.py:1281} INFO - 
--------------------------------------------------------------------------------
[2023-03-14T04:41:13.438+0000] {taskinstance.py:1300} INFO - Executing <Task(PythonOperator): GetAudioQuality> on 2023-03-14 04:41:06.270770+00:00
[2023-03-14T04:41:13.445+0000] {standard_task_runner.py:55} INFO - Started process 438 to run task
[2023-03-14T04:41:13.449+0000] {standard_task_runner.py:82} INFO - Running: ['***', 'tasks', 'run', 'Spotify_Data_ETL', 'GetAudioQuality', 'manual__2023-03-14T04:41:06.270770+00:00', '--job-id', '504', '--raw', '--subdir', 'DAGS_FOLDER/spotifydag.py', '--cfg-path', '/tmp/tmp0zpo7r0s']
[2023-03-14T04:41:13.450+0000] {standard_task_runner.py:83} INFO - Job 504: Subtask GetAudioQuality
[2023-03-14T04:41:13.507+0000] {task_command.py:388} INFO - Running <TaskInstance: Spotify_Data_ETL.GetAudioQuality manual__2023-03-14T04:41:06.270770+00:00 [running]> on host 2b460a741d49
[2023-03-14T04:41:13.773+0000] {taskinstance.py:1509} INFO - Exporting the following env vars:
AIRFLOW_CTX_DAG_OWNER=Ananta Moharana
AIRFLOW_CTX_DAG_ID=Spotify_Data_ETL
AIRFLOW_CTX_TASK_ID=GetAudioQuality
AIRFLOW_CTX_EXECUTION_DATE=2023-03-14T04:41:06.270770+00:00
AIRFLOW_CTX_TRY_NUMBER=1
AIRFLOW_CTX_DAG_RUN_ID=manual__2023-03-14T04:41:06.270770+00:00
[2023-03-14T04:41:23.524+0000] {python.py:177} INFO - Done. Returned value was: None
[2023-03-14T04:41:23.531+0000] {taskinstance.py:1323} INFO - Marking task as SUCCESS. dag_id=Spotify_Data_ETL, task_id=GetAudioQuality, execution_date=20230314T044106, start_date=20230314T044113, end_date=20230314T044123
[2023-03-14T04:41:23.574+0000] {local_task_job.py:208} INFO - Task exited with return code 0
[2023-03-14T04:41:23.592+0000] {taskinstance.py:2578} INFO - 0 downstream tasks scheduled from follow-on schedule check
