[2023-03-21T22:47:29.213+0000] {taskinstance.py:1084} INFO - Dependencies all met for dep_context=non-requeueable deps ti=<TaskInstance: Spotify_Data_ETL.GetAudioQuality manual__2023-03-21T22:47:20.265233+00:00 [queued]>
[2023-03-21T22:47:29.218+0000] {taskinstance.py:1084} INFO - Dependencies all met for dep_context=requeueable deps ti=<TaskInstance: Spotify_Data_ETL.GetAudioQuality manual__2023-03-21T22:47:20.265233+00:00 [queued]>
[2023-03-21T22:47:29.218+0000] {taskinstance.py:1282} INFO - 
--------------------------------------------------------------------------------
[2023-03-21T22:47:29.218+0000] {taskinstance.py:1283} INFO - Starting attempt 1 of 3
[2023-03-21T22:47:29.219+0000] {taskinstance.py:1284} INFO - 
--------------------------------------------------------------------------------
[2023-03-21T22:47:29.226+0000] {taskinstance.py:1303} INFO - Executing <Task(PythonOperator): GetAudioQuality> on 2023-03-21 22:47:20.265233+00:00
[2023-03-21T22:47:29.231+0000] {standard_task_runner.py:55} INFO - Started process 21686 to run task
[2023-03-21T22:47:29.236+0000] {standard_task_runner.py:82} INFO - Running: ['***', 'tasks', 'run', 'Spotify_Data_ETL', 'GetAudioQuality', 'manual__2023-03-21T22:47:20.265233+00:00', '--job-id', '2240', '--raw', '--subdir', 'DAGS_FOLDER/spotifydag.py', '--cfg-path', '/tmp/tmp7psgj0k9']
[2023-03-21T22:47:29.237+0000] {standard_task_runner.py:83} INFO - Job 2240: Subtask GetAudioQuality
[2023-03-21T22:47:29.289+0000] {task_command.py:388} INFO - Running <TaskInstance: Spotify_Data_ETL.GetAudioQuality manual__2023-03-21T22:47:20.265233+00:00 [running]> on host 1fd7b08731f2
[2023-03-21T22:47:29.335+0000] {taskinstance.py:1511} INFO - Exporting the following env vars:
AIRFLOW_CTX_DAG_OWNER=Ananta Moharana
AIRFLOW_CTX_DAG_ID=Spotify_Data_ETL
AIRFLOW_CTX_TASK_ID=GetAudioQuality
AIRFLOW_CTX_EXECUTION_DATE=2023-03-21T22:47:20.265233+00:00
AIRFLOW_CTX_TRY_NUMBER=1
AIRFLOW_CTX_DAG_RUN_ID=manual__2023-03-21T22:47:20.265233+00:00
[2023-03-21T22:47:35.590+0000] {python.py:177} INFO - Done. Returned value was: None
[2023-03-21T22:47:35.598+0000] {taskinstance.py:1326} INFO - Marking task as SUCCESS. dag_id=Spotify_Data_ETL, task_id=GetAudioQuality, execution_date=20230321T224720, start_date=20230321T224729, end_date=20230321T224735
[2023-03-21T22:47:35.645+0000] {local_task_job.py:212} INFO - Task exited with return code 0
[2023-03-21T22:47:35.668+0000] {taskinstance.py:2585} INFO - 0 downstream tasks scheduled from follow-on schedule check
