[2023-03-21T19:28:08.755+0000] {taskinstance.py:1084} INFO - Dependencies all met for dep_context=non-requeueable deps ti=<TaskInstance: Spotify_Data_ETL.GetAudioQuality manual__2023-03-21T18:58:58.410635+00:00 [queued]>
[2023-03-21T19:28:08.761+0000] {taskinstance.py:1084} INFO - Dependencies all met for dep_context=requeueable deps ti=<TaskInstance: Spotify_Data_ETL.GetAudioQuality manual__2023-03-21T18:58:58.410635+00:00 [queued]>
[2023-03-21T19:28:08.761+0000] {taskinstance.py:1282} INFO - 
--------------------------------------------------------------------------------
[2023-03-21T19:28:08.762+0000] {taskinstance.py:1283} INFO - Starting attempt 4 of 6
[2023-03-21T19:28:08.762+0000] {taskinstance.py:1284} INFO - 
--------------------------------------------------------------------------------
[2023-03-21T19:28:08.769+0000] {taskinstance.py:1303} INFO - Executing <Task(PythonOperator): GetAudioQuality> on 2023-03-21 18:58:58.410635+00:00
[2023-03-21T19:28:08.774+0000] {standard_task_runner.py:55} INFO - Started process 7337 to run task
[2023-03-21T19:28:08.778+0000] {standard_task_runner.py:82} INFO - Running: ['***', 'tasks', 'run', 'Spotify_Data_ETL', 'GetAudioQuality', 'manual__2023-03-21T18:58:58.410635+00:00', '--job-id', '1927', '--raw', '--subdir', 'DAGS_FOLDER/spotifydag.py', '--cfg-path', '/tmp/tmp0fwrlmqf']
[2023-03-21T19:28:08.779+0000] {standard_task_runner.py:83} INFO - Job 1927: Subtask GetAudioQuality
[2023-03-21T19:28:08.839+0000] {task_command.py:388} INFO - Running <TaskInstance: Spotify_Data_ETL.GetAudioQuality manual__2023-03-21T18:58:58.410635+00:00 [running]> on host 1fd7b08731f2
[2023-03-21T19:28:08.887+0000] {taskinstance.py:1511} INFO - Exporting the following env vars:
AIRFLOW_CTX_DAG_OWNER=Ananta Moharana
AIRFLOW_CTX_DAG_ID=Spotify_Data_ETL
AIRFLOW_CTX_TASK_ID=GetAudioQuality
AIRFLOW_CTX_EXECUTION_DATE=2023-03-21T18:58:58.410635+00:00
AIRFLOW_CTX_TRY_NUMBER=4
AIRFLOW_CTX_DAG_RUN_ID=manual__2023-03-21T18:58:58.410635+00:00
[2023-03-21T19:28:15.277+0000] {python.py:177} INFO - Done. Returned value was: None
[2023-03-21T19:28:15.286+0000] {taskinstance.py:1326} INFO - Marking task as SUCCESS. dag_id=Spotify_Data_ETL, task_id=GetAudioQuality, execution_date=20230321T185858, start_date=20230321T192808, end_date=20230321T192815
[2023-03-21T19:28:15.326+0000] {local_task_job.py:212} INFO - Task exited with return code 0
[2023-03-21T19:28:15.349+0000] {taskinstance.py:2585} INFO - 1 downstream tasks scheduled from follow-on schedule check
