[2023-03-21T19:27:04.113+0000] {taskinstance.py:1084} INFO - Dependencies all met for dep_context=non-requeueable deps ti=<TaskInstance: Spotify_Data_ETL.GetAudioQuality manual__2023-03-21T18:58:58.410635+00:00 [queued]>
[2023-03-21T19:27:04.119+0000] {taskinstance.py:1084} INFO - Dependencies all met for dep_context=requeueable deps ti=<TaskInstance: Spotify_Data_ETL.GetAudioQuality manual__2023-03-21T18:58:58.410635+00:00 [queued]>
[2023-03-21T19:27:04.119+0000] {taskinstance.py:1282} INFO - 
--------------------------------------------------------------------------------
[2023-03-21T19:27:04.120+0000] {taskinstance.py:1283} INFO - Starting attempt 3 of 5
[2023-03-21T19:27:04.120+0000] {taskinstance.py:1284} INFO - 
--------------------------------------------------------------------------------
[2023-03-21T19:27:04.129+0000] {taskinstance.py:1303} INFO - Executing <Task(PythonOperator): GetAudioQuality> on 2023-03-21 18:58:58.410635+00:00
[2023-03-21T19:27:04.133+0000] {standard_task_runner.py:55} INFO - Started process 7175 to run task
[2023-03-21T19:27:04.137+0000] {standard_task_runner.py:82} INFO - Running: ['***', 'tasks', 'run', 'Spotify_Data_ETL', 'GetAudioQuality', 'manual__2023-03-21T18:58:58.410635+00:00', '--job-id', '1908', '--raw', '--subdir', 'DAGS_FOLDER/spotifydag.py', '--cfg-path', '/tmp/tmp443u4ncv']
[2023-03-21T19:27:04.138+0000] {standard_task_runner.py:83} INFO - Job 1908: Subtask GetAudioQuality
[2023-03-21T19:27:04.191+0000] {task_command.py:388} INFO - Running <TaskInstance: Spotify_Data_ETL.GetAudioQuality manual__2023-03-21T18:58:58.410635+00:00 [running]> on host 1fd7b08731f2
[2023-03-21T19:27:04.235+0000] {taskinstance.py:1511} INFO - Exporting the following env vars:
AIRFLOW_CTX_DAG_OWNER=Ananta Moharana
AIRFLOW_CTX_DAG_ID=Spotify_Data_ETL
AIRFLOW_CTX_TASK_ID=GetAudioQuality
AIRFLOW_CTX_EXECUTION_DATE=2023-03-21T18:58:58.410635+00:00
AIRFLOW_CTX_TRY_NUMBER=3
AIRFLOW_CTX_DAG_RUN_ID=manual__2023-03-21T18:58:58.410635+00:00
[2023-03-21T19:27:10.517+0000] {python.py:177} INFO - Done. Returned value was: None
[2023-03-21T19:27:10.525+0000] {taskinstance.py:1326} INFO - Marking task as SUCCESS. dag_id=Spotify_Data_ETL, task_id=GetAudioQuality, execution_date=20230321T185858, start_date=20230321T192704, end_date=20230321T192710
[2023-03-21T19:27:10.563+0000] {local_task_job.py:212} INFO - Task exited with return code 0
[2023-03-21T19:27:10.587+0000] {taskinstance.py:2585} INFO - 0 downstream tasks scheduled from follow-on schedule check
