[2023-03-14T17:39:38.224+0000] {taskinstance.py:1083} INFO - Dependencies all met for <TaskInstance: Spotify_Data_ETL.GetArtistInfo manual__2023-03-14T17:39:32.565428+00:00 [queued]>
[2023-03-14T17:39:38.229+0000] {taskinstance.py:1083} INFO - Dependencies all met for <TaskInstance: Spotify_Data_ETL.GetArtistInfo manual__2023-03-14T17:39:32.565428+00:00 [queued]>
[2023-03-14T17:39:38.229+0000] {taskinstance.py:1279} INFO - 
--------------------------------------------------------------------------------
[2023-03-14T17:39:38.230+0000] {taskinstance.py:1280} INFO - Starting attempt 1 of 3
[2023-03-14T17:39:38.230+0000] {taskinstance.py:1281} INFO - 
--------------------------------------------------------------------------------
[2023-03-14T17:39:38.237+0000] {taskinstance.py:1300} INFO - Executing <Task(PythonOperator): GetArtistInfo> on 2023-03-14 17:39:32.565428+00:00
[2023-03-14T17:39:38.241+0000] {standard_task_runner.py:55} INFO - Started process 1810 to run task
[2023-03-14T17:39:38.244+0000] {standard_task_runner.py:82} INFO - Running: ['***', 'tasks', 'run', 'Spotify_Data_ETL', 'GetArtistInfo', 'manual__2023-03-14T17:39:32.565428+00:00', '--job-id', '548', '--raw', '--subdir', 'DAGS_FOLDER/spotifydag.py', '--cfg-path', '/tmp/tmp2e666dsm']
[2023-03-14T17:39:38.245+0000] {standard_task_runner.py:83} INFO - Job 548: Subtask GetArtistInfo
[2023-03-14T17:39:38.291+0000] {task_command.py:388} INFO - Running <TaskInstance: Spotify_Data_ETL.GetArtistInfo manual__2023-03-14T17:39:32.565428+00:00 [running]> on host 9cabbaedf88c
[2023-03-14T17:39:38.504+0000] {taskinstance.py:1509} INFO - Exporting the following env vars:
AIRFLOW_CTX_DAG_OWNER=Ananta Moharana
AIRFLOW_CTX_DAG_ID=Spotify_Data_ETL
AIRFLOW_CTX_TASK_ID=GetArtistInfo
AIRFLOW_CTX_EXECUTION_DATE=2023-03-14T17:39:32.565428+00:00
AIRFLOW_CTX_TRY_NUMBER=1
AIRFLOW_CTX_DAG_RUN_ID=manual__2023-03-14T17:39:32.565428+00:00
[2023-03-14T17:39:44.023+0000] {python.py:177} INFO - Done. Returned value was: None
[2023-03-14T17:39:44.030+0000] {taskinstance.py:1323} INFO - Marking task as SUCCESS. dag_id=Spotify_Data_ETL, task_id=GetArtistInfo, execution_date=20230314T173932, start_date=20230314T173938, end_date=20230314T173944
[2023-03-14T17:39:44.081+0000] {local_task_job.py:208} INFO - Task exited with return code 0
[2023-03-14T17:39:44.097+0000] {taskinstance.py:2578} INFO - 0 downstream tasks scheduled from follow-on schedule check
