[2023-03-14T20:17:09.800+0000] {taskinstance.py:1083} INFO - Dependencies all met for <TaskInstance: Spotify_Data_ETL.GetArtistInfo manual__2023-03-14T17:39:32.565428+00:00 [queued]>
[2023-03-14T20:17:09.805+0000] {taskinstance.py:1083} INFO - Dependencies all met for <TaskInstance: Spotify_Data_ETL.GetArtistInfo manual__2023-03-14T17:39:32.565428+00:00 [queued]>
[2023-03-14T20:17:09.805+0000] {taskinstance.py:1279} INFO - 
--------------------------------------------------------------------------------
[2023-03-14T20:17:09.806+0000] {taskinstance.py:1280} INFO - Starting attempt 2 of 4
[2023-03-14T20:17:09.806+0000] {taskinstance.py:1281} INFO - 
--------------------------------------------------------------------------------
[2023-03-14T20:17:09.813+0000] {taskinstance.py:1300} INFO - Executing <Task(PythonOperator): GetArtistInfo> on 2023-03-14 17:39:32.565428+00:00
[2023-03-14T20:17:09.817+0000] {standard_task_runner.py:55} INFO - Started process 12550 to run task
[2023-03-14T20:17:09.821+0000] {standard_task_runner.py:82} INFO - Running: ['***', 'tasks', 'run', 'Spotify_Data_ETL', 'GetArtistInfo', 'manual__2023-03-14T17:39:32.565428+00:00', '--job-id', '560', '--raw', '--subdir', 'DAGS_FOLDER/spotifydag.py', '--cfg-path', '/tmp/tmpt4ksj_lu']
[2023-03-14T20:17:09.821+0000] {standard_task_runner.py:83} INFO - Job 560: Subtask GetArtistInfo
[2023-03-14T20:17:09.866+0000] {task_command.py:388} INFO - Running <TaskInstance: Spotify_Data_ETL.GetArtistInfo manual__2023-03-14T17:39:32.565428+00:00 [running]> on host 9cabbaedf88c
[2023-03-14T20:17:10.096+0000] {taskinstance.py:1509} INFO - Exporting the following env vars:
AIRFLOW_CTX_DAG_OWNER=Ananta Moharana
AIRFLOW_CTX_DAG_ID=Spotify_Data_ETL
AIRFLOW_CTX_TASK_ID=GetArtistInfo
AIRFLOW_CTX_EXECUTION_DATE=2023-03-14T17:39:32.565428+00:00
AIRFLOW_CTX_TRY_NUMBER=2
AIRFLOW_CTX_DAG_RUN_ID=manual__2023-03-14T17:39:32.565428+00:00
[2023-03-14T20:17:16.093+0000] {python.py:177} INFO - Done. Returned value was: None
[2023-03-14T20:17:16.102+0000] {taskinstance.py:1323} INFO - Marking task as SUCCESS. dag_id=Spotify_Data_ETL, task_id=GetArtistInfo, execution_date=20230314T173932, start_date=20230314T201709, end_date=20230314T201716
[2023-03-14T20:17:16.147+0000] {local_task_job.py:208} INFO - Task exited with return code 0
[2023-03-14T20:17:16.164+0000] {taskinstance.py:2578} INFO - 0 downstream tasks scheduled from follow-on schedule check
