[2023-03-21T03:23:42.968+0000] {taskinstance.py:1084} INFO - Dependencies all met for dep_context=non-requeueable deps ti=<TaskInstance: Spotify_Data_ETL.GetAudioQuality manual__2023-03-21T03:00:40.656791+00:00 [queued]>
[2023-03-21T03:23:42.973+0000] {taskinstance.py:1084} INFO - Dependencies all met for dep_context=requeueable deps ti=<TaskInstance: Spotify_Data_ETL.GetAudioQuality manual__2023-03-21T03:00:40.656791+00:00 [queued]>
[2023-03-21T03:23:42.974+0000] {taskinstance.py:1282} INFO - 
--------------------------------------------------------------------------------
[2023-03-21T03:23:42.974+0000] {taskinstance.py:1283} INFO - Starting attempt 4 of 6
[2023-03-21T03:23:42.975+0000] {taskinstance.py:1284} INFO - 
--------------------------------------------------------------------------------
[2023-03-21T03:23:42.983+0000] {taskinstance.py:1303} INFO - Executing <Task(PythonOperator): GetAudioQuality> on 2023-03-21 03:00:40.656791+00:00
[2023-03-21T03:23:42.988+0000] {standard_task_runner.py:55} INFO - Started process 21695 to run task
[2023-03-21T03:23:42.992+0000] {standard_task_runner.py:82} INFO - Running: ['***', 'tasks', 'run', 'Spotify_Data_ETL', 'GetAudioQuality', 'manual__2023-03-21T03:00:40.656791+00:00', '--job-id', '1770', '--raw', '--subdir', 'DAGS_FOLDER/spotifydag.py', '--cfg-path', '/tmp/tmpyyohbhqx']
[2023-03-21T03:23:42.993+0000] {standard_task_runner.py:83} INFO - Job 1770: Subtask GetAudioQuality
[2023-03-21T03:23:43.041+0000] {task_command.py:388} INFO - Running <TaskInstance: Spotify_Data_ETL.GetAudioQuality manual__2023-03-21T03:00:40.656791+00:00 [running]> on host 1fd7b08731f2
[2023-03-21T03:23:43.088+0000] {taskinstance.py:1511} INFO - Exporting the following env vars:
AIRFLOW_CTX_DAG_OWNER=Ananta Moharana
AIRFLOW_CTX_DAG_ID=Spotify_Data_ETL
AIRFLOW_CTX_TASK_ID=GetAudioQuality
AIRFLOW_CTX_EXECUTION_DATE=2023-03-21T03:00:40.656791+00:00
AIRFLOW_CTX_TRY_NUMBER=4
AIRFLOW_CTX_DAG_RUN_ID=manual__2023-03-21T03:00:40.656791+00:00
[2023-03-21T03:23:49.437+0000] {python.py:177} INFO - Done. Returned value was: None
[2023-03-21T03:23:49.444+0000] {taskinstance.py:1326} INFO - Marking task as SUCCESS. dag_id=Spotify_Data_ETL, task_id=GetAudioQuality, execution_date=20230321T030040, start_date=20230321T032342, end_date=20230321T032349
[2023-03-21T03:23:49.467+0000] {local_task_job.py:212} INFO - Task exited with return code 0
[2023-03-21T03:23:49.487+0000] {taskinstance.py:2585} INFO - 0 downstream tasks scheduled from follow-on schedule check
