[2023-03-21T03:28:26.363+0000] {taskinstance.py:1084} INFO - Dependencies all met for dep_context=non-requeueable deps ti=<TaskInstance: Spotify_Data_ETL.GetAudioQuality manual__2023-03-21T03:00:40.656791+00:00 [queued]>
[2023-03-21T03:28:26.368+0000] {taskinstance.py:1084} INFO - Dependencies all met for dep_context=requeueable deps ti=<TaskInstance: Spotify_Data_ETL.GetAudioQuality manual__2023-03-21T03:00:40.656791+00:00 [queued]>
[2023-03-21T03:28:26.369+0000] {taskinstance.py:1282} INFO - 
--------------------------------------------------------------------------------
[2023-03-21T03:28:26.370+0000] {taskinstance.py:1283} INFO - Starting attempt 6 of 8
[2023-03-21T03:28:26.370+0000] {taskinstance.py:1284} INFO - 
--------------------------------------------------------------------------------
[2023-03-21T03:28:26.382+0000] {taskinstance.py:1303} INFO - Executing <Task(PythonOperator): GetAudioQuality> on 2023-03-21 03:00:40.656791+00:00
[2023-03-21T03:28:26.389+0000] {standard_task_runner.py:55} INFO - Started process 22186 to run task
[2023-03-21T03:28:26.394+0000] {standard_task_runner.py:82} INFO - Running: ['***', 'tasks', 'run', 'Spotify_Data_ETL', 'GetAudioQuality', 'manual__2023-03-21T03:00:40.656791+00:00', '--job-id', '1807', '--raw', '--subdir', 'DAGS_FOLDER/spotifydag.py', '--cfg-path', '/tmp/tmpve6ve1x5']
[2023-03-21T03:28:26.397+0000] {standard_task_runner.py:83} INFO - Job 1807: Subtask GetAudioQuality
[2023-03-21T03:28:26.485+0000] {task_command.py:388} INFO - Running <TaskInstance: Spotify_Data_ETL.GetAudioQuality manual__2023-03-21T03:00:40.656791+00:00 [running]> on host 1fd7b08731f2
[2023-03-21T03:28:26.546+0000] {taskinstance.py:1511} INFO - Exporting the following env vars:
AIRFLOW_CTX_DAG_OWNER=Ananta Moharana
AIRFLOW_CTX_DAG_ID=Spotify_Data_ETL
AIRFLOW_CTX_TASK_ID=GetAudioQuality
AIRFLOW_CTX_EXECUTION_DATE=2023-03-21T03:00:40.656791+00:00
AIRFLOW_CTX_TRY_NUMBER=6
AIRFLOW_CTX_DAG_RUN_ID=manual__2023-03-21T03:00:40.656791+00:00
[2023-03-21T03:28:33.016+0000] {python.py:177} INFO - Done. Returned value was: None
[2023-03-21T03:28:33.024+0000] {taskinstance.py:1326} INFO - Marking task as SUCCESS. dag_id=Spotify_Data_ETL, task_id=GetAudioQuality, execution_date=20230321T030040, start_date=20230321T032826, end_date=20230321T032833
[2023-03-21T03:28:33.074+0000] {local_task_job.py:212} INFO - Task exited with return code 0
[2023-03-21T03:28:33.094+0000] {taskinstance.py:2585} INFO - 1 downstream tasks scheduled from follow-on schedule check
