[2023-03-16T18:04:45.156+0000] {taskinstance.py:1083} INFO - Dependencies all met for <TaskInstance: Spotify_Data_ETL.JsonToCSV manual__2023-03-16T18:04:25.665608+00:00 [queued]>
[2023-03-16T18:04:45.161+0000] {taskinstance.py:1083} INFO - Dependencies all met for <TaskInstance: Spotify_Data_ETL.JsonToCSV manual__2023-03-16T18:04:25.665608+00:00 [queued]>
[2023-03-16T18:04:45.162+0000] {taskinstance.py:1279} INFO - 
--------------------------------------------------------------------------------
[2023-03-16T18:04:45.162+0000] {taskinstance.py:1280} INFO - Starting attempt 1 of 3
[2023-03-16T18:04:45.162+0000] {taskinstance.py:1281} INFO - 
--------------------------------------------------------------------------------
[2023-03-16T18:04:45.169+0000] {taskinstance.py:1300} INFO - Executing <Task(PythonOperator): JsonToCSV> on 2023-03-16 18:04:25.665608+00:00
[2023-03-16T18:04:45.174+0000] {standard_task_runner.py:55} INFO - Started process 535 to run task
[2023-03-16T18:04:45.177+0000] {standard_task_runner.py:82} INFO - Running: ['***', 'tasks', 'run', 'Spotify_Data_ETL', 'JsonToCSV', 'manual__2023-03-16T18:04:25.665608+00:00', '--job-id', '1344', '--raw', '--subdir', 'DAGS_FOLDER/spotifydag.py', '--cfg-path', '/tmp/tmpdhwljqrt']
[2023-03-16T18:04:45.177+0000] {standard_task_runner.py:83} INFO - Job 1344: Subtask JsonToCSV
[2023-03-16T18:04:45.221+0000] {task_command.py:388} INFO - Running <TaskInstance: Spotify_Data_ETL.JsonToCSV manual__2023-03-16T18:04:25.665608+00:00 [running]> on host 8f7fdf71f1bb
[2023-03-16T18:04:45.390+0000] {taskinstance.py:1509} INFO - Exporting the following env vars:
AIRFLOW_CTX_DAG_OWNER=Ananta Moharana
AIRFLOW_CTX_DAG_ID=Spotify_Data_ETL
AIRFLOW_CTX_TASK_ID=JsonToCSV
AIRFLOW_CTX_EXECUTION_DATE=2023-03-16T18:04:25.665608+00:00
AIRFLOW_CTX_TRY_NUMBER=1
AIRFLOW_CTX_DAG_RUN_ID=manual__2023-03-16T18:04:25.665608+00:00
[2023-03-16T18:04:45.399+0000] {base.py:73} INFO - Using connection ID 'aws_connection' for task execution.
[2023-03-16T18:04:45.400+0000] {connection_wrapper.py:334} INFO - AWS Connection (conn_id='aws_connection', conn_type='aws') credentials retrieved from login and password.
[2023-03-16T18:04:48.740+0000] {python.py:177} INFO - Done. Returned value was: None
[2023-03-16T18:04:48.766+0000] {taskinstance.py:1323} INFO - Marking task as SUCCESS. dag_id=Spotify_Data_ETL, task_id=JsonToCSV, execution_date=20230316T180425, start_date=20230316T180445, end_date=20230316T180448
[2023-03-16T18:04:48.844+0000] {local_task_job.py:208} INFO - Task exited with return code 0
[2023-03-16T18:04:48.860+0000] {taskinstance.py:2578} INFO - 1 downstream tasks scheduled from follow-on schedule check
