[2023-03-21T21:10:49.332+0000] {taskinstance.py:1084} INFO - Dependencies all met for dep_context=non-requeueable deps ti=<TaskInstance: Spotify_Data_ETL.GetArtistInfo manual__2023-03-21T19:43:28.798625+00:00 [queued]>
[2023-03-21T21:10:49.337+0000] {taskinstance.py:1084} INFO - Dependencies all met for dep_context=requeueable deps ti=<TaskInstance: Spotify_Data_ETL.GetArtistInfo manual__2023-03-21T19:43:28.798625+00:00 [queued]>
[2023-03-21T21:10:49.338+0000] {taskinstance.py:1282} INFO - 
--------------------------------------------------------------------------------
[2023-03-21T21:10:49.338+0000] {taskinstance.py:1283} INFO - Starting attempt 8 of 10
[2023-03-21T21:10:49.338+0000] {taskinstance.py:1284} INFO - 
--------------------------------------------------------------------------------
[2023-03-21T21:10:49.345+0000] {taskinstance.py:1303} INFO - Executing <Task(PythonOperator): GetArtistInfo> on 2023-03-21 19:43:28.798625+00:00
[2023-03-21T21:10:49.349+0000] {standard_task_runner.py:55} INFO - Started process 14431 to run task
[2023-03-21T21:10:49.353+0000] {standard_task_runner.py:82} INFO - Running: ['***', 'tasks', 'run', 'Spotify_Data_ETL', 'GetArtistInfo', 'manual__2023-03-21T19:43:28.798625+00:00', '--job-id', '2135', '--raw', '--subdir', 'DAGS_FOLDER/spotifydag.py', '--cfg-path', '/tmp/tmpdt77wp2i']
[2023-03-21T21:10:49.354+0000] {standard_task_runner.py:83} INFO - Job 2135: Subtask GetArtistInfo
[2023-03-21T21:10:49.398+0000] {task_command.py:388} INFO - Running <TaskInstance: Spotify_Data_ETL.GetArtistInfo manual__2023-03-21T19:43:28.798625+00:00 [running]> on host 1fd7b08731f2
[2023-03-21T21:10:49.438+0000] {taskinstance.py:1511} INFO - Exporting the following env vars:
AIRFLOW_CTX_DAG_OWNER=Ananta Moharana
AIRFLOW_CTX_DAG_ID=Spotify_Data_ETL
AIRFLOW_CTX_TASK_ID=GetArtistInfo
AIRFLOW_CTX_EXECUTION_DATE=2023-03-21T19:43:28.798625+00:00
AIRFLOW_CTX_TRY_NUMBER=8
AIRFLOW_CTX_DAG_RUN_ID=manual__2023-03-21T19:43:28.798625+00:00
[2023-03-21T21:10:55.430+0000] {python.py:177} INFO - Done. Returned value was: None
[2023-03-21T21:10:55.438+0000] {taskinstance.py:1326} INFO - Marking task as SUCCESS. dag_id=Spotify_Data_ETL, task_id=GetArtistInfo, execution_date=20230321T194328, start_date=20230321T211049, end_date=20230321T211055
[2023-03-21T21:10:55.462+0000] {local_task_job.py:212} INFO - Task exited with return code 0
[2023-03-21T21:10:55.480+0000] {taskinstance.py:2585} INFO - 0 downstream tasks scheduled from follow-on schedule check
