[2023-03-16T05:18:38.154+0000] {taskinstance.py:1083} INFO - Dependencies all met for <TaskInstance: Spotify_Data_ETL.GetArtistInfo manual__2023-03-16T05:18:31.440287+00:00 [queued]>
[2023-03-16T05:18:38.159+0000] {taskinstance.py:1083} INFO - Dependencies all met for <TaskInstance: Spotify_Data_ETL.GetArtistInfo manual__2023-03-16T05:18:31.440287+00:00 [queued]>
[2023-03-16T05:18:38.160+0000] {taskinstance.py:1279} INFO - 
--------------------------------------------------------------------------------
[2023-03-16T05:18:38.160+0000] {taskinstance.py:1280} INFO - Starting attempt 1 of 3
[2023-03-16T05:18:38.161+0000] {taskinstance.py:1281} INFO - 
--------------------------------------------------------------------------------
[2023-03-16T05:18:38.167+0000] {taskinstance.py:1300} INFO - Executing <Task(PythonOperator): GetArtistInfo> on 2023-03-16 05:18:31.440287+00:00
[2023-03-16T05:18:38.172+0000] {standard_task_runner.py:55} INFO - Started process 10030 to run task
[2023-03-16T05:18:38.179+0000] {standard_task_runner.py:82} INFO - Running: ['***', 'tasks', 'run', 'Spotify_Data_ETL', 'GetArtistInfo', 'manual__2023-03-16T05:18:31.440287+00:00', '--job-id', '1286', '--raw', '--subdir', 'DAGS_FOLDER/spotifydag.py', '--cfg-path', '/tmp/tmpt5gjfvbt']
[2023-03-16T05:18:38.179+0000] {standard_task_runner.py:83} INFO - Job 1286: Subtask GetArtistInfo
[2023-03-16T05:18:38.225+0000] {task_command.py:388} INFO - Running <TaskInstance: Spotify_Data_ETL.GetArtistInfo manual__2023-03-16T05:18:31.440287+00:00 [running]> on host 18c42e4ef76b
[2023-03-16T05:18:38.399+0000] {taskinstance.py:1509} INFO - Exporting the following env vars:
AIRFLOW_CTX_DAG_OWNER=Ananta Moharana
AIRFLOW_CTX_DAG_ID=Spotify_Data_ETL
AIRFLOW_CTX_TASK_ID=GetArtistInfo
AIRFLOW_CTX_EXECUTION_DATE=2023-03-16T05:18:31.440287+00:00
AIRFLOW_CTX_TRY_NUMBER=1
AIRFLOW_CTX_DAG_RUN_ID=manual__2023-03-16T05:18:31.440287+00:00
[2023-03-16T05:19:11.561+0000] {python.py:177} INFO - Done. Returned value was: None
[2023-03-16T05:19:11.572+0000] {taskinstance.py:1323} INFO - Marking task as SUCCESS. dag_id=Spotify_Data_ETL, task_id=GetArtistInfo, execution_date=20230316T051831, start_date=20230316T051838, end_date=20230316T051911
[2023-03-16T05:19:11.639+0000] {local_task_job.py:208} INFO - Task exited with return code 0
[2023-03-16T05:19:11.664+0000] {taskinstance.py:2578} INFO - 1 downstream tasks scheduled from follow-on schedule check
