[2023-03-12T18:30:35.323+0000] {taskinstance.py:1083} INFO - Dependencies all met for <TaskInstance: Spotify_Data_ETL.GetArtistInfo manual__2023-03-12T17:58:23.665842+00:00 [queued]>
[2023-03-12T18:30:35.327+0000] {taskinstance.py:1083} INFO - Dependencies all met for <TaskInstance: Spotify_Data_ETL.GetArtistInfo manual__2023-03-12T17:58:23.665842+00:00 [queued]>
[2023-03-12T18:30:35.328+0000] {taskinstance.py:1279} INFO - 
--------------------------------------------------------------------------------
[2023-03-12T18:30:35.328+0000] {taskinstance.py:1280} INFO - Starting attempt 11 of 13
[2023-03-12T18:30:35.328+0000] {taskinstance.py:1281} INFO - 
--------------------------------------------------------------------------------
[2023-03-12T18:30:35.335+0000] {taskinstance.py:1300} INFO - Executing <Task(PythonOperator): GetArtistInfo> on 2023-03-12 17:58:23.665842+00:00
[2023-03-12T18:30:35.339+0000] {standard_task_runner.py:55} INFO - Started process 3109 to run task
[2023-03-12T18:30:35.342+0000] {standard_task_runner.py:82} INFO - Running: ['***', 'tasks', 'run', 'Spotify_Data_ETL', 'GetArtistInfo', 'manual__2023-03-12T17:58:23.665842+00:00', '--job-id', '76', '--raw', '--subdir', 'DAGS_FOLDER/spotifydag.py', '--cfg-path', '/tmp/tmp4_6s8c_o']
[2023-03-12T18:30:35.343+0000] {standard_task_runner.py:83} INFO - Job 76: Subtask GetArtistInfo
[2023-03-12T18:30:35.385+0000] {task_command.py:388} INFO - Running <TaskInstance: Spotify_Data_ETL.GetArtistInfo manual__2023-03-12T17:58:23.665842+00:00 [running]> on host 7a5ad222a4d0
[2023-03-12T18:30:35.423+0000] {taskinstance.py:1509} INFO - Exporting the following env vars:
AIRFLOW_CTX_DAG_OWNER=Ananta Moharana
AIRFLOW_CTX_DAG_ID=Spotify_Data_ETL
AIRFLOW_CTX_TASK_ID=GetArtistInfo
AIRFLOW_CTX_EXECUTION_DATE=2023-03-12T17:58:23.665842+00:00
AIRFLOW_CTX_TRY_NUMBER=11
AIRFLOW_CTX_DAG_RUN_ID=manual__2023-03-12T17:58:23.665842+00:00
[2023-03-12T18:30:35.545+0000] {logging_mixin.py:137} INFO - corridos tumbados
[2023-03-12T18:30:35.546+0000] {logging_mixin.py:137} INFO - musica mexicana
[2023-03-12T18:30:35.547+0000] {logging_mixin.py:137} INFO - nueva musica mexicana
[2023-03-12T18:30:35.547+0000] {logging_mixin.py:137} INFO - sad sierreno
[2023-03-12T18:30:35.547+0000] {logging_mixin.py:137} INFO - sierreno
[2023-03-12T18:30:35.548+0000] {logging_mixin.py:137} INFO - 6162538
[2023-03-12T18:30:35.548+0000] {logging_mixin.py:137} INFO - 90
[2023-03-12T18:30:35.549+0000] {logging_mixin.py:137} INFO - 7Gi6gjaWy3DxyilpF1a8Is
[2023-03-12T18:30:35.549+0000] {logging_mixin.py:137} INFO - ****************
[2023-03-12T18:30:35.550+0000] {python.py:177} INFO - Done. Returned value was: None
[2023-03-12T18:30:35.558+0000] {taskinstance.py:1323} INFO - Marking task as SUCCESS. dag_id=Spotify_Data_ETL, task_id=GetArtistInfo, execution_date=20230312T175823, start_date=20230312T183035, end_date=20230312T183035
[2023-03-12T18:30:35.600+0000] {local_task_job.py:208} INFO - Task exited with return code 0
[2023-03-12T18:30:35.612+0000] {taskinstance.py:2578} INFO - 0 downstream tasks scheduled from follow-on schedule check
