[2023-03-12T17:59:00.015+0000] {taskinstance.py:1083} INFO - Dependencies all met for <TaskInstance: Spotify_Data_ETL.GetArtistInfo manual__2023-03-12T17:58:23.665842+00:00 [queued]>
[2023-03-12T17:59:00.020+0000] {taskinstance.py:1083} INFO - Dependencies all met for <TaskInstance: Spotify_Data_ETL.GetArtistInfo manual__2023-03-12T17:58:23.665842+00:00 [queued]>
[2023-03-12T17:59:00.020+0000] {taskinstance.py:1279} INFO - 
--------------------------------------------------------------------------------
[2023-03-12T17:59:00.020+0000] {taskinstance.py:1280} INFO - Starting attempt 2 of 3
[2023-03-12T17:59:00.021+0000] {taskinstance.py:1281} INFO - 
--------------------------------------------------------------------------------
[2023-03-12T17:59:00.027+0000] {taskinstance.py:1300} INFO - Executing <Task(PythonOperator): GetArtistInfo> on 2023-03-12 17:58:23.665842+00:00
[2023-03-12T17:59:00.031+0000] {standard_task_runner.py:55} INFO - Started process 795 to run task
[2023-03-12T17:59:00.034+0000] {standard_task_runner.py:82} INFO - Running: ['***', 'tasks', 'run', 'Spotify_Data_ETL', 'GetArtistInfo', 'manual__2023-03-12T17:58:23.665842+00:00', '--job-id', '51', '--raw', '--subdir', 'DAGS_FOLDER/spotifydag.py', '--cfg-path', '/tmp/tmptsoy6g5n']
[2023-03-12T17:59:00.035+0000] {standard_task_runner.py:83} INFO - Job 51: Subtask GetArtistInfo
[2023-03-12T17:59:00.077+0000] {task_command.py:388} INFO - Running <TaskInstance: Spotify_Data_ETL.GetArtistInfo manual__2023-03-12T17:58:23.665842+00:00 [running]> on host 7a5ad222a4d0
[2023-03-12T17:59:00.115+0000] {taskinstance.py:1509} INFO - Exporting the following env vars:
AIRFLOW_CTX_DAG_OWNER=Ananta Moharana
AIRFLOW_CTX_DAG_ID=Spotify_Data_ETL
AIRFLOW_CTX_TASK_ID=GetArtistInfo
AIRFLOW_CTX_EXECUTION_DATE=2023-03-12T17:58:23.665842+00:00
AIRFLOW_CTX_TRY_NUMBER=2
AIRFLOW_CTX_DAG_RUN_ID=manual__2023-03-12T17:58:23.665842+00:00
[2023-03-12T17:59:00.124+0000] {taskinstance.py:1768} ERROR - Task failed with exception
Traceback (most recent call last):
  File "/home/airflow/.local/lib/python3.7/site-packages/airflow/operators/python.py", line 175, in execute
    return_value = self.execute_callable()
  File "/home/airflow/.local/lib/python3.7/site-packages/airflow/operators/python.py", line 192, in execute_callable
    return self.python_callable(*self.op_args, **self.op_kwargs)
  File "/opt/airflow/dags/src/extract.py", line 87, in get_artist_info
    id_list=songs_df['artist_id'].tolist()
TypeError: string indices must be integers
[2023-03-12T17:59:00.131+0000] {taskinstance.py:1323} INFO - Marking task as UP_FOR_RETRY. dag_id=Spotify_Data_ETL, task_id=GetArtistInfo, execution_date=20230312T175823, start_date=20230312T175900, end_date=20230312T175900
[2023-03-12T17:59:00.136+0000] {standard_task_runner.py:105} ERROR - Failed to execute job 51 for task GetArtistInfo (string indices must be integers; 795)
[2023-03-12T17:59:00.166+0000] {local_task_job.py:208} INFO - Task exited with return code 1
[2023-03-12T17:59:00.178+0000] {taskinstance.py:2578} INFO - 0 downstream tasks scheduled from follow-on schedule check
