[2023-03-12T21:50:34.886+0000] {taskinstance.py:1083} INFO - Dependencies all met for <TaskInstance: Spotify_Data_ETL.GetArtistInfo manual__2023-03-12T17:58:23.665842+00:00 [queued]>
[2023-03-12T21:50:34.890+0000] {taskinstance.py:1083} INFO - Dependencies all met for <TaskInstance: Spotify_Data_ETL.GetArtistInfo manual__2023-03-12T17:58:23.665842+00:00 [queued]>
[2023-03-12T21:50:34.890+0000] {taskinstance.py:1279} INFO - 
--------------------------------------------------------------------------------
[2023-03-12T21:50:34.891+0000] {taskinstance.py:1280} INFO - Starting attempt 24 of 26
[2023-03-12T21:50:34.891+0000] {taskinstance.py:1281} INFO - 
--------------------------------------------------------------------------------
[2023-03-12T21:50:34.898+0000] {taskinstance.py:1300} INFO - Executing <Task(PythonOperator): GetArtistInfo> on 2023-03-12 17:58:23.665842+00:00
[2023-03-12T21:50:34.902+0000] {standard_task_runner.py:55} INFO - Started process 332 to run task
[2023-03-12T21:50:34.905+0000] {standard_task_runner.py:82} INFO - Running: ['***', 'tasks', 'run', 'Spotify_Data_ETL', 'GetArtistInfo', 'manual__2023-03-12T17:58:23.665842+00:00', '--job-id', '115', '--raw', '--subdir', 'DAGS_FOLDER/spotifydag.py', '--cfg-path', '/tmp/tmpbo8b14d1']
[2023-03-12T21:50:34.905+0000] {standard_task_runner.py:83} INFO - Job 115: Subtask GetArtistInfo
[2023-03-12T21:50:34.947+0000] {task_command.py:388} INFO - Running <TaskInstance: Spotify_Data_ETL.GetArtistInfo manual__2023-03-12T17:58:23.665842+00:00 [running]> on host 022348a7414e
[2023-03-12T21:50:34.985+0000] {taskinstance.py:1509} INFO - Exporting the following env vars:
AIRFLOW_CTX_DAG_OWNER=Ananta Moharana
AIRFLOW_CTX_DAG_ID=Spotify_Data_ETL
AIRFLOW_CTX_TASK_ID=GetArtistInfo
AIRFLOW_CTX_EXECUTION_DATE=2023-03-12T17:58:23.665842+00:00
AIRFLOW_CTX_TRY_NUMBER=24
AIRFLOW_CTX_DAG_RUN_ID=manual__2023-03-12T17:58:23.665842+00:00
[2023-03-12T21:50:46.514+0000] {python.py:177} INFO - Done. Returned value was: None
[2023-03-12T21:50:46.523+0000] {taskinstance.py:1323} INFO - Marking task as SUCCESS. dag_id=Spotify_Data_ETL, task_id=GetArtistInfo, execution_date=20230312T175823, start_date=20230312T215034, end_date=20230312T215046
[2023-03-12T21:50:46.578+0000] {local_task_job.py:208} INFO - Task exited with return code 0
[2023-03-12T21:50:46.591+0000] {taskinstance.py:2578} INFO - 0 downstream tasks scheduled from follow-on schedule check
