[2023-03-12T18:31:05.635+0000] {taskinstance.py:1083} INFO - Dependencies all met for <TaskInstance: Spotify_Data_ETL.GetArtistInfo manual__2023-03-12T17:58:23.665842+00:00 [queued]>
[2023-03-12T18:31:05.640+0000] {taskinstance.py:1083} INFO - Dependencies all met for <TaskInstance: Spotify_Data_ETL.GetArtistInfo manual__2023-03-12T17:58:23.665842+00:00 [queued]>
[2023-03-12T18:31:05.641+0000] {taskinstance.py:1279} INFO - 
--------------------------------------------------------------------------------
[2023-03-12T18:31:05.641+0000] {taskinstance.py:1280} INFO - Starting attempt 12 of 14
[2023-03-12T18:31:05.642+0000] {taskinstance.py:1281} INFO - 
--------------------------------------------------------------------------------
[2023-03-12T18:31:05.649+0000] {taskinstance.py:1300} INFO - Executing <Task(PythonOperator): GetArtistInfo> on 2023-03-12 17:58:23.665842+00:00
[2023-03-12T18:31:05.653+0000] {standard_task_runner.py:55} INFO - Started process 3156 to run task
[2023-03-12T18:31:05.656+0000] {standard_task_runner.py:82} INFO - Running: ['***', 'tasks', 'run', 'Spotify_Data_ETL', 'GetArtistInfo', 'manual__2023-03-12T17:58:23.665842+00:00', '--job-id', '79', '--raw', '--subdir', 'DAGS_FOLDER/spotifydag.py', '--cfg-path', '/tmp/tmp20sfsyv8']
[2023-03-12T18:31:05.656+0000] {standard_task_runner.py:83} INFO - Job 79: Subtask GetArtistInfo
[2023-03-12T18:31:05.698+0000] {task_command.py:388} INFO - Running <TaskInstance: Spotify_Data_ETL.GetArtistInfo manual__2023-03-12T17:58:23.665842+00:00 [running]> on host 7a5ad222a4d0
[2023-03-12T18:31:05.736+0000] {taskinstance.py:1509} INFO - Exporting the following env vars:
AIRFLOW_CTX_DAG_OWNER=Ananta Moharana
AIRFLOW_CTX_DAG_ID=Spotify_Data_ETL
AIRFLOW_CTX_TASK_ID=GetArtistInfo
AIRFLOW_CTX_EXECUTION_DATE=2023-03-12T17:58:23.665842+00:00
AIRFLOW_CTX_TRY_NUMBER=12
AIRFLOW_CTX_DAG_RUN_ID=manual__2023-03-12T17:58:23.665842+00:00
[2023-03-12T18:31:05.866+0000] {logging_mixin.py:137} INFO - corridos tumbados
[2023-03-12T18:31:05.867+0000] {logging_mixin.py:137} INFO - musica mexicana
[2023-03-12T18:31:05.868+0000] {logging_mixin.py:137} INFO - nueva musica mexicana
[2023-03-12T18:31:05.868+0000] {logging_mixin.py:137} INFO - sad sierreno
[2023-03-12T18:31:05.869+0000] {logging_mixin.py:137} INFO - sierreno
[2023-03-12T18:31:05.869+0000] {logging_mixin.py:137} INFO - 6162538
[2023-03-12T18:31:05.870+0000] {logging_mixin.py:137} INFO - 90
[2023-03-12T18:31:05.870+0000] {logging_mixin.py:137} INFO - 7Gi6gjaWy3DxyilpF1a8Is
[2023-03-12T18:31:05.871+0000] {logging_mixin.py:137} INFO - ****************
[2023-03-12T18:31:05.967+0000] {logging_mixin.py:137} INFO - corrido
[2023-03-12T18:31:05.967+0000] {logging_mixin.py:137} INFO - nueva musica mexicana
[2023-03-12T18:31:05.968+0000] {logging_mixin.py:137} INFO - 312619
[2023-03-12T18:31:05.968+0000] {logging_mixin.py:137} INFO - 79
[2023-03-12T18:31:05.968+0000] {logging_mixin.py:137} INFO - 3l9G1G9MxH6DaRhwLklaf5
[2023-03-12T18:31:05.969+0000] {logging_mixin.py:137} INFO - ****************
[2023-03-12T18:31:06.062+0000] {logging_mixin.py:137} INFO - detroit hip hop
[2023-03-12T18:31:06.063+0000] {logging_mixin.py:137} INFO - hip hop
[2023-03-12T18:31:06.063+0000] {logging_mixin.py:137} INFO - rap
[2023-03-12T18:31:06.064+0000] {logging_mixin.py:137} INFO - 67251544
[2023-03-12T18:31:06.064+0000] {logging_mixin.py:137} INFO - 94
[2023-03-12T18:31:06.065+0000] {logging_mixin.py:137} INFO - 7dGJo4pcD2V6oG8kP0tJRR
[2023-03-12T18:31:06.065+0000] {logging_mixin.py:137} INFO - ****************
[2023-03-12T18:31:06.158+0000] {logging_mixin.py:137} INFO - canadian contemporary r&b
[2023-03-12T18:31:06.159+0000] {logging_mixin.py:137} INFO - canadian pop
[2023-03-12T18:31:06.159+0000] {logging_mixin.py:137} INFO - pop
[2023-03-12T18:31:06.160+0000] {logging_mixin.py:137} INFO - 60416488
[2023-03-12T18:31:06.161+0000] {logging_mixin.py:137} INFO - 99
[2023-03-12T18:31:06.161+0000] {logging_mixin.py:137} INFO - 1Xyo4u8uXC1ZmMpatF05PJ
[2023-03-12T18:31:06.162+0000] {logging_mixin.py:137} INFO - ****************
[2023-03-12T18:31:06.263+0000] {logging_mixin.py:137} INFO - pop
[2023-03-12T18:31:06.264+0000] {logging_mixin.py:137} INFO - r&b
[2023-03-12T18:31:06.265+0000] {logging_mixin.py:137} INFO - 11229481
[2023-03-12T18:31:06.266+0000] {logging_mixin.py:137} INFO - 95
[2023-03-12T18:31:06.266+0000] {logging_mixin.py:137} INFO - 7tYKF4w9nC0nq9CsPZTHyP
[2023-03-12T18:31:06.267+0000] {logging_mixin.py:137} INFO - ****************
[2023-03-12T18:31:06.362+0000] {logging_mixin.py:137} INFO - latin hip hop
[2023-03-12T18:31:06.364+0000] {logging_mixin.py:137} INFO - reggaeton
[2023-03-12T18:31:06.365+0000] {logging_mixin.py:137} INFO - reggaeton flow
[2023-03-12T18:31:06.366+0000] {logging_mixin.py:137} INFO - trap latino
[2023-03-12T18:31:06.367+0000] {logging_mixin.py:137} INFO - urbano latino
[2023-03-12T18:31:06.368+0000] {logging_mixin.py:137} INFO - 1852832
[2023-03-12T18:31:06.369+0000] {logging_mixin.py:137} INFO - 78
[2023-03-12T18:31:06.370+0000] {logging_mixin.py:137} INFO - 64aJYyrXljOodnUG6jvhRD
[2023-03-12T18:31:06.371+0000] {logging_mixin.py:137} INFO - ****************
[2023-03-12T18:31:06.474+0000] {logging_mixin.py:137} INFO - reggaeton flow
[2023-03-12T18:31:06.474+0000] {logging_mixin.py:137} INFO - 207134
[2023-03-12T18:31:06.475+0000] {logging_mixin.py:137} INFO - 78
[2023-03-12T18:31:06.476+0000] {logging_mixin.py:137} INFO - 2T1aUibqR2QC2sINIDQOAK
[2023-03-12T18:31:06.476+0000] {logging_mixin.py:137} INFO - ****************
[2023-03-12T18:31:06.573+0000] {logging_mixin.py:137} INFO - reggaeton
[2023-03-12T18:31:06.574+0000] {logging_mixin.py:137} INFO - reggaeton flow
[2023-03-12T18:31:06.574+0000] {logging_mixin.py:137} INFO - trap boricua
[2023-03-12T18:31:06.575+0000] {logging_mixin.py:137} INFO - trap latino
[2023-03-12T18:31:06.576+0000] {logging_mixin.py:137} INFO - urbano latino
[2023-03-12T18:31:06.577+0000] {logging_mixin.py:137} INFO - 27422003
[2023-03-12T18:31:06.578+0000] {logging_mixin.py:137} INFO - 90
[2023-03-12T18:31:06.578+0000] {logging_mixin.py:137} INFO - 2R21vXR83lH98kGeO99Y66
[2023-03-12T18:31:06.579+0000] {logging_mixin.py:137} INFO - ****************
[2023-03-12T18:31:06.680+0000] {logging_mixin.py:137} INFO - melodic rap
[2023-03-12T18:31:06.681+0000] {logging_mixin.py:137} INFO - philly rap
[2023-03-12T18:31:06.682+0000] {logging_mixin.py:137} INFO - rap
[2023-03-12T18:31:06.682+0000] {logging_mixin.py:137} INFO - trap
[2023-03-12T18:31:06.683+0000] {logging_mixin.py:137} INFO - 14716381
[2023-03-12T18:31:06.684+0000] {logging_mixin.py:137} INFO - 90
[2023-03-12T18:31:06.685+0000] {logging_mixin.py:137} INFO - 4O15NlyKLIASxsJ0PrXPfz
[2023-03-12T18:31:06.686+0000] {logging_mixin.py:137} INFO - ****************
[2023-03-12T18:31:06.786+0000] {logging_mixin.py:137} INFO - boston folk
[2023-03-12T18:31:06.786+0000] {logging_mixin.py:137} INFO - indie pop
[2023-03-12T18:31:06.787+0000] {logging_mixin.py:137} INFO - pop
[2023-03-12T18:31:06.788+0000] {logging_mixin.py:137} INFO - 482228
[2023-03-12T18:31:06.788+0000] {logging_mixin.py:137} INFO - 78
[2023-03-12T18:31:06.789+0000] {logging_mixin.py:137} INFO - 1GmsPCcpKgF9OhlNXjOsbS
[2023-03-12T18:31:06.789+0000] {logging_mixin.py:137} INFO - ****************
[2023-03-12T18:31:06.888+0000] {logging_mixin.py:137} INFO - reggaeton flow
[2023-03-12T18:31:06.888+0000] {logging_mixin.py:137} INFO - 447272
[2023-03-12T18:31:06.889+0000] {logging_mixin.py:137} INFO - 83
[2023-03-12T18:31:06.890+0000] {logging_mixin.py:137} INFO - 37230BxxYs9ksS7OkZw3IU
[2023-03-12T18:31:06.891+0000] {logging_mixin.py:137} INFO - ****************
[2023-03-12T18:31:06.996+0000] {logging_mixin.py:137} INFO - reggaeton
[2023-03-12T18:31:06.997+0000] {logging_mixin.py:137} INFO - trap latino
[2023-03-12T18:31:06.998+0000] {logging_mixin.py:137} INFO - urbano latino
[2023-03-12T18:31:06.999+0000] {logging_mixin.py:137} INFO - 65847825
[2023-03-12T18:31:07.000+0000] {logging_mixin.py:137} INFO - 100
[2023-03-12T18:31:07.001+0000] {logging_mixin.py:137} INFO - 4q3ewBCX7sLwd24euuV69X
[2023-03-12T18:31:07.002+0000] {logging_mixin.py:137} INFO - ****************
[2023-03-12T18:31:07.133+0000] {logging_mixin.py:137} INFO - modern rock
[2023-03-12T18:31:07.136+0000] {logging_mixin.py:137} INFO - rock
[2023-03-12T18:31:07.138+0000] {logging_mixin.py:137} INFO - 46218268
[2023-03-12T18:31:07.139+0000] {logging_mixin.py:137} INFO - 91
[2023-03-12T18:31:07.140+0000] {logging_mixin.py:137} INFO - 53XhwfbYqKCa1cC15pYq2q
[2023-03-12T18:31:07.141+0000] {logging_mixin.py:137} INFO - ****************
[2023-03-12T18:31:07.262+0000] {logging_mixin.py:137} INFO - latin pop
[2023-03-12T18:31:07.264+0000] {logging_mixin.py:137} INFO - pop argentino
[2023-03-12T18:31:07.265+0000] {logging_mixin.py:137} INFO - 5819448
[2023-03-12T18:31:07.266+0000] {logging_mixin.py:137} INFO - 85
[2023-03-12T18:31:07.267+0000] {logging_mixin.py:137} INFO - 7vXDAI8JwjW531ouMGbfcp
[2023-03-12T18:31:07.268+0000] {logging_mixin.py:137} INFO - ****************
[2023-03-12T18:31:07.377+0000] {logging_mixin.py:137} INFO - colombian pop
[2023-03-12T18:31:07.379+0000] {logging_mixin.py:137} INFO - pop reggaeton
[2023-03-12T18:31:07.380+0000] {logging_mixin.py:137} INFO - reggaeton colombiano
[2023-03-12T18:31:07.382+0000] {logging_mixin.py:137} INFO - urbano latino
[2023-03-12T18:31:07.383+0000] {logging_mixin.py:137} INFO - 4022617
[2023-03-12T18:31:07.385+0000] {logging_mixin.py:137} INFO - 94
[2023-03-12T18:31:07.386+0000] {logging_mixin.py:137} INFO - 2LRoIwlKmHjgvigdNGBHNo
[2023-03-12T18:31:07.387+0000] {logging_mixin.py:137} INFO - ****************
[2023-03-12T18:31:07.497+0000] {logging_mixin.py:137} INFO - dance pop
[2023-03-12T18:31:07.498+0000] {logging_mixin.py:137} INFO - pop
[2023-03-12T18:31:07.498+0000] {logging_mixin.py:137} INFO - r&b
[2023-03-12T18:31:07.499+0000] {logging_mixin.py:137} INFO - 4520691
[2023-03-12T18:31:07.500+0000] {logging_mixin.py:137} INFO - 85
[2023-03-12T18:31:07.500+0000] {logging_mixin.py:137} INFO - 360IAlyVv4PCEVjgyMZrxK
[2023-03-12T18:31:07.501+0000] {logging_mixin.py:137} INFO - ****************
[2023-03-12T18:31:07.621+0000] {logging_mixin.py:137} INFO - musica chihuahuense
[2023-03-12T18:31:07.622+0000] {logging_mixin.py:137} INFO - nueva musica mexicana
[2023-03-12T18:31:07.622+0000] {logging_mixin.py:137} INFO - 484003
[2023-03-12T18:31:07.623+0000] {logging_mixin.py:137} INFO - 86
[2023-03-12T18:31:07.624+0000] {logging_mixin.py:137} INFO - 6XkjpgcEsYab502Vr1bBeW
[2023-03-12T18:31:07.624+0000] {logging_mixin.py:137} INFO - ****************
[2023-03-12T18:31:07.727+0000] {logging_mixin.py:137} INFO - corrido
[2023-03-12T18:31:07.728+0000] {logging_mixin.py:137} INFO - corridos tumbados
[2023-03-12T18:31:07.729+0000] {logging_mixin.py:137} INFO - nueva musica mexicana
[2023-03-12T18:31:07.730+0000] {logging_mixin.py:137} INFO - sad sierreno
[2023-03-12T18:31:07.731+0000] {logging_mixin.py:137} INFO - sierreno
[2023-03-12T18:31:07.732+0000] {logging_mixin.py:137} INFO - 2581667
[2023-03-12T18:31:07.733+0000] {logging_mixin.py:137} INFO - 88
[2023-03-12T18:31:07.734+0000] {logging_mixin.py:137} INFO - 0ys2OFYzWYB5hRDLCsBqxt
[2023-03-12T18:31:07.735+0000] {logging_mixin.py:137} INFO - ****************
[2023-03-12T18:31:07.827+0000] {logging_mixin.py:137} INFO - garage rock
[2023-03-12T18:31:07.828+0000] {logging_mixin.py:137} INFO - modern rock
[2023-03-12T18:31:07.829+0000] {logging_mixin.py:137} INFO - permanent wave
[2023-03-12T18:31:07.830+0000] {logging_mixin.py:137} INFO - rock
[2023-03-12T18:31:07.831+0000] {logging_mixin.py:137} INFO - sheffield indie
[2023-03-12T18:31:07.832+0000] {logging_mixin.py:137} INFO - 18863563
[2023-03-12T18:31:07.833+0000] {logging_mixin.py:137} INFO - 89
[2023-03-12T18:31:07.834+0000] {logging_mixin.py:137} INFO - 7Ln80lUS6He07XvHI8qqHH
[2023-03-12T18:31:07.835+0000] {logging_mixin.py:137} INFO - ****************
[2023-03-12T18:31:07.949+0000] {logging_mixin.py:137} INFO - 23874
[2023-03-12T18:31:07.951+0000] {logging_mixin.py:137} INFO - 75
[2023-03-12T18:31:07.952+0000] {logging_mixin.py:137} INFO - 0uxYECT7XqHNccQAg5Uhe4
[2023-03-12T18:31:07.953+0000] {logging_mixin.py:137} INFO - ****************
[2023-03-12T18:31:08.060+0000] {logging_mixin.py:137} INFO - cumbia pop
[2023-03-12T18:31:08.062+0000] {logging_mixin.py:137} INFO - 265565
[2023-03-12T18:31:08.063+0000] {logging_mixin.py:137} INFO - 76
[2023-03-12T18:31:08.064+0000] {logging_mixin.py:137} INFO - 48R2gYdPKtfnfKAzhSVPUx
[2023-03-12T18:31:08.065+0000] {logging_mixin.py:137} INFO - ****************
[2023-03-12T18:31:08.170+0000] {logging_mixin.py:137} INFO - trap argentino
[2023-03-12T18:31:08.172+0000] {logging_mixin.py:137} INFO - trap triste
[2023-03-12T18:31:08.173+0000] {logging_mixin.py:137} INFO - 93679
[2023-03-12T18:31:08.174+0000] {logging_mixin.py:137} INFO - 75
[2023-03-12T18:31:08.175+0000] {logging_mixin.py:137} INFO - 0niAkxgT6y57bRbT0Ge94z
[2023-03-12T18:31:08.177+0000] {logging_mixin.py:137} INFO - ****************
[2023-03-12T18:31:08.291+0000] {logging_mixin.py:137} INFO - chill pop
[2023-03-12T18:31:08.293+0000] {logging_mixin.py:137} INFO - pop
[2023-03-12T18:31:08.294+0000] {logging_mixin.py:137} INFO - 2942381
[2023-03-12T18:31:08.295+0000] {logging_mixin.py:137} INFO - 80
[2023-03-12T18:31:08.296+0000] {logging_mixin.py:137} INFO - 2txHhyCwHjUEpJjWrEyqyX
[2023-03-12T18:31:08.297+0000] {logging_mixin.py:137} INFO - ****************
[2023-03-12T18:31:08.420+0000] {logging_mixin.py:137} INFO - modern indie pop
[2023-03-12T18:31:08.423+0000] {logging_mixin.py:137} INFO - 1814516
[2023-03-12T18:31:08.423+0000] {logging_mixin.py:137} INFO - 83
[2023-03-12T18:31:08.424+0000] {logging_mixin.py:137} INFO - 164Uj4eKjl6zTBKfJLFKKK
[2023-03-12T18:31:08.425+0000] {logging_mixin.py:137} INFO - ****************
[2023-03-12T18:31:08.557+0000] {logging_mixin.py:137} INFO - piano rock
[2023-03-12T18:31:08.558+0000] {logging_mixin.py:137} INFO - pop
[2023-03-12T18:31:08.559+0000] {logging_mixin.py:137} INFO - 15194861
[2023-03-12T18:31:08.560+0000] {logging_mixin.py:137} INFO - 86
[2023-03-12T18:31:08.560+0000] {logging_mixin.py:137} INFO - 5Pwc4xIPtQLFEnJriah9YJ
[2023-03-12T18:31:08.561+0000] {logging_mixin.py:137} INFO - ****************
[2023-03-12T18:31:08.664+0000] {logging_mixin.py:137} INFO - bachata
[2023-03-12T18:31:08.664+0000] {logging_mixin.py:137} INFO - 17961735
[2023-03-12T18:31:08.665+0000] {logging_mixin.py:137} INFO - 86
[2023-03-12T18:31:08.666+0000] {logging_mixin.py:137} INFO - 5lwmRuXgjX8xIwlnauTZIP
[2023-03-12T18:31:08.666+0000] {logging_mixin.py:137} INFO - ****************
[2023-03-12T18:31:08.769+0000] {logging_mixin.py:137} INFO - reggaeton
[2023-03-12T18:31:08.770+0000] {logging_mixin.py:137} INFO - reggaeton colombiano
[2023-03-12T18:31:08.771+0000] {logging_mixin.py:137} INFO - urbano latino
[2023-03-12T18:31:08.772+0000] {logging_mixin.py:137} INFO - 33066530
[2023-03-12T18:31:08.772+0000] {logging_mixin.py:137} INFO - 94
[2023-03-12T18:31:08.773+0000] {logging_mixin.py:137} INFO - 790FomKkXshlbRYZFtlgla
[2023-03-12T18:31:08.774+0000] {logging_mixin.py:137} INFO - ****************
[2023-03-12T18:31:08.876+0000] {logging_mixin.py:137} INFO - colombian pop
[2023-03-12T18:31:08.877+0000] {logging_mixin.py:137} INFO - pop reggaeton
[2023-03-12T18:31:08.878+0000] {logging_mixin.py:137} INFO - reggaeton colombiano
[2023-03-12T18:31:08.879+0000] {logging_mixin.py:137} INFO - urbano latino
[2023-03-12T18:31:08.880+0000] {logging_mixin.py:137} INFO - 4022617
[2023-03-12T18:31:08.881+0000] {logging_mixin.py:137} INFO - 94
[2023-03-12T18:31:08.882+0000] {logging_mixin.py:137} INFO - 2LRoIwlKmHjgvigdNGBHNo
[2023-03-12T18:31:08.883+0000] {logging_mixin.py:137} INFO - ****************
[2023-03-12T18:31:08.994+0000] {logging_mixin.py:137} INFO - electro
[2023-03-12T18:31:08.996+0000] {logging_mixin.py:137} INFO - filter house
[2023-03-12T18:31:08.997+0000] {logging_mixin.py:137} INFO - 9249942
[2023-03-12T18:31:08.998+0000] {logging_mixin.py:137} INFO - 84
[2023-03-12T18:31:08.999+0000] {logging_mixin.py:137} INFO - 4tZwfgrHOc3mvqYlEYSvVi
[2023-03-12T18:31:09.000+0000] {logging_mixin.py:137} INFO - ****************
[2023-03-12T18:31:09.119+0000] {logging_mixin.py:137} INFO - canadian contemporary r&b
[2023-03-12T18:31:09.121+0000] {logging_mixin.py:137} INFO - canadian pop
[2023-03-12T18:31:09.122+0000] {logging_mixin.py:137} INFO - pop
[2023-03-12T18:31:09.123+0000] {logging_mixin.py:137} INFO - 60416488
[2023-03-12T18:31:09.124+0000] {logging_mixin.py:137} INFO - 99
[2023-03-12T18:31:09.125+0000] {logging_mixin.py:137} INFO - 1Xyo4u8uXC1ZmMpatF05PJ
[2023-03-12T18:31:09.126+0000] {logging_mixin.py:137} INFO - ****************
[2023-03-12T18:31:09.236+0000] {logging_mixin.py:137} INFO - new jersey underground rap
[2023-03-12T18:31:09.238+0000] {logging_mixin.py:137} INFO - rap
[2023-03-12T18:31:09.239+0000] {logging_mixin.py:137} INFO - trap queen
[2023-03-12T18:31:09.240+0000] {logging_mixin.py:137} INFO - viral rap
[2023-03-12T18:31:09.241+0000] {logging_mixin.py:137} INFO - 500319
[2023-03-12T18:31:09.242+0000] {logging_mixin.py:137} INFO - 79
[2023-03-12T18:31:09.244+0000] {logging_mixin.py:137} INFO - 6AMd49uBDJfhf30Ak2QR5s
[2023-03-12T18:31:09.245+0000] {logging_mixin.py:137} INFO - ****************
[2023-03-12T18:31:09.357+0000] {logging_mixin.py:137} INFO - reggaeton
[2023-03-12T18:31:09.358+0000] {logging_mixin.py:137} INFO - trap latino
[2023-03-12T18:31:09.359+0000] {logging_mixin.py:137} INFO - urbano latino
[2023-03-12T18:31:09.359+0000] {logging_mixin.py:137} INFO - 65847825
[2023-03-12T18:31:09.360+0000] {logging_mixin.py:137} INFO - 100
[2023-03-12T18:31:09.361+0000] {logging_mixin.py:137} INFO - 4q3ewBCX7sLwd24euuV69X
[2023-03-12T18:31:09.361+0000] {logging_mixin.py:137} INFO - ****************
[2023-03-12T18:31:09.462+0000] {logging_mixin.py:137} INFO - latin hip hop
[2023-03-12T18:31:09.463+0000] {logging_mixin.py:137} INFO - reggaeton
[2023-03-12T18:31:09.463+0000] {logging_mixin.py:137} INFO - urbano latino
[2023-03-12T18:31:09.464+0000] {logging_mixin.py:137} INFO - 10127378
[2023-03-12T18:31:09.464+0000] {logging_mixin.py:137} INFO - 87
[2023-03-12T18:31:09.465+0000] {logging_mixin.py:137} INFO - 4SsVbpTthjScTS7U2hmr1X
[2023-03-12T18:31:09.465+0000] {logging_mixin.py:137} INFO - ****************
[2023-03-12T18:31:09.555+0000] {logging_mixin.py:137} INFO - k-pop
[2023-03-12T18:31:09.555+0000] {logging_mixin.py:137} INFO - k-pop girl group
[2023-03-12T18:31:09.556+0000] {logging_mixin.py:137} INFO - 2587583
[2023-03-12T18:31:09.556+0000] {logging_mixin.py:137} INFO - 87
[2023-03-12T18:31:09.557+0000] {logging_mixin.py:137} INFO - 6HvZYsbFfjnjFrWF950C9d
[2023-03-12T18:31:09.557+0000] {logging_mixin.py:137} INFO - ****************
[2023-03-12T18:31:09.659+0000] {logging_mixin.py:137} INFO - corrido
[2023-03-12T18:31:09.660+0000] {logging_mixin.py:137} INFO - corridos tumbados
[2023-03-12T18:31:09.661+0000] {logging_mixin.py:137} INFO - musica mexicana
[2023-03-12T18:31:09.661+0000] {logging_mixin.py:137} INFO - nueva musica mexicana
[2023-03-12T18:31:09.662+0000] {logging_mixin.py:137} INFO - sad sierreno
[2023-03-12T18:31:09.663+0000] {logging_mixin.py:137} INFO - sierreno
[2023-03-12T18:31:09.664+0000] {logging_mixin.py:137} INFO - 5883162
[2023-03-12T18:31:09.664+0000] {logging_mixin.py:137} INFO - 87
[2023-03-12T18:31:09.665+0000] {logging_mixin.py:137} INFO - 0elWFr7TW8piilVRYJUe4P
[2023-03-12T18:31:09.665+0000] {logging_mixin.py:137} INFO - ****************
[2023-03-12T18:31:09.763+0000] {logging_mixin.py:137} INFO - sad sierreno
[2023-03-12T18:31:09.764+0000] {logging_mixin.py:137} INFO - 1021438
[2023-03-12T18:31:09.765+0000] {logging_mixin.py:137} INFO - 88
[2023-03-12T18:31:09.765+0000] {logging_mixin.py:137} INFO - 12GqGscKJx3aE4t07u7eVZ
[2023-03-12T18:31:09.766+0000] {logging_mixin.py:137} INFO - ****************
[2023-03-12T18:31:09.858+0000] {logging_mixin.py:137} INFO - rap canario
[2023-03-12T18:31:09.859+0000] {logging_mixin.py:137} INFO - 1361461
[2023-03-12T18:31:09.860+0000] {logging_mixin.py:137} INFO - 91
[2023-03-12T18:31:09.860+0000] {logging_mixin.py:137} INFO - 52iwsT98xCoGgiGntTiR7K
[2023-03-12T18:31:09.861+0000] {logging_mixin.py:137} INFO - ****************
[2023-03-12T18:31:09.963+0000] {logging_mixin.py:137} INFO - argentine hip hop
[2023-03-12T18:31:09.963+0000] {logging_mixin.py:137} INFO - pop venezolano
[2023-03-12T18:31:09.964+0000] {logging_mixin.py:137} INFO - trap argentino
[2023-03-12T18:31:09.965+0000] {logging_mixin.py:137} INFO - trap latino
[2023-03-12T18:31:09.966+0000] {logging_mixin.py:137} INFO - urbano latino
[2023-03-12T18:31:09.966+0000] {logging_mixin.py:137} INFO - 9605508
[2023-03-12T18:31:09.966+0000] {logging_mixin.py:137} INFO - 89
[2023-03-12T18:31:09.967+0000] {logging_mixin.py:137} INFO - 716NhGYqD1jl2wI1Qkgq36
[2023-03-12T18:31:09.967+0000] {logging_mixin.py:137} INFO - ****************
[2023-03-12T18:31:10.062+0000] {logging_mixin.py:137} INFO - alt z
[2023-03-12T18:31:10.062+0000] {logging_mixin.py:137} INFO - gen z singer-songwriter
[2023-03-12T18:31:10.063+0000] {logging_mixin.py:137} INFO - 303507
[2023-03-12T18:31:10.063+0000] {logging_mixin.py:137} INFO - 79
[2023-03-12T18:31:10.064+0000] {logging_mixin.py:137} INFO - 7o2ZQYM7nTsaVdkXY38UAA
[2023-03-12T18:31:10.064+0000] {logging_mixin.py:137} INFO - ****************
[2023-03-12T18:31:10.159+0000] {logging_mixin.py:137} INFO - gen z singer-songwriter
[2023-03-12T18:31:10.160+0000] {logging_mixin.py:137} INFO - pop
[2023-03-12T18:31:10.160+0000] {logging_mixin.py:137} INFO - 506957
[2023-03-12T18:31:10.160+0000] {logging_mixin.py:137} INFO - 82
[2023-03-12T18:31:10.161+0000] {logging_mixin.py:137} INFO - 5XKFrudbV4IiuE5WuTPRmT
[2023-03-12T18:31:10.161+0000] {logging_mixin.py:137} INFO - ****************
[2023-03-12T18:31:10.262+0000] {logging_mixin.py:137} INFO - corrido
[2023-03-12T18:31:10.262+0000] {logging_mixin.py:137} INFO - nueva musica mexicana
[2023-03-12T18:31:10.262+0000] {logging_mixin.py:137} INFO - 64887
[2023-03-12T18:31:10.263+0000] {logging_mixin.py:137} INFO - 81
[2023-03-12T18:31:10.263+0000] {logging_mixin.py:137} INFO - 6Sbl0NT50roqWvy746MfVf
[2023-03-12T18:31:10.264+0000] {logging_mixin.py:137} INFO - ****************
[2023-03-12T18:31:10.368+0000] {logging_mixin.py:137} INFO - sad sierreno
[2023-03-12T18:31:10.369+0000] {logging_mixin.py:137} INFO - 1021438
[2023-03-12T18:31:10.369+0000] {logging_mixin.py:137} INFO - 88
[2023-03-12T18:31:10.370+0000] {logging_mixin.py:137} INFO - 12GqGscKJx3aE4t07u7eVZ
[2023-03-12T18:31:10.370+0000] {logging_mixin.py:137} INFO - ****************
[2023-03-12T18:31:10.462+0000] {logging_mixin.py:137} INFO - corrido
[2023-03-12T18:31:10.463+0000] {logging_mixin.py:137} INFO - corridos tumbados
[2023-03-12T18:31:10.463+0000] {logging_mixin.py:137} INFO - musica mexicana
[2023-03-12T18:31:10.463+0000] {logging_mixin.py:137} INFO - nueva musica mexicana
[2023-03-12T18:31:10.464+0000] {logging_mixin.py:137} INFO - sad sierreno
[2023-03-12T18:31:10.464+0000] {logging_mixin.py:137} INFO - sierreno
[2023-03-12T18:31:10.465+0000] {logging_mixin.py:137} INFO - 5883162
[2023-03-12T18:31:10.465+0000] {logging_mixin.py:137} INFO - 87
[2023-03-12T18:31:10.465+0000] {logging_mixin.py:137} INFO - 0elWFr7TW8piilVRYJUe4P
[2023-03-12T18:31:10.466+0000] {logging_mixin.py:137} INFO - ****************
[2023-03-12T18:31:10.554+0000] {logging_mixin.py:137} INFO - bedroom pop
[2023-03-12T18:31:10.554+0000] {logging_mixin.py:137} INFO - 793823
[2023-03-12T18:31:10.554+0000] {logging_mixin.py:137} INFO - 84
[2023-03-12T18:31:10.555+0000] {logging_mixin.py:137} INFO - 5y8tKLUfMvliMe8IKamR32
[2023-03-12T18:31:10.555+0000] {logging_mixin.py:137} INFO - ****************
[2023-03-12T18:31:10.643+0000] {logging_mixin.py:137} INFO - new jersey rap
[2023-03-12T18:31:10.643+0000] {logging_mixin.py:137} INFO - 438893
[2023-03-12T18:31:10.644+0000] {logging_mixin.py:137} INFO - 82
[2023-03-12T18:31:10.644+0000] {logging_mixin.py:137} INFO - 12Zk1DFhCbHY6v3xep2ZjI
[2023-03-12T18:31:10.645+0000] {logging_mixin.py:137} INFO - ****************
[2023-03-12T18:31:10.749+0000] {logging_mixin.py:137} INFO - dance pop
[2023-03-12T18:31:10.750+0000] {logging_mixin.py:137} INFO - pop
[2023-03-12T18:31:10.750+0000] {logging_mixin.py:137} INFO - uk contemporary r&b
[2023-03-12T18:31:10.750+0000] {logging_mixin.py:137} INFO - 780079
[2023-03-12T18:31:10.751+0000] {logging_mixin.py:137} INFO - 84
[2023-03-12T18:31:10.751+0000] {logging_mixin.py:137} INFO - 5KKpBU5eC2tJDzf0wmlRp2
[2023-03-12T18:31:10.752+0000] {logging_mixin.py:137} INFO - ****************
[2023-03-12T18:31:10.838+0000] {logging_mixin.py:137} INFO - reggaeton
[2023-03-12T18:31:10.838+0000] {logging_mixin.py:137} INFO - trap latino
[2023-03-12T18:31:10.839+0000] {logging_mixin.py:137} INFO - urbano latino
[2023-03-12T18:31:10.839+0000] {logging_mixin.py:137} INFO - 65847825
[2023-03-12T18:31:10.839+0000] {logging_mixin.py:137} INFO - 100
[2023-03-12T18:31:10.840+0000] {logging_mixin.py:137} INFO - 4q3ewBCX7sLwd24euuV69X
[2023-03-12T18:31:10.840+0000] {logging_mixin.py:137} INFO - ****************
[2023-03-12T18:31:10.938+0000] {logging_mixin.py:137} INFO - alternative hip hop
[2023-03-12T18:31:10.939+0000] {logging_mixin.py:137} INFO - 10149249
[2023-03-12T18:31:10.939+0000] {logging_mixin.py:137} INFO - 86
[2023-03-12T18:31:10.940+0000] {logging_mixin.py:137} INFO - 3AA28KZvwAUcZuOKwyblJQ
[2023-03-12T18:31:10.940+0000] {logging_mixin.py:137} INFO - ****************
[2023-03-12T18:31:11.040+0000] {logging_mixin.py:137} INFO - pop
[2023-03-12T18:31:11.041+0000] {logging_mixin.py:137} INFO - 69442355
[2023-03-12T18:31:11.041+0000] {logging_mixin.py:137} INFO - 99
[2023-03-12T18:31:11.041+0000] {logging_mixin.py:137} INFO - 06HL4z0CvFAxyc27GXpf02
[2023-03-12T18:31:11.042+0000] {logging_mixin.py:137} INFO - ****************
[2023-03-12T18:31:11.134+0000] {logging_mixin.py:137} INFO - canadian contemporary r&b
[2023-03-12T18:31:11.135+0000] {logging_mixin.py:137} INFO - canadian pop
[2023-03-12T18:31:11.135+0000] {logging_mixin.py:137} INFO - pop
[2023-03-12T18:31:11.136+0000] {logging_mixin.py:137} INFO - 60416488
[2023-03-12T18:31:11.136+0000] {logging_mixin.py:137} INFO - 99
[2023-03-12T18:31:11.136+0000] {logging_mixin.py:137} INFO - 1Xyo4u8uXC1ZmMpatF05PJ
[2023-03-12T18:31:11.137+0000] {logging_mixin.py:137} INFO - ****************
[2023-03-12T18:31:11.246+0000] {logging_mixin.py:137} INFO - contemporary country
[2023-03-12T18:31:11.246+0000] {logging_mixin.py:137} INFO - 5184996
[2023-03-12T18:31:11.247+0000] {logging_mixin.py:137} INFO - 94
[2023-03-12T18:31:11.247+0000] {logging_mixin.py:137} INFO - 4oUHIQIBe0LHzYfvXNW4QM
[2023-03-12T18:31:11.248+0000] {logging_mixin.py:137} INFO - ****************
[2023-03-12T18:31:11.369+0000] {logging_mixin.py:137} INFO - colombian pop
[2023-03-12T18:31:11.370+0000] {logging_mixin.py:137} INFO - pop reggaeton
[2023-03-12T18:31:11.370+0000] {logging_mixin.py:137} INFO - reggaeton colombiano
[2023-03-12T18:31:11.371+0000] {logging_mixin.py:137} INFO - urbano latino
[2023-03-12T18:31:11.371+0000] {logging_mixin.py:137} INFO - 4022617
[2023-03-12T18:31:11.371+0000] {logging_mixin.py:137} INFO - 94
[2023-03-12T18:31:11.372+0000] {logging_mixin.py:137} INFO - 2LRoIwlKmHjgvigdNGBHNo
[2023-03-12T18:31:11.372+0000] {logging_mixin.py:137} INFO - ****************
[2023-03-12T18:31:11.488+0000] {logging_mixin.py:137} INFO - puerto rican pop
[2023-03-12T18:31:11.489+0000] {logging_mixin.py:137} INFO - reggaeton
[2023-03-12T18:31:11.490+0000] {logging_mixin.py:137} INFO - trap latino
[2023-03-12T18:31:11.490+0000] {logging_mixin.py:137} INFO - urbano latino
[2023-03-12T18:31:11.491+0000] {logging_mixin.py:137} INFO - 35904431
[2023-03-12T18:31:11.491+0000] {logging_mixin.py:137} INFO - 91
[2023-03-12T18:31:11.492+0000] {logging_mixin.py:137} INFO - 1i8SpTcr7yvPOmcqrbnVXY
[2023-03-12T18:31:11.492+0000] {logging_mixin.py:137} INFO - ****************
[2023-03-12T18:31:11.858+0000] {logging_mixin.py:137} INFO - pop
[2023-03-12T18:31:11.860+0000] {logging_mixin.py:137} INFO - 19968196
[2023-03-12T18:31:11.861+0000] {logging_mixin.py:137} INFO - 92
[2023-03-12T18:31:11.862+0000] {logging_mixin.py:137} INFO - 5YGY8feqx7naU7z4HrwZM6
[2023-03-12T18:31:11.863+0000] {logging_mixin.py:137} INFO - ****************
[2023-03-12T18:31:11.977+0000] {logging_mixin.py:137} INFO - 1663
[2023-03-12T18:31:11.979+0000] {logging_mixin.py:137} INFO - 69
[2023-03-12T18:31:11.981+0000] {logging_mixin.py:137} INFO - 4yEIQ0lJDgUEfsuYx3Gsmr
[2023-03-12T18:31:11.982+0000] {logging_mixin.py:137} INFO - ****************
[2023-03-12T18:31:12.086+0000] {logging_mixin.py:137} INFO - latin hip hop
[2023-03-12T18:31:12.087+0000] {logging_mixin.py:137} INFO - mexican hip hop
[2023-03-12T18:31:12.088+0000] {logging_mixin.py:137} INFO - 13560883
[2023-03-12T18:31:12.088+0000] {logging_mixin.py:137} INFO - 83
[2023-03-12T18:31:12.089+0000] {logging_mixin.py:137} INFO - 07PdYoE4jVRF6Ut40GgVSP
[2023-03-12T18:31:12.090+0000] {logging_mixin.py:137} INFO - ****************
[2023-03-12T18:31:12.216+0000] {logging_mixin.py:137} INFO - dance pop
[2023-03-12T18:31:12.217+0000] {logging_mixin.py:137} INFO - edm
[2023-03-12T18:31:12.217+0000] {logging_mixin.py:137} INFO - pop
[2023-03-12T18:31:12.218+0000] {logging_mixin.py:137} INFO - post-teen pop
[2023-03-12T18:31:12.219+0000] {logging_mixin.py:137} INFO - 8036218
[2023-03-12T18:31:12.220+0000] {logging_mixin.py:137} INFO - 85
[2023-03-12T18:31:12.221+0000] {logging_mixin.py:137} INFO - 64M6ah0SkkRsnPGtGiRAbb
[2023-03-12T18:31:12.221+0000] {logging_mixin.py:137} INFO - ****************
[2023-03-12T18:31:12.334+0000] {logging_mixin.py:137} INFO - big room
[2023-03-12T18:31:12.335+0000] {logging_mixin.py:137} INFO - dance pop
[2023-03-12T18:31:12.336+0000] {logging_mixin.py:137} INFO - edm
[2023-03-12T18:31:12.337+0000] {logging_mixin.py:137} INFO - pop
[2023-03-12T18:31:12.338+0000] {logging_mixin.py:137} INFO - pop dance
[2023-03-12T18:31:12.338+0000] {logging_mixin.py:137} INFO - 25655145
[2023-03-12T18:31:12.339+0000] {logging_mixin.py:137} INFO - 91
[2023-03-12T18:31:12.340+0000] {logging_mixin.py:137} INFO - 1Cs0zKBU1kc0i8ypK3B9ai
[2023-03-12T18:31:12.341+0000] {logging_mixin.py:137} INFO - ****************
[2023-03-12T18:31:12.446+0000] {logging_mixin.py:137} INFO - dance pop
[2023-03-12T18:31:12.448+0000] {logging_mixin.py:137} INFO - electropop
[2023-03-12T18:31:12.449+0000] {logging_mixin.py:137} INFO - pop
[2023-03-12T18:31:12.450+0000] {logging_mixin.py:137} INFO - post-teen pop
[2023-03-12T18:31:12.451+0000] {logging_mixin.py:137} INFO - transpop
[2023-03-12T18:31:12.452+0000] {logging_mixin.py:137} INFO - 867695
[2023-03-12T18:31:12.453+0000] {logging_mixin.py:137} INFO - 83
[2023-03-12T18:31:12.453+0000] {logging_mixin.py:137} INFO - 3Xt3RrJMFv5SZkCfUE8C1J
[2023-03-12T18:31:12.454+0000] {logging_mixin.py:137} INFO - ****************
[2023-03-12T18:31:12.561+0000] {logging_mixin.py:137} INFO - pop
[2023-03-12T18:31:12.563+0000] {logging_mixin.py:137} INFO - uk pop
[2023-03-12T18:31:12.564+0000] {logging_mixin.py:137} INFO - 22028633
[2023-03-12T18:31:12.565+0000] {logging_mixin.py:137} INFO - 90
[2023-03-12T18:31:12.566+0000] {logging_mixin.py:137} INFO - 2wY79sveU1sp5g7SokKOiI
[2023-03-12T18:31:12.566+0000] {logging_mixin.py:137} INFO - ****************
[2023-03-12T18:31:12.668+0000] {logging_mixin.py:137} INFO - colombian pop
[2023-03-12T18:31:12.671+0000] {logging_mixin.py:137} INFO - latin pop
[2023-03-12T18:31:12.672+0000] {logging_mixin.py:137} INFO - reggaeton
[2023-03-12T18:31:12.673+0000] {logging_mixin.py:137} INFO - reggaeton colombiano
[2023-03-12T18:31:12.674+0000] {logging_mixin.py:137} INFO - urbano latino
[2023-03-12T18:31:12.675+0000] {logging_mixin.py:137} INFO - 11667856
[2023-03-12T18:31:12.677+0000] {logging_mixin.py:137} INFO - 86
[2023-03-12T18:31:12.678+0000] {logging_mixin.py:137} INFO - 0tmwSHipWxN12fsoLcFU3B
[2023-03-12T18:31:12.679+0000] {logging_mixin.py:137} INFO - ****************
[2023-03-12T18:31:12.796+0000] {logging_mixin.py:137} INFO - dance pop
[2023-03-12T18:31:12.797+0000] {logging_mixin.py:137} INFO - pop
[2023-03-12T18:31:12.798+0000] {logging_mixin.py:137} INFO - post-teen pop
[2023-03-12T18:31:12.799+0000] {logging_mixin.py:137} INFO - 40699800
[2023-03-12T18:31:12.800+0000] {logging_mixin.py:137} INFO - 88
[2023-03-12T18:31:12.801+0000] {logging_mixin.py:137} INFO - 0C8ZW7ezQVs4URX5aX7Kqx
[2023-03-12T18:31:12.801+0000] {logging_mixin.py:137} INFO - ****************
[2023-03-12T18:31:12.905+0000] {logging_mixin.py:137} INFO - nigerian pop
[2023-03-12T18:31:12.906+0000] {logging_mixin.py:137} INFO - 1975794
[2023-03-12T18:31:12.907+0000] {logging_mixin.py:137} INFO - 84
[2023-03-12T18:31:12.908+0000] {logging_mixin.py:137} INFO - 46pWGuE3dSwY3bMMXGBvVS
[2023-03-12T18:31:12.910+0000] {logging_mixin.py:137} INFO - ****************
[2023-03-12T18:31:13.026+0000] {logging_mixin.py:137} INFO - atl hip hop
[2023-03-12T18:31:13.028+0000] {logging_mixin.py:137} INFO - rap
[2023-03-12T18:31:13.030+0000] {logging_mixin.py:137} INFO - 13028532
[2023-03-12T18:31:13.031+0000] {logging_mixin.py:137} INFO - 94
[2023-03-12T18:31:13.032+0000] {logging_mixin.py:137} INFO - 1URnnhqYAYcrqrcwql10ft
[2023-03-12T18:31:13.033+0000] {logging_mixin.py:137} INFO - ****************
[2023-03-12T18:31:13.139+0000] {logging_mixin.py:137} INFO - canadian contemporary r&b
[2023-03-12T18:31:13.140+0000] {logging_mixin.py:137} INFO - canadian pop
[2023-03-12T18:31:13.141+0000] {logging_mixin.py:137} INFO - pop
[2023-03-12T18:31:13.142+0000] {logging_mixin.py:137} INFO - 60416488
[2023-03-12T18:31:13.142+0000] {logging_mixin.py:137} INFO - 99
[2023-03-12T18:31:13.142+0000] {logging_mixin.py:137} INFO - 1Xyo4u8uXC1ZmMpatF05PJ
[2023-03-12T18:31:13.143+0000] {logging_mixin.py:137} INFO - ****************
[2023-03-12T18:31:13.247+0000] {logging_mixin.py:137} INFO - rap
[2023-03-12T18:31:13.247+0000] {logging_mixin.py:137} INFO - 3849689
[2023-03-12T18:31:13.248+0000] {logging_mixin.py:137} INFO - 92
[2023-03-12T18:31:13.248+0000] {logging_mixin.py:137} INFO - 0iEtIxbK0KxaSlF7G42ZOp
[2023-03-12T18:31:13.249+0000] {logging_mixin.py:137} INFO - ****************
[2023-03-12T18:31:13.362+0000] {logging_mixin.py:137} INFO - colombian pop
[2023-03-12T18:31:13.363+0000] {logging_mixin.py:137} INFO - pop reggaeton
[2023-03-12T18:31:13.364+0000] {logging_mixin.py:137} INFO - reggaeton colombiano
[2023-03-12T18:31:13.364+0000] {logging_mixin.py:137} INFO - urbano latino
[2023-03-12T18:31:13.364+0000] {logging_mixin.py:137} INFO - 4022617
[2023-03-12T18:31:13.365+0000] {logging_mixin.py:137} INFO - 94
[2023-03-12T18:31:13.365+0000] {logging_mixin.py:137} INFO - 2LRoIwlKmHjgvigdNGBHNo
[2023-03-12T18:31:13.366+0000] {logging_mixin.py:137} INFO - ****************
[2023-03-12T18:31:13.479+0000] {logging_mixin.py:137} INFO - latin hip hop
[2023-03-12T18:31:13.479+0000] {logging_mixin.py:137} INFO - reggaeton
[2023-03-12T18:31:13.480+0000] {logging_mixin.py:137} INFO - urbano latino
[2023-03-12T18:31:13.480+0000] {logging_mixin.py:137} INFO - 6696016
[2023-03-12T18:31:13.481+0000] {logging_mixin.py:137} INFO - 84
[2023-03-12T18:31:13.482+0000] {logging_mixin.py:137} INFO - 0eHQ9o50hj6ZDNBt6Ys1sD
[2023-03-12T18:31:13.482+0000] {logging_mixin.py:137} INFO - ****************
[2023-03-12T18:31:13.573+0000] {logging_mixin.py:137} INFO - pop
[2023-03-12T18:31:13.574+0000] {logging_mixin.py:137} INFO - 26465845
[2023-03-12T18:31:13.574+0000] {logging_mixin.py:137} INFO - 92
[2023-03-12T18:31:13.575+0000] {logging_mixin.py:137} INFO - 6KImCVD70vtIoJWnq6nGn3
[2023-03-12T18:31:13.575+0000] {logging_mixin.py:137} INFO - ****************
[2023-03-12T18:31:13.669+0000] {logging_mixin.py:137} INFO - colombian pop
[2023-03-12T18:31:13.670+0000] {logging_mixin.py:137} INFO - dance pop
[2023-03-12T18:31:13.670+0000] {logging_mixin.py:137} INFO - latin pop
[2023-03-12T18:31:13.671+0000] {logging_mixin.py:137} INFO - 27621571
[2023-03-12T18:31:13.672+0000] {logging_mixin.py:137} INFO - 94
[2023-03-12T18:31:13.673+0000] {logging_mixin.py:137} INFO - 0EmeFodog0BfCgMzAIvKQp
[2023-03-12T18:31:13.674+0000] {logging_mixin.py:137} INFO - ****************
[2023-03-12T18:31:13.764+0000] {logging_mixin.py:137} INFO - argentine hip hop
[2023-03-12T18:31:13.765+0000] {logging_mixin.py:137} INFO - pop venezolano
[2023-03-12T18:31:13.766+0000] {logging_mixin.py:137} INFO - trap argentino
[2023-03-12T18:31:13.767+0000] {logging_mixin.py:137} INFO - trap latino
[2023-03-12T18:31:13.767+0000] {logging_mixin.py:137} INFO - urbano latino
[2023-03-12T18:31:13.768+0000] {logging_mixin.py:137} INFO - 9605508
[2023-03-12T18:31:13.769+0000] {logging_mixin.py:137} INFO - 89
[2023-03-12T18:31:13.769+0000] {logging_mixin.py:137} INFO - 716NhGYqD1jl2wI1Qkgq36
[2023-03-12T18:31:13.773+0000] {logging_mixin.py:137} INFO - ****************
[2023-03-12T18:31:13.870+0000] {logging_mixin.py:137} INFO - 750674
[2023-03-12T18:31:13.871+0000] {logging_mixin.py:137} INFO - 85
[2023-03-12T18:31:13.872+0000] {logging_mixin.py:137} INFO - 3LZZPxNDGDFVSIPqf4JuEf
[2023-03-12T18:31:13.872+0000] {logging_mixin.py:137} INFO - ****************
[2023-03-12T18:31:13.978+0000] {logging_mixin.py:137} INFO - 1829059
[2023-03-12T18:31:13.979+0000] {logging_mixin.py:137} INFO - 86
[2023-03-12T18:31:13.979+0000] {logging_mixin.py:137} INFO - 78rUTD7y6Cy67W1RVzYs7t
[2023-03-12T18:31:13.980+0000] {logging_mixin.py:137} INFO - ****************
[2023-03-12T18:31:14.079+0000] {logging_mixin.py:137} INFO - pop
[2023-03-12T18:31:14.080+0000] {logging_mixin.py:137} INFO - r&b
[2023-03-12T18:31:14.081+0000] {logging_mixin.py:137} INFO - 11229481
[2023-03-12T18:31:14.082+0000] {logging_mixin.py:137} INFO - 95
[2023-03-12T18:31:14.083+0000] {logging_mixin.py:137} INFO - 7tYKF4w9nC0nq9CsPZTHyP
[2023-03-12T18:31:14.084+0000] {logging_mixin.py:137} INFO - ****************
[2023-03-12T18:31:14.195+0000] {logging_mixin.py:137} INFO - dance pop
[2023-03-12T18:31:14.196+0000] {logging_mixin.py:137} INFO - pop
[2023-03-12T18:31:14.197+0000] {logging_mixin.py:137} INFO - 88538121
[2023-03-12T18:31:14.198+0000] {logging_mixin.py:137} INFO - 93
[2023-03-12T18:31:14.199+0000] {logging_mixin.py:137} INFO - 66CXWjxzNUsdJxJ2JdwvnR
[2023-03-12T18:31:14.200+0000] {logging_mixin.py:137} INFO - ****************
[2023-03-12T18:31:14.306+0000] {logging_mixin.py:137} INFO - canadian contemporary r&b
[2023-03-12T18:31:14.309+0000] {logging_mixin.py:137} INFO - canadian pop
[2023-03-12T18:31:14.312+0000] {logging_mixin.py:137} INFO - pop
[2023-03-12T18:31:14.317+0000] {logging_mixin.py:137} INFO - 60416488
[2023-03-12T18:31:14.319+0000] {logging_mixin.py:137} INFO - 99
[2023-03-12T18:31:14.319+0000] {logging_mixin.py:137} INFO - 1Xyo4u8uXC1ZmMpatF05PJ
[2023-03-12T18:31:14.321+0000] {logging_mixin.py:137} INFO - ****************
[2023-03-12T18:31:14.437+0000] {logging_mixin.py:137} INFO - colombian pop
[2023-03-12T18:31:14.438+0000] {logging_mixin.py:137} INFO - dance pop
[2023-03-12T18:31:14.439+0000] {logging_mixin.py:137} INFO - latin pop
[2023-03-12T18:31:14.440+0000] {logging_mixin.py:137} INFO - 27621571
[2023-03-12T18:31:14.441+0000] {logging_mixin.py:137} INFO - 94
[2023-03-12T18:31:14.442+0000] {logging_mixin.py:137} INFO - 0EmeFodog0BfCgMzAIvKQp
[2023-03-12T18:31:14.443+0000] {logging_mixin.py:137} INFO - ****************
[2023-03-12T18:31:14.532+0000] {logging_mixin.py:137} INFO - reggaeton
[2023-03-12T18:31:14.532+0000] {logging_mixin.py:137} INFO - reggaeton colombiano
[2023-03-12T18:31:14.533+0000] {logging_mixin.py:137} INFO - urbano latino
[2023-03-12T18:31:14.533+0000] {logging_mixin.py:137} INFO - 33066530
[2023-03-12T18:31:14.534+0000] {logging_mixin.py:137} INFO - 94
[2023-03-12T18:31:14.534+0000] {logging_mixin.py:137} INFO - 790FomKkXshlbRYZFtlgla
[2023-03-12T18:31:14.534+0000] {logging_mixin.py:137} INFO - ****************
[2023-03-12T18:31:14.628+0000] {logging_mixin.py:137} INFO - pop
[2023-03-12T18:31:14.628+0000] {logging_mixin.py:137} INFO - 19968196
[2023-03-12T18:31:14.629+0000] {logging_mixin.py:137} INFO - 92
[2023-03-12T18:31:14.629+0000] {logging_mixin.py:137} INFO - 5YGY8feqx7naU7z4HrwZM6
[2023-03-12T18:31:14.630+0000] {logging_mixin.py:137} INFO - ****************
[2023-03-12T18:31:14.631+0000] {python.py:177} INFO - Done. Returned value was: None
[2023-03-12T18:31:14.640+0000] {taskinstance.py:1323} INFO - Marking task as SUCCESS. dag_id=Spotify_Data_ETL, task_id=GetArtistInfo, execution_date=20230312T175823, start_date=20230312T183105, end_date=20230312T183114
[2023-03-12T18:31:14.666+0000] {local_task_job.py:208} INFO - Task exited with return code 0
[2023-03-12T18:31:14.677+0000] {taskinstance.py:2578} INFO - 0 downstream tasks scheduled from follow-on schedule check
