[2023-03-12T17:58:28.701+0000] {taskinstance.py:1083} INFO - Dependencies all met for <TaskInstance: Spotify_Data_ETL.GetArtistInfo manual__2023-03-12T17:58:23.665842+00:00 [queued]>
[2023-03-12T17:58:28.707+0000] {taskinstance.py:1083} INFO - Dependencies all met for <TaskInstance: Spotify_Data_ETL.GetArtistInfo manual__2023-03-12T17:58:23.665842+00:00 [queued]>
[2023-03-12T17:58:28.708+0000] {taskinstance.py:1279} INFO - 
--------------------------------------------------------------------------------
[2023-03-12T17:58:28.708+0000] {taskinstance.py:1280} INFO - Starting attempt 1 of 3
[2023-03-12T17:58:28.708+0000] {taskinstance.py:1281} INFO - 
--------------------------------------------------------------------------------
[2023-03-12T17:58:28.716+0000] {taskinstance.py:1300} INFO - Executing <Task(PythonOperator): GetArtistInfo> on 2023-03-12 17:58:23.665842+00:00
[2023-03-12T17:58:28.720+0000] {standard_task_runner.py:55} INFO - Started process 753 to run task
[2023-03-12T17:58:28.723+0000] {standard_task_runner.py:82} INFO - Running: ['***', 'tasks', 'run', 'Spotify_Data_ETL', 'GetArtistInfo', 'manual__2023-03-12T17:58:23.665842+00:00', '--job-id', '50', '--raw', '--subdir', 'DAGS_FOLDER/spotifydag.py', '--cfg-path', '/tmp/tmpw0mp7eb_']
[2023-03-12T17:58:28.724+0000] {standard_task_runner.py:83} INFO - Job 50: Subtask GetArtistInfo
[2023-03-12T17:58:28.783+0000] {task_command.py:388} INFO - Running <TaskInstance: Spotify_Data_ETL.GetArtistInfo manual__2023-03-12T17:58:23.665842+00:00 [running]> on host 7a5ad222a4d0
[2023-03-12T17:58:28.832+0000] {taskinstance.py:1509} INFO - Exporting the following env vars:
AIRFLOW_CTX_DAG_OWNER=Ananta Moharana
AIRFLOW_CTX_DAG_ID=Spotify_Data_ETL
AIRFLOW_CTX_TASK_ID=GetArtistInfo
AIRFLOW_CTX_EXECUTION_DATE=2023-03-12T17:58:23.665842+00:00
AIRFLOW_CTX_TRY_NUMBER=1
AIRFLOW_CTX_DAG_RUN_ID=manual__2023-03-12T17:58:23.665842+00:00
[2023-03-12T17:58:28.844+0000] {taskinstance.py:1768} ERROR - Task failed with exception
Traceback (most recent call last):
  File "/home/airflow/.local/lib/python3.7/site-packages/airflow/operators/python.py", line 175, in execute
    return_value = self.execute_callable()
  File "/home/airflow/.local/lib/python3.7/site-packages/airflow/operators/python.py", line 192, in execute_callable
    return self.python_callable(*self.op_args, **self.op_kwargs)
  File "/opt/airflow/dags/src/extract.py", line 87, in get_artist_info
    id_list=songs_df['artist_id'].tolist()
TypeError: string indices must be integers
[2023-03-12T17:58:28.851+0000] {taskinstance.py:1323} INFO - Marking task as UP_FOR_RETRY. dag_id=Spotify_Data_ETL, task_id=GetArtistInfo, execution_date=20230312T175823, start_date=20230312T175828, end_date=20230312T175828
[2023-03-12T17:58:28.858+0000] {standard_task_runner.py:105} ERROR - Failed to execute job 50 for task GetArtistInfo (string indices must be integers; 753)
[2023-03-12T17:58:28.894+0000] {local_task_job.py:208} INFO - Task exited with return code 1
[2023-03-12T17:58:28.908+0000] {taskinstance.py:2578} INFO - 0 downstream tasks scheduled from follow-on schedule check
