[2023-03-18T04:14:28.643+0000] {taskinstance.py:1083} INFO - Dependencies all met for <TaskInstance: Spotify_Data_ETL.TransformData manual__2023-03-18T03:59:25.819409+00:00 [queued]>
[2023-03-18T04:14:28.648+0000] {taskinstance.py:1083} INFO - Dependencies all met for <TaskInstance: Spotify_Data_ETL.TransformData manual__2023-03-18T03:59:25.819409+00:00 [queued]>
[2023-03-18T04:14:28.648+0000] {taskinstance.py:1279} INFO - 
--------------------------------------------------------------------------------
[2023-03-18T04:14:28.649+0000] {taskinstance.py:1280} INFO - Starting attempt 5 of 7
[2023-03-18T04:14:28.649+0000] {taskinstance.py:1281} INFO - 
--------------------------------------------------------------------------------
[2023-03-18T04:14:28.655+0000] {taskinstance.py:1300} INFO - Executing <Task(PythonOperator): TransformData> on 2023-03-18 03:59:25.819409+00:00
[2023-03-18T04:14:28.660+0000] {standard_task_runner.py:55} INFO - Started process 1581 to run task
[2023-03-18T04:14:28.663+0000] {standard_task_runner.py:82} INFO - Running: ['***', 'tasks', 'run', 'Spotify_Data_ETL', 'TransformData', 'manual__2023-03-18T03:59:25.819409+00:00', '--job-id', '1444', '--raw', '--subdir', 'DAGS_FOLDER/spotifydag.py', '--cfg-path', '/tmp/tmpk91xpnez']
[2023-03-18T04:14:28.664+0000] {standard_task_runner.py:83} INFO - Job 1444: Subtask TransformData
[2023-03-18T04:14:28.705+0000] {task_command.py:388} INFO - Running <TaskInstance: Spotify_Data_ETL.TransformData manual__2023-03-18T03:59:25.819409+00:00 [running]> on host d7c7ac56d661
[2023-03-18T04:14:28.743+0000] {taskinstance.py:1509} INFO - Exporting the following env vars:
AIRFLOW_CTX_DAG_OWNER=Ananta Moharana
AIRFLOW_CTX_DAG_ID=Spotify_Data_ETL
AIRFLOW_CTX_TASK_ID=TransformData
AIRFLOW_CTX_EXECUTION_DATE=2023-03-18T03:59:25.819409+00:00
AIRFLOW_CTX_TRY_NUMBER=5
AIRFLOW_CTX_DAG_RUN_ID=manual__2023-03-18T03:59:25.819409+00:00
[2023-03-18T04:14:28.778+0000] {warnings.py:110} WARNING - /opt/***/dags/src/transform.py:29: SettingWithCopyWarning: 
A value is trying to be set on a copy of a slice from a DataFrame.
Try using .loc[row_indexer,col_indexer] = value instead

See the caveats in the documentation: https://pandas.pydata.org/pandas-docs/stable/user_guide/indexing.html#returning-a-view-versus-a-copy
  song_fact['date']=today

[2023-03-18T04:14:28.779+0000] {warnings.py:110} WARNING - /home/***/.local/lib/python3.7/site-packages/pandas/util/_decorators.py:311: SettingWithCopyWarning: 
A value is trying to be set on a copy of a slice from a DataFrame

See the caveats in the documentation: https://pandas.pydata.org/pandas-docs/stable/user_guide/indexing.html#returning-a-view-versus-a-copy
  return func(*args, **kwargs)

[2023-03-18T04:14:28.820+0000] {python.py:177} INFO - Done. Returned value was: None
[2023-03-18T04:14:28.827+0000] {taskinstance.py:1323} INFO - Marking task as SUCCESS. dag_id=Spotify_Data_ETL, task_id=TransformData, execution_date=20230318T035925, start_date=20230318T041428, end_date=20230318T041428
[2023-03-18T04:14:28.877+0000] {local_task_job.py:208} INFO - Task exited with return code 0
[2023-03-18T04:14:28.897+0000] {taskinstance.py:2578} INFO - 5 downstream tasks scheduled from follow-on schedule check
