[2023-03-15T19:42:38.872+0000] {taskinstance.py:1083} INFO - Dependencies all met for <TaskInstance: Spotify_Data_ETL.ArtistDimesnionToS3 manual__2023-03-14T22:41:08.560415+00:00 [queued]>
[2023-03-15T19:42:38.908+0000] {taskinstance.py:1083} INFO - Dependencies all met for <TaskInstance: Spotify_Data_ETL.ArtistDimesnionToS3 manual__2023-03-14T22:41:08.560415+00:00 [queued]>
[2023-03-15T19:42:38.909+0000] {taskinstance.py:1279} INFO - 
--------------------------------------------------------------------------------
[2023-03-15T19:42:38.909+0000] {taskinstance.py:1280} INFO - Starting attempt 6 of 8
[2023-03-15T19:42:38.910+0000] {taskinstance.py:1281} INFO - 
--------------------------------------------------------------------------------
[2023-03-15T19:42:38.963+0000] {taskinstance.py:1300} INFO - Executing <Task(PythonOperator): ArtistDimesnionToS3> on 2023-03-14 22:41:08.560415+00:00
[2023-03-15T19:42:38.989+0000] {standard_task_runner.py:55} INFO - Started process 2399 to run task
[2023-03-15T19:42:39.035+0000] {standard_task_runner.py:82} INFO - Running: ['***', 'tasks', 'run', 'Spotify_Data_ETL', 'ArtistDimesnionToS3', 'manual__2023-03-14T22:41:08.560415+00:00', '--job-id', '715', '--raw', '--subdir', 'DAGS_FOLDER/spotifydag.py', '--cfg-path', '/tmp/tmpq_ur9gck']
[2023-03-15T19:42:39.037+0000] {standard_task_runner.py:83} INFO - Job 715: Subtask ArtistDimesnionToS3
[2023-03-15T19:42:39.187+0000] {task_command.py:388} INFO - Running <TaskInstance: Spotify_Data_ETL.ArtistDimesnionToS3 manual__2023-03-14T22:41:08.560415+00:00 [running]> on host af46459234d2
[2023-03-15T19:42:40.033+0000] {taskinstance.py:1509} INFO - Exporting the following env vars:
AIRFLOW_CTX_DAG_OWNER=Ananta Moharana
AIRFLOW_CTX_DAG_ID=Spotify_Data_ETL
AIRFLOW_CTX_TASK_ID=ArtistDimesnionToS3
AIRFLOW_CTX_EXECUTION_DATE=2023-03-14T22:41:08.560415+00:00
AIRFLOW_CTX_TRY_NUMBER=6
AIRFLOW_CTX_DAG_RUN_ID=manual__2023-03-14T22:41:08.560415+00:00
[2023-03-15T19:42:40.059+0000] {base.py:73} INFO - Using connection ID 'aws_connection' for task execution.
[2023-03-15T19:42:40.060+0000] {connection_wrapper.py:334} INFO - AWS Connection (conn_id='aws_connection', conn_type='aws') credentials retrieved from login and password.
[2023-03-15T19:42:40.845+0000] {python.py:177} INFO - Done. Returned value was: None
[2023-03-15T19:42:40.856+0000] {taskinstance.py:1323} INFO - Marking task as SUCCESS. dag_id=Spotify_Data_ETL, task_id=ArtistDimesnionToS3, execution_date=20230314T224108, start_date=20230315T194238, end_date=20230315T194240
[2023-03-15T19:42:40.934+0000] {local_task_job.py:208} INFO - Task exited with return code 0
[2023-03-15T19:42:41.013+0000] {taskinstance.py:2578} INFO - 1 downstream tasks scheduled from follow-on schedule check
