[2023-03-21T21:37:23.014+0000] {taskinstance.py:1084} INFO - Dependencies all met for dep_context=non-requeueable deps ti=<TaskInstance: Spotify_Data_ETL.GetAudioQuality manual__2023-03-21T21:37:18.113830+00:00 [queued]>
[2023-03-21T21:37:23.019+0000] {taskinstance.py:1084} INFO - Dependencies all met for dep_context=requeueable deps ti=<TaskInstance: Spotify_Data_ETL.GetAudioQuality manual__2023-03-21T21:37:18.113830+00:00 [queued]>
[2023-03-21T21:37:23.020+0000] {taskinstance.py:1282} INFO - 
--------------------------------------------------------------------------------
[2023-03-21T21:37:23.020+0000] {taskinstance.py:1283} INFO - Starting attempt 1 of 3
[2023-03-21T21:37:23.021+0000] {taskinstance.py:1284} INFO - 
--------------------------------------------------------------------------------
[2023-03-21T21:37:23.030+0000] {taskinstance.py:1303} INFO - Executing <Task(PythonOperator): GetAudioQuality> on 2023-03-21 21:37:18.113830+00:00
[2023-03-21T21:37:23.035+0000] {standard_task_runner.py:55} INFO - Started process 16568 to run task
[2023-03-21T21:37:23.040+0000] {standard_task_runner.py:82} INFO - Running: ['***', 'tasks', 'run', 'Spotify_Data_ETL', 'GetAudioQuality', 'manual__2023-03-21T21:37:18.113830+00:00', '--job-id', '2193', '--raw', '--subdir', 'DAGS_FOLDER/spotifydag.py', '--cfg-path', '/tmp/tmppnnn93xu']
[2023-03-21T21:37:23.041+0000] {standard_task_runner.py:83} INFO - Job 2193: Subtask GetAudioQuality
[2023-03-21T21:37:23.094+0000] {task_command.py:388} INFO - Running <TaskInstance: Spotify_Data_ETL.GetAudioQuality manual__2023-03-21T21:37:18.113830+00:00 [running]> on host 1fd7b08731f2
[2023-03-21T21:37:23.160+0000] {taskinstance.py:1511} INFO - Exporting the following env vars:
AIRFLOW_CTX_DAG_OWNER=Ananta Moharana
AIRFLOW_CTX_DAG_ID=Spotify_Data_ETL
AIRFLOW_CTX_TASK_ID=GetAudioQuality
AIRFLOW_CTX_EXECUTION_DATE=2023-03-21T21:37:18.113830+00:00
AIRFLOW_CTX_TRY_NUMBER=1
AIRFLOW_CTX_DAG_RUN_ID=manual__2023-03-21T21:37:18.113830+00:00
[2023-03-21T21:37:29.443+0000] {python.py:177} INFO - Done. Returned value was: None
[2023-03-21T21:37:29.451+0000] {taskinstance.py:1326} INFO - Marking task as SUCCESS. dag_id=Spotify_Data_ETL, task_id=GetAudioQuality, execution_date=20230321T213718, start_date=20230321T213723, end_date=20230321T213729
[2023-03-21T21:37:29.503+0000] {local_task_job.py:212} INFO - Task exited with return code 0
[2023-03-21T21:37:29.523+0000] {taskinstance.py:2585} INFO - 0 downstream tasks scheduled from follow-on schedule check
