[2023-03-11T23:24:19.153+0000] {taskinstance.py:1083} INFO - Dependencies all met for <TaskInstance: Spotify_Data_ETL.AuthenticateAPI manual__2023-03-11T23:22:05.182734+00:00 [queued]>
[2023-03-11T23:24:19.165+0000] {taskinstance.py:1083} INFO - Dependencies all met for <TaskInstance: Spotify_Data_ETL.AuthenticateAPI manual__2023-03-11T23:22:05.182734+00:00 [queued]>
[2023-03-11T23:24:19.166+0000] {taskinstance.py:1279} INFO - 
--------------------------------------------------------------------------------
[2023-03-11T23:24:19.166+0000] {taskinstance.py:1280} INFO - Starting attempt 2 of 4
[2023-03-11T23:24:19.166+0000] {taskinstance.py:1281} INFO - 
--------------------------------------------------------------------------------
[2023-03-11T23:24:19.173+0000] {taskinstance.py:1300} INFO - Executing <Task(PythonOperator): AuthenticateAPI> on 2023-03-11 23:22:05.182734+00:00
[2023-03-11T23:24:19.178+0000] {standard_task_runner.py:55} INFO - Started process 697 to run task
[2023-03-11T23:24:19.183+0000] {standard_task_runner.py:82} INFO - Running: ['***', 'tasks', 'run', 'Spotify_Data_ETL', 'AuthenticateAPI', 'manual__2023-03-11T23:22:05.182734+00:00', '--job-id', '27', '--raw', '--subdir', 'DAGS_FOLDER/spotifydag.py', '--cfg-path', '/tmp/tmpqk6k_89v']
[2023-03-11T23:24:19.184+0000] {standard_task_runner.py:83} INFO - Job 27: Subtask AuthenticateAPI
[2023-03-11T23:24:19.273+0000] {task_command.py:388} INFO - Running <TaskInstance: Spotify_Data_ETL.AuthenticateAPI manual__2023-03-11T23:22:05.182734+00:00 [running]> on host 4fa3b0adb91e
[2023-03-11T23:24:19.323+0000] {taskinstance.py:1509} INFO - Exporting the following env vars:
AIRFLOW_CTX_DAG_OWNER=Ananta Moharana
AIRFLOW_CTX_DAG_ID=Spotify_Data_ETL
AIRFLOW_CTX_TASK_ID=AuthenticateAPI
AIRFLOW_CTX_EXECUTION_DATE=2023-03-11T23:22:05.182734+00:00
AIRFLOW_CTX_TRY_NUMBER=2
AIRFLOW_CTX_DAG_RUN_ID=manual__2023-03-11T23:22:05.182734+00:00
[2023-03-11T23:24:19.428+0000] {logging_mixin.py:137} INFO - BQDJICOlCw1SVNe0wcY6Z-rJfcQ4SXxS0GgEQfmFtq8Va-YzIpsZ65ZqSirLRej4E-O7wdGL_3q4E2-lF_O-dkFz1rGcds7RKADaog7quDemX6-cOIcW
[2023-03-11T23:24:19.441+0000] {python.py:177} INFO - Done. Returned value was: None
[2023-03-11T23:24:19.450+0000] {taskinstance.py:1323} INFO - Marking task as SUCCESS. dag_id=Spotify_Data_ETL, task_id=AuthenticateAPI, execution_date=20230311T232205, start_date=20230311T232419, end_date=20230311T232419
[2023-03-11T23:24:19.476+0000] {local_task_job.py:208} INFO - Task exited with return code 0
[2023-03-11T23:24:19.494+0000] {taskinstance.py:2578} INFO - 1 downstream tasks scheduled from follow-on schedule check
