[2023-03-16T04:45:58.046+0000] {taskinstance.py:1083} INFO - Dependencies all met for <TaskInstance: Spotify_Data_ETL.GetAudioQuality manual__2023-03-16T04:25:58.412323+00:00 [queued]>
[2023-03-16T04:45:58.055+0000] {taskinstance.py:1083} INFO - Dependencies all met for <TaskInstance: Spotify_Data_ETL.GetAudioQuality manual__2023-03-16T04:25:58.412323+00:00 [queued]>
[2023-03-16T04:45:58.055+0000] {taskinstance.py:1279} INFO - 
--------------------------------------------------------------------------------
[2023-03-16T04:45:58.056+0000] {taskinstance.py:1280} INFO - Starting attempt 4 of 6
[2023-03-16T04:45:58.056+0000] {taskinstance.py:1281} INFO - 
--------------------------------------------------------------------------------
[2023-03-16T04:45:58.063+0000] {taskinstance.py:1300} INFO - Executing <Task(PythonOperator): GetAudioQuality> on 2023-03-16 04:25:58.412323+00:00
[2023-03-16T04:45:58.068+0000] {standard_task_runner.py:55} INFO - Started process 7079 to run task
[2023-03-16T04:45:58.072+0000] {standard_task_runner.py:82} INFO - Running: ['***', 'tasks', 'run', 'Spotify_Data_ETL', 'GetAudioQuality', 'manual__2023-03-16T04:25:58.412323+00:00', '--job-id', '1097', '--raw', '--subdir', 'DAGS_FOLDER/spotifydag.py', '--cfg-path', '/tmp/tmpkm65muww']
[2023-03-16T04:45:58.073+0000] {standard_task_runner.py:83} INFO - Job 1097: Subtask GetAudioQuality
[2023-03-16T04:45:58.128+0000] {task_command.py:388} INFO - Running <TaskInstance: Spotify_Data_ETL.GetAudioQuality manual__2023-03-16T04:25:58.412323+00:00 [running]> on host 18c42e4ef76b
[2023-03-16T04:45:58.406+0000] {taskinstance.py:1509} INFO - Exporting the following env vars:
AIRFLOW_CTX_DAG_OWNER=Ananta Moharana
AIRFLOW_CTX_DAG_ID=Spotify_Data_ETL
AIRFLOW_CTX_TASK_ID=GetAudioQuality
AIRFLOW_CTX_EXECUTION_DATE=2023-03-16T04:25:58.412323+00:00
AIRFLOW_CTX_TRY_NUMBER=4
AIRFLOW_CTX_DAG_RUN_ID=manual__2023-03-16T04:25:58.412323+00:00
[2023-03-16T04:46:25.454+0000] {python.py:177} INFO - Done. Returned value was: None
[2023-03-16T04:46:25.465+0000] {taskinstance.py:1323} INFO - Marking task as SUCCESS. dag_id=Spotify_Data_ETL, task_id=GetAudioQuality, execution_date=20230316T042558, start_date=20230316T044558, end_date=20230316T044625
[2023-03-16T04:46:25.506+0000] {local_task_job.py:208} INFO - Task exited with return code 0
[2023-03-16T04:46:25.525+0000] {taskinstance.py:2578} INFO - 0 downstream tasks scheduled from follow-on schedule check
