[2023-03-18T04:12:33.843+0000] {taskinstance.py:1083} INFO - Dependencies all met for <TaskInstance: Spotify_Data_ETL.JsonToCSV manual__2023-03-18T03:59:25.819409+00:00 [queued]>
[2023-03-18T04:12:33.848+0000] {taskinstance.py:1083} INFO - Dependencies all met for <TaskInstance: Spotify_Data_ETL.JsonToCSV manual__2023-03-18T03:59:25.819409+00:00 [queued]>
[2023-03-18T04:12:33.848+0000] {taskinstance.py:1279} INFO - 
--------------------------------------------------------------------------------
[2023-03-18T04:12:33.848+0000] {taskinstance.py:1280} INFO - Starting attempt 2 of 4
[2023-03-18T04:12:33.849+0000] {taskinstance.py:1281} INFO - 
--------------------------------------------------------------------------------
[2023-03-18T04:12:33.855+0000] {taskinstance.py:1300} INFO - Executing <Task(PythonOperator): JsonToCSV> on 2023-03-18 03:59:25.819409+00:00
[2023-03-18T04:12:33.860+0000] {standard_task_runner.py:55} INFO - Started process 1436 to run task
[2023-03-18T04:12:33.864+0000] {standard_task_runner.py:82} INFO - Running: ['***', 'tasks', 'run', 'Spotify_Data_ETL', 'JsonToCSV', 'manual__2023-03-18T03:59:25.819409+00:00', '--job-id', '1439', '--raw', '--subdir', 'DAGS_FOLDER/spotifydag.py', '--cfg-path', '/tmp/tmpj98o2pvp']
[2023-03-18T04:12:33.864+0000] {standard_task_runner.py:83} INFO - Job 1439: Subtask JsonToCSV
[2023-03-18T04:12:33.907+0000] {task_command.py:388} INFO - Running <TaskInstance: Spotify_Data_ETL.JsonToCSV manual__2023-03-18T03:59:25.819409+00:00 [running]> on host d7c7ac56d661
[2023-03-18T04:12:33.951+0000] {taskinstance.py:1509} INFO - Exporting the following env vars:
AIRFLOW_CTX_DAG_OWNER=Ananta Moharana
AIRFLOW_CTX_DAG_ID=Spotify_Data_ETL
AIRFLOW_CTX_TASK_ID=JsonToCSV
AIRFLOW_CTX_EXECUTION_DATE=2023-03-18T03:59:25.819409+00:00
AIRFLOW_CTX_TRY_NUMBER=2
AIRFLOW_CTX_DAG_RUN_ID=manual__2023-03-18T03:59:25.819409+00:00
[2023-03-18T04:12:33.960+0000] {base.py:73} INFO - Using connection ID 'aws_connection' for task execution.
[2023-03-18T04:12:33.961+0000] {connection_wrapper.py:334} INFO - AWS Connection (conn_id='aws_connection', conn_type='aws') credentials retrieved from login and password.
[2023-03-18T04:12:36.556+0000] {python.py:177} INFO - Done. Returned value was: None
[2023-03-18T04:12:36.584+0000] {taskinstance.py:1323} INFO - Marking task as SUCCESS. dag_id=Spotify_Data_ETL, task_id=JsonToCSV, execution_date=20230318T035925, start_date=20230318T041233, end_date=20230318T041236
[2023-03-18T04:12:36.670+0000] {local_task_job.py:208} INFO - Task exited with return code 0
[2023-03-18T04:12:36.692+0000] {taskinstance.py:2578} INFO - 1 downstream tasks scheduled from follow-on schedule check
