[2023-03-18T04:22:02.511+0000] {taskinstance.py:1083} INFO - Dependencies all met for <TaskInstance: Spotify_Data_ETL.JsonToCSV manual__2023-03-18T03:59:25.819409+00:00 [queued]>
[2023-03-18T04:22:02.516+0000] {taskinstance.py:1083} INFO - Dependencies all met for <TaskInstance: Spotify_Data_ETL.JsonToCSV manual__2023-03-18T03:59:25.819409+00:00 [queued]>
[2023-03-18T04:22:02.516+0000] {taskinstance.py:1279} INFO - 
--------------------------------------------------------------------------------
[2023-03-18T04:22:02.517+0000] {taskinstance.py:1280} INFO - Starting attempt 4 of 6
[2023-03-18T04:22:02.517+0000] {taskinstance.py:1281} INFO - 
--------------------------------------------------------------------------------
[2023-03-18T04:22:02.523+0000] {taskinstance.py:1300} INFO - Executing <Task(PythonOperator): JsonToCSV> on 2023-03-18 03:59:25.819409+00:00
[2023-03-18T04:22:02.528+0000] {standard_task_runner.py:55} INFO - Started process 2307 to run task
[2023-03-18T04:22:02.531+0000] {standard_task_runner.py:82} INFO - Running: ['***', 'tasks', 'run', 'Spotify_Data_ETL', 'JsonToCSV', 'manual__2023-03-18T03:59:25.819409+00:00', '--job-id', '1497', '--raw', '--subdir', 'DAGS_FOLDER/spotifydag.py', '--cfg-path', '/tmp/tmpgg26vw3p']
[2023-03-18T04:22:02.532+0000] {standard_task_runner.py:83} INFO - Job 1497: Subtask JsonToCSV
[2023-03-18T04:22:02.574+0000] {task_command.py:388} INFO - Running <TaskInstance: Spotify_Data_ETL.JsonToCSV manual__2023-03-18T03:59:25.819409+00:00 [running]> on host d7c7ac56d661
[2023-03-18T04:22:02.612+0000] {taskinstance.py:1509} INFO - Exporting the following env vars:
AIRFLOW_CTX_DAG_OWNER=Ananta Moharana
AIRFLOW_CTX_DAG_ID=Spotify_Data_ETL
AIRFLOW_CTX_TASK_ID=JsonToCSV
AIRFLOW_CTX_EXECUTION_DATE=2023-03-18T03:59:25.819409+00:00
AIRFLOW_CTX_TRY_NUMBER=4
AIRFLOW_CTX_DAG_RUN_ID=manual__2023-03-18T03:59:25.819409+00:00
[2023-03-18T04:22:02.620+0000] {base.py:73} INFO - Using connection ID 'aws_connection' for task execution.
[2023-03-18T04:22:02.621+0000] {connection_wrapper.py:334} INFO - AWS Connection (conn_id='aws_connection', conn_type='aws') credentials retrieved from login and password.
[2023-03-18T04:22:05.265+0000] {python.py:177} INFO - Done. Returned value was: None
[2023-03-18T04:22:05.289+0000] {taskinstance.py:1323} INFO - Marking task as SUCCESS. dag_id=Spotify_Data_ETL, task_id=JsonToCSV, execution_date=20230318T035925, start_date=20230318T042202, end_date=20230318T042205
[2023-03-18T04:22:05.347+0000] {local_task_job.py:208} INFO - Task exited with return code 0
[2023-03-18T04:22:05.370+0000] {taskinstance.py:2578} INFO - 1 downstream tasks scheduled from follow-on schedule check
