[2023-03-21T20:05:36.131+0000] {taskinstance.py:1084} INFO - Dependencies all met for dep_context=non-requeueable deps ti=<TaskInstance: Spotify_Data_ETL.JsonToCSV manual__2023-03-21T19:43:28.798625+00:00 [queued]>
[2023-03-21T20:05:36.136+0000] {taskinstance.py:1084} INFO - Dependencies all met for dep_context=requeueable deps ti=<TaskInstance: Spotify_Data_ETL.JsonToCSV manual__2023-03-21T19:43:28.798625+00:00 [queued]>
[2023-03-21T20:05:36.136+0000] {taskinstance.py:1282} INFO - 
--------------------------------------------------------------------------------
[2023-03-21T20:05:36.137+0000] {taskinstance.py:1283} INFO - Starting attempt 2 of 4
[2023-03-21T20:05:36.137+0000] {taskinstance.py:1284} INFO - 
--------------------------------------------------------------------------------
[2023-03-21T20:05:36.144+0000] {taskinstance.py:1303} INFO - Executing <Task(PythonOperator): JsonToCSV> on 2023-03-21 19:43:28.798625+00:00
[2023-03-21T20:05:36.149+0000] {standard_task_runner.py:55} INFO - Started process 10334 to run task
[2023-03-21T20:05:36.152+0000] {standard_task_runner.py:82} INFO - Running: ['***', 'tasks', 'run', 'Spotify_Data_ETL', 'JsonToCSV', 'manual__2023-03-21T19:43:28.798625+00:00', '--job-id', '2042', '--raw', '--subdir', 'DAGS_FOLDER/spotifydag.py', '--cfg-path', '/tmp/tmpue4q7f1s']
[2023-03-21T20:05:36.153+0000] {standard_task_runner.py:83} INFO - Job 2042: Subtask JsonToCSV
[2023-03-21T20:05:36.197+0000] {task_command.py:388} INFO - Running <TaskInstance: Spotify_Data_ETL.JsonToCSV manual__2023-03-21T19:43:28.798625+00:00 [running]> on host 1fd7b08731f2
[2023-03-21T20:05:36.236+0000] {taskinstance.py:1511} INFO - Exporting the following env vars:
AIRFLOW_CTX_DAG_OWNER=Ananta Moharana
AIRFLOW_CTX_DAG_ID=Spotify_Data_ETL
AIRFLOW_CTX_TASK_ID=JsonToCSV
AIRFLOW_CTX_EXECUTION_DATE=2023-03-21T19:43:28.798625+00:00
AIRFLOW_CTX_TRY_NUMBER=2
AIRFLOW_CTX_DAG_RUN_ID=manual__2023-03-21T19:43:28.798625+00:00
[2023-03-21T20:05:36.243+0000] {base.py:73} INFO - Using connection ID 'aws_connection' for task execution.
[2023-03-21T20:05:36.244+0000] {connection_wrapper.py:337} INFO - AWS Connection (conn_id='aws_connection', conn_type='aws') credentials retrieved from login and password.
[2023-03-21T20:05:38.825+0000] {python.py:177} INFO - Done. Returned value was: None
[2023-03-21T20:05:38.833+0000] {taskinstance.py:1326} INFO - Marking task as SUCCESS. dag_id=Spotify_Data_ETL, task_id=JsonToCSV, execution_date=20230321T194328, start_date=20230321T200536, end_date=20230321T200538
[2023-03-21T20:05:38.897+0000] {local_task_job.py:212} INFO - Task exited with return code 0
[2023-03-21T20:05:38.916+0000] {taskinstance.py:2585} INFO - 0 downstream tasks scheduled from follow-on schedule check
