[2023-03-21T19:43:50.466+0000] {taskinstance.py:1084} INFO - Dependencies all met for dep_context=non-requeueable deps ti=<TaskInstance: Spotify_Data_ETL.JsonToCSV manual__2023-03-21T19:43:28.798625+00:00 [queued]>
[2023-03-21T19:43:50.472+0000] {taskinstance.py:1084} INFO - Dependencies all met for dep_context=requeueable deps ti=<TaskInstance: Spotify_Data_ETL.JsonToCSV manual__2023-03-21T19:43:28.798625+00:00 [queued]>
[2023-03-21T19:43:50.473+0000] {taskinstance.py:1282} INFO - 
--------------------------------------------------------------------------------
[2023-03-21T19:43:50.473+0000] {taskinstance.py:1283} INFO - Starting attempt 1 of 3
[2023-03-21T19:43:50.474+0000] {taskinstance.py:1284} INFO - 
--------------------------------------------------------------------------------
[2023-03-21T19:43:50.486+0000] {taskinstance.py:1303} INFO - Executing <Task(PythonOperator): JsonToCSV> on 2023-03-21 19:43:28.798625+00:00
[2023-03-21T19:43:50.492+0000] {standard_task_runner.py:55} INFO - Started process 8866 to run task
[2023-03-21T19:43:50.497+0000] {standard_task_runner.py:82} INFO - Running: ['***', 'tasks', 'run', 'Spotify_Data_ETL', 'JsonToCSV', 'manual__2023-03-21T19:43:28.798625+00:00', '--job-id', '2021', '--raw', '--subdir', 'DAGS_FOLDER/spotifydag.py', '--cfg-path', '/tmp/tmps86e2dus']
[2023-03-21T19:43:50.498+0000] {standard_task_runner.py:83} INFO - Job 2021: Subtask JsonToCSV
[2023-03-21T19:43:50.551+0000] {task_command.py:388} INFO - Running <TaskInstance: Spotify_Data_ETL.JsonToCSV manual__2023-03-21T19:43:28.798625+00:00 [running]> on host 1fd7b08731f2
[2023-03-21T19:43:50.605+0000] {taskinstance.py:1511} INFO - Exporting the following env vars:
AIRFLOW_CTX_DAG_OWNER=Ananta Moharana
AIRFLOW_CTX_DAG_ID=Spotify_Data_ETL
AIRFLOW_CTX_TASK_ID=JsonToCSV
AIRFLOW_CTX_EXECUTION_DATE=2023-03-21T19:43:28.798625+00:00
AIRFLOW_CTX_TRY_NUMBER=1
AIRFLOW_CTX_DAG_RUN_ID=manual__2023-03-21T19:43:28.798625+00:00
[2023-03-21T19:43:50.614+0000] {base.py:73} INFO - Using connection ID 'aws_connection' for task execution.
[2023-03-21T19:43:50.615+0000] {connection_wrapper.py:337} INFO - AWS Connection (conn_id='aws_connection', conn_type='aws') credentials retrieved from login and password.
[2023-03-21T19:43:52.182+0000] {python.py:177} INFO - Done. Returned value was: None
[2023-03-21T19:43:52.189+0000] {taskinstance.py:1326} INFO - Marking task as SUCCESS. dag_id=Spotify_Data_ETL, task_id=JsonToCSV, execution_date=20230321T194328, start_date=20230321T194350, end_date=20230321T194352
[2023-03-21T19:43:52.229+0000] {local_task_job.py:212} INFO - Task exited with return code 0
[2023-03-21T19:43:52.248+0000] {taskinstance.py:2585} INFO - 1 downstream tasks scheduled from follow-on schedule check
