[2023-03-12T18:44:38.513+0000] {taskinstance.py:1083} INFO - Dependencies all met for <TaskInstance: Spotify_Data_ETL.AuthenticateAPI manual__2023-03-12T17:58:23.665842+00:00 [queued]>
[2023-03-12T18:44:38.517+0000] {taskinstance.py:1083} INFO - Dependencies all met for <TaskInstance: Spotify_Data_ETL.AuthenticateAPI manual__2023-03-12T17:58:23.665842+00:00 [queued]>
[2023-03-12T18:44:38.517+0000] {taskinstance.py:1279} INFO - 
--------------------------------------------------------------------------------
[2023-03-12T18:44:38.518+0000] {taskinstance.py:1280} INFO - Starting attempt 12 of 14
[2023-03-12T18:44:38.518+0000] {taskinstance.py:1281} INFO - 
--------------------------------------------------------------------------------
[2023-03-12T18:44:38.525+0000] {taskinstance.py:1300} INFO - Executing <Task(PythonOperator): AuthenticateAPI> on 2023-03-12 17:58:23.665842+00:00
[2023-03-12T18:44:38.529+0000] {standard_task_runner.py:55} INFO - Started process 4138 to run task
[2023-03-12T18:44:38.532+0000] {standard_task_runner.py:82} INFO - Running: ['***', 'tasks', 'run', 'Spotify_Data_ETL', 'AuthenticateAPI', 'manual__2023-03-12T17:58:23.665842+00:00', '--job-id', '85', '--raw', '--subdir', 'DAGS_FOLDER/spotifydag.py', '--cfg-path', '/tmp/tmpebqiwo8k']
[2023-03-12T18:44:38.533+0000] {standard_task_runner.py:83} INFO - Job 85: Subtask AuthenticateAPI
[2023-03-12T18:44:38.574+0000] {task_command.py:388} INFO - Running <TaskInstance: Spotify_Data_ETL.AuthenticateAPI manual__2023-03-12T17:58:23.665842+00:00 [running]> on host 7a5ad222a4d0
[2023-03-12T18:44:38.613+0000] {taskinstance.py:1509} INFO - Exporting the following env vars:
AIRFLOW_CTX_DAG_OWNER=Ananta Moharana
AIRFLOW_CTX_DAG_ID=Spotify_Data_ETL
AIRFLOW_CTX_TASK_ID=AuthenticateAPI
AIRFLOW_CTX_EXECUTION_DATE=2023-03-12T17:58:23.665842+00:00
AIRFLOW_CTX_TRY_NUMBER=12
AIRFLOW_CTX_DAG_RUN_ID=manual__2023-03-12T17:58:23.665842+00:00
[2023-03-12T18:44:38.714+0000] {logging_mixin.py:137} INFO - BQCKfjE4rvh7-oe5ciuZ1e6T28V9Eh-qapefxXnthW_EQSQWLSfcbgHKzNG2eeSkSfUJ8M-DgBBmEB-dyXFhyjRv7OT4q1TifjZtjqbfQxqr4eFPxvCm
[2023-03-12T18:44:38.726+0000] {python.py:177} INFO - Done. Returned value was: None
[2023-03-12T18:44:38.734+0000] {taskinstance.py:1323} INFO - Marking task as SUCCESS. dag_id=Spotify_Data_ETL, task_id=AuthenticateAPI, execution_date=20230312T175823, start_date=20230312T184438, end_date=20230312T184438
[2023-03-12T18:44:38.785+0000] {local_task_job.py:208} INFO - Task exited with return code 0
[2023-03-12T18:44:38.805+0000] {taskinstance.py:2578} INFO - 1 downstream tasks scheduled from follow-on schedule check
