[2023-03-12T18:29:06.843+0000] {taskinstance.py:1083} INFO - Dependencies all met for <TaskInstance: Spotify_Data_ETL.AuthenticateAPI manual__2023-03-12T17:58:23.665842+00:00 [queued]>
[2023-03-12T18:29:06.849+0000] {taskinstance.py:1083} INFO - Dependencies all met for <TaskInstance: Spotify_Data_ETL.AuthenticateAPI manual__2023-03-12T17:58:23.665842+00:00 [queued]>
[2023-03-12T18:29:06.850+0000] {taskinstance.py:1279} INFO - 
--------------------------------------------------------------------------------
[2023-03-12T18:29:06.850+0000] {taskinstance.py:1280} INFO - Starting attempt 7 of 9
[2023-03-12T18:29:06.851+0000] {taskinstance.py:1281} INFO - 
--------------------------------------------------------------------------------
[2023-03-12T18:29:06.859+0000] {taskinstance.py:1300} INFO - Executing <Task(PythonOperator): AuthenticateAPI> on 2023-03-12 17:58:23.665842+00:00
[2023-03-12T18:29:06.864+0000] {standard_task_runner.py:55} INFO - Started process 2981 to run task
[2023-03-12T18:29:06.868+0000] {standard_task_runner.py:82} INFO - Running: ['***', 'tasks', 'run', 'Spotify_Data_ETL', 'AuthenticateAPI', 'manual__2023-03-12T17:58:23.665842+00:00', '--job-id', '68', '--raw', '--subdir', 'DAGS_FOLDER/spotifydag.py', '--cfg-path', '/tmp/tmp87j8lg41']
[2023-03-12T18:29:06.868+0000] {standard_task_runner.py:83} INFO - Job 68: Subtask AuthenticateAPI
[2023-03-12T18:29:06.927+0000] {task_command.py:388} INFO - Running <TaskInstance: Spotify_Data_ETL.AuthenticateAPI manual__2023-03-12T17:58:23.665842+00:00 [running]> on host 7a5ad222a4d0
[2023-03-12T18:29:06.983+0000] {taskinstance.py:1509} INFO - Exporting the following env vars:
AIRFLOW_CTX_DAG_OWNER=Ananta Moharana
AIRFLOW_CTX_DAG_ID=Spotify_Data_ETL
AIRFLOW_CTX_TASK_ID=AuthenticateAPI
AIRFLOW_CTX_EXECUTION_DATE=2023-03-12T17:58:23.665842+00:00
AIRFLOW_CTX_TRY_NUMBER=7
AIRFLOW_CTX_DAG_RUN_ID=manual__2023-03-12T17:58:23.665842+00:00
[2023-03-12T18:29:07.094+0000] {logging_mixin.py:137} INFO - BQC2cEwUHo13P-2gELgvlo1fROdX5KqUQiVNsCA85kpcel_qH1yJ0CEbsDNlvy98TGOrCfGu14cvKO00BmXJUouMoNbhdPyHhzrmvdyYxvm4dzJ2rObt
[2023-03-12T18:29:07.106+0000] {python.py:177} INFO - Done. Returned value was: None
[2023-03-12T18:29:07.115+0000] {taskinstance.py:1323} INFO - Marking task as SUCCESS. dag_id=Spotify_Data_ETL, task_id=AuthenticateAPI, execution_date=20230312T175823, start_date=20230312T182906, end_date=20230312T182907
[2023-03-12T18:29:07.161+0000] {local_task_job.py:208} INFO - Task exited with return code 0
[2023-03-12T18:29:07.181+0000] {taskinstance.py:2578} INFO - 1 downstream tasks scheduled from follow-on schedule check
