[2023-03-12T18:43:10.707+0000] {taskinstance.py:1083} INFO - Dependencies all met for <TaskInstance: Spotify_Data_ETL.AuthenticateAPI manual__2023-03-12T17:58:23.665842+00:00 [queued]>
[2023-03-12T18:43:10.711+0000] {taskinstance.py:1083} INFO - Dependencies all met for <TaskInstance: Spotify_Data_ETL.AuthenticateAPI manual__2023-03-12T17:58:23.665842+00:00 [queued]>
[2023-03-12T18:43:10.712+0000] {taskinstance.py:1279} INFO - 
--------------------------------------------------------------------------------
[2023-03-12T18:43:10.712+0000] {taskinstance.py:1280} INFO - Starting attempt 11 of 13
[2023-03-12T18:43:10.712+0000] {taskinstance.py:1281} INFO - 
--------------------------------------------------------------------------------
[2023-03-12T18:43:10.719+0000] {taskinstance.py:1300} INFO - Executing <Task(PythonOperator): AuthenticateAPI> on 2023-03-12 17:58:23.665842+00:00
[2023-03-12T18:43:10.723+0000] {standard_task_runner.py:55} INFO - Started process 4019 to run task
[2023-03-12T18:43:10.726+0000] {standard_task_runner.py:82} INFO - Running: ['***', 'tasks', 'run', 'Spotify_Data_ETL', 'AuthenticateAPI', 'manual__2023-03-12T17:58:23.665842+00:00', '--job-id', '80', '--raw', '--subdir', 'DAGS_FOLDER/spotifydag.py', '--cfg-path', '/tmp/tmpi74rerlq']
[2023-03-12T18:43:10.727+0000] {standard_task_runner.py:83} INFO - Job 80: Subtask AuthenticateAPI
[2023-03-12T18:43:10.769+0000] {task_command.py:388} INFO - Running <TaskInstance: Spotify_Data_ETL.AuthenticateAPI manual__2023-03-12T17:58:23.665842+00:00 [running]> on host 7a5ad222a4d0
[2023-03-12T18:43:10.807+0000] {taskinstance.py:1509} INFO - Exporting the following env vars:
AIRFLOW_CTX_DAG_OWNER=Ananta Moharana
AIRFLOW_CTX_DAG_ID=Spotify_Data_ETL
AIRFLOW_CTX_TASK_ID=AuthenticateAPI
AIRFLOW_CTX_EXECUTION_DATE=2023-03-12T17:58:23.665842+00:00
AIRFLOW_CTX_TRY_NUMBER=11
AIRFLOW_CTX_DAG_RUN_ID=manual__2023-03-12T17:58:23.665842+00:00
[2023-03-12T18:43:10.933+0000] {logging_mixin.py:137} INFO - BQCw6S6omaOMAr3OZQn9cT4t15BHGCObhgVY4udGwScvWeo0vP6TKnw05zwx31mW_W3urO7r-UMpznBJq_FnIfBphc4VrdkBDrvuXYesvjqsxrA1C0aE
[2023-03-12T18:43:10.944+0000] {python.py:177} INFO - Done. Returned value was: None
[2023-03-12T18:43:10.952+0000] {taskinstance.py:1323} INFO - Marking task as SUCCESS. dag_id=Spotify_Data_ETL, task_id=AuthenticateAPI, execution_date=20230312T175823, start_date=20230312T184310, end_date=20230312T184310
[2023-03-12T18:43:10.981+0000] {local_task_job.py:208} INFO - Task exited with return code 0
[2023-03-12T18:43:10.998+0000] {taskinstance.py:2578} INFO - 1 downstream tasks scheduled from follow-on schedule check
