[2023-03-12T21:51:36.838+0000] {taskinstance.py:1083} INFO - Dependencies all met for <TaskInstance: Spotify_Data_ETL.AuthenticateAPI manual__2023-03-12T17:58:23.665842+00:00 [queued]>
[2023-03-12T21:51:36.845+0000] {taskinstance.py:1083} INFO - Dependencies all met for <TaskInstance: Spotify_Data_ETL.AuthenticateAPI manual__2023-03-12T17:58:23.665842+00:00 [queued]>
[2023-03-12T21:51:36.845+0000] {taskinstance.py:1279} INFO - 
--------------------------------------------------------------------------------
[2023-03-12T21:51:36.846+0000] {taskinstance.py:1280} INFO - Starting attempt 21 of 23
[2023-03-12T21:51:36.846+0000] {taskinstance.py:1281} INFO - 
--------------------------------------------------------------------------------
[2023-03-12T21:51:36.857+0000] {taskinstance.py:1300} INFO - Executing <Task(PythonOperator): AuthenticateAPI> on 2023-03-12 17:58:23.665842+00:00
[2023-03-12T21:51:36.863+0000] {standard_task_runner.py:55} INFO - Started process 416 to run task
[2023-03-12T21:51:36.869+0000] {standard_task_runner.py:82} INFO - Running: ['***', 'tasks', 'run', 'Spotify_Data_ETL', 'AuthenticateAPI', 'manual__2023-03-12T17:58:23.665842+00:00', '--job-id', '117', '--raw', '--subdir', 'DAGS_FOLDER/spotifydag.py', '--cfg-path', '/tmp/tmp9tdn7j6m']
[2023-03-12T21:51:36.871+0000] {standard_task_runner.py:83} INFO - Job 117: Subtask AuthenticateAPI
[2023-03-12T21:51:36.952+0000] {task_command.py:388} INFO - Running <TaskInstance: Spotify_Data_ETL.AuthenticateAPI manual__2023-03-12T17:58:23.665842+00:00 [running]> on host 022348a7414e
[2023-03-12T21:51:37.015+0000] {taskinstance.py:1509} INFO - Exporting the following env vars:
AIRFLOW_CTX_DAG_OWNER=Ananta Moharana
AIRFLOW_CTX_DAG_ID=Spotify_Data_ETL
AIRFLOW_CTX_TASK_ID=AuthenticateAPI
AIRFLOW_CTX_EXECUTION_DATE=2023-03-12T17:58:23.665842+00:00
AIRFLOW_CTX_TRY_NUMBER=21
AIRFLOW_CTX_DAG_RUN_ID=manual__2023-03-12T17:58:23.665842+00:00
[2023-03-12T21:51:37.264+0000] {logging_mixin.py:137} INFO - BQAmJujzK-Suq4Owdj4b9D1MjsbGYQrzkJ4NhVBfQv5b0uQ-_Iw6JAq_AfIZxMctH6b-Gss-hICQgy3_pr3KVcCSIkKIEiiGhYgW-lN-7y3WW-9JbLur
[2023-03-12T21:51:37.281+0000] {python.py:177} INFO - Done. Returned value was: None
[2023-03-12T21:51:37.290+0000] {taskinstance.py:1323} INFO - Marking task as SUCCESS. dag_id=Spotify_Data_ETL, task_id=AuthenticateAPI, execution_date=20230312T175823, start_date=20230312T215136, end_date=20230312T215137
[2023-03-12T21:51:37.323+0000] {local_task_job.py:208} INFO - Task exited with return code 0
[2023-03-12T21:51:37.338+0000] {taskinstance.py:2578} INFO - 1 downstream tasks scheduled from follow-on schedule check
