[2023-03-12T21:40:16.396+0000] {taskinstance.py:1083} INFO - Dependencies all met for <TaskInstance: Spotify_Data_ETL.AuthenticateAPI manual__2023-03-12T17:58:23.665842+00:00 [queued]>
[2023-03-12T21:40:16.401+0000] {taskinstance.py:1083} INFO - Dependencies all met for <TaskInstance: Spotify_Data_ETL.AuthenticateAPI manual__2023-03-12T17:58:23.665842+00:00 [queued]>
[2023-03-12T21:40:16.402+0000] {taskinstance.py:1279} INFO - 
--------------------------------------------------------------------------------
[2023-03-12T21:40:16.402+0000] {taskinstance.py:1280} INFO - Starting attempt 17 of 19
[2023-03-12T21:40:16.402+0000] {taskinstance.py:1281} INFO - 
--------------------------------------------------------------------------------
[2023-03-12T21:40:16.410+0000] {taskinstance.py:1300} INFO - Executing <Task(PythonOperator): AuthenticateAPI> on 2023-03-12 17:58:23.665842+00:00
[2023-03-12T21:40:16.414+0000] {standard_task_runner.py:55} INFO - Started process 462 to run task
[2023-03-12T21:40:16.418+0000] {standard_task_runner.py:82} INFO - Running: ['***', 'tasks', 'run', 'Spotify_Data_ETL', 'AuthenticateAPI', 'manual__2023-03-12T17:58:23.665842+00:00', '--job-id', '101', '--raw', '--subdir', 'DAGS_FOLDER/spotifydag.py', '--cfg-path', '/tmp/tmp0vpwn_h0']
[2023-03-12T21:40:16.418+0000] {standard_task_runner.py:83} INFO - Job 101: Subtask AuthenticateAPI
[2023-03-12T21:40:16.462+0000] {task_command.py:388} INFO - Running <TaskInstance: Spotify_Data_ETL.AuthenticateAPI manual__2023-03-12T17:58:23.665842+00:00 [running]> on host 39a9b14b4c18
[2023-03-12T21:40:16.501+0000] {taskinstance.py:1509} INFO - Exporting the following env vars:
AIRFLOW_CTX_DAG_OWNER=Ananta Moharana
AIRFLOW_CTX_DAG_ID=Spotify_Data_ETL
AIRFLOW_CTX_TASK_ID=AuthenticateAPI
AIRFLOW_CTX_EXECUTION_DATE=2023-03-12T17:58:23.665842+00:00
AIRFLOW_CTX_TRY_NUMBER=17
AIRFLOW_CTX_DAG_RUN_ID=manual__2023-03-12T17:58:23.665842+00:00
[2023-03-12T21:40:16.819+0000] {logging_mixin.py:137} INFO - BQDvOif1nJ2ULKgKAdKs19pC0e5nalyi2yJLqvmlIh8uEi5l6f1Dtg2RrgxZeNjRNspzV6jqpZqdrAp1hRH_N5FZDqY7CZ8Qy0h7UrcVWRTMY3TRYaZi
[2023-03-12T21:40:16.845+0000] {python.py:177} INFO - Done. Returned value was: None
[2023-03-12T21:40:16.857+0000] {taskinstance.py:1323} INFO - Marking task as SUCCESS. dag_id=Spotify_Data_ETL, task_id=AuthenticateAPI, execution_date=20230312T175823, start_date=20230312T214016, end_date=20230312T214016
[2023-03-12T21:40:16.884+0000] {local_task_job.py:208} INFO - Task exited with return code 0
[2023-03-12T21:40:16.905+0000] {taskinstance.py:2578} INFO - 1 downstream tasks scheduled from follow-on schedule check
