[2023-03-12T18:22:09.871+0000] {taskinstance.py:1083} INFO - Dependencies all met for <TaskInstance: Spotify_Data_ETL.AuthenticateAPI manual__2023-03-12T17:58:23.665842+00:00 [queued]>
[2023-03-12T18:22:09.875+0000] {taskinstance.py:1083} INFO - Dependencies all met for <TaskInstance: Spotify_Data_ETL.AuthenticateAPI manual__2023-03-12T17:58:23.665842+00:00 [queued]>
[2023-03-12T18:22:09.876+0000] {taskinstance.py:1279} INFO - 
--------------------------------------------------------------------------------
[2023-03-12T18:22:09.876+0000] {taskinstance.py:1280} INFO - Starting attempt 6 of 8
[2023-03-12T18:22:09.876+0000] {taskinstance.py:1281} INFO - 
--------------------------------------------------------------------------------
[2023-03-12T18:22:09.883+0000] {taskinstance.py:1300} INFO - Executing <Task(PythonOperator): AuthenticateAPI> on 2023-03-12 17:58:23.665842+00:00
[2023-03-12T18:22:09.888+0000] {standard_task_runner.py:55} INFO - Started process 2479 to run task
[2023-03-12T18:22:09.891+0000] {standard_task_runner.py:82} INFO - Running: ['***', 'tasks', 'run', 'Spotify_Data_ETL', 'AuthenticateAPI', 'manual__2023-03-12T17:58:23.665842+00:00', '--job-id', '65', '--raw', '--subdir', 'DAGS_FOLDER/spotifydag.py', '--cfg-path', '/tmp/tmp8797oul0']
[2023-03-12T18:22:09.892+0000] {standard_task_runner.py:83} INFO - Job 65: Subtask AuthenticateAPI
[2023-03-12T18:22:09.938+0000] {task_command.py:388} INFO - Running <TaskInstance: Spotify_Data_ETL.AuthenticateAPI manual__2023-03-12T17:58:23.665842+00:00 [running]> on host 7a5ad222a4d0
[2023-03-12T18:22:09.979+0000] {taskinstance.py:1509} INFO - Exporting the following env vars:
AIRFLOW_CTX_DAG_OWNER=Ananta Moharana
AIRFLOW_CTX_DAG_ID=Spotify_Data_ETL
AIRFLOW_CTX_TASK_ID=AuthenticateAPI
AIRFLOW_CTX_EXECUTION_DATE=2023-03-12T17:58:23.665842+00:00
AIRFLOW_CTX_TRY_NUMBER=6
AIRFLOW_CTX_DAG_RUN_ID=manual__2023-03-12T17:58:23.665842+00:00
[2023-03-12T18:22:10.077+0000] {logging_mixin.py:137} INFO - BQDsY-X-daStP_5sdkYO3FmTfjXwnxxiwUG42VybwL6J5RgPgJtREZMr6Y8on4Pc4Q12o4cIPrPFL4SjP9eD4N0dwih4L0oHnPZDBnkFUguDNmrYT7Tm
[2023-03-12T18:22:10.088+0000] {python.py:177} INFO - Done. Returned value was: None
[2023-03-12T18:22:10.096+0000] {taskinstance.py:1323} INFO - Marking task as SUCCESS. dag_id=Spotify_Data_ETL, task_id=AuthenticateAPI, execution_date=20230312T175823, start_date=20230312T182209, end_date=20230312T182210
[2023-03-12T18:22:10.149+0000] {local_task_job.py:208} INFO - Task exited with return code 0
[2023-03-12T18:22:10.168+0000] {taskinstance.py:2578} INFO - 1 downstream tasks scheduled from follow-on schedule check
