[2023-03-12T18:45:24.141+0000] {taskinstance.py:1083} INFO - Dependencies all met for <TaskInstance: Spotify_Data_ETL.AuthenticateAPI manual__2023-03-12T17:58:23.665842+00:00 [queued]>
[2023-03-12T18:45:24.147+0000] {taskinstance.py:1083} INFO - Dependencies all met for <TaskInstance: Spotify_Data_ETL.AuthenticateAPI manual__2023-03-12T17:58:23.665842+00:00 [queued]>
[2023-03-12T18:45:24.148+0000] {taskinstance.py:1279} INFO - 
--------------------------------------------------------------------------------
[2023-03-12T18:45:24.149+0000] {taskinstance.py:1280} INFO - Starting attempt 14 of 16
[2023-03-12T18:45:24.150+0000] {taskinstance.py:1281} INFO - 
--------------------------------------------------------------------------------
[2023-03-12T18:45:24.164+0000] {taskinstance.py:1300} INFO - Executing <Task(PythonOperator): AuthenticateAPI> on 2023-03-12 17:58:23.665842+00:00
[2023-03-12T18:45:24.170+0000] {standard_task_runner.py:55} INFO - Started process 4206 to run task
[2023-03-12T18:45:24.173+0000] {standard_task_runner.py:82} INFO - Running: ['***', 'tasks', 'run', 'Spotify_Data_ETL', 'AuthenticateAPI', 'manual__2023-03-12T17:58:23.665842+00:00', '--job-id', '90', '--raw', '--subdir', 'DAGS_FOLDER/spotifydag.py', '--cfg-path', '/tmp/tmp5365ue6i']
[2023-03-12T18:45:24.174+0000] {standard_task_runner.py:83} INFO - Job 90: Subtask AuthenticateAPI
[2023-03-12T18:45:24.220+0000] {task_command.py:388} INFO - Running <TaskInstance: Spotify_Data_ETL.AuthenticateAPI manual__2023-03-12T17:58:23.665842+00:00 [running]> on host 7a5ad222a4d0
[2023-03-12T18:45:24.259+0000] {taskinstance.py:1509} INFO - Exporting the following env vars:
AIRFLOW_CTX_DAG_OWNER=Ananta Moharana
AIRFLOW_CTX_DAG_ID=Spotify_Data_ETL
AIRFLOW_CTX_TASK_ID=AuthenticateAPI
AIRFLOW_CTX_EXECUTION_DATE=2023-03-12T17:58:23.665842+00:00
AIRFLOW_CTX_TRY_NUMBER=14
AIRFLOW_CTX_DAG_RUN_ID=manual__2023-03-12T17:58:23.665842+00:00
[2023-03-12T18:45:24.356+0000] {logging_mixin.py:137} INFO - BQDUKatEs9BEbE702nCNuxgwSBuaG1QDXtbhcyeymrqNhisvH5Ubk9Cf5w-KL4S8yLoVu4z3db_8nxrbCwFRHMmhnylNwJ-FW4m_1sLKq5nM5Q74BQB1
[2023-03-12T18:45:24.369+0000] {python.py:177} INFO - Done. Returned value was: None
[2023-03-12T18:45:24.378+0000] {taskinstance.py:1323} INFO - Marking task as SUCCESS. dag_id=Spotify_Data_ETL, task_id=AuthenticateAPI, execution_date=20230312T175823, start_date=20230312T184524, end_date=20230312T184524
[2023-03-12T18:45:24.431+0000] {local_task_job.py:208} INFO - Task exited with return code 0
[2023-03-12T18:45:24.451+0000] {taskinstance.py:2578} INFO - 1 downstream tasks scheduled from follow-on schedule check
