[2023-03-12T18:18:03.969+0000] {taskinstance.py:1083} INFO - Dependencies all met for <TaskInstance: Spotify_Data_ETL.AuthenticateAPI manual__2023-03-12T17:58:23.665842+00:00 [queued]>
[2023-03-12T18:18:03.974+0000] {taskinstance.py:1083} INFO - Dependencies all met for <TaskInstance: Spotify_Data_ETL.AuthenticateAPI manual__2023-03-12T17:58:23.665842+00:00 [queued]>
[2023-03-12T18:18:03.974+0000] {taskinstance.py:1279} INFO - 
--------------------------------------------------------------------------------
[2023-03-12T18:18:03.975+0000] {taskinstance.py:1280} INFO - Starting attempt 5 of 7
[2023-03-12T18:18:03.975+0000] {taskinstance.py:1281} INFO - 
--------------------------------------------------------------------------------
[2023-03-12T18:18:03.982+0000] {taskinstance.py:1300} INFO - Executing <Task(PythonOperator): AuthenticateAPI> on 2023-03-12 17:58:23.665842+00:00
[2023-03-12T18:18:03.986+0000] {standard_task_runner.py:55} INFO - Started process 2183 to run task
[2023-03-12T18:18:03.989+0000] {standard_task_runner.py:82} INFO - Running: ['***', 'tasks', 'run', 'Spotify_Data_ETL', 'AuthenticateAPI', 'manual__2023-03-12T17:58:23.665842+00:00', '--job-id', '62', '--raw', '--subdir', 'DAGS_FOLDER/spotifydag.py', '--cfg-path', '/tmp/tmp8p_8o5f5']
[2023-03-12T18:18:03.989+0000] {standard_task_runner.py:83} INFO - Job 62: Subtask AuthenticateAPI
[2023-03-12T18:18:04.031+0000] {task_command.py:388} INFO - Running <TaskInstance: Spotify_Data_ETL.AuthenticateAPI manual__2023-03-12T17:58:23.665842+00:00 [running]> on host 7a5ad222a4d0
[2023-03-12T18:18:04.069+0000] {taskinstance.py:1509} INFO - Exporting the following env vars:
AIRFLOW_CTX_DAG_OWNER=Ananta Moharana
AIRFLOW_CTX_DAG_ID=Spotify_Data_ETL
AIRFLOW_CTX_TASK_ID=AuthenticateAPI
AIRFLOW_CTX_EXECUTION_DATE=2023-03-12T17:58:23.665842+00:00
AIRFLOW_CTX_TRY_NUMBER=5
AIRFLOW_CTX_DAG_RUN_ID=manual__2023-03-12T17:58:23.665842+00:00
[2023-03-12T18:18:04.179+0000] {logging_mixin.py:137} INFO - BQDKb7Gz1p2sC715bjaPno2-dyVxIQbolK5U7vnsFTLWJEF7OT_dauCXqQZ3eAVhxJUEH8Ri07vMudxt9X8jnAiVCkynb_YqSjJB5_hzvr1IpCG4Y6Ia
[2023-03-12T18:18:04.190+0000] {python.py:177} INFO - Done. Returned value was: None
[2023-03-12T18:18:04.197+0000] {taskinstance.py:1323} INFO - Marking task as SUCCESS. dag_id=Spotify_Data_ETL, task_id=AuthenticateAPI, execution_date=20230312T175823, start_date=20230312T181803, end_date=20230312T181804
[2023-03-12T18:18:04.244+0000] {local_task_job.py:208} INFO - Task exited with return code 0
[2023-03-12T18:18:04.262+0000] {taskinstance.py:2578} INFO - 1 downstream tasks scheduled from follow-on schedule check
