[2023-03-12T21:50:31.700+0000] {taskinstance.py:1083} INFO - Dependencies all met for <TaskInstance: Spotify_Data_ETL.AuthenticateAPI manual__2023-03-12T17:58:23.665842+00:00 [queued]>
[2023-03-12T21:50:31.705+0000] {taskinstance.py:1083} INFO - Dependencies all met for <TaskInstance: Spotify_Data_ETL.AuthenticateAPI manual__2023-03-12T17:58:23.665842+00:00 [queued]>
[2023-03-12T21:50:31.705+0000] {taskinstance.py:1279} INFO - 
--------------------------------------------------------------------------------
[2023-03-12T21:50:31.706+0000] {taskinstance.py:1280} INFO - Starting attempt 20 of 22
[2023-03-12T21:50:31.706+0000] {taskinstance.py:1281} INFO - 
--------------------------------------------------------------------------------
[2023-03-12T21:50:31.713+0000] {taskinstance.py:1300} INFO - Executing <Task(PythonOperator): AuthenticateAPI> on 2023-03-12 17:58:23.665842+00:00
[2023-03-12T21:50:31.717+0000] {standard_task_runner.py:55} INFO - Started process 326 to run task
[2023-03-12T21:50:31.720+0000] {standard_task_runner.py:82} INFO - Running: ['***', 'tasks', 'run', 'Spotify_Data_ETL', 'AuthenticateAPI', 'manual__2023-03-12T17:58:23.665842+00:00', '--job-id', '113', '--raw', '--subdir', 'DAGS_FOLDER/spotifydag.py', '--cfg-path', '/tmp/tmpl0k6fhu8']
[2023-03-12T21:50:31.721+0000] {standard_task_runner.py:83} INFO - Job 113: Subtask AuthenticateAPI
[2023-03-12T21:50:31.767+0000] {task_command.py:388} INFO - Running <TaskInstance: Spotify_Data_ETL.AuthenticateAPI manual__2023-03-12T17:58:23.665842+00:00 [running]> on host 022348a7414e
[2023-03-12T21:50:31.808+0000] {taskinstance.py:1509} INFO - Exporting the following env vars:
AIRFLOW_CTX_DAG_OWNER=Ananta Moharana
AIRFLOW_CTX_DAG_ID=Spotify_Data_ETL
AIRFLOW_CTX_TASK_ID=AuthenticateAPI
AIRFLOW_CTX_EXECUTION_DATE=2023-03-12T17:58:23.665842+00:00
AIRFLOW_CTX_TRY_NUMBER=20
AIRFLOW_CTX_DAG_RUN_ID=manual__2023-03-12T17:58:23.665842+00:00
[2023-03-12T21:50:31.931+0000] {logging_mixin.py:137} INFO - BQCEDZG6u15Rvh6VfXLyMN-wJVbeZzwiDsJydgzW46W0ox8z4jdOEfGAWK7ioY4PSG1TXNTQs2UDFUpMWMe63hsvWe0SkdKwTsrjpqPQ0tmdYON3VxTg
[2023-03-12T21:50:31.943+0000] {python.py:177} INFO - Done. Returned value was: None
[2023-03-12T21:50:31.950+0000] {taskinstance.py:1323} INFO - Marking task as SUCCESS. dag_id=Spotify_Data_ETL, task_id=AuthenticateAPI, execution_date=20230312T175823, start_date=20230312T215031, end_date=20230312T215031
[2023-03-12T21:50:31.975+0000] {local_task_job.py:208} INFO - Task exited with return code 0
[2023-03-12T21:50:31.989+0000] {taskinstance.py:2578} INFO - 1 downstream tasks scheduled from follow-on schedule check
