[2023-03-12T22:04:16.171+0000] {taskinstance.py:1083} INFO - Dependencies all met for <TaskInstance: Spotify_Data_ETL.AuthenticateAPI manual__2023-03-12T17:58:23.665842+00:00 [queued]>
[2023-03-12T22:04:16.176+0000] {taskinstance.py:1083} INFO - Dependencies all met for <TaskInstance: Spotify_Data_ETL.AuthenticateAPI manual__2023-03-12T17:58:23.665842+00:00 [queued]>
[2023-03-12T22:04:16.176+0000] {taskinstance.py:1279} INFO - 
--------------------------------------------------------------------------------
[2023-03-12T22:04:16.177+0000] {taskinstance.py:1280} INFO - Starting attempt 23 of 25
[2023-03-12T22:04:16.177+0000] {taskinstance.py:1281} INFO - 
--------------------------------------------------------------------------------
[2023-03-12T22:04:16.185+0000] {taskinstance.py:1300} INFO - Executing <Task(PythonOperator): AuthenticateAPI> on 2023-03-12 17:58:23.665842+00:00
[2023-03-12T22:04:16.189+0000] {standard_task_runner.py:55} INFO - Started process 678 to run task
[2023-03-12T22:04:16.193+0000] {standard_task_runner.py:82} INFO - Running: ['***', 'tasks', 'run', 'Spotify_Data_ETL', 'AuthenticateAPI', 'manual__2023-03-12T17:58:23.665842+00:00', '--job-id', '126', '--raw', '--subdir', 'DAGS_FOLDER/spotifydag.py', '--cfg-path', '/tmp/tmpbz76mfry']
[2023-03-12T22:04:16.193+0000] {standard_task_runner.py:83} INFO - Job 126: Subtask AuthenticateAPI
[2023-03-12T22:04:16.244+0000] {task_command.py:388} INFO - Running <TaskInstance: Spotify_Data_ETL.AuthenticateAPI manual__2023-03-12T17:58:23.665842+00:00 [running]> on host 83697a7176fb
[2023-03-12T22:04:16.304+0000] {taskinstance.py:1509} INFO - Exporting the following env vars:
AIRFLOW_CTX_DAG_OWNER=Ananta Moharana
AIRFLOW_CTX_DAG_ID=Spotify_Data_ETL
AIRFLOW_CTX_TASK_ID=AuthenticateAPI
AIRFLOW_CTX_EXECUTION_DATE=2023-03-12T17:58:23.665842+00:00
AIRFLOW_CTX_TRY_NUMBER=23
AIRFLOW_CTX_DAG_RUN_ID=manual__2023-03-12T17:58:23.665842+00:00
[2023-03-12T22:04:16.494+0000] {logging_mixin.py:137} INFO - BQDdK5v8HB3baWzRn5BM5CEopfhx22Oape4DewX5JikzJLElpm6dfye-SSj7Xrd2jt6vkCudxKp35cRmXuNO8HtZucifFJFjdF77LQ4K4c1eLeeDNvCE
[2023-03-12T22:04:16.503+0000] {python.py:177} INFO - Done. Returned value was: None
[2023-03-12T22:04:16.511+0000] {taskinstance.py:1323} INFO - Marking task as SUCCESS. dag_id=Spotify_Data_ETL, task_id=AuthenticateAPI, execution_date=20230312T175823, start_date=20230312T220416, end_date=20230312T220416
[2023-03-12T22:04:16.565+0000] {local_task_job.py:208} INFO - Task exited with return code 0
[2023-03-12T22:04:16.580+0000] {taskinstance.py:2578} INFO - 1 downstream tasks scheduled from follow-on schedule check
