[2023-03-12T18:29:37.021+0000] {taskinstance.py:1083} INFO - Dependencies all met for <TaskInstance: Spotify_Data_ETL.AuthenticateAPI manual__2023-03-12T17:58:23.665842+00:00 [queued]>
[2023-03-12T18:29:37.025+0000] {taskinstance.py:1083} INFO - Dependencies all met for <TaskInstance: Spotify_Data_ETL.AuthenticateAPI manual__2023-03-12T17:58:23.665842+00:00 [queued]>
[2023-03-12T18:29:37.026+0000] {taskinstance.py:1279} INFO - 
--------------------------------------------------------------------------------
[2023-03-12T18:29:37.026+0000] {taskinstance.py:1280} INFO - Starting attempt 8 of 10
[2023-03-12T18:29:37.027+0000] {taskinstance.py:1281} INFO - 
--------------------------------------------------------------------------------
[2023-03-12T18:29:37.033+0000] {taskinstance.py:1300} INFO - Executing <Task(PythonOperator): AuthenticateAPI> on 2023-03-12 17:58:23.665842+00:00
[2023-03-12T18:29:37.037+0000] {standard_task_runner.py:55} INFO - Started process 3029 to run task
[2023-03-12T18:29:37.040+0000] {standard_task_runner.py:82} INFO - Running: ['***', 'tasks', 'run', 'Spotify_Data_ETL', 'AuthenticateAPI', 'manual__2023-03-12T17:58:23.665842+00:00', '--job-id', '71', '--raw', '--subdir', 'DAGS_FOLDER/spotifydag.py', '--cfg-path', '/tmp/tmpm9slpu17']
[2023-03-12T18:29:37.041+0000] {standard_task_runner.py:83} INFO - Job 71: Subtask AuthenticateAPI
[2023-03-12T18:29:37.083+0000] {task_command.py:388} INFO - Running <TaskInstance: Spotify_Data_ETL.AuthenticateAPI manual__2023-03-12T17:58:23.665842+00:00 [running]> on host 7a5ad222a4d0
[2023-03-12T18:29:37.121+0000] {taskinstance.py:1509} INFO - Exporting the following env vars:
AIRFLOW_CTX_DAG_OWNER=Ananta Moharana
AIRFLOW_CTX_DAG_ID=Spotify_Data_ETL
AIRFLOW_CTX_TASK_ID=AuthenticateAPI
AIRFLOW_CTX_EXECUTION_DATE=2023-03-12T17:58:23.665842+00:00
AIRFLOW_CTX_TRY_NUMBER=8
AIRFLOW_CTX_DAG_RUN_ID=manual__2023-03-12T17:58:23.665842+00:00
[2023-03-12T18:29:37.218+0000] {logging_mixin.py:137} INFO - BQDXgzrbfoF9DI4gyzULvhB8GGicWBa6SIh50r7wqhKdQr2Uk0zowi4-uSDLISiYTggPiGgOc3E3lx77g8sJ6TSaNCEirjDeJE9_gk2FvpWzRl00BpTk
[2023-03-12T18:29:37.228+0000] {python.py:177} INFO - Done. Returned value was: None
[2023-03-12T18:29:37.234+0000] {taskinstance.py:1323} INFO - Marking task as SUCCESS. dag_id=Spotify_Data_ETL, task_id=AuthenticateAPI, execution_date=20230312T175823, start_date=20230312T182937, end_date=20230312T182937
[2023-03-12T18:29:37.255+0000] {local_task_job.py:208} INFO - Task exited with return code 0
[2023-03-12T18:29:37.272+0000] {taskinstance.py:2578} INFO - 1 downstream tasks scheduled from follow-on schedule check
