[2023-03-12T18:17:17.421+0000] {taskinstance.py:1083} INFO - Dependencies all met for <TaskInstance: Spotify_Data_ETL.AuthenticateAPI manual__2023-03-12T17:58:23.665842+00:00 [queued]>
[2023-03-12T18:17:17.425+0000] {taskinstance.py:1083} INFO - Dependencies all met for <TaskInstance: Spotify_Data_ETL.AuthenticateAPI manual__2023-03-12T17:58:23.665842+00:00 [queued]>
[2023-03-12T18:17:17.426+0000] {taskinstance.py:1279} INFO - 
--------------------------------------------------------------------------------
[2023-03-12T18:17:17.426+0000] {taskinstance.py:1280} INFO - Starting attempt 4 of 6
[2023-03-12T18:17:17.427+0000] {taskinstance.py:1281} INFO - 
--------------------------------------------------------------------------------
[2023-03-12T18:17:17.433+0000] {taskinstance.py:1300} INFO - Executing <Task(PythonOperator): AuthenticateAPI> on 2023-03-12 17:58:23.665842+00:00
[2023-03-12T18:17:17.437+0000] {standard_task_runner.py:55} INFO - Started process 2122 to run task
[2023-03-12T18:17:17.440+0000] {standard_task_runner.py:82} INFO - Running: ['***', 'tasks', 'run', 'Spotify_Data_ETL', 'AuthenticateAPI', 'manual__2023-03-12T17:58:23.665842+00:00', '--job-id', '59', '--raw', '--subdir', 'DAGS_FOLDER/spotifydag.py', '--cfg-path', '/tmp/tmpoj9xfqg4']
[2023-03-12T18:17:17.440+0000] {standard_task_runner.py:83} INFO - Job 59: Subtask AuthenticateAPI
[2023-03-12T18:17:17.482+0000] {task_command.py:388} INFO - Running <TaskInstance: Spotify_Data_ETL.AuthenticateAPI manual__2023-03-12T17:58:23.665842+00:00 [running]> on host 7a5ad222a4d0
[2023-03-12T18:17:17.522+0000] {taskinstance.py:1509} INFO - Exporting the following env vars:
AIRFLOW_CTX_DAG_OWNER=Ananta Moharana
AIRFLOW_CTX_DAG_ID=Spotify_Data_ETL
AIRFLOW_CTX_TASK_ID=AuthenticateAPI
AIRFLOW_CTX_EXECUTION_DATE=2023-03-12T17:58:23.665842+00:00
AIRFLOW_CTX_TRY_NUMBER=4
AIRFLOW_CTX_DAG_RUN_ID=manual__2023-03-12T17:58:23.665842+00:00
[2023-03-12T18:17:17.612+0000] {logging_mixin.py:137} INFO - BQCv0LVbdxQJRNU1o71hBC1dsOXr899eoACpBQoXHbGOzJhZCoesCEZIaV8FclkfcQRxbidb-wsWYbbvs2QSTaSisx0vSb1CsZI4rcIVoF1pzR3tEUBC
[2023-03-12T18:17:17.623+0000] {python.py:177} INFO - Done. Returned value was: None
[2023-03-12T18:17:17.630+0000] {taskinstance.py:1323} INFO - Marking task as SUCCESS. dag_id=Spotify_Data_ETL, task_id=AuthenticateAPI, execution_date=20230312T175823, start_date=20230312T181717, end_date=20230312T181717
[2023-03-12T18:17:17.653+0000] {local_task_job.py:208} INFO - Task exited with return code 0
[2023-03-12T18:17:17.670+0000] {taskinstance.py:2578} INFO - 1 downstream tasks scheduled from follow-on schedule check
