[2023-03-12T21:47:36.236+0000] {taskinstance.py:1083} INFO - Dependencies all met for <TaskInstance: Spotify_Data_ETL.AuthenticateAPI manual__2023-03-12T17:58:23.665842+00:00 [queued]>
[2023-03-12T21:47:36.240+0000] {taskinstance.py:1083} INFO - Dependencies all met for <TaskInstance: Spotify_Data_ETL.AuthenticateAPI manual__2023-03-12T17:58:23.665842+00:00 [queued]>
[2023-03-12T21:47:36.241+0000] {taskinstance.py:1279} INFO - 
--------------------------------------------------------------------------------
[2023-03-12T21:47:36.241+0000] {taskinstance.py:1280} INFO - Starting attempt 19 of 21
[2023-03-12T21:47:36.242+0000] {taskinstance.py:1281} INFO - 
--------------------------------------------------------------------------------
[2023-03-12T21:47:36.249+0000] {taskinstance.py:1300} INFO - Executing <Task(PythonOperator): AuthenticateAPI> on 2023-03-12 17:58:23.665842+00:00
[2023-03-12T21:47:36.253+0000] {standard_task_runner.py:55} INFO - Started process 106 to run task
[2023-03-12T21:47:36.256+0000] {standard_task_runner.py:82} INFO - Running: ['***', 'tasks', 'run', 'Spotify_Data_ETL', 'AuthenticateAPI', 'manual__2023-03-12T17:58:23.665842+00:00', '--job-id', '109', '--raw', '--subdir', 'DAGS_FOLDER/spotifydag.py', '--cfg-path', '/tmp/tmp1xb_0mr6']
[2023-03-12T21:47:36.257+0000] {standard_task_runner.py:83} INFO - Job 109: Subtask AuthenticateAPI
[2023-03-12T21:47:36.301+0000] {task_command.py:388} INFO - Running <TaskInstance: Spotify_Data_ETL.AuthenticateAPI manual__2023-03-12T17:58:23.665842+00:00 [running]> on host 022348a7414e
[2023-03-12T21:47:36.338+0000] {taskinstance.py:1509} INFO - Exporting the following env vars:
AIRFLOW_CTX_DAG_OWNER=Ananta Moharana
AIRFLOW_CTX_DAG_ID=Spotify_Data_ETL
AIRFLOW_CTX_TASK_ID=AuthenticateAPI
AIRFLOW_CTX_EXECUTION_DATE=2023-03-12T17:58:23.665842+00:00
AIRFLOW_CTX_TRY_NUMBER=19
AIRFLOW_CTX_DAG_RUN_ID=manual__2023-03-12T17:58:23.665842+00:00
[2023-03-12T21:47:36.673+0000] {logging_mixin.py:137} INFO - BQCR_LXUt5BvR_qwPFtPuwZWct1ACi_j3oF_kHMdeePwNipNTrytaSLzXiBYI8FKOvc4FjhVN1QcGsd01Ytj4rJQ6S8_FKoMRVF9nkqSMJFtzH8htJX3
[2023-03-12T21:47:36.697+0000] {python.py:177} INFO - Done. Returned value was: None
[2023-03-12T21:47:36.709+0000] {taskinstance.py:1323} INFO - Marking task as SUCCESS. dag_id=Spotify_Data_ETL, task_id=AuthenticateAPI, execution_date=20230312T175823, start_date=20230312T214736, end_date=20230312T214736
[2023-03-12T21:47:36.764+0000] {local_task_job.py:208} INFO - Task exited with return code 0
[2023-03-12T21:47:36.786+0000] {taskinstance.py:2578} INFO - 1 downstream tasks scheduled from follow-on schedule check
