[2023-03-12T22:01:07.525+0000] {taskinstance.py:1083} INFO - Dependencies all met for <TaskInstance: Spotify_Data_ETL.AuthenticateAPI manual__2023-03-12T17:58:23.665842+00:00 [queued]>
[2023-03-12T22:01:07.530+0000] {taskinstance.py:1083} INFO - Dependencies all met for <TaskInstance: Spotify_Data_ETL.AuthenticateAPI manual__2023-03-12T17:58:23.665842+00:00 [queued]>
[2023-03-12T22:01:07.531+0000] {taskinstance.py:1279} INFO - 
--------------------------------------------------------------------------------
[2023-03-12T22:01:07.531+0000] {taskinstance.py:1280} INFO - Starting attempt 22 of 24
[2023-03-12T22:01:07.532+0000] {taskinstance.py:1281} INFO - 
--------------------------------------------------------------------------------
[2023-03-12T22:01:07.538+0000] {taskinstance.py:1300} INFO - Executing <Task(PythonOperator): AuthenticateAPI> on 2023-03-12 17:58:23.665842+00:00
[2023-03-12T22:01:07.543+0000] {standard_task_runner.py:55} INFO - Started process 433 to run task
[2023-03-12T22:01:07.546+0000] {standard_task_runner.py:82} INFO - Running: ['***', 'tasks', 'run', 'Spotify_Data_ETL', 'AuthenticateAPI', 'manual__2023-03-12T17:58:23.665842+00:00', '--job-id', '123', '--raw', '--subdir', 'DAGS_FOLDER/spotifydag.py', '--cfg-path', '/tmp/tmpagb6_z11']
[2023-03-12T22:01:07.546+0000] {standard_task_runner.py:83} INFO - Job 123: Subtask AuthenticateAPI
[2023-03-12T22:01:07.589+0000] {task_command.py:388} INFO - Running <TaskInstance: Spotify_Data_ETL.AuthenticateAPI manual__2023-03-12T17:58:23.665842+00:00 [running]> on host 83697a7176fb
[2023-03-12T22:01:07.626+0000] {taskinstance.py:1509} INFO - Exporting the following env vars:
AIRFLOW_CTX_DAG_OWNER=Ananta Moharana
AIRFLOW_CTX_DAG_ID=Spotify_Data_ETL
AIRFLOW_CTX_TASK_ID=AuthenticateAPI
AIRFLOW_CTX_EXECUTION_DATE=2023-03-12T17:58:23.665842+00:00
AIRFLOW_CTX_TRY_NUMBER=22
AIRFLOW_CTX_DAG_RUN_ID=manual__2023-03-12T17:58:23.665842+00:00
[2023-03-12T22:01:07.764+0000] {logging_mixin.py:137} INFO - BQBcBAPMbIUm85dsYYemuV4uVgUTxHWqKFE29rDkqBAnQA4ZznlA8M9acMAGAdpQ343c4xIfSLz2MN5pW9TkyoXg-FnKJPKlUm9Aqml-YTGLAI1_3tR3
[2023-03-12T22:01:07.777+0000] {python.py:177} INFO - Done. Returned value was: None
[2023-03-12T22:01:07.784+0000] {taskinstance.py:1323} INFO - Marking task as SUCCESS. dag_id=Spotify_Data_ETL, task_id=AuthenticateAPI, execution_date=20230312T175823, start_date=20230312T220107, end_date=20230312T220107
[2023-03-12T22:01:07.839+0000] {local_task_job.py:208} INFO - Task exited with return code 0
[2023-03-12T22:01:07.858+0000] {taskinstance.py:2578} INFO - 1 downstream tasks scheduled from follow-on schedule check
