[2023-03-12T18:01:30.553+0000] {taskinstance.py:1083} INFO - Dependencies all met for <TaskInstance: Spotify_Data_ETL.AuthenticateAPI manual__2023-03-12T17:58:23.665842+00:00 [queued]>
[2023-03-12T18:01:30.558+0000] {taskinstance.py:1083} INFO - Dependencies all met for <TaskInstance: Spotify_Data_ETL.AuthenticateAPI manual__2023-03-12T17:58:23.665842+00:00 [queued]>
[2023-03-12T18:01:30.558+0000] {taskinstance.py:1279} INFO - 
--------------------------------------------------------------------------------
[2023-03-12T18:01:30.558+0000] {taskinstance.py:1280} INFO - Starting attempt 2 of 4
[2023-03-12T18:01:30.559+0000] {taskinstance.py:1281} INFO - 
--------------------------------------------------------------------------------
[2023-03-12T18:01:30.565+0000] {taskinstance.py:1300} INFO - Executing <Task(PythonOperator): AuthenticateAPI> on 2023-03-12 17:58:23.665842+00:00
[2023-03-12T18:01:30.569+0000] {standard_task_runner.py:55} INFO - Started process 983 to run task
[2023-03-12T18:01:30.572+0000] {standard_task_runner.py:82} INFO - Running: ['***', 'tasks', 'run', 'Spotify_Data_ETL', 'AuthenticateAPI', 'manual__2023-03-12T17:58:23.665842+00:00', '--job-id', '53', '--raw', '--subdir', 'DAGS_FOLDER/spotifydag.py', '--cfg-path', '/tmp/tmpz60yd1mh']
[2023-03-12T18:01:30.573+0000] {standard_task_runner.py:83} INFO - Job 53: Subtask AuthenticateAPI
[2023-03-12T18:01:30.620+0000] {task_command.py:388} INFO - Running <TaskInstance: Spotify_Data_ETL.AuthenticateAPI manual__2023-03-12T17:58:23.665842+00:00 [running]> on host 7a5ad222a4d0
[2023-03-12T18:01:30.661+0000] {taskinstance.py:1509} INFO - Exporting the following env vars:
AIRFLOW_CTX_DAG_OWNER=Ananta Moharana
AIRFLOW_CTX_DAG_ID=Spotify_Data_ETL
AIRFLOW_CTX_TASK_ID=AuthenticateAPI
AIRFLOW_CTX_EXECUTION_DATE=2023-03-12T17:58:23.665842+00:00
AIRFLOW_CTX_TRY_NUMBER=2
AIRFLOW_CTX_DAG_RUN_ID=manual__2023-03-12T17:58:23.665842+00:00
[2023-03-12T18:01:30.776+0000] {logging_mixin.py:137} INFO - BQALoMR3plFmd5ASvCvpeTUGb7EsBbuhgCAa0glQZtNVMHxmqpNO5Tcd5F3fswFR6mtocN-jqubPbZfSOuwLmY5tfSPuA0__yJz-kYrskb3fDsqDPTfc
[2023-03-12T18:01:30.786+0000] {python.py:177} INFO - Done. Returned value was: None
[2023-03-12T18:01:30.794+0000] {taskinstance.py:1323} INFO - Marking task as SUCCESS. dag_id=Spotify_Data_ETL, task_id=AuthenticateAPI, execution_date=20230312T175823, start_date=20230312T180130, end_date=20230312T180130
[2023-03-12T18:01:30.824+0000] {local_task_job.py:208} INFO - Task exited with return code 0
[2023-03-12T18:01:30.843+0000] {taskinstance.py:2578} INFO - 1 downstream tasks scheduled from follow-on schedule check
