[2023-03-12T21:35:51.047+0000] {taskinstance.py:1083} INFO - Dependencies all met for <TaskInstance: Spotify_Data_ETL.AuthenticateAPI manual__2023-03-12T17:58:23.665842+00:00 [queued]>
[2023-03-12T21:35:51.053+0000] {taskinstance.py:1083} INFO - Dependencies all met for <TaskInstance: Spotify_Data_ETL.AuthenticateAPI manual__2023-03-12T17:58:23.665842+00:00 [queued]>
[2023-03-12T21:35:51.054+0000] {taskinstance.py:1279} INFO - 
--------------------------------------------------------------------------------
[2023-03-12T21:35:51.054+0000] {taskinstance.py:1280} INFO - Starting attempt 15 of 17
[2023-03-12T21:35:51.055+0000] {taskinstance.py:1281} INFO - 
--------------------------------------------------------------------------------
[2023-03-12T21:35:51.062+0000] {taskinstance.py:1300} INFO - Executing <Task(PythonOperator): AuthenticateAPI> on 2023-03-12 17:58:23.665842+00:00
[2023-03-12T21:35:51.067+0000] {standard_task_runner.py:55} INFO - Started process 132 to run task
[2023-03-12T21:35:51.071+0000] {standard_task_runner.py:82} INFO - Running: ['***', 'tasks', 'run', 'Spotify_Data_ETL', 'AuthenticateAPI', 'manual__2023-03-12T17:58:23.665842+00:00', '--job-id', '95', '--raw', '--subdir', 'DAGS_FOLDER/spotifydag.py', '--cfg-path', '/tmp/tmpy73afvbc']
[2023-03-12T21:35:51.071+0000] {standard_task_runner.py:83} INFO - Job 95: Subtask AuthenticateAPI
[2023-03-12T21:35:51.127+0000] {task_command.py:388} INFO - Running <TaskInstance: Spotify_Data_ETL.AuthenticateAPI manual__2023-03-12T17:58:23.665842+00:00 [running]> on host 39a9b14b4c18
[2023-03-12T21:35:51.169+0000] {taskinstance.py:1509} INFO - Exporting the following env vars:
AIRFLOW_CTX_DAG_OWNER=Ananta Moharana
AIRFLOW_CTX_DAG_ID=Spotify_Data_ETL
AIRFLOW_CTX_TASK_ID=AuthenticateAPI
AIRFLOW_CTX_EXECUTION_DATE=2023-03-12T17:58:23.665842+00:00
AIRFLOW_CTX_TRY_NUMBER=15
AIRFLOW_CTX_DAG_RUN_ID=manual__2023-03-12T17:58:23.665842+00:00
[2023-03-12T21:35:51.394+0000] {logging_mixin.py:137} INFO - BQCkD3BReMtvoqUHZMqhFUM_Mhv6gvhaK8gqxUWaQccpsod51UyhQan4dPuv0MQB8N4zmGougmcyOAbHArcR11DLj9FREOmkm4lUgCze1Vz4deqIPa_K
[2023-03-12T21:35:51.406+0000] {python.py:177} INFO - Done. Returned value was: None
[2023-03-12T21:35:51.414+0000] {taskinstance.py:1323} INFO - Marking task as SUCCESS. dag_id=Spotify_Data_ETL, task_id=AuthenticateAPI, execution_date=20230312T175823, start_date=20230312T213551, end_date=20230312T213551
[2023-03-12T21:35:51.445+0000] {local_task_job.py:208} INFO - Task exited with return code 0
[2023-03-12T21:35:51.466+0000] {taskinstance.py:2578} INFO - 1 downstream tasks scheduled from follow-on schedule check
