[2023-03-12T22:52:32.923+0000] {taskinstance.py:1083} INFO - Dependencies all met for <TaskInstance: Spotify_Data_ETL.AuthenticateAPI manual__2023-03-12T22:50:32.437761+00:00 [queued]>
[2023-03-12T22:52:32.928+0000] {taskinstance.py:1083} INFO - Dependencies all met for <TaskInstance: Spotify_Data_ETL.AuthenticateAPI manual__2023-03-12T22:50:32.437761+00:00 [queued]>
[2023-03-12T22:52:32.928+0000] {taskinstance.py:1279} INFO - 
--------------------------------------------------------------------------------
[2023-03-12T22:52:32.928+0000] {taskinstance.py:1280} INFO - Starting attempt 2 of 4
[2023-03-12T22:52:32.929+0000] {taskinstance.py:1281} INFO - 
--------------------------------------------------------------------------------
[2023-03-12T22:52:32.936+0000] {taskinstance.py:1300} INFO - Executing <Task(PythonOperator): AuthenticateAPI> on 2023-03-12 22:50:32.437761+00:00
[2023-03-12T22:52:32.940+0000] {standard_task_runner.py:55} INFO - Started process 317 to run task
[2023-03-12T22:52:32.943+0000] {standard_task_runner.py:82} INFO - Running: ['***', 'tasks', 'run', 'Spotify_Data_ETL', 'AuthenticateAPI', 'manual__2023-03-12T22:50:32.437761+00:00', '--job-id', '198', '--raw', '--subdir', 'DAGS_FOLDER/spotifydag.py', '--cfg-path', '/tmp/tmpqkri5int']
[2023-03-12T22:52:32.944+0000] {standard_task_runner.py:83} INFO - Job 198: Subtask AuthenticateAPI
[2023-03-12T22:52:32.989+0000] {task_command.py:388} INFO - Running <TaskInstance: Spotify_Data_ETL.AuthenticateAPI manual__2023-03-12T22:50:32.437761+00:00 [running]> on host e10f56557b6e
[2023-03-12T22:52:33.031+0000] {taskinstance.py:1509} INFO - Exporting the following env vars:
AIRFLOW_CTX_DAG_OWNER=Ananta Moharana
AIRFLOW_CTX_DAG_ID=Spotify_Data_ETL
AIRFLOW_CTX_TASK_ID=AuthenticateAPI
AIRFLOW_CTX_EXECUTION_DATE=2023-03-12T22:50:32.437761+00:00
AIRFLOW_CTX_TRY_NUMBER=2
AIRFLOW_CTX_DAG_RUN_ID=manual__2023-03-12T22:50:32.437761+00:00
[2023-03-12T22:52:33.181+0000] {logging_mixin.py:137} INFO - BQCEqkoGZwLQTuf3wGyrXIbqRCZZ-nQEz8UFRPCkArkFrSXsI9vlE9wTZIoo-7vWm4lu41xbhYH0fkBMM9ATWk0uo_vxQ78KYIUx3WSQPKUOy-AnirXp
[2023-03-12T22:52:33.191+0000] {python.py:177} INFO - Done. Returned value was: None
[2023-03-12T22:52:33.198+0000] {taskinstance.py:1323} INFO - Marking task as SUCCESS. dag_id=Spotify_Data_ETL, task_id=AuthenticateAPI, execution_date=20230312T225032, start_date=20230312T225232, end_date=20230312T225233
[2023-03-12T22:52:33.235+0000] {local_task_job.py:208} INFO - Task exited with return code 0
[2023-03-12T22:52:33.253+0000] {taskinstance.py:2578} INFO - 1 downstream tasks scheduled from follow-on schedule check
