[2023-03-21T19:30:05.365+0000] {taskinstance.py:1084} INFO - Dependencies all met for dep_context=non-requeueable deps ti=<TaskInstance: Spotify_Data_ETL.AuthenticateAPI manual__2023-03-21T19:30:03.674048+00:00 [queued]>
[2023-03-21T19:30:05.371+0000] {taskinstance.py:1084} INFO - Dependencies all met for dep_context=requeueable deps ti=<TaskInstance: Spotify_Data_ETL.AuthenticateAPI manual__2023-03-21T19:30:03.674048+00:00 [queued]>
[2023-03-21T19:30:05.371+0000] {taskinstance.py:1282} INFO - 
--------------------------------------------------------------------------------
[2023-03-21T19:30:05.372+0000] {taskinstance.py:1283} INFO - Starting attempt 1 of 3
[2023-03-21T19:30:05.372+0000] {taskinstance.py:1284} INFO - 
--------------------------------------------------------------------------------
[2023-03-21T19:30:05.379+0000] {taskinstance.py:1303} INFO - Executing <Task(PythonOperator): AuthenticateAPI> on 2023-03-21 19:30:03.674048+00:00
[2023-03-21T19:30:05.384+0000] {standard_task_runner.py:55} INFO - Started process 7543 to run task
[2023-03-21T19:30:05.390+0000] {standard_task_runner.py:82} INFO - Running: ['***', 'tasks', 'run', 'Spotify_Data_ETL', 'AuthenticateAPI', 'manual__2023-03-21T19:30:03.674048+00:00', '--job-id', '1943', '--raw', '--subdir', 'DAGS_FOLDER/spotifydag.py', '--cfg-path', '/tmp/tmpo7yg5i10']
[2023-03-21T19:30:05.391+0000] {standard_task_runner.py:83} INFO - Job 1943: Subtask AuthenticateAPI
[2023-03-21T19:30:05.442+0000] {task_command.py:388} INFO - Running <TaskInstance: Spotify_Data_ETL.AuthenticateAPI manual__2023-03-21T19:30:03.674048+00:00 [running]> on host 1fd7b08731f2
[2023-03-21T19:30:05.489+0000] {taskinstance.py:1511} INFO - Exporting the following env vars:
AIRFLOW_CTX_DAG_OWNER=Ananta Moharana
AIRFLOW_CTX_DAG_ID=Spotify_Data_ETL
AIRFLOW_CTX_TASK_ID=AuthenticateAPI
AIRFLOW_CTX_EXECUTION_DATE=2023-03-21T19:30:03.674048+00:00
AIRFLOW_CTX_TRY_NUMBER=1
AIRFLOW_CTX_DAG_RUN_ID=manual__2023-03-21T19:30:03.674048+00:00
[2023-03-21T19:30:05.588+0000] {logging_mixin.py:137} INFO - BQAj_ajlfLXWBrxLuqYBeJWPTQ5AyHocVuokgWNFmn3jrs1dX81Vfx_PRqqStiNObnBqdOxYHcYL80CFPymQDnqOh4rA_j3jhWYd4rPcIrrucEO2yZGL
[2023-03-21T19:30:05.602+0000] {python.py:177} INFO - Done. Returned value was: None
[2023-03-21T19:30:05.613+0000] {taskinstance.py:1326} INFO - Marking task as SUCCESS. dag_id=Spotify_Data_ETL, task_id=AuthenticateAPI, execution_date=20230321T193003, start_date=20230321T193005, end_date=20230321T193005
[2023-03-21T19:30:05.642+0000] {local_task_job.py:212} INFO - Task exited with return code 0
[2023-03-21T19:30:05.668+0000] {taskinstance.py:2585} INFO - 1 downstream tasks scheduled from follow-on schedule check
