[2023-03-15T22:28:09.605+0000] {taskinstance.py:1083} INFO - Dependencies all met for <TaskInstance: Spotify_Data_ETL.AuthenticateAPI manual__2023-03-14T22:41:08.560415+00:00 [queued]>
[2023-03-15T22:28:09.610+0000] {taskinstance.py:1083} INFO - Dependencies all met for <TaskInstance: Spotify_Data_ETL.AuthenticateAPI manual__2023-03-14T22:41:08.560415+00:00 [queued]>
[2023-03-15T22:28:09.611+0000] {taskinstance.py:1279} INFO - 
--------------------------------------------------------------------------------
[2023-03-15T22:28:09.611+0000] {taskinstance.py:1280} INFO - Starting attempt 16 of 18
[2023-03-15T22:28:09.611+0000] {taskinstance.py:1281} INFO - 
--------------------------------------------------------------------------------
[2023-03-15T22:28:09.618+0000] {taskinstance.py:1300} INFO - Executing <Task(PythonOperator): AuthenticateAPI> on 2023-03-14 22:41:08.560415+00:00
[2023-03-15T22:28:09.623+0000] {standard_task_runner.py:55} INFO - Started process 14177 to run task
[2023-03-15T22:28:09.626+0000] {standard_task_runner.py:82} INFO - Running: ['***', 'tasks', 'run', 'Spotify_Data_ETL', 'AuthenticateAPI', 'manual__2023-03-14T22:41:08.560415+00:00', '--job-id', '800', '--raw', '--subdir', 'DAGS_FOLDER/spotifydag.py', '--cfg-path', '/tmp/tmpncgkzt2u']
[2023-03-15T22:28:09.627+0000] {standard_task_runner.py:83} INFO - Job 800: Subtask AuthenticateAPI
[2023-03-15T22:28:09.672+0000] {task_command.py:388} INFO - Running <TaskInstance: Spotify_Data_ETL.AuthenticateAPI manual__2023-03-14T22:41:08.560415+00:00 [running]> on host af46459234d2
[2023-03-15T22:28:09.859+0000] {taskinstance.py:1509} INFO - Exporting the following env vars:
AIRFLOW_CTX_DAG_OWNER=Ananta Moharana
AIRFLOW_CTX_DAG_ID=Spotify_Data_ETL
AIRFLOW_CTX_TASK_ID=AuthenticateAPI
AIRFLOW_CTX_EXECUTION_DATE=2023-03-14T22:41:08.560415+00:00
AIRFLOW_CTX_TRY_NUMBER=16
AIRFLOW_CTX_DAG_RUN_ID=manual__2023-03-14T22:41:08.560415+00:00
[2023-03-15T22:28:10.060+0000] {logging_mixin.py:137} INFO - BQDecUDy3AX7mM_SUb2f7Ia29etEK3wPAY6XFa0RTjRbhG0MD4BSzo_w5ancSxRKWxFq-CIf9JQGqweRwXPichSOpXN41JwkkmJJCT2iheZsGwwMYhec
[2023-03-15T22:28:10.070+0000] {python.py:177} INFO - Done. Returned value was: None
[2023-03-15T22:28:10.077+0000] {taskinstance.py:1323} INFO - Marking task as SUCCESS. dag_id=Spotify_Data_ETL, task_id=AuthenticateAPI, execution_date=20230314T224108, start_date=20230315T222809, end_date=20230315T222810
[2023-03-15T22:28:10.128+0000] {local_task_job.py:208} INFO - Task exited with return code 0
[2023-03-15T22:28:10.147+0000] {taskinstance.py:2578} INFO - 1 downstream tasks scheduled from follow-on schedule check
