[2023-03-15T19:27:31.587+0000] {taskinstance.py:1083} INFO - Dependencies all met for <TaskInstance: Spotify_Data_ETL.AuthenticateAPI manual__2023-03-14T22:41:08.560415+00:00 [queued]>
[2023-03-15T19:27:31.592+0000] {taskinstance.py:1083} INFO - Dependencies all met for <TaskInstance: Spotify_Data_ETL.AuthenticateAPI manual__2023-03-14T22:41:08.560415+00:00 [queued]>
[2023-03-15T19:27:31.593+0000] {taskinstance.py:1279} INFO - 
--------------------------------------------------------------------------------
[2023-03-15T19:27:31.593+0000] {taskinstance.py:1280} INFO - Starting attempt 6 of 8
[2023-03-15T19:27:31.594+0000] {taskinstance.py:1281} INFO - 
--------------------------------------------------------------------------------
[2023-03-15T19:27:31.601+0000] {taskinstance.py:1300} INFO - Executing <Task(PythonOperator): AuthenticateAPI> on 2023-03-14 22:41:08.560415+00:00
[2023-03-15T19:27:31.606+0000] {standard_task_runner.py:55} INFO - Started process 1195 to run task
[2023-03-15T19:27:31.609+0000] {standard_task_runner.py:82} INFO - Running: ['***', 'tasks', 'run', 'Spotify_Data_ETL', 'AuthenticateAPI', 'manual__2023-03-14T22:41:08.560415+00:00', '--job-id', '682', '--raw', '--subdir', 'DAGS_FOLDER/spotifydag.py', '--cfg-path', '/tmp/tmp82rpk3wk']
[2023-03-15T19:27:31.610+0000] {standard_task_runner.py:83} INFO - Job 682: Subtask AuthenticateAPI
[2023-03-15T19:27:31.655+0000] {task_command.py:388} INFO - Running <TaskInstance: Spotify_Data_ETL.AuthenticateAPI manual__2023-03-14T22:41:08.560415+00:00 [running]> on host af46459234d2
[2023-03-15T19:27:31.894+0000] {taskinstance.py:1509} INFO - Exporting the following env vars:
AIRFLOW_CTX_DAG_OWNER=Ananta Moharana
AIRFLOW_CTX_DAG_ID=Spotify_Data_ETL
AIRFLOW_CTX_TASK_ID=AuthenticateAPI
AIRFLOW_CTX_EXECUTION_DATE=2023-03-14T22:41:08.560415+00:00
AIRFLOW_CTX_TRY_NUMBER=6
AIRFLOW_CTX_DAG_RUN_ID=manual__2023-03-14T22:41:08.560415+00:00
[2023-03-15T19:27:32.016+0000] {logging_mixin.py:137} INFO - BQCccmAoWHZq6u6WiD6h6Y8ynEE5izmFVGHFXiHDIdVUq5EP2drzVk_J_zltWeaD8vO-RtsgxFL0si9XAZJz8ojvULKF29I6l5BBjB_zIJNMP-vnMr4L
[2023-03-15T19:27:32.025+0000] {python.py:177} INFO - Done. Returned value was: None
[2023-03-15T19:27:32.033+0000] {taskinstance.py:1323} INFO - Marking task as SUCCESS. dag_id=Spotify_Data_ETL, task_id=AuthenticateAPI, execution_date=20230314T224108, start_date=20230315T192731, end_date=20230315T192732
[2023-03-15T19:27:32.063+0000] {local_task_job.py:208} INFO - Task exited with return code 0
[2023-03-15T19:27:32.086+0000] {taskinstance.py:2578} INFO - 1 downstream tasks scheduled from follow-on schedule check
