[2023-03-15T22:27:03.801+0000] {taskinstance.py:1083} INFO - Dependencies all met for <TaskInstance: Spotify_Data_ETL.AuthenticateAPI manual__2023-03-14T22:41:08.560415+00:00 [queued]>
[2023-03-15T22:27:03.807+0000] {taskinstance.py:1083} INFO - Dependencies all met for <TaskInstance: Spotify_Data_ETL.AuthenticateAPI manual__2023-03-14T22:41:08.560415+00:00 [queued]>
[2023-03-15T22:27:03.807+0000] {taskinstance.py:1279} INFO - 
--------------------------------------------------------------------------------
[2023-03-15T22:27:03.808+0000] {taskinstance.py:1280} INFO - Starting attempt 15 of 17
[2023-03-15T22:27:03.808+0000] {taskinstance.py:1281} INFO - 
--------------------------------------------------------------------------------
[2023-03-15T22:27:03.816+0000] {taskinstance.py:1300} INFO - Executing <Task(PythonOperator): AuthenticateAPI> on 2023-03-14 22:41:08.560415+00:00
[2023-03-15T22:27:03.822+0000] {standard_task_runner.py:55} INFO - Started process 14081 to run task
[2023-03-15T22:27:03.825+0000] {standard_task_runner.py:82} INFO - Running: ['***', 'tasks', 'run', 'Spotify_Data_ETL', 'AuthenticateAPI', 'manual__2023-03-14T22:41:08.560415+00:00', '--job-id', '794', '--raw', '--subdir', 'DAGS_FOLDER/spotifydag.py', '--cfg-path', '/tmp/tmpqbp8jixy']
[2023-03-15T22:27:03.826+0000] {standard_task_runner.py:83} INFO - Job 794: Subtask AuthenticateAPI
[2023-03-15T22:27:03.880+0000] {task_command.py:388} INFO - Running <TaskInstance: Spotify_Data_ETL.AuthenticateAPI manual__2023-03-14T22:41:08.560415+00:00 [running]> on host af46459234d2
[2023-03-15T22:27:04.104+0000] {taskinstance.py:1509} INFO - Exporting the following env vars:
AIRFLOW_CTX_DAG_OWNER=Ananta Moharana
AIRFLOW_CTX_DAG_ID=Spotify_Data_ETL
AIRFLOW_CTX_TASK_ID=AuthenticateAPI
AIRFLOW_CTX_EXECUTION_DATE=2023-03-14T22:41:08.560415+00:00
AIRFLOW_CTX_TRY_NUMBER=15
AIRFLOW_CTX_DAG_RUN_ID=manual__2023-03-14T22:41:08.560415+00:00
[2023-03-15T22:27:04.211+0000] {logging_mixin.py:137} INFO - BQBadEyghd0aye5hSIil3J6zQkGcY28swqDmllsB85zB61HUqMlJYQCWvjZdG36fpICBSOm7Zay8W8mxo--RkSJqCmZrWHCdLLPj9FK5AZAYNYX93T12
[2023-03-15T22:27:04.222+0000] {python.py:177} INFO - Done. Returned value was: None
[2023-03-15T22:27:04.229+0000] {taskinstance.py:1323} INFO - Marking task as SUCCESS. dag_id=Spotify_Data_ETL, task_id=AuthenticateAPI, execution_date=20230314T224108, start_date=20230315T222703, end_date=20230315T222704
[2023-03-15T22:27:04.291+0000] {local_task_job.py:208} INFO - Task exited with return code 0
[2023-03-15T22:27:04.314+0000] {taskinstance.py:2578} INFO - 1 downstream tasks scheduled from follow-on schedule check
