[2023-03-14T22:41:11.290+0000] {taskinstance.py:1083} INFO - Dependencies all met for <TaskInstance: Spotify_Data_ETL.AuthenticateAPI manual__2023-03-14T22:41:08.560415+00:00 [queued]>
[2023-03-14T22:41:11.295+0000] {taskinstance.py:1083} INFO - Dependencies all met for <TaskInstance: Spotify_Data_ETL.AuthenticateAPI manual__2023-03-14T22:41:08.560415+00:00 [queued]>
[2023-03-14T22:41:11.295+0000] {taskinstance.py:1279} INFO - 
--------------------------------------------------------------------------------
[2023-03-14T22:41:11.296+0000] {taskinstance.py:1280} INFO - Starting attempt 1 of 3
[2023-03-14T22:41:11.296+0000] {taskinstance.py:1281} INFO - 
--------------------------------------------------------------------------------
[2023-03-14T22:41:11.303+0000] {taskinstance.py:1300} INFO - Executing <Task(PythonOperator): AuthenticateAPI> on 2023-03-14 22:41:08.560415+00:00
[2023-03-14T22:41:11.308+0000] {standard_task_runner.py:55} INFO - Started process 93 to run task
[2023-03-14T22:41:11.311+0000] {standard_task_runner.py:82} INFO - Running: ['***', 'tasks', 'run', 'Spotify_Data_ETL', 'AuthenticateAPI', 'manual__2023-03-14T22:41:08.560415+00:00', '--job-id', '609', '--raw', '--subdir', 'DAGS_FOLDER/spotifydag.py', '--cfg-path', '/tmp/tmp5_xt_6go']
[2023-03-14T22:41:11.312+0000] {standard_task_runner.py:83} INFO - Job 609: Subtask AuthenticateAPI
[2023-03-14T22:41:11.354+0000] {task_command.py:388} INFO - Running <TaskInstance: Spotify_Data_ETL.AuthenticateAPI manual__2023-03-14T22:41:08.560415+00:00 [running]> on host 9cebcb3c5b96
[2023-03-14T22:41:11.586+0000] {taskinstance.py:1509} INFO - Exporting the following env vars:
AIRFLOW_CTX_DAG_OWNER=Ananta Moharana
AIRFLOW_CTX_DAG_ID=Spotify_Data_ETL
AIRFLOW_CTX_TASK_ID=AuthenticateAPI
AIRFLOW_CTX_EXECUTION_DATE=2023-03-14T22:41:08.560415+00:00
AIRFLOW_CTX_TRY_NUMBER=1
AIRFLOW_CTX_DAG_RUN_ID=manual__2023-03-14T22:41:08.560415+00:00
[2023-03-14T22:41:11.687+0000] {logging_mixin.py:137} INFO - BQBfm4mVsgQ84vi7vSvkPuK-2VGCVyicOmUawYztCxZ6CQlNVmWgcAJB2VA_-f_5jii10ahA-QvWjQyyvo1lahhT9wTWkP3WmCCFswpJfN68a5-Lr-sd
[2023-03-14T22:41:11.700+0000] {python.py:177} INFO - Done. Returned value was: None
[2023-03-14T22:41:11.708+0000] {taskinstance.py:1323} INFO - Marking task as SUCCESS. dag_id=Spotify_Data_ETL, task_id=AuthenticateAPI, execution_date=20230314T224108, start_date=20230314T224111, end_date=20230314T224111
[2023-03-14T22:41:11.765+0000] {local_task_job.py:208} INFO - Task exited with return code 0
[2023-03-14T22:41:11.905+0000] {taskinstance.py:2578} INFO - 1 downstream tasks scheduled from follow-on schedule check
