[2023-03-15T22:32:47.244+0000] {taskinstance.py:1083} INFO - Dependencies all met for <TaskInstance: Spotify_Data_ETL.AuthenticateAPI manual__2023-03-14T22:41:08.560415+00:00 [queued]>
[2023-03-15T22:32:47.249+0000] {taskinstance.py:1083} INFO - Dependencies all met for <TaskInstance: Spotify_Data_ETL.AuthenticateAPI manual__2023-03-14T22:41:08.560415+00:00 [queued]>
[2023-03-15T22:32:47.250+0000] {taskinstance.py:1279} INFO - 
--------------------------------------------------------------------------------
[2023-03-15T22:32:47.250+0000] {taskinstance.py:1280} INFO - Starting attempt 19 of 21
[2023-03-15T22:32:47.251+0000] {taskinstance.py:1281} INFO - 
--------------------------------------------------------------------------------
[2023-03-15T22:32:47.258+0000] {taskinstance.py:1300} INFO - Executing <Task(PythonOperator): AuthenticateAPI> on 2023-03-14 22:41:08.560415+00:00
[2023-03-15T22:32:47.262+0000] {standard_task_runner.py:55} INFO - Started process 14645 to run task
[2023-03-15T22:32:47.266+0000] {standard_task_runner.py:82} INFO - Running: ['***', 'tasks', 'run', 'Spotify_Data_ETL', 'AuthenticateAPI', 'manual__2023-03-14T22:41:08.560415+00:00', '--job-id', '836', '--raw', '--subdir', 'DAGS_FOLDER/spotifydag.py', '--cfg-path', '/tmp/tmp1rd74tgo']
[2023-03-15T22:32:47.266+0000] {standard_task_runner.py:83} INFO - Job 836: Subtask AuthenticateAPI
[2023-03-15T22:32:47.313+0000] {task_command.py:388} INFO - Running <TaskInstance: Spotify_Data_ETL.AuthenticateAPI manual__2023-03-14T22:41:08.560415+00:00 [running]> on host af46459234d2
[2023-03-15T22:32:47.564+0000] {taskinstance.py:1509} INFO - Exporting the following env vars:
AIRFLOW_CTX_DAG_OWNER=Ananta Moharana
AIRFLOW_CTX_DAG_ID=Spotify_Data_ETL
AIRFLOW_CTX_TASK_ID=AuthenticateAPI
AIRFLOW_CTX_EXECUTION_DATE=2023-03-14T22:41:08.560415+00:00
AIRFLOW_CTX_TRY_NUMBER=19
AIRFLOW_CTX_DAG_RUN_ID=manual__2023-03-14T22:41:08.560415+00:00
[2023-03-15T22:32:47.873+0000] {logging_mixin.py:137} INFO - BQCTMFGf-TGtE-JoFLNTxoCDxLlKxKknlHDmPWm4P12xZR8H4C7RJVW7VBqn_0XhGxZ-HnsZkoVBE8HoyCaEsERP5BMhSNOJFq7011QlW3yKSoiJZbk6
[2023-03-15T22:32:47.891+0000] {python.py:177} INFO - Done. Returned value was: None
[2023-03-15T22:32:47.902+0000] {taskinstance.py:1323} INFO - Marking task as SUCCESS. dag_id=Spotify_Data_ETL, task_id=AuthenticateAPI, execution_date=20230314T224108, start_date=20230315T223247, end_date=20230315T223247
[2023-03-15T22:32:47.974+0000] {local_task_job.py:208} INFO - Task exited with return code 0
[2023-03-15T22:32:47.995+0000] {taskinstance.py:2578} INFO - 1 downstream tasks scheduled from follow-on schedule check
