[2023-03-14T22:45:00.488+0000] {taskinstance.py:1083} INFO - Dependencies all met for <TaskInstance: Spotify_Data_ETL.AuthenticateAPI manual__2023-03-14T22:41:08.560415+00:00 [queued]>
[2023-03-14T22:45:00.492+0000] {taskinstance.py:1083} INFO - Dependencies all met for <TaskInstance: Spotify_Data_ETL.AuthenticateAPI manual__2023-03-14T22:41:08.560415+00:00 [queued]>
[2023-03-14T22:45:00.493+0000] {taskinstance.py:1279} INFO - 
--------------------------------------------------------------------------------
[2023-03-14T22:45:00.493+0000] {taskinstance.py:1280} INFO - Starting attempt 2 of 4
[2023-03-14T22:45:00.493+0000] {taskinstance.py:1281} INFO - 
--------------------------------------------------------------------------------
[2023-03-14T22:45:00.500+0000] {taskinstance.py:1300} INFO - Executing <Task(PythonOperator): AuthenticateAPI> on 2023-03-14 22:41:08.560415+00:00
[2023-03-14T22:45:00.504+0000] {standard_task_runner.py:55} INFO - Started process 424 to run task
[2023-03-14T22:45:00.507+0000] {standard_task_runner.py:82} INFO - Running: ['***', 'tasks', 'run', 'Spotify_Data_ETL', 'AuthenticateAPI', 'manual__2023-03-14T22:41:08.560415+00:00', '--job-id', '624', '--raw', '--subdir', 'DAGS_FOLDER/spotifydag.py', '--cfg-path', '/tmp/tmp87lyoz5a']
[2023-03-14T22:45:00.508+0000] {standard_task_runner.py:83} INFO - Job 624: Subtask AuthenticateAPI
[2023-03-14T22:45:00.548+0000] {task_command.py:388} INFO - Running <TaskInstance: Spotify_Data_ETL.AuthenticateAPI manual__2023-03-14T22:41:08.560415+00:00 [running]> on host 9cebcb3c5b96
[2023-03-14T22:45:00.786+0000] {taskinstance.py:1509} INFO - Exporting the following env vars:
AIRFLOW_CTX_DAG_OWNER=Ananta Moharana
AIRFLOW_CTX_DAG_ID=Spotify_Data_ETL
AIRFLOW_CTX_TASK_ID=AuthenticateAPI
AIRFLOW_CTX_EXECUTION_DATE=2023-03-14T22:41:08.560415+00:00
AIRFLOW_CTX_TRY_NUMBER=2
AIRFLOW_CTX_DAG_RUN_ID=manual__2023-03-14T22:41:08.560415+00:00
[2023-03-14T22:45:00.888+0000] {logging_mixin.py:137} INFO - BQAIXd7Y5lUhf8BOWgiI7h29wLQacSfEkvdDCngSwj6Vm4mQf4hLwWpksP4Jv6J16LFreAJ12s8UxPSuMMVdFV5LR9Ldn36tSh-i8y86DNk-tvxLZKhN
[2023-03-14T22:45:00.899+0000] {python.py:177} INFO - Done. Returned value was: None
[2023-03-14T22:45:00.907+0000] {taskinstance.py:1323} INFO - Marking task as SUCCESS. dag_id=Spotify_Data_ETL, task_id=AuthenticateAPI, execution_date=20230314T224108, start_date=20230314T224500, end_date=20230314T224500
[2023-03-14T22:45:00.972+0000] {local_task_job.py:208} INFO - Task exited with return code 0
[2023-03-14T22:45:00.993+0000] {taskinstance.py:2578} INFO - 1 downstream tasks scheduled from follow-on schedule check
