[2023-03-15T22:07:25.158+0000] {taskinstance.py:1083} INFO - Dependencies all met for <TaskInstance: Spotify_Data_ETL.AuthenticateAPI manual__2023-03-14T22:41:08.560415+00:00 [queued]>
[2023-03-15T22:07:25.164+0000] {taskinstance.py:1083} INFO - Dependencies all met for <TaskInstance: Spotify_Data_ETL.AuthenticateAPI manual__2023-03-14T22:41:08.560415+00:00 [queued]>
[2023-03-15T22:07:25.164+0000] {taskinstance.py:1279} INFO - 
--------------------------------------------------------------------------------
[2023-03-15T22:07:25.165+0000] {taskinstance.py:1280} INFO - Starting attempt 12 of 14
[2023-03-15T22:07:25.165+0000] {taskinstance.py:1281} INFO - 
--------------------------------------------------------------------------------
[2023-03-15T22:07:25.177+0000] {taskinstance.py:1300} INFO - Executing <Task(PythonOperator): AuthenticateAPI> on 2023-03-14 22:41:08.560415+00:00
[2023-03-15T22:07:25.183+0000] {standard_task_runner.py:55} INFO - Started process 12554 to run task
[2023-03-15T22:07:25.187+0000] {standard_task_runner.py:82} INFO - Running: ['***', 'tasks', 'run', 'Spotify_Data_ETL', 'AuthenticateAPI', 'manual__2023-03-14T22:41:08.560415+00:00', '--job-id', '758', '--raw', '--subdir', 'DAGS_FOLDER/spotifydag.py', '--cfg-path', '/tmp/tmp3lez6_kg']
[2023-03-15T22:07:25.188+0000] {standard_task_runner.py:83} INFO - Job 758: Subtask AuthenticateAPI
[2023-03-15T22:07:25.236+0000] {task_command.py:388} INFO - Running <TaskInstance: Spotify_Data_ETL.AuthenticateAPI manual__2023-03-14T22:41:08.560415+00:00 [running]> on host af46459234d2
[2023-03-15T22:07:25.521+0000] {taskinstance.py:1509} INFO - Exporting the following env vars:
AIRFLOW_CTX_DAG_OWNER=Ananta Moharana
AIRFLOW_CTX_DAG_ID=Spotify_Data_ETL
AIRFLOW_CTX_TASK_ID=AuthenticateAPI
AIRFLOW_CTX_EXECUTION_DATE=2023-03-14T22:41:08.560415+00:00
AIRFLOW_CTX_TRY_NUMBER=12
AIRFLOW_CTX_DAG_RUN_ID=manual__2023-03-14T22:41:08.560415+00:00
[2023-03-15T22:07:25.617+0000] {logging_mixin.py:137} INFO - BQAqLWVu2ieRss-lZy37HgYSjeFbFWRAqVf3FSmN2P_Vh4zZMPLvbr26I1RTgX-5UwqOH0wNWljLXyFIgRa5cgEEXZBOlqPVfF9kb4ZrHIizB1bEvg0J
[2023-03-15T22:07:25.631+0000] {python.py:177} INFO - Done. Returned value was: None
[2023-03-15T22:07:25.642+0000] {taskinstance.py:1323} INFO - Marking task as SUCCESS. dag_id=Spotify_Data_ETL, task_id=AuthenticateAPI, execution_date=20230314T224108, start_date=20230315T220725, end_date=20230315T220725
[2023-03-15T22:07:25.680+0000] {local_task_job.py:208} INFO - Task exited with return code 0
[2023-03-15T22:07:25.701+0000] {taskinstance.py:2578} INFO - 1 downstream tasks scheduled from follow-on schedule check
