[2023-03-15T19:17:06.776+0000] {taskinstance.py:1083} INFO - Dependencies all met for <TaskInstance: Spotify_Data_ETL.AuthenticateAPI manual__2023-03-14T22:41:08.560415+00:00 [queued]>
[2023-03-15T19:17:06.781+0000] {taskinstance.py:1083} INFO - Dependencies all met for <TaskInstance: Spotify_Data_ETL.AuthenticateAPI manual__2023-03-14T22:41:08.560415+00:00 [queued]>
[2023-03-15T19:17:06.782+0000] {taskinstance.py:1279} INFO - 
--------------------------------------------------------------------------------
[2023-03-15T19:17:06.782+0000] {taskinstance.py:1280} INFO - Starting attempt 4 of 6
[2023-03-15T19:17:06.783+0000] {taskinstance.py:1281} INFO - 
--------------------------------------------------------------------------------
[2023-03-15T19:17:06.790+0000] {taskinstance.py:1300} INFO - Executing <Task(PythonOperator): AuthenticateAPI> on 2023-03-14 22:41:08.560415+00:00
[2023-03-15T19:17:06.795+0000] {standard_task_runner.py:55} INFO - Started process 420 to run task
[2023-03-15T19:17:06.799+0000] {standard_task_runner.py:82} INFO - Running: ['***', 'tasks', 'run', 'Spotify_Data_ETL', 'AuthenticateAPI', 'manual__2023-03-14T22:41:08.560415+00:00', '--job-id', '669', '--raw', '--subdir', 'DAGS_FOLDER/spotifydag.py', '--cfg-path', '/tmp/tmpiyu895ym']
[2023-03-15T19:17:06.799+0000] {standard_task_runner.py:83} INFO - Job 669: Subtask AuthenticateAPI
[2023-03-15T19:17:06.847+0000] {task_command.py:388} INFO - Running <TaskInstance: Spotify_Data_ETL.AuthenticateAPI manual__2023-03-14T22:41:08.560415+00:00 [running]> on host af46459234d2
[2023-03-15T19:17:07.168+0000] {taskinstance.py:1509} INFO - Exporting the following env vars:
AIRFLOW_CTX_DAG_OWNER=Ananta Moharana
AIRFLOW_CTX_DAG_ID=Spotify_Data_ETL
AIRFLOW_CTX_TASK_ID=AuthenticateAPI
AIRFLOW_CTX_EXECUTION_DATE=2023-03-14T22:41:08.560415+00:00
AIRFLOW_CTX_TRY_NUMBER=4
AIRFLOW_CTX_DAG_RUN_ID=manual__2023-03-14T22:41:08.560415+00:00
[2023-03-15T19:17:07.573+0000] {logging_mixin.py:137} INFO - BQAp-9iFkovE6Nxr2Apqu9sY1MfFzap-7w7A9luy-8gNPWJL7W3xToY5FgtfsQ8Or7kqLNUYjrholzhIw5_g4FtL-EHpnuSBXX_xtRA_Fgvt8Wzsc1uR
[2023-03-15T19:17:07.584+0000] {python.py:177} INFO - Done. Returned value was: None
[2023-03-15T19:17:07.593+0000] {taskinstance.py:1323} INFO - Marking task as SUCCESS. dag_id=Spotify_Data_ETL, task_id=AuthenticateAPI, execution_date=20230314T224108, start_date=20230315T191706, end_date=20230315T191707
[2023-03-15T19:17:07.652+0000] {local_task_job.py:208} INFO - Task exited with return code 0
[2023-03-15T19:17:07.809+0000] {taskinstance.py:2578} INFO - 1 downstream tasks scheduled from follow-on schedule check
