[2023-03-14T22:58:26.616+0000] {taskinstance.py:1083} INFO - Dependencies all met for <TaskInstance: Spotify_Data_ETL.AuthenticateAPI manual__2023-03-14T22:41:08.560415+00:00 [queued]>
[2023-03-14T22:58:26.622+0000] {taskinstance.py:1083} INFO - Dependencies all met for <TaskInstance: Spotify_Data_ETL.AuthenticateAPI manual__2023-03-14T22:41:08.560415+00:00 [queued]>
[2023-03-14T22:58:26.622+0000] {taskinstance.py:1279} INFO - 
--------------------------------------------------------------------------------
[2023-03-14T22:58:26.623+0000] {taskinstance.py:1280} INFO - Starting attempt 3 of 5
[2023-03-14T22:58:26.623+0000] {taskinstance.py:1281} INFO - 
--------------------------------------------------------------------------------
[2023-03-14T22:58:26.629+0000] {taskinstance.py:1300} INFO - Executing <Task(PythonOperator): AuthenticateAPI> on 2023-03-14 22:41:08.560415+00:00
[2023-03-14T22:58:26.634+0000] {standard_task_runner.py:55} INFO - Started process 1470 to run task
[2023-03-14T22:58:26.637+0000] {standard_task_runner.py:82} INFO - Running: ['***', 'tasks', 'run', 'Spotify_Data_ETL', 'AuthenticateAPI', 'manual__2023-03-14T22:41:08.560415+00:00', '--job-id', '652', '--raw', '--subdir', 'DAGS_FOLDER/spotifydag.py', '--cfg-path', '/tmp/tmpjsppuvp4']
[2023-03-14T22:58:26.638+0000] {standard_task_runner.py:83} INFO - Job 652: Subtask AuthenticateAPI
[2023-03-14T22:58:26.680+0000] {task_command.py:388} INFO - Running <TaskInstance: Spotify_Data_ETL.AuthenticateAPI manual__2023-03-14T22:41:08.560415+00:00 [running]> on host 9cebcb3c5b96
[2023-03-14T22:58:26.949+0000] {taskinstance.py:1509} INFO - Exporting the following env vars:
AIRFLOW_CTX_DAG_OWNER=Ananta Moharana
AIRFLOW_CTX_DAG_ID=Spotify_Data_ETL
AIRFLOW_CTX_TASK_ID=AuthenticateAPI
AIRFLOW_CTX_EXECUTION_DATE=2023-03-14T22:41:08.560415+00:00
AIRFLOW_CTX_TRY_NUMBER=3
AIRFLOW_CTX_DAG_RUN_ID=manual__2023-03-14T22:41:08.560415+00:00
[2023-03-14T22:58:27.064+0000] {logging_mixin.py:137} INFO - BQCIm-hFXjGSlP_eshvXPA41JjqvaGY4kvoFDcsJoSQ6XU-6a23TtzLsIx4z8dtvHonWFXEBv5iaLkumtIaIkmv3VjwOpN3kJtskzJy6ciKcT47soVGH
[2023-03-14T22:58:27.077+0000] {python.py:177} INFO - Done. Returned value was: None
[2023-03-14T22:58:27.085+0000] {taskinstance.py:1323} INFO - Marking task as SUCCESS. dag_id=Spotify_Data_ETL, task_id=AuthenticateAPI, execution_date=20230314T224108, start_date=20230314T225826, end_date=20230314T225827
[2023-03-14T22:58:27.149+0000] {local_task_job.py:208} INFO - Task exited with return code 0
[2023-03-14T22:58:27.172+0000] {taskinstance.py:2578} INFO - 1 downstream tasks scheduled from follow-on schedule check
