[2023-03-15T22:29:55.570+0000] {taskinstance.py:1083} INFO - Dependencies all met for <TaskInstance: Spotify_Data_ETL.AuthenticateAPI manual__2023-03-14T22:41:08.560415+00:00 [queued]>
[2023-03-15T22:29:55.574+0000] {taskinstance.py:1083} INFO - Dependencies all met for <TaskInstance: Spotify_Data_ETL.AuthenticateAPI manual__2023-03-14T22:41:08.560415+00:00 [queued]>
[2023-03-15T22:29:55.575+0000] {taskinstance.py:1279} INFO - 
--------------------------------------------------------------------------------
[2023-03-15T22:29:55.575+0000] {taskinstance.py:1280} INFO - Starting attempt 18 of 20
[2023-03-15T22:29:55.576+0000] {taskinstance.py:1281} INFO - 
--------------------------------------------------------------------------------
[2023-03-15T22:29:55.582+0000] {taskinstance.py:1300} INFO - Executing <Task(PythonOperator): AuthenticateAPI> on 2023-03-14 22:41:08.560415+00:00
[2023-03-15T22:29:55.587+0000] {standard_task_runner.py:55} INFO - Started process 14389 to run task
[2023-03-15T22:29:55.590+0000] {standard_task_runner.py:82} INFO - Running: ['***', 'tasks', 'run', 'Spotify_Data_ETL', 'AuthenticateAPI', 'manual__2023-03-14T22:41:08.560415+00:00', '--job-id', '824', '--raw', '--subdir', 'DAGS_FOLDER/spotifydag.py', '--cfg-path', '/tmp/tmpm445zkqh']
[2023-03-15T22:29:55.591+0000] {standard_task_runner.py:83} INFO - Job 824: Subtask AuthenticateAPI
[2023-03-15T22:29:55.631+0000] {task_command.py:388} INFO - Running <TaskInstance: Spotify_Data_ETL.AuthenticateAPI manual__2023-03-14T22:41:08.560415+00:00 [running]> on host af46459234d2
[2023-03-15T22:29:55.853+0000] {taskinstance.py:1509} INFO - Exporting the following env vars:
AIRFLOW_CTX_DAG_OWNER=Ananta Moharana
AIRFLOW_CTX_DAG_ID=Spotify_Data_ETL
AIRFLOW_CTX_TASK_ID=AuthenticateAPI
AIRFLOW_CTX_EXECUTION_DATE=2023-03-14T22:41:08.560415+00:00
AIRFLOW_CTX_TRY_NUMBER=18
AIRFLOW_CTX_DAG_RUN_ID=manual__2023-03-14T22:41:08.560415+00:00
[2023-03-15T22:29:55.950+0000] {logging_mixin.py:137} INFO - BQDQ3Aajl09NnaZanFY4WGr-Z6sGvB0cZ9rFwzVAiw19sHfNgpg94M5na161gg5AnddF8f-FeQWRQLc4-UJSSm6mGFPUStAMML9euy8BotGt0KL9EVMg
[2023-03-15T22:29:55.960+0000] {python.py:177} INFO - Done. Returned value was: None
[2023-03-15T22:29:55.967+0000] {taskinstance.py:1323} INFO - Marking task as SUCCESS. dag_id=Spotify_Data_ETL, task_id=AuthenticateAPI, execution_date=20230314T224108, start_date=20230315T222955, end_date=20230315T222955
[2023-03-15T22:29:56.015+0000] {local_task_job.py:208} INFO - Task exited with return code 0
[2023-03-15T22:29:56.036+0000] {taskinstance.py:2578} INFO - 1 downstream tasks scheduled from follow-on schedule check
