[2023-03-15T22:21:24.097+0000] {taskinstance.py:1083} INFO - Dependencies all met for <TaskInstance: Spotify_Data_ETL.AuthenticateAPI manual__2023-03-14T22:41:08.560415+00:00 [queued]>
[2023-03-15T22:21:24.101+0000] {taskinstance.py:1083} INFO - Dependencies all met for <TaskInstance: Spotify_Data_ETL.AuthenticateAPI manual__2023-03-14T22:41:08.560415+00:00 [queued]>
[2023-03-15T22:21:24.102+0000] {taskinstance.py:1279} INFO - 
--------------------------------------------------------------------------------
[2023-03-15T22:21:24.102+0000] {taskinstance.py:1280} INFO - Starting attempt 14 of 16
[2023-03-15T22:21:24.103+0000] {taskinstance.py:1281} INFO - 
--------------------------------------------------------------------------------
[2023-03-15T22:21:24.109+0000] {taskinstance.py:1300} INFO - Executing <Task(PythonOperator): AuthenticateAPI> on 2023-03-14 22:41:08.560415+00:00
[2023-03-15T22:21:24.115+0000] {standard_task_runner.py:55} INFO - Started process 13628 to run task
[2023-03-15T22:21:24.117+0000] {standard_task_runner.py:82} INFO - Running: ['***', 'tasks', 'run', 'Spotify_Data_ETL', 'AuthenticateAPI', 'manual__2023-03-14T22:41:08.560415+00:00', '--job-id', '782', '--raw', '--subdir', 'DAGS_FOLDER/spotifydag.py', '--cfg-path', '/tmp/tmpoz5ycsz5']
[2023-03-15T22:21:24.118+0000] {standard_task_runner.py:83} INFO - Job 782: Subtask AuthenticateAPI
[2023-03-15T22:21:24.160+0000] {task_command.py:388} INFO - Running <TaskInstance: Spotify_Data_ETL.AuthenticateAPI manual__2023-03-14T22:41:08.560415+00:00 [running]> on host af46459234d2
[2023-03-15T22:21:24.392+0000] {taskinstance.py:1509} INFO - Exporting the following env vars:
AIRFLOW_CTX_DAG_OWNER=Ananta Moharana
AIRFLOW_CTX_DAG_ID=Spotify_Data_ETL
AIRFLOW_CTX_TASK_ID=AuthenticateAPI
AIRFLOW_CTX_EXECUTION_DATE=2023-03-14T22:41:08.560415+00:00
AIRFLOW_CTX_TRY_NUMBER=14
AIRFLOW_CTX_DAG_RUN_ID=manual__2023-03-14T22:41:08.560415+00:00
[2023-03-15T22:21:24.491+0000] {logging_mixin.py:137} INFO - BQBtk3DHi6r_fjlwoOD7VoF_uvqaV-mNVaFcdatRjfcb34RNpsAvR42dg82C9bop79egWDt02GVDYwrsAP0n2r6NxilPrbPh9EOBb4TTn8DM2aAVw1AU
[2023-03-15T22:21:24.503+0000] {python.py:177} INFO - Done. Returned value was: None
[2023-03-15T22:21:24.511+0000] {taskinstance.py:1323} INFO - Marking task as SUCCESS. dag_id=Spotify_Data_ETL, task_id=AuthenticateAPI, execution_date=20230314T224108, start_date=20230315T222124, end_date=20230315T222124
[2023-03-15T22:21:24.575+0000] {local_task_job.py:208} INFO - Task exited with return code 0
[2023-03-15T22:21:24.595+0000] {taskinstance.py:2578} INFO - 1 downstream tasks scheduled from follow-on schedule check
