[2023-03-15T20:57:08.343+0000] {taskinstance.py:1083} INFO - Dependencies all met for <TaskInstance: Spotify_Data_ETL.AuthenticateAPI manual__2023-03-14T22:41:08.560415+00:00 [queued]>
[2023-03-15T20:57:08.347+0000] {taskinstance.py:1083} INFO - Dependencies all met for <TaskInstance: Spotify_Data_ETL.AuthenticateAPI manual__2023-03-14T22:41:08.560415+00:00 [queued]>
[2023-03-15T20:57:08.348+0000] {taskinstance.py:1279} INFO - 
--------------------------------------------------------------------------------
[2023-03-15T20:57:08.348+0000] {taskinstance.py:1280} INFO - Starting attempt 11 of 13
[2023-03-15T20:57:08.349+0000] {taskinstance.py:1281} INFO - 
--------------------------------------------------------------------------------
[2023-03-15T20:57:08.355+0000] {taskinstance.py:1300} INFO - Executing <Task(PythonOperator): AuthenticateAPI> on 2023-03-14 22:41:08.560415+00:00
[2023-03-15T20:57:08.360+0000] {standard_task_runner.py:55} INFO - Started process 7677 to run task
[2023-03-15T20:57:08.364+0000] {standard_task_runner.py:82} INFO - Running: ['***', 'tasks', 'run', 'Spotify_Data_ETL', 'AuthenticateAPI', 'manual__2023-03-14T22:41:08.560415+00:00', '--job-id', '745', '--raw', '--subdir', 'DAGS_FOLDER/spotifydag.py', '--cfg-path', '/tmp/tmpp0gdnm_q']
[2023-03-15T20:57:08.365+0000] {standard_task_runner.py:83} INFO - Job 745: Subtask AuthenticateAPI
[2023-03-15T20:57:08.409+0000] {task_command.py:388} INFO - Running <TaskInstance: Spotify_Data_ETL.AuthenticateAPI manual__2023-03-14T22:41:08.560415+00:00 [running]> on host af46459234d2
[2023-03-15T20:57:08.671+0000] {taskinstance.py:1509} INFO - Exporting the following env vars:
AIRFLOW_CTX_DAG_OWNER=Ananta Moharana
AIRFLOW_CTX_DAG_ID=Spotify_Data_ETL
AIRFLOW_CTX_TASK_ID=AuthenticateAPI
AIRFLOW_CTX_EXECUTION_DATE=2023-03-14T22:41:08.560415+00:00
AIRFLOW_CTX_TRY_NUMBER=11
AIRFLOW_CTX_DAG_RUN_ID=manual__2023-03-14T22:41:08.560415+00:00
[2023-03-15T20:57:08.774+0000] {logging_mixin.py:137} INFO - BQC8feKvHtl6dacgcgYSpjrd4ejOXK_5VoQBtB8ukOm4GcZaJzrOK9-3zv3TA7LYF0WhTHdVHCvuAxfY_FoNYT_OU0Cpdiw5SOwfll71ZxlS3OgTI5HV
[2023-03-15T20:57:08.788+0000] {python.py:177} INFO - Done. Returned value was: None
[2023-03-15T20:57:08.796+0000] {taskinstance.py:1323} INFO - Marking task as SUCCESS. dag_id=Spotify_Data_ETL, task_id=AuthenticateAPI, execution_date=20230314T224108, start_date=20230315T205708, end_date=20230315T205708
[2023-03-15T20:57:08.865+0000] {local_task_job.py:208} INFO - Task exited with return code 0
[2023-03-15T20:57:08.889+0000] {taskinstance.py:2578} INFO - 1 downstream tasks scheduled from follow-on schedule check
