[2023-03-14T04:46:06.605+0000] {taskinstance.py:1083} INFO - Dependencies all met for <TaskInstance: Spotify_Data_ETL.AuthenticateAPI manual__2023-03-14T04:46:04.224243+00:00 [queued]>
[2023-03-14T04:46:06.610+0000] {taskinstance.py:1083} INFO - Dependencies all met for <TaskInstance: Spotify_Data_ETL.AuthenticateAPI manual__2023-03-14T04:46:04.224243+00:00 [queued]>
[2023-03-14T04:46:06.610+0000] {taskinstance.py:1279} INFO - 
--------------------------------------------------------------------------------
[2023-03-14T04:46:06.611+0000] {taskinstance.py:1280} INFO - Starting attempt 1 of 3
[2023-03-14T04:46:06.611+0000] {taskinstance.py:1281} INFO - 
--------------------------------------------------------------------------------
[2023-03-14T04:46:06.618+0000] {taskinstance.py:1300} INFO - Executing <Task(PythonOperator): AuthenticateAPI> on 2023-03-14 04:46:04.224243+00:00
[2023-03-14T04:46:06.623+0000] {standard_task_runner.py:55} INFO - Started process 147 to run task
[2023-03-14T04:46:06.626+0000] {standard_task_runner.py:82} INFO - Running: ['***', 'tasks', 'run', 'Spotify_Data_ETL', 'AuthenticateAPI', 'manual__2023-03-14T04:46:04.224243+00:00', '--job-id', '520', '--raw', '--subdir', 'DAGS_FOLDER/spotifydag.py', '--cfg-path', '/tmp/tmpduocjj3q']
[2023-03-14T04:46:06.627+0000] {standard_task_runner.py:83} INFO - Job 520: Subtask AuthenticateAPI
[2023-03-14T04:46:06.675+0000] {task_command.py:388} INFO - Running <TaskInstance: Spotify_Data_ETL.AuthenticateAPI manual__2023-03-14T04:46:04.224243+00:00 [running]> on host f1a61db33278
[2023-03-14T04:46:06.859+0000] {taskinstance.py:1509} INFO - Exporting the following env vars:
AIRFLOW_CTX_DAG_OWNER=Ananta Moharana
AIRFLOW_CTX_DAG_ID=Spotify_Data_ETL
AIRFLOW_CTX_TASK_ID=AuthenticateAPI
AIRFLOW_CTX_EXECUTION_DATE=2023-03-14T04:46:04.224243+00:00
AIRFLOW_CTX_TRY_NUMBER=1
AIRFLOW_CTX_DAG_RUN_ID=manual__2023-03-14T04:46:04.224243+00:00
[2023-03-14T04:46:07.172+0000] {logging_mixin.py:137} INFO - BQAldSc5D8xzdJxg5oDs3izVc0RV0AzYUSJcrnlJFTmYxDngrnFh9A7uga_SC2SiTEJeyxmLMzbWYRM2A1xZNmfaXyp912Wo0_eYwCVNuHo9bysVtug-
[2023-03-14T04:46:07.184+0000] {python.py:177} INFO - Done. Returned value was: None
[2023-03-14T04:46:07.192+0000] {taskinstance.py:1323} INFO - Marking task as SUCCESS. dag_id=Spotify_Data_ETL, task_id=AuthenticateAPI, execution_date=20230314T044604, start_date=20230314T044606, end_date=20230314T044607
[2023-03-14T04:46:07.254+0000] {local_task_job.py:208} INFO - Task exited with return code 0
[2023-03-14T04:46:07.390+0000] {taskinstance.py:2578} INFO - 1 downstream tasks scheduled from follow-on schedule check
