[2023-03-11T23:26:30.349+0000] {taskinstance.py:1083} INFO - Dependencies all met for <TaskInstance: Spotify_Data_ETL.GetSongsFromPlaylist manual__2023-03-11T23:26:27.607616+00:00 [queued]>
[2023-03-11T23:26:30.353+0000] {taskinstance.py:1083} INFO - Dependencies all met for <TaskInstance: Spotify_Data_ETL.GetSongsFromPlaylist manual__2023-03-11T23:26:27.607616+00:00 [queued]>
[2023-03-11T23:26:30.354+0000] {taskinstance.py:1279} INFO - 
--------------------------------------------------------------------------------
[2023-03-11T23:26:30.354+0000] {taskinstance.py:1280} INFO - Starting attempt 1 of 3
[2023-03-11T23:26:30.355+0000] {taskinstance.py:1281} INFO - 
--------------------------------------------------------------------------------
[2023-03-11T23:26:30.361+0000] {taskinstance.py:1300} INFO - Executing <Task(PythonOperator): GetSongsFromPlaylist> on 2023-03-11 23:26:27.607616+00:00
[2023-03-11T23:26:30.366+0000] {standard_task_runner.py:55} INFO - Started process 871 to run task
[2023-03-11T23:26:30.369+0000] {standard_task_runner.py:82} INFO - Running: ['***', 'tasks', 'run', 'Spotify_Data_ETL', 'GetSongsFromPlaylist', 'manual__2023-03-11T23:26:27.607616+00:00', '--job-id', '37', '--raw', '--subdir', 'DAGS_FOLDER/spotifydag.py', '--cfg-path', '/tmp/tmpsgmn3gvp']
[2023-03-11T23:26:30.369+0000] {standard_task_runner.py:83} INFO - Job 37: Subtask GetSongsFromPlaylist
[2023-03-11T23:26:30.413+0000] {task_command.py:388} INFO - Running <TaskInstance: Spotify_Data_ETL.GetSongsFromPlaylist manual__2023-03-11T23:26:27.607616+00:00 [running]> on host 4fa3b0adb91e
[2023-03-11T23:26:30.451+0000] {taskinstance.py:1509} INFO - Exporting the following env vars:
AIRFLOW_CTX_DAG_OWNER=Ananta Moharana
AIRFLOW_CTX_DAG_ID=Spotify_Data_ETL
AIRFLOW_CTX_TASK_ID=GetSongsFromPlaylist
AIRFLOW_CTX_EXECUTION_DATE=2023-03-11T23:26:27.607616+00:00
AIRFLOW_CTX_TRY_NUMBER=1
AIRFLOW_CTX_DAG_RUN_ID=manual__2023-03-11T23:26:27.607616+00:00
[2023-03-11T23:26:30.998+0000] {python.py:177} INFO - Done. Returned value was: None
[2023-03-11T23:26:31.009+0000] {taskinstance.py:1323} INFO - Marking task as SUCCESS. dag_id=Spotify_Data_ETL, task_id=GetSongsFromPlaylist, execution_date=20230311T232627, start_date=20230311T232630, end_date=20230311T232631
[2023-03-11T23:26:31.045+0000] {local_task_job.py:208} INFO - Task exited with return code 0
[2023-03-11T23:26:31.058+0000] {taskinstance.py:2578} INFO - 0 downstream tasks scheduled from follow-on schedule check
