[2023-03-15T22:29:12.553+0000] {taskinstance.py:1083} INFO - Dependencies all met for <TaskInstance: Spotify_Data_ETL.ArtistGenreBridgeToS3 manual__2023-03-14T22:41:08.560415+00:00 [queued]>
[2023-03-15T22:29:12.565+0000] {taskinstance.py:1083} INFO - Dependencies all met for <TaskInstance: Spotify_Data_ETL.ArtistGenreBridgeToS3 manual__2023-03-14T22:41:08.560415+00:00 [queued]>
[2023-03-15T22:29:12.565+0000] {taskinstance.py:1279} INFO - 
--------------------------------------------------------------------------------
[2023-03-15T22:29:12.568+0000] {taskinstance.py:1280} INFO - Starting attempt 14 of 16
[2023-03-15T22:29:12.569+0000] {taskinstance.py:1281} INFO - 
--------------------------------------------------------------------------------
[2023-03-15T22:29:12.588+0000] {taskinstance.py:1300} INFO - Executing <Task(PythonOperator): ArtistGenreBridgeToS3> on 2023-03-14 22:41:08.560415+00:00
[2023-03-15T22:29:12.593+0000] {standard_task_runner.py:55} INFO - Started process 14325 to run task
[2023-03-15T22:29:12.609+0000] {standard_task_runner.py:82} INFO - Running: ['***', 'tasks', 'run', 'Spotify_Data_ETL', 'ArtistGenreBridgeToS3', 'manual__2023-03-14T22:41:08.560415+00:00', '--job-id', '819', '--raw', '--subdir', 'DAGS_FOLDER/spotifydag.py', '--cfg-path', '/tmp/tmp8sfqp2o4']
[2023-03-15T22:29:12.610+0000] {standard_task_runner.py:83} INFO - Job 819: Subtask ArtistGenreBridgeToS3
[2023-03-15T22:29:12.692+0000] {task_command.py:388} INFO - Running <TaskInstance: Spotify_Data_ETL.ArtistGenreBridgeToS3 manual__2023-03-14T22:41:08.560415+00:00 [running]> on host af46459234d2
[2023-03-15T22:29:13.280+0000] {taskinstance.py:1509} INFO - Exporting the following env vars:
AIRFLOW_CTX_DAG_OWNER=Ananta Moharana
AIRFLOW_CTX_DAG_ID=Spotify_Data_ETL
AIRFLOW_CTX_TASK_ID=ArtistGenreBridgeToS3
AIRFLOW_CTX_EXECUTION_DATE=2023-03-14T22:41:08.560415+00:00
AIRFLOW_CTX_TRY_NUMBER=14
AIRFLOW_CTX_DAG_RUN_ID=manual__2023-03-14T22:41:08.560415+00:00
[2023-03-15T22:29:13.299+0000] {base.py:73} INFO - Using connection ID 'aws_connection' for task execution.
[2023-03-15T22:29:13.301+0000] {connection_wrapper.py:334} INFO - AWS Connection (conn_id='aws_connection', conn_type='aws') credentials retrieved from login and password.
[2023-03-15T22:29:13.964+0000] {python.py:177} INFO - Done. Returned value was: None
[2023-03-15T22:29:13.975+0000] {taskinstance.py:1323} INFO - Marking task as SUCCESS. dag_id=Spotify_Data_ETL, task_id=ArtistGenreBridgeToS3, execution_date=20230314T224108, start_date=20230315T222912, end_date=20230315T222913
[2023-03-15T22:29:14.054+0000] {local_task_job.py:208} INFO - Task exited with return code 0
[2023-03-15T22:29:14.072+0000] {taskinstance.py:2578} INFO - 0 downstream tasks scheduled from follow-on schedule check
