[2023-03-21T21:08:17.934+0000] {taskinstance.py:1084} INFO - Dependencies all met for dep_context=non-requeueable deps ti=<TaskInstance: Spotify_Data_ETL.TransformData manual__2023-03-21T19:43:28.798625+00:00 [queued]>
[2023-03-21T21:08:17.939+0000] {taskinstance.py:1084} INFO - Dependencies all met for dep_context=requeueable deps ti=<TaskInstance: Spotify_Data_ETL.TransformData manual__2023-03-21T19:43:28.798625+00:00 [queued]>
[2023-03-21T21:08:17.939+0000] {taskinstance.py:1282} INFO - 
--------------------------------------------------------------------------------
[2023-03-21T21:08:17.940+0000] {taskinstance.py:1283} INFO - Starting attempt 5 of 7
[2023-03-21T21:08:17.940+0000] {taskinstance.py:1284} INFO - 
--------------------------------------------------------------------------------
[2023-03-21T21:08:17.947+0000] {taskinstance.py:1303} INFO - Executing <Task(PythonOperator): TransformData> on 2023-03-21 19:43:28.798625+00:00
[2023-03-21T21:08:17.952+0000] {standard_task_runner.py:55} INFO - Started process 14069 to run task
[2023-03-21T21:08:17.956+0000] {standard_task_runner.py:82} INFO - Running: ['***', 'tasks', 'run', 'Spotify_Data_ETL', 'TransformData', 'manual__2023-03-21T19:43:28.798625+00:00', '--job-id', '2096', '--raw', '--subdir', 'DAGS_FOLDER/spotifydag.py', '--cfg-path', '/tmp/tmpwhmlnan3']
[2023-03-21T21:08:17.956+0000] {standard_task_runner.py:83} INFO - Job 2096: Subtask TransformData
[2023-03-21T21:08:18.003+0000] {task_command.py:388} INFO - Running <TaskInstance: Spotify_Data_ETL.TransformData manual__2023-03-21T19:43:28.798625+00:00 [running]> on host 1fd7b08731f2
[2023-03-21T21:08:18.047+0000] {taskinstance.py:1511} INFO - Exporting the following env vars:
AIRFLOW_CTX_DAG_OWNER=Ananta Moharana
AIRFLOW_CTX_DAG_ID=Spotify_Data_ETL
AIRFLOW_CTX_TASK_ID=TransformData
AIRFLOW_CTX_EXECUTION_DATE=2023-03-21T19:43:28.798625+00:00
AIRFLOW_CTX_TRY_NUMBER=5
AIRFLOW_CTX_DAG_RUN_ID=manual__2023-03-21T19:43:28.798625+00:00
[2023-03-21T21:08:18.081+0000] {warnings.py:110} WARNING - /opt/***/dags/src/transform.py:29: SettingWithCopyWarning: 
A value is trying to be set on a copy of a slice from a DataFrame.
Try using .loc[row_indexer,col_indexer] = value instead

See the caveats in the documentation: https://pandas.pydata.org/pandas-docs/stable/user_guide/indexing.html#returning-a-view-versus-a-copy
  song_fact['date']=today

[2023-03-21T21:08:18.083+0000] {warnings.py:110} WARNING - /home/***/.local/lib/python3.7/site-packages/pandas/util/_decorators.py:311: SettingWithCopyWarning: 
A value is trying to be set on a copy of a slice from a DataFrame

See the caveats in the documentation: https://pandas.pydata.org/pandas-docs/stable/user_guide/indexing.html#returning-a-view-versus-a-copy
  return func(*args, **kwargs)

[2023-03-21T21:08:18.138+0000] {python.py:177} INFO - Done. Returned value was: None
[2023-03-21T21:08:18.145+0000] {taskinstance.py:1326} INFO - Marking task as SUCCESS. dag_id=Spotify_Data_ETL, task_id=TransformData, execution_date=20230321T194328, start_date=20230321T210817, end_date=20230321T210818
[2023-03-21T21:08:18.168+0000] {local_task_job.py:212} INFO - Task exited with return code 0
[2023-03-21T21:08:18.192+0000] {taskinstance.py:2585} INFO - 6 downstream tasks scheduled from follow-on schedule check
