[2023-03-15T22:33:00.425+0000] {taskinstance.py:1083} INFO - Dependencies all met for <TaskInstance: Spotify_Data_ETL.TransformData manual__2023-03-14T22:41:08.560415+00:00 [queued]>
[2023-03-15T22:33:00.430+0000] {taskinstance.py:1083} INFO - Dependencies all met for <TaskInstance: Spotify_Data_ETL.TransformData manual__2023-03-14T22:41:08.560415+00:00 [queued]>
[2023-03-15T22:33:00.431+0000] {taskinstance.py:1279} INFO - 
--------------------------------------------------------------------------------
[2023-03-15T22:33:00.431+0000] {taskinstance.py:1280} INFO - Starting attempt 25 of 27
[2023-03-15T22:33:00.432+0000] {taskinstance.py:1281} INFO - 
--------------------------------------------------------------------------------
[2023-03-15T22:33:00.439+0000] {taskinstance.py:1300} INFO - Executing <Task(PythonOperator): TransformData> on 2023-03-14 22:41:08.560415+00:00
[2023-03-15T22:33:00.444+0000] {standard_task_runner.py:55} INFO - Started process 14670 to run task
[2023-03-15T22:33:00.447+0000] {standard_task_runner.py:82} INFO - Running: ['***', 'tasks', 'run', 'Spotify_Data_ETL', 'TransformData', 'manual__2023-03-14T22:41:08.560415+00:00', '--job-id', '840', '--raw', '--subdir', 'DAGS_FOLDER/spotifydag.py', '--cfg-path', '/tmp/tmpaa9ykjnw']
[2023-03-15T22:33:00.448+0000] {standard_task_runner.py:83} INFO - Job 840: Subtask TransformData
[2023-03-15T22:33:00.496+0000] {task_command.py:388} INFO - Running <TaskInstance: Spotify_Data_ETL.TransformData manual__2023-03-14T22:41:08.560415+00:00 [running]> on host af46459234d2
[2023-03-15T22:33:00.673+0000] {taskinstance.py:1509} INFO - Exporting the following env vars:
AIRFLOW_CTX_DAG_OWNER=Ananta Moharana
AIRFLOW_CTX_DAG_ID=Spotify_Data_ETL
AIRFLOW_CTX_TASK_ID=TransformData
AIRFLOW_CTX_EXECUTION_DATE=2023-03-14T22:41:08.560415+00:00
AIRFLOW_CTX_TRY_NUMBER=25
AIRFLOW_CTX_DAG_RUN_ID=manual__2023-03-14T22:41:08.560415+00:00
[2023-03-15T22:33:00.707+0000] {warnings.py:110} WARNING - /opt/***/dags/src/transform.py:29: SettingWithCopyWarning: 
A value is trying to be set on a copy of a slice from a DataFrame.
Try using .loc[row_indexer,col_indexer] = value instead

See the caveats in the documentation: https://pandas.pydata.org/pandas-docs/stable/user_guide/indexing.html#returning-a-view-versus-a-copy
  song_fact['date']=today

[2023-03-15T22:33:00.710+0000] {warnings.py:110} WARNING - /home/***/.local/lib/python3.7/site-packages/pandas/util/_decorators.py:311: SettingWithCopyWarning: 
A value is trying to be set on a copy of a slice from a DataFrame

See the caveats in the documentation: https://pandas.pydata.org/pandas-docs/stable/user_guide/indexing.html#returning-a-view-versus-a-copy
  return func(*args, **kwargs)

[2023-03-15T22:33:00.757+0000] {python.py:177} INFO - Done. Returned value was: None
[2023-03-15T22:33:00.764+0000] {taskinstance.py:1323} INFO - Marking task as SUCCESS. dag_id=Spotify_Data_ETL, task_id=TransformData, execution_date=20230314T224108, start_date=20230315T223300, end_date=20230315T223300
[2023-03-15T22:33:00.827+0000] {local_task_job.py:208} INFO - Task exited with return code 0
[2023-03-15T22:33:00.848+0000] {taskinstance.py:2578} INFO - 6 downstream tasks scheduled from follow-on schedule check
