[2023-03-14T22:58:36.927+0000] {taskinstance.py:1083} INFO - Dependencies all met for <TaskInstance: Spotify_Data_ETL.TransformData manual__2023-03-14T22:41:08.560415+00:00 [queued]>
[2023-03-14T22:58:36.932+0000] {taskinstance.py:1083} INFO - Dependencies all met for <TaskInstance: Spotify_Data_ETL.TransformData manual__2023-03-14T22:41:08.560415+00:00 [queued]>
[2023-03-14T22:58:36.932+0000] {taskinstance.py:1279} INFO - 
--------------------------------------------------------------------------------
[2023-03-14T22:58:36.932+0000] {taskinstance.py:1280} INFO - Starting attempt 3 of 5
[2023-03-14T22:58:36.933+0000] {taskinstance.py:1281} INFO - 
--------------------------------------------------------------------------------
[2023-03-14T22:58:36.939+0000] {taskinstance.py:1300} INFO - Executing <Task(PythonOperator): TransformData> on 2023-03-14 22:41:08.560415+00:00
[2023-03-14T22:58:36.944+0000] {standard_task_runner.py:55} INFO - Started process 1495 to run task
[2023-03-14T22:58:36.947+0000] {standard_task_runner.py:82} INFO - Running: ['***', 'tasks', 'run', 'Spotify_Data_ETL', 'TransformData', 'manual__2023-03-14T22:41:08.560415+00:00', '--job-id', '656', '--raw', '--subdir', 'DAGS_FOLDER/spotifydag.py', '--cfg-path', '/tmp/tmpxt327p50']
[2023-03-14T22:58:36.948+0000] {standard_task_runner.py:83} INFO - Job 656: Subtask TransformData
[2023-03-14T22:58:36.989+0000] {task_command.py:388} INFO - Running <TaskInstance: Spotify_Data_ETL.TransformData manual__2023-03-14T22:41:08.560415+00:00 [running]> on host 9cebcb3c5b96
[2023-03-14T22:58:37.144+0000] {taskinstance.py:1509} INFO - Exporting the following env vars:
AIRFLOW_CTX_DAG_OWNER=Ananta Moharana
AIRFLOW_CTX_DAG_ID=Spotify_Data_ETL
AIRFLOW_CTX_TASK_ID=TransformData
AIRFLOW_CTX_EXECUTION_DATE=2023-03-14T22:41:08.560415+00:00
AIRFLOW_CTX_TRY_NUMBER=3
AIRFLOW_CTX_DAG_RUN_ID=manual__2023-03-14T22:41:08.560415+00:00
[2023-03-14T22:58:37.177+0000] {warnings.py:110} WARNING - /home/***/.local/lib/python3.7/site-packages/pandas/util/_decorators.py:311: SettingWithCopyWarning: 
A value is trying to be set on a copy of a slice from a DataFrame

See the caveats in the documentation: https://pandas.pydata.org/pandas-docs/stable/user_guide/indexing.html#returning-a-view-versus-a-copy
  return func(*args, **kwargs)

[2023-03-14T22:58:37.227+0000] {python.py:177} INFO - Done. Returned value was: None
[2023-03-14T22:58:37.234+0000] {taskinstance.py:1323} INFO - Marking task as SUCCESS. dag_id=Spotify_Data_ETL, task_id=TransformData, execution_date=20230314T224108, start_date=20230314T225836, end_date=20230314T225837
[2023-03-14T22:58:37.285+0000] {local_task_job.py:208} INFO - Task exited with return code 0
[2023-03-14T22:58:37.305+0000] {taskinstance.py:2578} INFO - 7 downstream tasks scheduled from follow-on schedule check
