[2023-03-13T19:24:48.575+0000] {taskinstance.py:1083} INFO - Dependencies all met for <TaskInstance: Spotify_Data_ETL.GetArtistInfo manual__2023-03-13T19:24:44.180760+00:00 [queued]>
[2023-03-13T19:24:48.580+0000] {taskinstance.py:1083} INFO - Dependencies all met for <TaskInstance: Spotify_Data_ETL.GetArtistInfo manual__2023-03-13T19:24:44.180760+00:00 [queued]>
[2023-03-13T19:24:48.581+0000] {taskinstance.py:1279} INFO - 
--------------------------------------------------------------------------------
[2023-03-13T19:24:48.581+0000] {taskinstance.py:1280} INFO - Starting attempt 1 of 3
[2023-03-13T19:24:48.582+0000] {taskinstance.py:1281} INFO - 
--------------------------------------------------------------------------------
[2023-03-13T19:24:48.589+0000] {taskinstance.py:1300} INFO - Executing <Task(PythonOperator): GetArtistInfo> on 2023-03-13 19:24:44.180760+00:00
[2023-03-13T19:24:48.595+0000] {standard_task_runner.py:55} INFO - Started process 11172 to run task
[2023-03-13T19:24:48.597+0000] {standard_task_runner.py:82} INFO - Running: ['***', 'tasks', 'run', 'Spotify_Data_ETL', 'GetArtistInfo', 'manual__2023-03-13T19:24:44.180760+00:00', '--job-id', '269', '--raw', '--subdir', 'DAGS_FOLDER/spotifydag.py', '--cfg-path', '/tmp/tmprkszku3a']
[2023-03-13T19:24:48.598+0000] {standard_task_runner.py:83} INFO - Job 269: Subtask GetArtistInfo
[2023-03-13T19:24:48.660+0000] {task_command.py:388} INFO - Running <TaskInstance: Spotify_Data_ETL.GetArtistInfo manual__2023-03-13T19:24:44.180760+00:00 [running]> on host 649b70e6a8b0
[2023-03-13T19:24:48.711+0000] {taskinstance.py:1509} INFO - Exporting the following env vars:
AIRFLOW_CTX_DAG_OWNER=Ananta Moharana
AIRFLOW_CTX_DAG_ID=Spotify_Data_ETL
AIRFLOW_CTX_TASK_ID=GetArtistInfo
AIRFLOW_CTX_EXECUTION_DATE=2023-03-13T19:24:44.180760+00:00
AIRFLOW_CTX_TRY_NUMBER=1
AIRFLOW_CTX_DAG_RUN_ID=manual__2023-03-13T19:24:44.180760+00:00
[2023-03-13T19:24:59.777+0000] {python.py:177} INFO - Done. Returned value was: None
[2023-03-13T19:24:59.792+0000] {taskinstance.py:1323} INFO - Marking task as SUCCESS. dag_id=Spotify_Data_ETL, task_id=GetArtistInfo, execution_date=20230313T192444, start_date=20230313T192448, end_date=20230313T192459
[2023-03-13T19:24:59.831+0000] {local_task_job.py:208} INFO - Task exited with return code 0
[2023-03-13T19:24:59.849+0000] {taskinstance.py:2578} INFO - 1 downstream tasks scheduled from follow-on schedule check
