[2023-03-12T21:37:20.837+0000] {taskinstance.py:1083} INFO - Dependencies all met for <TaskInstance: Spotify_Data_ETL.GetSongsFromPlaylist manual__2023-03-12T17:58:23.665842+00:00 [queued]>
[2023-03-12T21:37:20.842+0000] {taskinstance.py:1083} INFO - Dependencies all met for <TaskInstance: Spotify_Data_ETL.GetSongsFromPlaylist manual__2023-03-12T17:58:23.665842+00:00 [queued]>
[2023-03-12T21:37:20.842+0000] {taskinstance.py:1279} INFO - 
--------------------------------------------------------------------------------
[2023-03-12T21:37:20.843+0000] {taskinstance.py:1280} INFO - Starting attempt 16 of 18
[2023-03-12T21:37:20.843+0000] {taskinstance.py:1281} INFO - 
--------------------------------------------------------------------------------
[2023-03-12T21:37:20.850+0000] {taskinstance.py:1300} INFO - Executing <Task(PythonOperator): GetSongsFromPlaylist> on 2023-03-12 17:58:23.665842+00:00
[2023-03-12T21:37:20.854+0000] {standard_task_runner.py:55} INFO - Started process 248 to run task
[2023-03-12T21:37:20.857+0000] {standard_task_runner.py:82} INFO - Running: ['***', 'tasks', 'run', 'Spotify_Data_ETL', 'GetSongsFromPlaylist', 'manual__2023-03-12T17:58:23.665842+00:00', '--job-id', '99', '--raw', '--subdir', 'DAGS_FOLDER/spotifydag.py', '--cfg-path', '/tmp/tmpq9sx8_jz']
[2023-03-12T21:37:20.858+0000] {standard_task_runner.py:83} INFO - Job 99: Subtask GetSongsFromPlaylist
[2023-03-12T21:37:20.903+0000] {task_command.py:388} INFO - Running <TaskInstance: Spotify_Data_ETL.GetSongsFromPlaylist manual__2023-03-12T17:58:23.665842+00:00 [running]> on host 39a9b14b4c18
[2023-03-12T21:37:20.945+0000] {taskinstance.py:1509} INFO - Exporting the following env vars:
AIRFLOW_CTX_DAG_OWNER=Ananta Moharana
AIRFLOW_CTX_DAG_ID=Spotify_Data_ETL
AIRFLOW_CTX_TASK_ID=GetSongsFromPlaylist
AIRFLOW_CTX_EXECUTION_DATE=2023-03-12T17:58:23.665842+00:00
AIRFLOW_CTX_TRY_NUMBER=16
AIRFLOW_CTX_DAG_RUN_ID=manual__2023-03-12T17:58:23.665842+00:00
[2023-03-12T21:37:21.650+0000] {python.py:177} INFO - Done. Returned value was: None
[2023-03-12T21:37:21.658+0000] {taskinstance.py:1323} INFO - Marking task as SUCCESS. dag_id=Spotify_Data_ETL, task_id=GetSongsFromPlaylist, execution_date=20230312T175823, start_date=20230312T213720, end_date=20230312T213721
[2023-03-12T21:37:21.684+0000] {local_task_job.py:208} INFO - Task exited with return code 0
[2023-03-12T21:37:21.699+0000] {taskinstance.py:2578} INFO - 1 downstream tasks scheduled from follow-on schedule check
