[2023-03-12T18:44:39.620+0000] {taskinstance.py:1083} INFO - Dependencies all met for <TaskInstance: Spotify_Data_ETL.GetSongsFromPlaylist manual__2023-03-12T17:58:23.665842+00:00 [queued]>
[2023-03-12T18:44:39.624+0000] {taskinstance.py:1083} INFO - Dependencies all met for <TaskInstance: Spotify_Data_ETL.GetSongsFromPlaylist manual__2023-03-12T17:58:23.665842+00:00 [queued]>
[2023-03-12T18:44:39.625+0000] {taskinstance.py:1279} INFO - 
--------------------------------------------------------------------------------
[2023-03-12T18:44:39.625+0000] {taskinstance.py:1280} INFO - Starting attempt 12 of 14
[2023-03-12T18:44:39.626+0000] {taskinstance.py:1281} INFO - 
--------------------------------------------------------------------------------
[2023-03-12T18:44:39.632+0000] {taskinstance.py:1300} INFO - Executing <Task(PythonOperator): GetSongsFromPlaylist> on 2023-03-12 17:58:23.665842+00:00
[2023-03-12T18:44:39.637+0000] {standard_task_runner.py:55} INFO - Started process 4141 to run task
[2023-03-12T18:44:39.639+0000] {standard_task_runner.py:82} INFO - Running: ['***', 'tasks', 'run', 'Spotify_Data_ETL', 'GetSongsFromPlaylist', 'manual__2023-03-12T17:58:23.665842+00:00', '--job-id', '86', '--raw', '--subdir', 'DAGS_FOLDER/spotifydag.py', '--cfg-path', '/tmp/tmp34wky6pl']
[2023-03-12T18:44:39.640+0000] {standard_task_runner.py:83} INFO - Job 86: Subtask GetSongsFromPlaylist
[2023-03-12T18:44:39.684+0000] {task_command.py:388} INFO - Running <TaskInstance: Spotify_Data_ETL.GetSongsFromPlaylist manual__2023-03-12T17:58:23.665842+00:00 [running]> on host 7a5ad222a4d0
[2023-03-12T18:44:39.724+0000] {taskinstance.py:1509} INFO - Exporting the following env vars:
AIRFLOW_CTX_DAG_OWNER=Ananta Moharana
AIRFLOW_CTX_DAG_ID=Spotify_Data_ETL
AIRFLOW_CTX_TASK_ID=GetSongsFromPlaylist
AIRFLOW_CTX_EXECUTION_DATE=2023-03-12T17:58:23.665842+00:00
AIRFLOW_CTX_TRY_NUMBER=12
AIRFLOW_CTX_DAG_RUN_ID=manual__2023-03-12T17:58:23.665842+00:00
[2023-03-12T18:44:40.318+0000] {python.py:177} INFO - Done. Returned value was: None
[2023-03-12T18:44:40.326+0000] {taskinstance.py:1323} INFO - Marking task as SUCCESS. dag_id=Spotify_Data_ETL, task_id=GetSongsFromPlaylist, execution_date=20230312T175823, start_date=20230312T184439, end_date=20230312T184440
[2023-03-12T18:44:40.358+0000] {local_task_job.py:208} INFO - Task exited with return code 0
[2023-03-12T18:44:40.374+0000] {taskinstance.py:2578} INFO - 0 downstream tasks scheduled from follow-on schedule check
