[2023-03-12T18:31:03.479+0000] {taskinstance.py:1083} INFO - Dependencies all met for <TaskInstance: Spotify_Data_ETL.GetSongsFromPlaylist manual__2023-03-12T17:58:23.665842+00:00 [queued]>
[2023-03-12T18:31:03.484+0000] {taskinstance.py:1083} INFO - Dependencies all met for <TaskInstance: Spotify_Data_ETL.GetSongsFromPlaylist manual__2023-03-12T17:58:23.665842+00:00 [queued]>
[2023-03-12T18:31:03.484+0000] {taskinstance.py:1279} INFO - 
--------------------------------------------------------------------------------
[2023-03-12T18:31:03.484+0000] {taskinstance.py:1280} INFO - Starting attempt 10 of 12
[2023-03-12T18:31:03.485+0000] {taskinstance.py:1281} INFO - 
--------------------------------------------------------------------------------
[2023-03-12T18:31:03.491+0000] {taskinstance.py:1300} INFO - Executing <Task(PythonOperator): GetSongsFromPlaylist> on 2023-03-12 17:58:23.665842+00:00
[2023-03-12T18:31:03.495+0000] {standard_task_runner.py:55} INFO - Started process 3153 to run task
[2023-03-12T18:31:03.498+0000] {standard_task_runner.py:82} INFO - Running: ['***', 'tasks', 'run', 'Spotify_Data_ETL', 'GetSongsFromPlaylist', 'manual__2023-03-12T17:58:23.665842+00:00', '--job-id', '78', '--raw', '--subdir', 'DAGS_FOLDER/spotifydag.py', '--cfg-path', '/tmp/tmpe2dtmmad']
[2023-03-12T18:31:03.499+0000] {standard_task_runner.py:83} INFO - Job 78: Subtask GetSongsFromPlaylist
[2023-03-12T18:31:03.540+0000] {task_command.py:388} INFO - Running <TaskInstance: Spotify_Data_ETL.GetSongsFromPlaylist manual__2023-03-12T17:58:23.665842+00:00 [running]> on host 7a5ad222a4d0
[2023-03-12T18:31:03.579+0000] {taskinstance.py:1509} INFO - Exporting the following env vars:
AIRFLOW_CTX_DAG_OWNER=Ananta Moharana
AIRFLOW_CTX_DAG_ID=Spotify_Data_ETL
AIRFLOW_CTX_TASK_ID=GetSongsFromPlaylist
AIRFLOW_CTX_EXECUTION_DATE=2023-03-12T17:58:23.665842+00:00
AIRFLOW_CTX_TRY_NUMBER=10
AIRFLOW_CTX_DAG_RUN_ID=manual__2023-03-12T17:58:23.665842+00:00
[2023-03-12T18:31:04.265+0000] {python.py:177} INFO - Done. Returned value was: None
[2023-03-12T18:31:04.272+0000] {taskinstance.py:1323} INFO - Marking task as SUCCESS. dag_id=Spotify_Data_ETL, task_id=GetSongsFromPlaylist, execution_date=20230312T175823, start_date=20230312T183103, end_date=20230312T183104
[2023-03-12T18:31:04.295+0000] {local_task_job.py:208} INFO - Task exited with return code 0
[2023-03-12T18:31:04.310+0000] {taskinstance.py:2578} INFO - 1 downstream tasks scheduled from follow-on schedule check
