[2023-03-12T18:18:05.096+0000] {taskinstance.py:1083} INFO - Dependencies all met for <TaskInstance: Spotify_Data_ETL.GetSongsFromPlaylist manual__2023-03-12T17:58:23.665842+00:00 [queued]>
[2023-03-12T18:18:05.100+0000] {taskinstance.py:1083} INFO - Dependencies all met for <TaskInstance: Spotify_Data_ETL.GetSongsFromPlaylist manual__2023-03-12T17:58:23.665842+00:00 [queued]>
[2023-03-12T18:18:05.101+0000] {taskinstance.py:1279} INFO - 
--------------------------------------------------------------------------------
[2023-03-12T18:18:05.101+0000] {taskinstance.py:1280} INFO - Starting attempt 5 of 7
[2023-03-12T18:18:05.102+0000] {taskinstance.py:1281} INFO - 
--------------------------------------------------------------------------------
[2023-03-12T18:18:05.109+0000] {taskinstance.py:1300} INFO - Executing <Task(PythonOperator): GetSongsFromPlaylist> on 2023-03-12 17:58:23.665842+00:00
[2023-03-12T18:18:05.112+0000] {standard_task_runner.py:55} INFO - Started process 2186 to run task
[2023-03-12T18:18:05.115+0000] {standard_task_runner.py:82} INFO - Running: ['***', 'tasks', 'run', 'Spotify_Data_ETL', 'GetSongsFromPlaylist', 'manual__2023-03-12T17:58:23.665842+00:00', '--job-id', '63', '--raw', '--subdir', 'DAGS_FOLDER/spotifydag.py', '--cfg-path', '/tmp/tmp__aw6ku1']
[2023-03-12T18:18:05.116+0000] {standard_task_runner.py:83} INFO - Job 63: Subtask GetSongsFromPlaylist
[2023-03-12T18:18:05.163+0000] {task_command.py:388} INFO - Running <TaskInstance: Spotify_Data_ETL.GetSongsFromPlaylist manual__2023-03-12T17:58:23.665842+00:00 [running]> on host 7a5ad222a4d0
[2023-03-12T18:18:05.205+0000] {taskinstance.py:1509} INFO - Exporting the following env vars:
AIRFLOW_CTX_DAG_OWNER=Ananta Moharana
AIRFLOW_CTX_DAG_ID=Spotify_Data_ETL
AIRFLOW_CTX_TASK_ID=GetSongsFromPlaylist
AIRFLOW_CTX_EXECUTION_DATE=2023-03-12T17:58:23.665842+00:00
AIRFLOW_CTX_TRY_NUMBER=5
AIRFLOW_CTX_DAG_RUN_ID=manual__2023-03-12T17:58:23.665842+00:00
[2023-03-12T18:18:05.705+0000] {python.py:177} INFO - Done. Returned value was: None
[2023-03-12T18:18:05.713+0000] {taskinstance.py:1323} INFO - Marking task as SUCCESS. dag_id=Spotify_Data_ETL, task_id=GetSongsFromPlaylist, execution_date=20230312T175823, start_date=20230312T181805, end_date=20230312T181805
[2023-03-12T18:18:05.734+0000] {local_task_job.py:208} INFO - Task exited with return code 0
[2023-03-12T18:18:05.752+0000] {taskinstance.py:2578} INFO - 1 downstream tasks scheduled from follow-on schedule check
