[2023-03-12T17:58:26.486+0000] {taskinstance.py:1083} INFO - Dependencies all met for <TaskInstance: Spotify_Data_ETL.GetSongsFromPlaylist manual__2023-03-12T17:58:23.665842+00:00 [queued]>
[2023-03-12T17:58:26.491+0000] {taskinstance.py:1083} INFO - Dependencies all met for <TaskInstance: Spotify_Data_ETL.GetSongsFromPlaylist manual__2023-03-12T17:58:23.665842+00:00 [queued]>
[2023-03-12T17:58:26.491+0000] {taskinstance.py:1279} INFO - 
--------------------------------------------------------------------------------
[2023-03-12T17:58:26.491+0000] {taskinstance.py:1280} INFO - Starting attempt 1 of 3
[2023-03-12T17:58:26.492+0000] {taskinstance.py:1281} INFO - 
--------------------------------------------------------------------------------
[2023-03-12T17:58:26.499+0000] {taskinstance.py:1300} INFO - Executing <Task(PythonOperator): GetSongsFromPlaylist> on 2023-03-12 17:58:23.665842+00:00
[2023-03-12T17:58:26.503+0000] {standard_task_runner.py:55} INFO - Started process 750 to run task
[2023-03-12T17:58:26.506+0000] {standard_task_runner.py:82} INFO - Running: ['***', 'tasks', 'run', 'Spotify_Data_ETL', 'GetSongsFromPlaylist', 'manual__2023-03-12T17:58:23.665842+00:00', '--job-id', '49', '--raw', '--subdir', 'DAGS_FOLDER/spotifydag.py', '--cfg-path', '/tmp/tmp7oucbxj1']
[2023-03-12T17:58:26.506+0000] {standard_task_runner.py:83} INFO - Job 49: Subtask GetSongsFromPlaylist
[2023-03-12T17:58:26.550+0000] {task_command.py:388} INFO - Running <TaskInstance: Spotify_Data_ETL.GetSongsFromPlaylist manual__2023-03-12T17:58:23.665842+00:00 [running]> on host 7a5ad222a4d0
[2023-03-12T17:58:26.589+0000] {taskinstance.py:1509} INFO - Exporting the following env vars:
AIRFLOW_CTX_DAG_OWNER=Ananta Moharana
AIRFLOW_CTX_DAG_ID=Spotify_Data_ETL
AIRFLOW_CTX_TASK_ID=GetSongsFromPlaylist
AIRFLOW_CTX_EXECUTION_DATE=2023-03-12T17:58:23.665842+00:00
AIRFLOW_CTX_TRY_NUMBER=1
AIRFLOW_CTX_DAG_RUN_ID=manual__2023-03-12T17:58:23.665842+00:00
[2023-03-12T17:58:27.201+0000] {python.py:177} INFO - Done. Returned value was: None
[2023-03-12T17:58:27.208+0000] {taskinstance.py:1323} INFO - Marking task as SUCCESS. dag_id=Spotify_Data_ETL, task_id=GetSongsFromPlaylist, execution_date=20230312T175823, start_date=20230312T175826, end_date=20230312T175827
[2023-03-12T17:58:27.253+0000] {local_task_job.py:208} INFO - Task exited with return code 0
[2023-03-12T17:58:27.270+0000] {taskinstance.py:2578} INFO - 1 downstream tasks scheduled from follow-on schedule check
