[2023-03-15T20:31:43.983+0000] {taskinstance.py:1083} INFO - Dependencies all met for <TaskInstance: Spotify_Data_ETL.SongFactToS3 manual__2023-03-14T22:41:08.560415+00:00 [queued]>
[2023-03-15T20:31:43.992+0000] {taskinstance.py:1083} INFO - Dependencies all met for <TaskInstance: Spotify_Data_ETL.SongFactToS3 manual__2023-03-14T22:41:08.560415+00:00 [queued]>
[2023-03-15T20:31:43.992+0000] {taskinstance.py:1279} INFO - 
--------------------------------------------------------------------------------
[2023-03-15T20:31:43.994+0000] {taskinstance.py:1280} INFO - Starting attempt 8 of 10
[2023-03-15T20:31:43.995+0000] {taskinstance.py:1281} INFO - 
--------------------------------------------------------------------------------
[2023-03-15T20:31:44.023+0000] {taskinstance.py:1300} INFO - Executing <Task(PythonOperator): SongFactToS3> on 2023-03-14 22:41:08.560415+00:00
[2023-03-15T20:31:44.035+0000] {standard_task_runner.py:55} INFO - Started process 5862 to run task
[2023-03-15T20:31:44.057+0000] {standard_task_runner.py:82} INFO - Running: ['***', 'tasks', 'run', 'Spotify_Data_ETL', 'SongFactToS3', 'manual__2023-03-14T22:41:08.560415+00:00', '--job-id', '743', '--raw', '--subdir', 'DAGS_FOLDER/spotifydag.py', '--cfg-path', '/tmp/tmpg6g_5qgl']
[2023-03-15T20:31:44.063+0000] {standard_task_runner.py:83} INFO - Job 743: Subtask SongFactToS3
[2023-03-15T20:31:44.208+0000] {task_command.py:388} INFO - Running <TaskInstance: Spotify_Data_ETL.SongFactToS3 manual__2023-03-14T22:41:08.560415+00:00 [running]> on host af46459234d2
[2023-03-15T20:31:44.558+0000] {taskinstance.py:1509} INFO - Exporting the following env vars:
AIRFLOW_CTX_DAG_OWNER=Ananta Moharana
AIRFLOW_CTX_DAG_ID=Spotify_Data_ETL
AIRFLOW_CTX_TASK_ID=SongFactToS3
AIRFLOW_CTX_EXECUTION_DATE=2023-03-14T22:41:08.560415+00:00
AIRFLOW_CTX_TRY_NUMBER=8
AIRFLOW_CTX_DAG_RUN_ID=manual__2023-03-14T22:41:08.560415+00:00
[2023-03-15T20:31:44.568+0000] {base.py:73} INFO - Using connection ID 'aws_connection' for task execution.
[2023-03-15T20:31:44.569+0000] {connection_wrapper.py:334} INFO - AWS Connection (conn_id='aws_connection', conn_type='aws') credentials retrieved from login and password.
[2023-03-15T20:31:46.113+0000] {python.py:177} INFO - Done. Returned value was: None
[2023-03-15T20:31:46.121+0000] {taskinstance.py:1323} INFO - Marking task as SUCCESS. dag_id=Spotify_Data_ETL, task_id=SongFactToS3, execution_date=20230314T224108, start_date=20230315T203143, end_date=20230315T203146
[2023-03-15T20:31:46.161+0000] {local_task_job.py:208} INFO - Task exited with return code 0
[2023-03-15T20:31:46.182+0000] {taskinstance.py:2578} INFO - 0 downstream tasks scheduled from follow-on schedule check
