[2023-03-15T19:42:38.865+0000] {taskinstance.py:1083} INFO - Dependencies all met for <TaskInstance: Spotify_Data_ETL.SongFactToS3 manual__2023-03-14T22:41:08.560415+00:00 [queued]>
[2023-03-15T19:42:38.886+0000] {taskinstance.py:1083} INFO - Dependencies all met for <TaskInstance: Spotify_Data_ETL.SongFactToS3 manual__2023-03-14T22:41:08.560415+00:00 [queued]>
[2023-03-15T19:42:38.889+0000] {taskinstance.py:1279} INFO - 
--------------------------------------------------------------------------------
[2023-03-15T19:42:38.891+0000] {taskinstance.py:1280} INFO - Starting attempt 6 of 8
[2023-03-15T19:42:38.893+0000] {taskinstance.py:1281} INFO - 
--------------------------------------------------------------------------------
[2023-03-15T19:42:38.954+0000] {taskinstance.py:1300} INFO - Executing <Task(PythonOperator): SongFactToS3> on 2023-03-14 22:41:08.560415+00:00
[2023-03-15T19:42:38.973+0000] {standard_task_runner.py:55} INFO - Started process 2398 to run task
[2023-03-15T19:42:39.016+0000] {standard_task_runner.py:82} INFO - Running: ['***', 'tasks', 'run', 'Spotify_Data_ETL', 'SongFactToS3', 'manual__2023-03-14T22:41:08.560415+00:00', '--job-id', '717', '--raw', '--subdir', 'DAGS_FOLDER/spotifydag.py', '--cfg-path', '/tmp/tmpud4juew0']
[2023-03-15T19:42:39.027+0000] {standard_task_runner.py:83} INFO - Job 717: Subtask SongFactToS3
[2023-03-15T19:42:39.196+0000] {task_command.py:388} INFO - Running <TaskInstance: Spotify_Data_ETL.SongFactToS3 manual__2023-03-14T22:41:08.560415+00:00 [running]> on host af46459234d2
[2023-03-15T19:42:39.908+0000] {taskinstance.py:1509} INFO - Exporting the following env vars:
AIRFLOW_CTX_DAG_OWNER=Ananta Moharana
AIRFLOW_CTX_DAG_ID=Spotify_Data_ETL
AIRFLOW_CTX_TASK_ID=SongFactToS3
AIRFLOW_CTX_EXECUTION_DATE=2023-03-14T22:41:08.560415+00:00
AIRFLOW_CTX_TRY_NUMBER=6
AIRFLOW_CTX_DAG_RUN_ID=manual__2023-03-14T22:41:08.560415+00:00
[2023-03-15T19:42:39.924+0000] {base.py:73} INFO - Using connection ID 'aws_connection' for task execution.
[2023-03-15T19:42:39.925+0000] {connection_wrapper.py:334} INFO - AWS Connection (conn_id='aws_connection', conn_type='aws') credentials retrieved from login and password.
[2023-03-15T19:42:40.723+0000] {python.py:177} INFO - Done. Returned value was: None
[2023-03-15T19:42:40.740+0000] {taskinstance.py:1323} INFO - Marking task as SUCCESS. dag_id=Spotify_Data_ETL, task_id=SongFactToS3, execution_date=20230314T224108, start_date=20230315T194238, end_date=20230315T194240
[2023-03-15T19:42:40.828+0000] {local_task_job.py:208} INFO - Task exited with return code 0
[2023-03-15T19:42:40.894+0000] {taskinstance.py:2578} INFO - 0 downstream tasks scheduled from follow-on schedule check
