[2023-03-15T19:27:45.591+0000] {taskinstance.py:1083} INFO - Dependencies all met for <TaskInstance: Spotify_Data_ETL.SongFactToS3 manual__2023-03-14T22:41:08.560415+00:00 [queued]>
[2023-03-15T19:27:45.615+0000] {taskinstance.py:1083} INFO - Dependencies all met for <TaskInstance: Spotify_Data_ETL.SongFactToS3 manual__2023-03-14T22:41:08.560415+00:00 [queued]>
[2023-03-15T19:27:45.618+0000] {taskinstance.py:1279} INFO - 
--------------------------------------------------------------------------------
[2023-03-15T19:27:45.618+0000] {taskinstance.py:1280} INFO - Starting attempt 4 of 6
[2023-03-15T19:27:45.619+0000] {taskinstance.py:1281} INFO - 
--------------------------------------------------------------------------------
[2023-03-15T19:27:45.641+0000] {taskinstance.py:1300} INFO - Executing <Task(PythonOperator): SongFactToS3> on 2023-03-14 22:41:08.560415+00:00
[2023-03-15T19:27:45.661+0000] {standard_task_runner.py:55} INFO - Started process 1243 to run task
[2023-03-15T19:27:45.676+0000] {standard_task_runner.py:82} INFO - Running: ['***', 'tasks', 'run', 'Spotify_Data_ETL', 'SongFactToS3', 'manual__2023-03-14T22:41:08.560415+00:00', '--job-id', '691', '--raw', '--subdir', 'DAGS_FOLDER/spotifydag.py', '--cfg-path', '/tmp/tmptofvaw7s']
[2023-03-15T19:27:45.677+0000] {standard_task_runner.py:83} INFO - Job 691: Subtask SongFactToS3
[2023-03-15T19:27:45.844+0000] {task_command.py:388} INFO - Running <TaskInstance: Spotify_Data_ETL.SongFactToS3 manual__2023-03-14T22:41:08.560415+00:00 [running]> on host af46459234d2
[2023-03-15T19:27:46.633+0000] {taskinstance.py:1509} INFO - Exporting the following env vars:
AIRFLOW_CTX_DAG_OWNER=Ananta Moharana
AIRFLOW_CTX_DAG_ID=Spotify_Data_ETL
AIRFLOW_CTX_TASK_ID=SongFactToS3
AIRFLOW_CTX_EXECUTION_DATE=2023-03-14T22:41:08.560415+00:00
AIRFLOW_CTX_TRY_NUMBER=4
AIRFLOW_CTX_DAG_RUN_ID=manual__2023-03-14T22:41:08.560415+00:00
[2023-03-15T19:27:46.650+0000] {base.py:73} INFO - Using connection ID 'aws_connection' for task execution.
[2023-03-15T19:27:46.651+0000] {connection_wrapper.py:334} INFO - AWS Connection (conn_id='aws_connection', conn_type='aws') credentials retrieved from login and password.
[2023-03-15T19:27:47.360+0000] {python.py:177} INFO - Done. Returned value was: None
[2023-03-15T19:27:47.385+0000] {taskinstance.py:1323} INFO - Marking task as SUCCESS. dag_id=Spotify_Data_ETL, task_id=SongFactToS3, execution_date=20230314T224108, start_date=20230315T192745, end_date=20230315T192747
[2023-03-15T19:27:47.521+0000] {local_task_job.py:208} INFO - Task exited with return code 0
[2023-03-15T19:27:47.570+0000] {taskinstance.py:2578} INFO - 1 downstream tasks scheduled from follow-on schedule check
