[2023-03-12T22:37:37.029+0000] {taskinstance.py:1083} INFO - Dependencies all met for <TaskInstance: Spotify_Data_ETL.GetAudioQuality manual__2023-03-12T22:37:32.663552+00:00 [queued]>
[2023-03-12T22:37:37.034+0000] {taskinstance.py:1083} INFO - Dependencies all met for <TaskInstance: Spotify_Data_ETL.GetAudioQuality manual__2023-03-12T22:37:32.663552+00:00 [queued]>
[2023-03-12T22:37:37.034+0000] {taskinstance.py:1279} INFO - 
--------------------------------------------------------------------------------
[2023-03-12T22:37:37.035+0000] {taskinstance.py:1280} INFO - Starting attempt 1 of 3
[2023-03-12T22:37:37.035+0000] {taskinstance.py:1281} INFO - 
--------------------------------------------------------------------------------
[2023-03-12T22:37:37.042+0000] {taskinstance.py:1300} INFO - Executing <Task(PythonOperator): GetAudioQuality> on 2023-03-12 22:37:32.663552+00:00
[2023-03-12T22:37:37.047+0000] {standard_task_runner.py:55} INFO - Started process 153 to run task
[2023-03-12T22:37:37.051+0000] {standard_task_runner.py:82} INFO - Running: ['***', 'tasks', 'run', 'Spotify_Data_ETL', 'GetAudioQuality', 'manual__2023-03-12T22:37:32.663552+00:00', '--job-id', '153', '--raw', '--subdir', 'DAGS_FOLDER/spotifydag.py', '--cfg-path', '/tmp/tmpsxxp4gvk']
[2023-03-12T22:37:37.052+0000] {standard_task_runner.py:83} INFO - Job 153: Subtask GetAudioQuality
[2023-03-12T22:37:37.101+0000] {task_command.py:388} INFO - Running <TaskInstance: Spotify_Data_ETL.GetAudioQuality manual__2023-03-12T22:37:32.663552+00:00 [running]> on host 82c473378c2f
[2023-03-12T22:37:37.150+0000] {taskinstance.py:1509} INFO - Exporting the following env vars:
AIRFLOW_CTX_DAG_OWNER=Ananta Moharana
AIRFLOW_CTX_DAG_ID=Spotify_Data_ETL
AIRFLOW_CTX_TASK_ID=GetAudioQuality
AIRFLOW_CTX_EXECUTION_DATE=2023-03-12T22:37:32.663552+00:00
AIRFLOW_CTX_TRY_NUMBER=1
AIRFLOW_CTX_DAG_RUN_ID=manual__2023-03-12T22:37:32.663552+00:00
[2023-03-12T22:37:46.994+0000] {python.py:177} INFO - Done. Returned value was: None
[2023-03-12T22:37:47.003+0000] {taskinstance.py:1323} INFO - Marking task as SUCCESS. dag_id=Spotify_Data_ETL, task_id=GetAudioQuality, execution_date=20230312T223732, start_date=20230312T223737, end_date=20230312T223747
[2023-03-12T22:37:47.050+0000] {local_task_job.py:208} INFO - Task exited with return code 0
[2023-03-12T22:37:47.062+0000] {taskinstance.py:2578} INFO - 0 downstream tasks scheduled from follow-on schedule check
