[2023-03-12T22:44:50.662+0000] {taskinstance.py:1083} INFO - Dependencies all met for <TaskInstance: Spotify_Data_ETL.GetAudioQuality manual__2023-03-12T22:37:32.663552+00:00 [queued]>
[2023-03-12T22:44:50.667+0000] {taskinstance.py:1083} INFO - Dependencies all met for <TaskInstance: Spotify_Data_ETL.GetAudioQuality manual__2023-03-12T22:37:32.663552+00:00 [queued]>
[2023-03-12T22:44:50.668+0000] {taskinstance.py:1279} INFO - 
--------------------------------------------------------------------------------
[2023-03-12T22:44:50.668+0000] {taskinstance.py:1280} INFO - Starting attempt 4 of 6
[2023-03-12T22:44:50.668+0000] {taskinstance.py:1281} INFO - 
--------------------------------------------------------------------------------
[2023-03-12T22:44:50.675+0000] {taskinstance.py:1300} INFO - Executing <Task(PythonOperator): GetAudioQuality> on 2023-03-12 22:37:32.663552+00:00
[2023-03-12T22:44:50.679+0000] {standard_task_runner.py:55} INFO - Started process 304 to run task
[2023-03-12T22:44:50.682+0000] {standard_task_runner.py:82} INFO - Running: ['***', 'tasks', 'run', 'Spotify_Data_ETL', 'GetAudioQuality', 'manual__2023-03-12T22:37:32.663552+00:00', '--job-id', '172', '--raw', '--subdir', 'DAGS_FOLDER/spotifydag.py', '--cfg-path', '/tmp/tmpqnwglq6m']
[2023-03-12T22:44:50.683+0000] {standard_task_runner.py:83} INFO - Job 172: Subtask GetAudioQuality
[2023-03-12T22:44:50.726+0000] {task_command.py:388} INFO - Running <TaskInstance: Spotify_Data_ETL.GetAudioQuality manual__2023-03-12T22:37:32.663552+00:00 [running]> on host 026b87d007ea
[2023-03-12T22:44:50.766+0000] {taskinstance.py:1509} INFO - Exporting the following env vars:
AIRFLOW_CTX_DAG_OWNER=Ananta Moharana
AIRFLOW_CTX_DAG_ID=Spotify_Data_ETL
AIRFLOW_CTX_TASK_ID=GetAudioQuality
AIRFLOW_CTX_EXECUTION_DATE=2023-03-12T22:37:32.663552+00:00
AIRFLOW_CTX_TRY_NUMBER=4
AIRFLOW_CTX_DAG_RUN_ID=manual__2023-03-12T22:37:32.663552+00:00
[2023-03-12T22:45:00.606+0000] {python.py:177} INFO - Done. Returned value was: None
[2023-03-12T22:45:00.620+0000] {taskinstance.py:1323} INFO - Marking task as SUCCESS. dag_id=Spotify_Data_ETL, task_id=GetAudioQuality, execution_date=20230312T223732, start_date=20230312T224450, end_date=20230312T224500
[2023-03-12T22:45:00.659+0000] {local_task_job.py:208} INFO - Task exited with return code 0
[2023-03-12T22:45:00.672+0000] {taskinstance.py:2578} INFO - 0 downstream tasks scheduled from follow-on schedule check
