[2023-03-12T22:40:19.955+0000] {taskinstance.py:1083} INFO - Dependencies all met for <TaskInstance: Spotify_Data_ETL.GetAudioQuality manual__2023-03-12T22:37:32.663552+00:00 [queued]>
[2023-03-12T22:40:19.961+0000] {taskinstance.py:1083} INFO - Dependencies all met for <TaskInstance: Spotify_Data_ETL.GetAudioQuality manual__2023-03-12T22:37:32.663552+00:00 [queued]>
[2023-03-12T22:40:19.961+0000] {taskinstance.py:1279} INFO - 
--------------------------------------------------------------------------------
[2023-03-12T22:40:19.962+0000] {taskinstance.py:1280} INFO - Starting attempt 2 of 4
[2023-03-12T22:40:19.962+0000] {taskinstance.py:1281} INFO - 
--------------------------------------------------------------------------------
[2023-03-12T22:40:19.968+0000] {taskinstance.py:1300} INFO - Executing <Task(PythonOperator): GetAudioQuality> on 2023-03-12 22:37:32.663552+00:00
[2023-03-12T22:40:19.973+0000] {standard_task_runner.py:55} INFO - Started process 114 to run task
[2023-03-12T22:40:19.976+0000] {standard_task_runner.py:82} INFO - Running: ['***', 'tasks', 'run', 'Spotify_Data_ETL', 'GetAudioQuality', 'manual__2023-03-12T22:37:32.663552+00:00', '--job-id', '158', '--raw', '--subdir', 'DAGS_FOLDER/spotifydag.py', '--cfg-path', '/tmp/tmp4iep926w']
[2023-03-12T22:40:19.977+0000] {standard_task_runner.py:83} INFO - Job 158: Subtask GetAudioQuality
[2023-03-12T22:40:20.022+0000] {task_command.py:388} INFO - Running <TaskInstance: Spotify_Data_ETL.GetAudioQuality manual__2023-03-12T22:37:32.663552+00:00 [running]> on host 05dd4d0dec4c
[2023-03-12T22:40:20.062+0000] {taskinstance.py:1509} INFO - Exporting the following env vars:
AIRFLOW_CTX_DAG_OWNER=Ananta Moharana
AIRFLOW_CTX_DAG_ID=Spotify_Data_ETL
AIRFLOW_CTX_TASK_ID=GetAudioQuality
AIRFLOW_CTX_EXECUTION_DATE=2023-03-12T22:37:32.663552+00:00
AIRFLOW_CTX_TRY_NUMBER=2
AIRFLOW_CTX_DAG_RUN_ID=manual__2023-03-12T22:37:32.663552+00:00
[2023-03-12T22:40:29.760+0000] {python.py:177} INFO - Done. Returned value was: None
[2023-03-12T22:40:29.767+0000] {taskinstance.py:1323} INFO - Marking task as SUCCESS. dag_id=Spotify_Data_ETL, task_id=GetAudioQuality, execution_date=20230312T223732, start_date=20230312T224019, end_date=20230312T224029
[2023-03-12T22:40:29.792+0000] {local_task_job.py:208} INFO - Task exited with return code 0
[2023-03-12T22:40:29.803+0000] {taskinstance.py:2578} INFO - 0 downstream tasks scheduled from follow-on schedule check
