[2023-03-12T22:51:08.320+0000] {taskinstance.py:1083} INFO - Dependencies all met for <TaskInstance: Spotify_Data_ETL.GetAudioQuality manual__2023-03-12T22:37:32.663552+00:00 [queued]>
[2023-03-12T22:51:08.326+0000] {taskinstance.py:1083} INFO - Dependencies all met for <TaskInstance: Spotify_Data_ETL.GetAudioQuality manual__2023-03-12T22:37:32.663552+00:00 [queued]>
[2023-03-12T22:51:08.326+0000] {taskinstance.py:1279} INFO - 
--------------------------------------------------------------------------------
[2023-03-12T22:51:08.327+0000] {taskinstance.py:1280} INFO - Starting attempt 9 of 10
[2023-03-12T22:51:08.327+0000] {taskinstance.py:1281} INFO - 
--------------------------------------------------------------------------------
[2023-03-12T22:51:08.335+0000] {taskinstance.py:1300} INFO - Executing <Task(PythonOperator): GetAudioQuality> on 2023-03-12 22:37:32.663552+00:00
[2023-03-12T22:51:08.340+0000] {standard_task_runner.py:55} INFO - Started process 218 to run task
[2023-03-12T22:51:08.345+0000] {standard_task_runner.py:82} INFO - Running: ['***', 'tasks', 'run', 'Spotify_Data_ETL', 'GetAudioQuality', 'manual__2023-03-12T22:37:32.663552+00:00', '--job-id', '196', '--raw', '--subdir', 'DAGS_FOLDER/spotifydag.py', '--cfg-path', '/tmp/tmp0r7us0mz']
[2023-03-12T22:51:08.346+0000] {standard_task_runner.py:83} INFO - Job 196: Subtask GetAudioQuality
[2023-03-12T22:51:08.399+0000] {task_command.py:388} INFO - Running <TaskInstance: Spotify_Data_ETL.GetAudioQuality manual__2023-03-12T22:37:32.663552+00:00 [running]> on host e10f56557b6e
[2023-03-12T22:51:08.444+0000] {taskinstance.py:1509} INFO - Exporting the following env vars:
AIRFLOW_CTX_DAG_OWNER=Ananta Moharana
AIRFLOW_CTX_DAG_ID=Spotify_Data_ETL
AIRFLOW_CTX_TASK_ID=GetAudioQuality
AIRFLOW_CTX_EXECUTION_DATE=2023-03-12T22:37:32.663552+00:00
AIRFLOW_CTX_TRY_NUMBER=9
AIRFLOW_CTX_DAG_RUN_ID=manual__2023-03-12T22:37:32.663552+00:00
[2023-03-12T22:51:18.187+0000] {python.py:177} INFO - Done. Returned value was: None
[2023-03-12T22:51:18.195+0000] {taskinstance.py:1323} INFO - Marking task as SUCCESS. dag_id=Spotify_Data_ETL, task_id=GetAudioQuality, execution_date=20230312T223732, start_date=20230312T225108, end_date=20230312T225118
[2023-03-12T22:51:18.215+0000] {local_task_job.py:208} INFO - Task exited with return code 0
[2023-03-12T22:51:18.226+0000] {taskinstance.py:2578} INFO - 0 downstream tasks scheduled from follow-on schedule check
