[2023-03-14T02:11:48.204+0000] {taskinstance.py:1083} INFO - Dependencies all met for <TaskInstance: Spotify_Data_ETL.GetArtistInfo manual__2023-03-14T00:09:25.066398+00:00 [queued]>
[2023-03-14T02:11:48.210+0000] {taskinstance.py:1083} INFO - Dependencies all met for <TaskInstance: Spotify_Data_ETL.GetArtistInfo manual__2023-03-14T00:09:25.066398+00:00 [queued]>
[2023-03-14T02:11:48.210+0000] {taskinstance.py:1279} INFO - 
--------------------------------------------------------------------------------
[2023-03-14T02:11:48.211+0000] {taskinstance.py:1280} INFO - Starting attempt 4 of 5
[2023-03-14T02:11:48.211+0000] {taskinstance.py:1281} INFO - 
--------------------------------------------------------------------------------
[2023-03-14T02:11:48.218+0000] {taskinstance.py:1300} INFO - Executing <Task(PythonOperator): GetArtistInfo> on 2023-03-14 00:09:25.066398+00:00
[2023-03-14T02:11:48.223+0000] {standard_task_runner.py:55} INFO - Started process 12981 to run task
[2023-03-14T02:11:48.226+0000] {standard_task_runner.py:82} INFO - Running: ['***', 'tasks', 'run', 'Spotify_Data_ETL', 'GetArtistInfo', 'manual__2023-03-14T00:09:25.066398+00:00', '--job-id', '322', '--raw', '--subdir', 'DAGS_FOLDER/spotifydag.py', '--cfg-path', '/tmp/tmpitwvthw8']
[2023-03-14T02:11:48.227+0000] {standard_task_runner.py:83} INFO - Job 322: Subtask GetArtistInfo
[2023-03-14T02:11:48.272+0000] {task_command.py:388} INFO - Running <TaskInstance: Spotify_Data_ETL.GetArtistInfo manual__2023-03-14T00:09:25.066398+00:00 [running]> on host 4d2033ffb16b
[2023-03-14T02:11:48.513+0000] {taskinstance.py:1509} INFO - Exporting the following env vars:
AIRFLOW_CTX_DAG_OWNER=Ananta Moharana
AIRFLOW_CTX_DAG_ID=Spotify_Data_ETL
AIRFLOW_CTX_TASK_ID=GetArtistInfo
AIRFLOW_CTX_EXECUTION_DATE=2023-03-14T00:09:25.066398+00:00
AIRFLOW_CTX_TRY_NUMBER=4
AIRFLOW_CTX_DAG_RUN_ID=manual__2023-03-14T00:09:25.066398+00:00
[2023-03-14T02:11:59.674+0000] {python.py:177} INFO - Done. Returned value was: None
[2023-03-14T02:11:59.687+0000] {taskinstance.py:1323} INFO - Marking task as SUCCESS. dag_id=Spotify_Data_ETL, task_id=GetArtistInfo, execution_date=20230314T000925, start_date=20230314T021148, end_date=20230314T021159
[2023-03-14T02:11:59.724+0000] {local_task_job.py:208} INFO - Task exited with return code 0
[2023-03-14T02:11:59.740+0000] {taskinstance.py:2578} INFO - 1 downstream tasks scheduled from follow-on schedule check
