[2023-03-14T03:31:33.278+0000] {taskinstance.py:1083} INFO - Dependencies all met for <TaskInstance: Spotify_Data_ETL.GetArtistInfo manual__2023-03-14T00:09:25.066398+00:00 [queued]>
[2023-03-14T03:31:33.283+0000] {taskinstance.py:1083} INFO - Dependencies all met for <TaskInstance: Spotify_Data_ETL.GetArtistInfo manual__2023-03-14T00:09:25.066398+00:00 [queued]>
[2023-03-14T03:31:33.283+0000] {taskinstance.py:1279} INFO - 
--------------------------------------------------------------------------------
[2023-03-14T03:31:33.284+0000] {taskinstance.py:1280} INFO - Starting attempt 12 of 14
[2023-03-14T03:31:33.285+0000] {taskinstance.py:1281} INFO - 
--------------------------------------------------------------------------------
[2023-03-14T03:31:33.292+0000] {taskinstance.py:1300} INFO - Executing <Task(PythonOperator): GetArtistInfo> on 2023-03-14 00:09:25.066398+00:00
[2023-03-14T03:31:33.298+0000] {standard_task_runner.py:55} INFO - Started process 882 to run task
[2023-03-14T03:31:33.301+0000] {standard_task_runner.py:82} INFO - Running: ['***', 'tasks', 'run', 'Spotify_Data_ETL', 'GetArtistInfo', 'manual__2023-03-14T00:09:25.066398+00:00', '--job-id', '371', '--raw', '--subdir', 'DAGS_FOLDER/spotifydag.py', '--cfg-path', '/tmp/tmpv2l673lv']
[2023-03-14T03:31:33.302+0000] {standard_task_runner.py:83} INFO - Job 371: Subtask GetArtistInfo
[2023-03-14T03:31:33.351+0000] {task_command.py:388} INFO - Running <TaskInstance: Spotify_Data_ETL.GetArtistInfo manual__2023-03-14T00:09:25.066398+00:00 [running]> on host c1e86c20df76
[2023-03-14T03:31:33.564+0000] {taskinstance.py:1509} INFO - Exporting the following env vars:
AIRFLOW_CTX_DAG_OWNER=Ananta Moharana
AIRFLOW_CTX_DAG_ID=Spotify_Data_ETL
AIRFLOW_CTX_TASK_ID=GetArtistInfo
AIRFLOW_CTX_EXECUTION_DATE=2023-03-14T00:09:25.066398+00:00
AIRFLOW_CTX_TRY_NUMBER=12
AIRFLOW_CTX_DAG_RUN_ID=manual__2023-03-14T00:09:25.066398+00:00
[2023-03-14T03:31:44.000+0000] {python.py:177} INFO - Done. Returned value was: None
[2023-03-14T03:31:44.018+0000] {taskinstance.py:1323} INFO - Marking task as SUCCESS. dag_id=Spotify_Data_ETL, task_id=GetArtistInfo, execution_date=20230314T000925, start_date=20230314T033133, end_date=20230314T033144
[2023-03-14T03:31:44.105+0000] {local_task_job.py:208} INFO - Task exited with return code 0
[2023-03-14T03:31:44.141+0000] {taskinstance.py:2578} INFO - 1 downstream tasks scheduled from follow-on schedule check
