[2023-03-14T00:11:05.483+0000] {taskinstance.py:1083} INFO - Dependencies all met for <TaskInstance: Spotify_Data_ETL.GetArtistInfo manual__2023-03-14T00:09:25.066398+00:00 [queued]>
[2023-03-14T00:11:05.488+0000] {taskinstance.py:1083} INFO - Dependencies all met for <TaskInstance: Spotify_Data_ETL.GetArtistInfo manual__2023-03-14T00:09:25.066398+00:00 [queued]>
[2023-03-14T00:11:05.489+0000] {taskinstance.py:1279} INFO - 
--------------------------------------------------------------------------------
[2023-03-14T00:11:05.489+0000] {taskinstance.py:1280} INFO - Starting attempt 2 of 4
[2023-03-14T00:11:05.490+0000] {taskinstance.py:1281} INFO - 
--------------------------------------------------------------------------------
[2023-03-14T00:11:05.500+0000] {taskinstance.py:1300} INFO - Executing <Task(PythonOperator): GetArtistInfo> on 2023-03-14 00:09:25.066398+00:00
[2023-03-14T00:11:05.505+0000] {standard_task_runner.py:55} INFO - Started process 6772 to run task
[2023-03-14T00:11:05.508+0000] {standard_task_runner.py:82} INFO - Running: ['***', 'tasks', 'run', 'Spotify_Data_ETL', 'GetArtistInfo', 'manual__2023-03-14T00:09:25.066398+00:00', '--job-id', '314', '--raw', '--subdir', 'DAGS_FOLDER/spotifydag.py', '--cfg-path', '/tmp/tmph2ajbpzc']
[2023-03-14T00:11:05.509+0000] {standard_task_runner.py:83} INFO - Job 314: Subtask GetArtistInfo
[2023-03-14T00:11:05.573+0000] {task_command.py:388} INFO - Running <TaskInstance: Spotify_Data_ETL.GetArtistInfo manual__2023-03-14T00:09:25.066398+00:00 [running]> on host 4d2033ffb16b
[2023-03-14T00:11:05.825+0000] {taskinstance.py:1509} INFO - Exporting the following env vars:
AIRFLOW_CTX_DAG_OWNER=Ananta Moharana
AIRFLOW_CTX_DAG_ID=Spotify_Data_ETL
AIRFLOW_CTX_TASK_ID=GetArtistInfo
AIRFLOW_CTX_EXECUTION_DATE=2023-03-14T00:09:25.066398+00:00
AIRFLOW_CTX_TRY_NUMBER=2
AIRFLOW_CTX_DAG_RUN_ID=manual__2023-03-14T00:09:25.066398+00:00
[2023-03-14T00:11:16.338+0000] {python.py:177} INFO - Done. Returned value was: None
[2023-03-14T00:11:16.346+0000] {taskinstance.py:1323} INFO - Marking task as SUCCESS. dag_id=Spotify_Data_ETL, task_id=GetArtistInfo, execution_date=20230314T000925, start_date=20230314T001105, end_date=20230314T001116
[2023-03-14T00:11:16.387+0000] {local_task_job.py:208} INFO - Task exited with return code 0
[2023-03-14T00:11:16.402+0000] {taskinstance.py:2578} INFO - 0 downstream tasks scheduled from follow-on schedule check
