[2023-03-14T03:22:47.768+0000] {taskinstance.py:1083} INFO - Dependencies all met for <TaskInstance: Spotify_Data_ETL.GetArtistInfo manual__2023-03-14T00:09:25.066398+00:00 [queued]>
[2023-03-14T03:22:47.785+0000] {taskinstance.py:1083} INFO - Dependencies all met for <TaskInstance: Spotify_Data_ETL.GetArtistInfo manual__2023-03-14T00:09:25.066398+00:00 [queued]>
[2023-03-14T03:22:47.788+0000] {taskinstance.py:1279} INFO - 
--------------------------------------------------------------------------------
[2023-03-14T03:22:47.788+0000] {taskinstance.py:1280} INFO - Starting attempt 9 of 11
[2023-03-14T03:22:47.789+0000] {taskinstance.py:1281} INFO - 
--------------------------------------------------------------------------------
[2023-03-14T03:22:47.800+0000] {taskinstance.py:1300} INFO - Executing <Task(PythonOperator): GetArtistInfo> on 2023-03-14 00:09:25.066398+00:00
[2023-03-14T03:22:47.806+0000] {standard_task_runner.py:55} INFO - Started process 221 to run task
[2023-03-14T03:22:47.809+0000] {standard_task_runner.py:82} INFO - Running: ['***', 'tasks', 'run', 'Spotify_Data_ETL', 'GetArtistInfo', 'manual__2023-03-14T00:09:25.066398+00:00', '--job-id', '355', '--raw', '--subdir', 'DAGS_FOLDER/spotifydag.py', '--cfg-path', '/tmp/tmpq52o_9c2']
[2023-03-14T03:22:47.810+0000] {standard_task_runner.py:83} INFO - Job 355: Subtask GetArtistInfo
[2023-03-14T03:22:47.855+0000] {task_command.py:388} INFO - Running <TaskInstance: Spotify_Data_ETL.GetArtistInfo manual__2023-03-14T00:09:25.066398+00:00 [running]> on host c1e86c20df76
[2023-03-14T03:22:48.031+0000] {taskinstance.py:1509} INFO - Exporting the following env vars:
AIRFLOW_CTX_DAG_OWNER=Ananta Moharana
AIRFLOW_CTX_DAG_ID=Spotify_Data_ETL
AIRFLOW_CTX_TASK_ID=GetArtistInfo
AIRFLOW_CTX_EXECUTION_DATE=2023-03-14T00:09:25.066398+00:00
AIRFLOW_CTX_TRY_NUMBER=9
AIRFLOW_CTX_DAG_RUN_ID=manual__2023-03-14T00:09:25.066398+00:00
[2023-03-14T03:22:58.242+0000] {python.py:177} INFO - Done. Returned value was: None
[2023-03-14T03:22:58.252+0000] {taskinstance.py:1323} INFO - Marking task as SUCCESS. dag_id=Spotify_Data_ETL, task_id=GetArtistInfo, execution_date=20230314T000925, start_date=20230314T032247, end_date=20230314T032258
[2023-03-14T03:22:58.304+0000] {local_task_job.py:208} INFO - Task exited with return code 0
[2023-03-14T03:22:58.321+0000] {taskinstance.py:2578} INFO - 1 downstream tasks scheduled from follow-on schedule check
