[2023-03-14T04:07:49.839+0000] {taskinstance.py:1083} INFO - Dependencies all met for <TaskInstance: Spotify_Data_ETL.GetArtistInfo manual__2023-03-14T00:09:25.066398+00:00 [queued]>
[2023-03-14T04:07:49.845+0000] {taskinstance.py:1083} INFO - Dependencies all met for <TaskInstance: Spotify_Data_ETL.GetArtistInfo manual__2023-03-14T00:09:25.066398+00:00 [queued]>
[2023-03-14T04:07:49.846+0000] {taskinstance.py:1279} INFO - 
--------------------------------------------------------------------------------
[2023-03-14T04:07:49.846+0000] {taskinstance.py:1280} INFO - Starting attempt 20 of 22
[2023-03-14T04:07:49.847+0000] {taskinstance.py:1281} INFO - 
--------------------------------------------------------------------------------
[2023-03-14T04:07:49.854+0000] {taskinstance.py:1300} INFO - Executing <Task(PythonOperator): GetArtistInfo> on 2023-03-14 00:09:25.066398+00:00
[2023-03-14T04:07:49.861+0000] {standard_task_runner.py:55} INFO - Started process 3569 to run task
[2023-03-14T04:07:49.865+0000] {standard_task_runner.py:82} INFO - Running: ['***', 'tasks', 'run', 'Spotify_Data_ETL', 'GetArtistInfo', 'manual__2023-03-14T00:09:25.066398+00:00', '--job-id', '425', '--raw', '--subdir', 'DAGS_FOLDER/spotifydag.py', '--cfg-path', '/tmp/tmpduqgz5re']
[2023-03-14T04:07:49.866+0000] {standard_task_runner.py:83} INFO - Job 425: Subtask GetArtistInfo
[2023-03-14T04:07:49.926+0000] {task_command.py:388} INFO - Running <TaskInstance: Spotify_Data_ETL.GetArtistInfo manual__2023-03-14T00:09:25.066398+00:00 [running]> on host c1e86c20df76
[2023-03-14T04:07:50.164+0000] {taskinstance.py:1509} INFO - Exporting the following env vars:
AIRFLOW_CTX_DAG_OWNER=Ananta Moharana
AIRFLOW_CTX_DAG_ID=Spotify_Data_ETL
AIRFLOW_CTX_TASK_ID=GetArtistInfo
AIRFLOW_CTX_EXECUTION_DATE=2023-03-14T00:09:25.066398+00:00
AIRFLOW_CTX_TRY_NUMBER=20
AIRFLOW_CTX_DAG_RUN_ID=manual__2023-03-14T00:09:25.066398+00:00
[2023-03-14T04:08:02.439+0000] {python.py:177} INFO - Done. Returned value was: None
[2023-03-14T04:08:02.447+0000] {taskinstance.py:1323} INFO - Marking task as SUCCESS. dag_id=Spotify_Data_ETL, task_id=GetArtistInfo, execution_date=20230314T000925, start_date=20230314T040749, end_date=20230314T040802
[2023-03-14T04:08:02.541+0000] {local_task_job.py:208} INFO - Task exited with return code 0
[2023-03-14T04:08:02.561+0000] {taskinstance.py:2578} INFO - 1 downstream tasks scheduled from follow-on schedule check
