[2023-03-14T22:39:08.629+0000] {taskinstance.py:1083} INFO - Dependencies all met for <TaskInstance: Spotify_Data_ETL.SongArtistBridgeToS3 manual__2023-03-14T17:39:32.565428+00:00 [queued]>
[2023-03-14T22:39:08.653+0000] {taskinstance.py:1083} INFO - Dependencies all met for <TaskInstance: Spotify_Data_ETL.SongArtistBridgeToS3 manual__2023-03-14T17:39:32.565428+00:00 [queued]>
[2023-03-14T22:39:08.656+0000] {taskinstance.py:1279} INFO - 
--------------------------------------------------------------------------------
[2023-03-14T22:39:08.657+0000] {taskinstance.py:1280} INFO - Starting attempt 5 of 7
[2023-03-14T22:39:08.658+0000] {taskinstance.py:1281} INFO - 
--------------------------------------------------------------------------------
[2023-03-14T22:39:08.699+0000] {taskinstance.py:1300} INFO - Executing <Task(PythonOperator): SongArtistBridgeToS3> on 2023-03-14 17:39:32.565428+00:00
[2023-03-14T22:39:08.706+0000] {standard_task_runner.py:55} INFO - Started process 6774 to run task
[2023-03-14T22:39:08.724+0000] {standard_task_runner.py:82} INFO - Running: ['***', 'tasks', 'run', 'Spotify_Data_ETL', 'SongArtistBridgeToS3', 'manual__2023-03-14T17:39:32.565428+00:00', '--job-id', '606', '--raw', '--subdir', 'DAGS_FOLDER/spotifydag.py', '--cfg-path', '/tmp/tmp412co2iw']
[2023-03-14T22:39:08.726+0000] {standard_task_runner.py:83} INFO - Job 606: Subtask SongArtistBridgeToS3
[2023-03-14T22:39:08.882+0000] {task_command.py:388} INFO - Running <TaskInstance: Spotify_Data_ETL.SongArtistBridgeToS3 manual__2023-03-14T17:39:32.565428+00:00 [running]> on host aa32983f0e0e
[2023-03-14T22:39:09.609+0000] {taskinstance.py:1509} INFO - Exporting the following env vars:
AIRFLOW_CTX_DAG_OWNER=Ananta Moharana
AIRFLOW_CTX_DAG_ID=Spotify_Data_ETL
AIRFLOW_CTX_TASK_ID=SongArtistBridgeToS3
AIRFLOW_CTX_EXECUTION_DATE=2023-03-14T17:39:32.565428+00:00
AIRFLOW_CTX_TRY_NUMBER=5
AIRFLOW_CTX_DAG_RUN_ID=manual__2023-03-14T17:39:32.565428+00:00
[2023-03-14T22:39:09.622+0000] {base.py:73} INFO - Using connection ID 'aws_connection' for task execution.
[2023-03-14T22:39:09.624+0000] {connection_wrapper.py:334} INFO - AWS Connection (conn_id='aws_connection', conn_type='aws') credentials retrieved from login and password.
[2023-03-14T22:39:10.217+0000] {python.py:177} INFO - Done. Returned value was: None
[2023-03-14T22:39:10.224+0000] {taskinstance.py:1323} INFO - Marking task as SUCCESS. dag_id=Spotify_Data_ETL, task_id=SongArtistBridgeToS3, execution_date=20230314T173932, start_date=20230314T223908, end_date=20230314T223910
[2023-03-14T22:39:10.297+0000] {local_task_job.py:208} INFO - Task exited with return code 0
[2023-03-14T22:39:10.318+0000] {taskinstance.py:2578} INFO - 0 downstream tasks scheduled from follow-on schedule check
