[2023-03-14T04:46:25.064+0000] {taskinstance.py:1083} INFO - Dependencies all met for <TaskInstance: Spotify_Data_ETL.ArtistGenreBridgeToS3 manual__2023-03-14T04:46:04.224243+00:00 [queued]>
[2023-03-14T04:46:25.123+0000] {taskinstance.py:1083} INFO - Dependencies all met for <TaskInstance: Spotify_Data_ETL.ArtistGenreBridgeToS3 manual__2023-03-14T04:46:04.224243+00:00 [queued]>
[2023-03-14T04:46:25.125+0000] {taskinstance.py:1279} INFO - 
--------------------------------------------------------------------------------
[2023-03-14T04:46:25.129+0000] {taskinstance.py:1280} INFO - Starting attempt 1 of 3
[2023-03-14T04:46:25.129+0000] {taskinstance.py:1281} INFO - 
--------------------------------------------------------------------------------
[2023-03-14T04:46:25.176+0000] {taskinstance.py:1300} INFO - Executing <Task(PythonOperator): ArtistGenreBridgeToS3> on 2023-03-14 04:46:04.224243+00:00
[2023-03-14T04:46:25.206+0000] {standard_task_runner.py:55} INFO - Started process 237 to run task
[2023-03-14T04:46:25.227+0000] {standard_task_runner.py:82} INFO - Running: ['***', 'tasks', 'run', 'Spotify_Data_ETL', 'ArtistGenreBridgeToS3', 'manual__2023-03-14T04:46:04.224243+00:00', '--job-id', '539', '--raw', '--subdir', 'DAGS_FOLDER/spotifydag.py', '--cfg-path', '/tmp/tmpzxhxf1e5']
[2023-03-14T04:46:25.262+0000] {standard_task_runner.py:83} INFO - Job 539: Subtask ArtistGenreBridgeToS3
[2023-03-14T04:46:25.569+0000] {task_command.py:388} INFO - Running <TaskInstance: Spotify_Data_ETL.ArtistGenreBridgeToS3 manual__2023-03-14T04:46:04.224243+00:00 [running]> on host f1a61db33278
[2023-03-14T04:46:26.876+0000] {taskinstance.py:1509} INFO - Exporting the following env vars:
AIRFLOW_CTX_DAG_OWNER=Ananta Moharana
AIRFLOW_CTX_DAG_ID=Spotify_Data_ETL
AIRFLOW_CTX_TASK_ID=ArtistGenreBridgeToS3
AIRFLOW_CTX_EXECUTION_DATE=2023-03-14T04:46:04.224243+00:00
AIRFLOW_CTX_TRY_NUMBER=1
AIRFLOW_CTX_DAG_RUN_ID=manual__2023-03-14T04:46:04.224243+00:00
[2023-03-14T04:46:26.894+0000] {base.py:73} INFO - Using connection ID 's3_connection' for task execution.
[2023-03-14T04:46:26.895+0000] {connection_wrapper.py:334} INFO - AWS Connection (conn_id='s3_connection', conn_type='aws') credentials retrieved from login and password.
[2023-03-14T04:46:27.660+0000] {python.py:177} INFO - Done. Returned value was: None
[2023-03-14T04:46:27.682+0000] {taskinstance.py:1323} INFO - Marking task as SUCCESS. dag_id=Spotify_Data_ETL, task_id=ArtistGenreBridgeToS3, execution_date=20230314T044604, start_date=20230314T044625, end_date=20230314T044627
[2023-03-14T04:46:27.758+0000] {local_task_job.py:208} INFO - Task exited with return code 0
[2023-03-14T04:46:27.776+0000] {taskinstance.py:2578} INFO - 0 downstream tasks scheduled from follow-on schedule check
