[2023-03-18T04:10:01.071+0000] {taskinstance.py:1083} INFO - Dependencies all met for <TaskInstance: Spotify_Data_ETL.AuthenticateAPI manual__2023-03-18T03:59:25.819409+00:00 [queued]>
[2023-03-18T04:10:01.075+0000] {taskinstance.py:1083} INFO - Dependencies all met for <TaskInstance: Spotify_Data_ETL.AuthenticateAPI manual__2023-03-18T03:59:25.819409+00:00 [queued]>
[2023-03-18T04:10:01.076+0000] {taskinstance.py:1279} INFO - 
--------------------------------------------------------------------------------
[2023-03-18T04:10:01.076+0000] {taskinstance.py:1280} INFO - Starting attempt 3 of 5
[2023-03-18T04:10:01.077+0000] {taskinstance.py:1281} INFO - 
--------------------------------------------------------------------------------
[2023-03-18T04:10:01.084+0000] {taskinstance.py:1300} INFO - Executing <Task(PythonOperator): AuthenticateAPI> on 2023-03-18 03:59:25.819409+00:00
[2023-03-18T04:10:01.090+0000] {standard_task_runner.py:55} INFO - Started process 1139 to run task
[2023-03-18T04:10:01.093+0000] {standard_task_runner.py:82} INFO - Running: ['***', 'tasks', 'run', 'Spotify_Data_ETL', 'AuthenticateAPI', 'manual__2023-03-18T03:59:25.819409+00:00', '--job-id', '1404', '--raw', '--subdir', 'DAGS_FOLDER/spotifydag.py', '--cfg-path', '/tmp/tmpktca90qz']
[2023-03-18T04:10:01.094+0000] {standard_task_runner.py:83} INFO - Job 1404: Subtask AuthenticateAPI
[2023-03-18T04:10:01.138+0000] {task_command.py:388} INFO - Running <TaskInstance: Spotify_Data_ETL.AuthenticateAPI manual__2023-03-18T03:59:25.819409+00:00 [running]> on host d7c7ac56d661
[2023-03-18T04:10:01.178+0000] {taskinstance.py:1509} INFO - Exporting the following env vars:
AIRFLOW_CTX_DAG_OWNER=Ananta Moharana
AIRFLOW_CTX_DAG_ID=Spotify_Data_ETL
AIRFLOW_CTX_TASK_ID=AuthenticateAPI
AIRFLOW_CTX_EXECUTION_DATE=2023-03-18T03:59:25.819409+00:00
AIRFLOW_CTX_TRY_NUMBER=3
AIRFLOW_CTX_DAG_RUN_ID=manual__2023-03-18T03:59:25.819409+00:00
[2023-03-18T04:10:01.287+0000] {logging_mixin.py:137} INFO - BQCzbxjcw8VyALO0ETeaavuCJUwMBTaZgka3ecqGxHv8KtfsM-k7SLtMBl9RJaT3j9ahYYh6-oT7eb7S8uMKo8KxaVXhm2_18H1Baepmd3wgqC2WEvqG
[2023-03-18T04:10:01.299+0000] {python.py:177} INFO - Done. Returned value was: None
[2023-03-18T04:10:01.307+0000] {taskinstance.py:1323} INFO - Marking task as SUCCESS. dag_id=Spotify_Data_ETL, task_id=AuthenticateAPI, execution_date=20230318T035925, start_date=20230318T041001, end_date=20230318T041001
[2023-03-18T04:10:01.348+0000] {local_task_job.py:208} INFO - Task exited with return code 0
[2023-03-18T04:10:01.369+0000] {taskinstance.py:2578} INFO - 1 downstream tasks scheduled from follow-on schedule check
