[2023-03-18T04:19:03.926+0000] {taskinstance.py:1083} INFO - Dependencies all met for <TaskInstance: Spotify_Data_ETL.AuthenticateAPI manual__2023-03-18T03:59:25.819409+00:00 [queued]>
[2023-03-18T04:19:03.931+0000] {taskinstance.py:1083} INFO - Dependencies all met for <TaskInstance: Spotify_Data_ETL.AuthenticateAPI manual__2023-03-18T03:59:25.819409+00:00 [queued]>
[2023-03-18T04:19:03.931+0000] {taskinstance.py:1279} INFO - 
--------------------------------------------------------------------------------
[2023-03-18T04:19:03.932+0000] {taskinstance.py:1280} INFO - Starting attempt 6 of 8
[2023-03-18T04:19:03.932+0000] {taskinstance.py:1281} INFO - 
--------------------------------------------------------------------------------
[2023-03-18T04:19:03.939+0000] {taskinstance.py:1300} INFO - Executing <Task(PythonOperator): AuthenticateAPI> on 2023-03-18 03:59:25.819409+00:00
[2023-03-18T04:19:03.945+0000] {standard_task_runner.py:55} INFO - Started process 1989 to run task
[2023-03-18T04:19:03.949+0000] {standard_task_runner.py:82} INFO - Running: ['***', 'tasks', 'run', 'Spotify_Data_ETL', 'AuthenticateAPI', 'manual__2023-03-18T03:59:25.819409+00:00', '--job-id', '1466', '--raw', '--subdir', 'DAGS_FOLDER/spotifydag.py', '--cfg-path', '/tmp/tmpovn1c8zb']
[2023-03-18T04:19:03.949+0000] {standard_task_runner.py:83} INFO - Job 1466: Subtask AuthenticateAPI
[2023-03-18T04:19:03.993+0000] {task_command.py:388} INFO - Running <TaskInstance: Spotify_Data_ETL.AuthenticateAPI manual__2023-03-18T03:59:25.819409+00:00 [running]> on host d7c7ac56d661
[2023-03-18T04:19:04.031+0000] {taskinstance.py:1509} INFO - Exporting the following env vars:
AIRFLOW_CTX_DAG_OWNER=Ananta Moharana
AIRFLOW_CTX_DAG_ID=Spotify_Data_ETL
AIRFLOW_CTX_TASK_ID=AuthenticateAPI
AIRFLOW_CTX_EXECUTION_DATE=2023-03-18T03:59:25.819409+00:00
AIRFLOW_CTX_TRY_NUMBER=6
AIRFLOW_CTX_DAG_RUN_ID=manual__2023-03-18T03:59:25.819409+00:00
[2023-03-18T04:19:04.134+0000] {logging_mixin.py:137} INFO - BQAW6lie7L3nzyZysT4BeouKfcEHvPLQZHHmjhKJKJGkic1L0te0CRbJWZa86lbbPcKMcYqQwhEiwdOY9m1DpBErENU_wW2rybYeSuX6hf8wZIcmQEfc
[2023-03-18T04:19:04.145+0000] {python.py:177} INFO - Done. Returned value was: None
[2023-03-18T04:19:04.153+0000] {taskinstance.py:1323} INFO - Marking task as SUCCESS. dag_id=Spotify_Data_ETL, task_id=AuthenticateAPI, execution_date=20230318T035925, start_date=20230318T041903, end_date=20230318T041904
[2023-03-18T04:19:04.204+0000] {local_task_job.py:208} INFO - Task exited with return code 0
[2023-03-18T04:19:04.225+0000] {taskinstance.py:2578} INFO - 1 downstream tasks scheduled from follow-on schedule check
