[2023-03-12T22:04:17.957+0000] {taskinstance.py:1083} INFO - Dependencies all met for <TaskInstance: Spotify_Data_ETL.GetSongsFromPlaylist manual__2023-03-12T22:04:14.795695+00:00 [queued]>
[2023-03-12T22:04:17.961+0000] {taskinstance.py:1083} INFO - Dependencies all met for <TaskInstance: Spotify_Data_ETL.GetSongsFromPlaylist manual__2023-03-12T22:04:14.795695+00:00 [queued]>
[2023-03-12T22:04:17.962+0000] {taskinstance.py:1279} INFO - 
--------------------------------------------------------------------------------
[2023-03-12T22:04:17.962+0000] {taskinstance.py:1280} INFO - Starting attempt 1 of 3
[2023-03-12T22:04:17.962+0000] {taskinstance.py:1281} INFO - 
--------------------------------------------------------------------------------
[2023-03-12T22:04:17.969+0000] {taskinstance.py:1300} INFO - Executing <Task(PythonOperator): GetSongsFromPlaylist> on 2023-03-12 22:04:14.795695+00:00
[2023-03-12T22:04:17.973+0000] {standard_task_runner.py:55} INFO - Started process 684 to run task
[2023-03-12T22:04:17.979+0000] {standard_task_runner.py:82} INFO - Running: ['***', 'tasks', 'run', 'Spotify_Data_ETL', 'GetSongsFromPlaylist', 'manual__2023-03-12T22:04:14.795695+00:00', '--job-id', '129', '--raw', '--subdir', 'DAGS_FOLDER/spotifydag.py', '--cfg-path', '/tmp/tmp2_g1eyff']
[2023-03-12T22:04:17.980+0000] {standard_task_runner.py:83} INFO - Job 129: Subtask GetSongsFromPlaylist
[2023-03-12T22:04:18.025+0000] {task_command.py:388} INFO - Running <TaskInstance: Spotify_Data_ETL.GetSongsFromPlaylist manual__2023-03-12T22:04:14.795695+00:00 [running]> on host 83697a7176fb
[2023-03-12T22:04:18.066+0000] {taskinstance.py:1509} INFO - Exporting the following env vars:
AIRFLOW_CTX_DAG_OWNER=Ananta Moharana
AIRFLOW_CTX_DAG_ID=Spotify_Data_ETL
AIRFLOW_CTX_TASK_ID=GetSongsFromPlaylist
AIRFLOW_CTX_EXECUTION_DATE=2023-03-12T22:04:14.795695+00:00
AIRFLOW_CTX_TRY_NUMBER=1
AIRFLOW_CTX_DAG_RUN_ID=manual__2023-03-12T22:04:14.795695+00:00
[2023-03-12T22:04:18.608+0000] {python.py:177} INFO - Done. Returned value was: None
[2023-03-12T22:04:18.615+0000] {taskinstance.py:1323} INFO - Marking task as SUCCESS. dag_id=Spotify_Data_ETL, task_id=GetSongsFromPlaylist, execution_date=20230312T220414, start_date=20230312T220417, end_date=20230312T220418
[2023-03-12T22:04:18.638+0000] {local_task_job.py:208} INFO - Task exited with return code 0
[2023-03-12T22:04:18.652+0000] {taskinstance.py:2578} INFO - 1 downstream tasks scheduled from follow-on schedule check
