[2023-03-12T22:52:32.924+0000] {taskinstance.py:1083} INFO - Dependencies all met for <TaskInstance: Spotify_Data_ETL.AuthenticateAPI manual__2023-03-12T22:52:31.282023+00:00 [queued]>
[2023-03-12T22:52:32.929+0000] {taskinstance.py:1083} INFO - Dependencies all met for <TaskInstance: Spotify_Data_ETL.AuthenticateAPI manual__2023-03-12T22:52:31.282023+00:00 [queued]>
[2023-03-12T22:52:32.929+0000] {taskinstance.py:1279} INFO - 
--------------------------------------------------------------------------------
[2023-03-12T22:52:32.930+0000] {taskinstance.py:1280} INFO - Starting attempt 1 of 3
[2023-03-12T22:52:32.930+0000] {taskinstance.py:1281} INFO - 
--------------------------------------------------------------------------------
[2023-03-12T22:52:32.936+0000] {taskinstance.py:1300} INFO - Executing <Task(PythonOperator): AuthenticateAPI> on 2023-03-12 22:52:31.282023+00:00
[2023-03-12T22:52:32.941+0000] {standard_task_runner.py:55} INFO - Started process 318 to run task
[2023-03-12T22:52:32.944+0000] {standard_task_runner.py:82} INFO - Running: ['***', 'tasks', 'run', 'Spotify_Data_ETL', 'AuthenticateAPI', 'manual__2023-03-12T22:52:31.282023+00:00', '--job-id', '199', '--raw', '--subdir', 'DAGS_FOLDER/spotifydag.py', '--cfg-path', '/tmp/tmpqu5m51sq']
[2023-03-12T22:52:32.945+0000] {standard_task_runner.py:83} INFO - Job 199: Subtask AuthenticateAPI
[2023-03-12T22:52:32.990+0000] {task_command.py:388} INFO - Running <TaskInstance: Spotify_Data_ETL.AuthenticateAPI manual__2023-03-12T22:52:31.282023+00:00 [running]> on host e10f56557b6e
[2023-03-12T22:52:33.031+0000] {taskinstance.py:1509} INFO - Exporting the following env vars:
AIRFLOW_CTX_DAG_OWNER=Ananta Moharana
AIRFLOW_CTX_DAG_ID=Spotify_Data_ETL
AIRFLOW_CTX_TASK_ID=AuthenticateAPI
AIRFLOW_CTX_EXECUTION_DATE=2023-03-12T22:52:31.282023+00:00
AIRFLOW_CTX_TRY_NUMBER=1
AIRFLOW_CTX_DAG_RUN_ID=manual__2023-03-12T22:52:31.282023+00:00
[2023-03-12T22:52:33.164+0000] {logging_mixin.py:137} INFO - BQBpJytcmto9cYupPN3tiGxZh2OEgFi03UYJbZuOU99CqFujhQC4NkA7AoxJp-SKDf62gjQcd1VhS4gDE52voi__jTjVyzObjT4VaFXDtG0wifuKAf4Q
[2023-03-12T22:52:33.176+0000] {python.py:177} INFO - Done. Returned value was: None
[2023-03-12T22:52:33.183+0000] {taskinstance.py:1323} INFO - Marking task as SUCCESS. dag_id=Spotify_Data_ETL, task_id=AuthenticateAPI, execution_date=20230312T225231, start_date=20230312T225232, end_date=20230312T225233
[2023-03-12T22:52:33.238+0000] {local_task_job.py:208} INFO - Task exited with return code 0
[2023-03-12T22:52:33.256+0000] {taskinstance.py:2578} INFO - 1 downstream tasks scheduled from follow-on schedule check
