[2023-03-13T00:48:57.061+0000] {taskinstance.py:1083} INFO - Dependencies all met for <TaskInstance: Spotify_Data_ETL.AuthenticateAPI manual__2023-03-12T22:52:31.282023+00:00 [queued]>
[2023-03-13T00:48:57.065+0000] {taskinstance.py:1083} INFO - Dependencies all met for <TaskInstance: Spotify_Data_ETL.AuthenticateAPI manual__2023-03-12T22:52:31.282023+00:00 [queued]>
[2023-03-13T00:48:57.066+0000] {taskinstance.py:1279} INFO - 
--------------------------------------------------------------------------------
[2023-03-13T00:48:57.066+0000] {taskinstance.py:1280} INFO - Starting attempt 4 of 6
[2023-03-13T00:48:57.066+0000] {taskinstance.py:1281} INFO - 
--------------------------------------------------------------------------------
[2023-03-13T00:48:57.073+0000] {taskinstance.py:1300} INFO - Executing <Task(PythonOperator): AuthenticateAPI> on 2023-03-12 22:52:31.282023+00:00
[2023-03-13T00:48:57.078+0000] {standard_task_runner.py:55} INFO - Started process 287 to run task
[2023-03-13T00:48:57.081+0000] {standard_task_runner.py:82} INFO - Running: ['***', 'tasks', 'run', 'Spotify_Data_ETL', 'AuthenticateAPI', 'manual__2023-03-12T22:52:31.282023+00:00', '--job-id', '219', '--raw', '--subdir', 'DAGS_FOLDER/spotifydag.py', '--cfg-path', '/tmp/tmpj_oyjalj']
[2023-03-13T00:48:57.081+0000] {standard_task_runner.py:83} INFO - Job 219: Subtask AuthenticateAPI
[2023-03-13T00:48:57.127+0000] {task_command.py:388} INFO - Running <TaskInstance: Spotify_Data_ETL.AuthenticateAPI manual__2023-03-12T22:52:31.282023+00:00 [running]> on host 62fbe2962392
[2023-03-13T00:48:57.169+0000] {taskinstance.py:1509} INFO - Exporting the following env vars:
AIRFLOW_CTX_DAG_OWNER=Ananta Moharana
AIRFLOW_CTX_DAG_ID=Spotify_Data_ETL
AIRFLOW_CTX_TASK_ID=AuthenticateAPI
AIRFLOW_CTX_EXECUTION_DATE=2023-03-12T22:52:31.282023+00:00
AIRFLOW_CTX_TRY_NUMBER=4
AIRFLOW_CTX_DAG_RUN_ID=manual__2023-03-12T22:52:31.282023+00:00
[2023-03-13T00:48:57.250+0000] {logging_mixin.py:137} INFO - BQAHHrm6MCpiY0rArElPCIOn-lQN4AkyA-4ZkgGO91Gz2-qVUmHY9_TKXdR2QtLSF2JjS4AL2S3q-qgI9-KXCpiURTC-ONlRAImjCw_X11i7o5kER_BT
[2023-03-13T00:48:57.263+0000] {python.py:177} INFO - Done. Returned value was: None
[2023-03-13T00:48:57.272+0000] {taskinstance.py:1323} INFO - Marking task as SUCCESS. dag_id=Spotify_Data_ETL, task_id=AuthenticateAPI, execution_date=20230312T225231, start_date=20230313T004857, end_date=20230313T004857
[2023-03-13T00:48:57.293+0000] {local_task_job.py:208} INFO - Task exited with return code 0
[2023-03-13T00:48:57.312+0000] {taskinstance.py:2578} INFO - 1 downstream tasks scheduled from follow-on schedule check
