[2023-03-18T03:59:29.948+0000] {taskinstance.py:1083} INFO - Dependencies all met for <TaskInstance: Spotify_Data_ETL.GetSongsFromPlaylist manual__2023-03-18T03:59:25.819409+00:00 [queued]>
[2023-03-18T03:59:29.952+0000] {taskinstance.py:1083} INFO - Dependencies all met for <TaskInstance: Spotify_Data_ETL.GetSongsFromPlaylist manual__2023-03-18T03:59:25.819409+00:00 [queued]>
[2023-03-18T03:59:29.953+0000] {taskinstance.py:1279} INFO - 
--------------------------------------------------------------------------------
[2023-03-18T03:59:29.953+0000] {taskinstance.py:1280} INFO - Starting attempt 1 of 3
[2023-03-18T03:59:29.954+0000] {taskinstance.py:1281} INFO - 
--------------------------------------------------------------------------------
[2023-03-18T03:59:29.960+0000] {taskinstance.py:1300} INFO - Executing <Task(PythonOperator): GetSongsFromPlaylist> on 2023-03-18 03:59:25.819409+00:00
[2023-03-18T03:59:29.965+0000] {standard_task_runner.py:55} INFO - Started process 278 to run task
[2023-03-18T03:59:29.969+0000] {standard_task_runner.py:82} INFO - Running: ['***', 'tasks', 'run', 'Spotify_Data_ETL', 'GetSongsFromPlaylist', 'manual__2023-03-18T03:59:25.819409+00:00', '--job-id', '1372', '--raw', '--subdir', 'DAGS_FOLDER/spotifydag.py', '--cfg-path', '/tmp/tmpsk3s6fd8']
[2023-03-18T03:59:29.969+0000] {standard_task_runner.py:83} INFO - Job 1372: Subtask GetSongsFromPlaylist
[2023-03-18T03:59:30.011+0000] {task_command.py:388} INFO - Running <TaskInstance: Spotify_Data_ETL.GetSongsFromPlaylist manual__2023-03-18T03:59:25.819409+00:00 [running]> on host d7c7ac56d661
[2023-03-18T03:59:30.049+0000] {taskinstance.py:1509} INFO - Exporting the following env vars:
AIRFLOW_CTX_DAG_OWNER=Ananta Moharana
AIRFLOW_CTX_DAG_ID=Spotify_Data_ETL
AIRFLOW_CTX_TASK_ID=GetSongsFromPlaylist
AIRFLOW_CTX_EXECUTION_DATE=2023-03-18T03:59:25.819409+00:00
AIRFLOW_CTX_TRY_NUMBER=1
AIRFLOW_CTX_DAG_RUN_ID=manual__2023-03-18T03:59:25.819409+00:00
[2023-03-18T03:59:30.834+0000] {python.py:177} INFO - Done. Returned value was: None
[2023-03-18T03:59:30.842+0000] {taskinstance.py:1323} INFO - Marking task as SUCCESS. dag_id=Spotify_Data_ETL, task_id=GetSongsFromPlaylist, execution_date=20230318T035925, start_date=20230318T035929, end_date=20230318T035930
[2023-03-18T03:59:30.891+0000] {local_task_job.py:208} INFO - Task exited with return code 0
[2023-03-18T03:59:30.911+0000] {taskinstance.py:2578} INFO - 2 downstream tasks scheduled from follow-on schedule check
