[2023-03-21T02:10:06.499+0000] {taskinstance.py:1084} INFO - Dependencies all met for dep_context=non-requeueable deps ti=<TaskInstance: Spotify_Data_ETL.GetSongsFromPlaylist manual__2023-03-18T04:27:11.434896+00:00 [queued]>
[2023-03-21T02:10:06.503+0000] {taskinstance.py:1084} INFO - Dependencies all met for dep_context=requeueable deps ti=<TaskInstance: Spotify_Data_ETL.GetSongsFromPlaylist manual__2023-03-18T04:27:11.434896+00:00 [queued]>
[2023-03-21T02:10:06.504+0000] {taskinstance.py:1282} INFO - 
--------------------------------------------------------------------------------
[2023-03-21T02:10:06.504+0000] {taskinstance.py:1283} INFO - Starting attempt 8 of 10
[2023-03-21T02:10:06.505+0000] {taskinstance.py:1284} INFO - 
--------------------------------------------------------------------------------
[2023-03-21T02:10:06.512+0000] {taskinstance.py:1303} INFO - Executing <Task(PythonOperator): GetSongsFromPlaylist> on 2023-03-18 04:27:11.434896+00:00
[2023-03-21T02:10:06.516+0000] {standard_task_runner.py:55} INFO - Started process 16918 to run task
[2023-03-21T02:10:06.520+0000] {standard_task_runner.py:82} INFO - Running: ['***', 'tasks', 'run', 'Spotify_Data_ETL', 'GetSongsFromPlaylist', 'manual__2023-03-18T04:27:11.434896+00:00', '--job-id', '1663', '--raw', '--subdir', 'DAGS_FOLDER/spotifydag.py', '--cfg-path', '/tmp/tmpsc5s5cv1']
[2023-03-21T02:10:06.521+0000] {standard_task_runner.py:83} INFO - Job 1663: Subtask GetSongsFromPlaylist
[2023-03-21T02:10:06.566+0000] {task_command.py:388} INFO - Running <TaskInstance: Spotify_Data_ETL.GetSongsFromPlaylist manual__2023-03-18T04:27:11.434896+00:00 [running]> on host 1fd7b08731f2
[2023-03-21T02:10:06.606+0000] {taskinstance.py:1511} INFO - Exporting the following env vars:
AIRFLOW_CTX_DAG_OWNER=Ananta Moharana
AIRFLOW_CTX_DAG_ID=Spotify_Data_ETL
AIRFLOW_CTX_TASK_ID=GetSongsFromPlaylist
AIRFLOW_CTX_EXECUTION_DATE=2023-03-18T04:27:11.434896+00:00
AIRFLOW_CTX_TRY_NUMBER=8
AIRFLOW_CTX_DAG_RUN_ID=manual__2023-03-18T04:27:11.434896+00:00
[2023-03-21T02:10:07.051+0000] {python.py:177} INFO - Done. Returned value was: None
[2023-03-21T02:10:07.061+0000] {taskinstance.py:1326} INFO - Marking task as SUCCESS. dag_id=Spotify_Data_ETL, task_id=GetSongsFromPlaylist, execution_date=20230318T042711, start_date=20230321T021006, end_date=20230321T021007
[2023-03-21T02:10:07.106+0000] {local_task_job.py:212} INFO - Task exited with return code 0
[2023-03-21T02:10:07.131+0000] {taskinstance.py:2585} INFO - 2 downstream tasks scheduled from follow-on schedule check
