[2023-03-21T02:04:11.092+0000] {taskinstance.py:1084} INFO - Dependencies all met for dep_context=non-requeueable deps ti=<TaskInstance: Spotify_Data_ETL.GetSongsFromPlaylist manual__2023-03-18T04:27:11.434896+00:00 [queued]>
[2023-03-21T02:04:11.097+0000] {taskinstance.py:1084} INFO - Dependencies all met for dep_context=requeueable deps ti=<TaskInstance: Spotify_Data_ETL.GetSongsFromPlaylist manual__2023-03-18T04:27:11.434896+00:00 [queued]>
[2023-03-21T02:04:11.097+0000] {taskinstance.py:1282} INFO - 
--------------------------------------------------------------------------------
[2023-03-21T02:04:11.097+0000] {taskinstance.py:1283} INFO - Starting attempt 6 of 8
[2023-03-21T02:04:11.098+0000] {taskinstance.py:1284} INFO - 
--------------------------------------------------------------------------------
[2023-03-21T02:04:11.105+0000] {taskinstance.py:1303} INFO - Executing <Task(PythonOperator): GetSongsFromPlaylist> on 2023-03-18 04:27:11.434896+00:00
[2023-03-21T02:04:11.111+0000] {standard_task_runner.py:55} INFO - Started process 16357 to run task
[2023-03-21T02:04:11.117+0000] {standard_task_runner.py:82} INFO - Running: ['***', 'tasks', 'run', 'Spotify_Data_ETL', 'GetSongsFromPlaylist', 'manual__2023-03-18T04:27:11.434896+00:00', '--job-id', '1631', '--raw', '--subdir', 'DAGS_FOLDER/spotifydag.py', '--cfg-path', '/tmp/tmprpz96juv']
[2023-03-21T02:04:11.118+0000] {standard_task_runner.py:83} INFO - Job 1631: Subtask GetSongsFromPlaylist
[2023-03-21T02:04:11.163+0000] {task_command.py:388} INFO - Running <TaskInstance: Spotify_Data_ETL.GetSongsFromPlaylist manual__2023-03-18T04:27:11.434896+00:00 [running]> on host 1fd7b08731f2
[2023-03-21T02:04:11.202+0000] {taskinstance.py:1511} INFO - Exporting the following env vars:
AIRFLOW_CTX_DAG_OWNER=Ananta Moharana
AIRFLOW_CTX_DAG_ID=Spotify_Data_ETL
AIRFLOW_CTX_TASK_ID=GetSongsFromPlaylist
AIRFLOW_CTX_EXECUTION_DATE=2023-03-18T04:27:11.434896+00:00
AIRFLOW_CTX_TRY_NUMBER=6
AIRFLOW_CTX_DAG_RUN_ID=manual__2023-03-18T04:27:11.434896+00:00
[2023-03-21T02:04:11.768+0000] {python.py:177} INFO - Done. Returned value was: None
[2023-03-21T02:04:11.775+0000] {taskinstance.py:1326} INFO - Marking task as SUCCESS. dag_id=Spotify_Data_ETL, task_id=GetSongsFromPlaylist, execution_date=20230318T042711, start_date=20230321T020411, end_date=20230321T020411
[2023-03-21T02:04:11.833+0000] {local_task_job.py:212} INFO - Task exited with return code 0
[2023-03-21T02:04:11.855+0000] {taskinstance.py:2585} INFO - 2 downstream tasks scheduled from follow-on schedule check
