[2023-03-21T23:02:07.288+0000] {taskinstance.py:1084} INFO - Dependencies all met for dep_context=non-requeueable deps ti=<TaskInstance: Spotify_Data_ETL.JsonToCSV manual__2023-03-21T22:47:20.265233+00:00 [queued]>
[2023-03-21T23:02:07.293+0000] {taskinstance.py:1084} INFO - Dependencies all met for dep_context=requeueable deps ti=<TaskInstance: Spotify_Data_ETL.JsonToCSV manual__2023-03-21T22:47:20.265233+00:00 [queued]>
[2023-03-21T23:02:07.293+0000] {taskinstance.py:1282} INFO - 
--------------------------------------------------------------------------------
[2023-03-21T23:02:07.294+0000] {taskinstance.py:1283} INFO - Starting attempt 4 of 6
[2023-03-21T23:02:07.294+0000] {taskinstance.py:1284} INFO - 
--------------------------------------------------------------------------------
[2023-03-21T23:02:07.302+0000] {taskinstance.py:1303} INFO - Executing <Task(PythonOperator): JsonToCSV> on 2023-03-21 22:47:20.265233+00:00
[2023-03-21T23:02:07.306+0000] {standard_task_runner.py:55} INFO - Started process 23121 to run task
[2023-03-21T23:02:07.309+0000] {standard_task_runner.py:82} INFO - Running: ['***', 'tasks', 'run', 'Spotify_Data_ETL', 'JsonToCSV', 'manual__2023-03-21T22:47:20.265233+00:00', '--job-id', '2326', '--raw', '--subdir', 'DAGS_FOLDER/spotifydag.py', '--cfg-path', '/tmp/tmpm_r03xl8']
[2023-03-21T23:02:07.310+0000] {standard_task_runner.py:83} INFO - Job 2326: Subtask JsonToCSV
[2023-03-21T23:02:07.353+0000] {task_command.py:388} INFO - Running <TaskInstance: Spotify_Data_ETL.JsonToCSV manual__2023-03-21T22:47:20.265233+00:00 [running]> on host 1fd7b08731f2
[2023-03-21T23:02:07.400+0000] {taskinstance.py:1511} INFO - Exporting the following env vars:
AIRFLOW_CTX_DAG_OWNER=Ananta Moharana
AIRFLOW_CTX_DAG_ID=Spotify_Data_ETL
AIRFLOW_CTX_TASK_ID=JsonToCSV
AIRFLOW_CTX_EXECUTION_DATE=2023-03-21T22:47:20.265233+00:00
AIRFLOW_CTX_TRY_NUMBER=4
AIRFLOW_CTX_DAG_RUN_ID=manual__2023-03-21T22:47:20.265233+00:00
[2023-03-21T23:02:07.410+0000] {base.py:73} INFO - Using connection ID 'aws_connection' for task execution.
[2023-03-21T23:02:07.411+0000] {connection_wrapper.py:337} INFO - AWS Connection (conn_id='aws_connection', conn_type='aws') credentials retrieved from login and password.
[2023-03-21T23:02:10.655+0000] {python.py:177} INFO - Done. Returned value was: None
[2023-03-21T23:02:10.671+0000] {taskinstance.py:1326} INFO - Marking task as SUCCESS. dag_id=Spotify_Data_ETL, task_id=JsonToCSV, execution_date=20230321T224720, start_date=20230321T230207, end_date=20230321T230210
[2023-03-21T23:02:10.727+0000] {local_task_job.py:212} INFO - Task exited with return code 0
[2023-03-21T23:02:10.749+0000] {taskinstance.py:2585} INFO - 1 downstream tasks scheduled from follow-on schedule check
