[2023-03-21T22:47:43.211+0000] {taskinstance.py:1084} INFO - Dependencies all met for dep_context=non-requeueable deps ti=<TaskInstance: Spotify_Data_ETL.JsonToCSV manual__2023-03-21T22:47:20.265233+00:00 [queued]>
[2023-03-21T22:47:43.216+0000] {taskinstance.py:1084} INFO - Dependencies all met for dep_context=requeueable deps ti=<TaskInstance: Spotify_Data_ETL.JsonToCSV manual__2023-03-21T22:47:20.265233+00:00 [queued]>
[2023-03-21T22:47:43.217+0000] {taskinstance.py:1282} INFO - 
--------------------------------------------------------------------------------
[2023-03-21T22:47:43.217+0000] {taskinstance.py:1283} INFO - Starting attempt 1 of 3
[2023-03-21T22:47:43.218+0000] {taskinstance.py:1284} INFO - 
--------------------------------------------------------------------------------
[2023-03-21T22:47:43.224+0000] {taskinstance.py:1303} INFO - Executing <Task(PythonOperator): JsonToCSV> on 2023-03-21 22:47:20.265233+00:00
[2023-03-21T22:47:43.229+0000] {standard_task_runner.py:55} INFO - Started process 21768 to run task
[2023-03-21T22:47:43.233+0000] {standard_task_runner.py:82} INFO - Running: ['***', 'tasks', 'run', 'Spotify_Data_ETL', 'JsonToCSV', 'manual__2023-03-21T22:47:20.265233+00:00', '--job-id', '2255', '--raw', '--subdir', 'DAGS_FOLDER/spotifydag.py', '--cfg-path', '/tmp/tmpf9mgch1q']
[2023-03-21T22:47:43.234+0000] {standard_task_runner.py:83} INFO - Job 2255: Subtask JsonToCSV
[2023-03-21T22:47:43.281+0000] {task_command.py:388} INFO - Running <TaskInstance: Spotify_Data_ETL.JsonToCSV manual__2023-03-21T22:47:20.265233+00:00 [running]> on host 1fd7b08731f2
[2023-03-21T22:47:43.332+0000] {taskinstance.py:1511} INFO - Exporting the following env vars:
AIRFLOW_CTX_DAG_OWNER=Ananta Moharana
AIRFLOW_CTX_DAG_ID=Spotify_Data_ETL
AIRFLOW_CTX_TASK_ID=JsonToCSV
AIRFLOW_CTX_EXECUTION_DATE=2023-03-21T22:47:20.265233+00:00
AIRFLOW_CTX_TRY_NUMBER=1
AIRFLOW_CTX_DAG_RUN_ID=manual__2023-03-21T22:47:20.265233+00:00
[2023-03-21T22:47:43.343+0000] {base.py:73} INFO - Using connection ID 'aws_connection' for task execution.
[2023-03-21T22:47:43.344+0000] {connection_wrapper.py:337} INFO - AWS Connection (conn_id='aws_connection', conn_type='aws') credentials retrieved from login and password.
[2023-03-21T22:47:46.590+0000] {python.py:177} INFO - Done. Returned value was: None
[2023-03-21T22:47:46.601+0000] {taskinstance.py:1326} INFO - Marking task as SUCCESS. dag_id=Spotify_Data_ETL, task_id=JsonToCSV, execution_date=20230321T224720, start_date=20230321T224743, end_date=20230321T224746
[2023-03-21T22:47:46.666+0000] {local_task_job.py:212} INFO - Task exited with return code 0
[2023-03-21T22:47:46.692+0000] {taskinstance.py:2585} INFO - 1 downstream tasks scheduled from follow-on schedule check
