[2023-03-21T23:51:22.292+0000] {taskinstance.py:1084} INFO - Dependencies all met for dep_context=non-requeueable deps ti=<TaskInstance: Spotify_Data_ETL.GetAudioQuality manual__2023-03-21T23:51:16.155488+00:00 [queued]>
[2023-03-21T23:51:22.297+0000] {taskinstance.py:1084} INFO - Dependencies all met for dep_context=requeueable deps ti=<TaskInstance: Spotify_Data_ETL.GetAudioQuality manual__2023-03-21T23:51:16.155488+00:00 [queued]>
[2023-03-21T23:51:22.297+0000] {taskinstance.py:1282} INFO - 
--------------------------------------------------------------------------------
[2023-03-21T23:51:22.298+0000] {taskinstance.py:1283} INFO - Starting attempt 1 of 3
[2023-03-21T23:51:22.298+0000] {taskinstance.py:1284} INFO - 
--------------------------------------------------------------------------------
[2023-03-21T23:51:22.305+0000] {taskinstance.py:1303} INFO - Executing <Task(PythonOperator): GetAudioQuality> on 2023-03-21 23:51:16.155488+00:00
[2023-03-21T23:51:22.312+0000] {standard_task_runner.py:55} INFO - Started process 1290 to run task
[2023-03-21T23:51:22.316+0000] {standard_task_runner.py:82} INFO - Running: ['***', 'tasks', 'run', 'Spotify_Data_ETL', 'GetAudioQuality', 'manual__2023-03-21T23:51:16.155488+00:00', '--job-id', '2438', '--raw', '--subdir', 'DAGS_FOLDER/spotifydag.py', '--cfg-path', '/tmp/tmpno68jbd3']
[2023-03-21T23:51:22.316+0000] {standard_task_runner.py:83} INFO - Job 2438: Subtask GetAudioQuality
[2023-03-21T23:51:22.367+0000] {task_command.py:388} INFO - Running <TaskInstance: Spotify_Data_ETL.GetAudioQuality manual__2023-03-21T23:51:16.155488+00:00 [running]> on host c6886449e314
[2023-03-21T23:51:22.417+0000] {taskinstance.py:1511} INFO - Exporting the following env vars:
AIRFLOW_CTX_DAG_OWNER=Ananta Moharana
AIRFLOW_CTX_DAG_ID=Spotify_Data_ETL
AIRFLOW_CTX_TASK_ID=GetAudioQuality
AIRFLOW_CTX_EXECUTION_DATE=2023-03-21T23:51:16.155488+00:00
AIRFLOW_CTX_TRY_NUMBER=1
AIRFLOW_CTX_DAG_RUN_ID=manual__2023-03-21T23:51:16.155488+00:00
[2023-03-21T23:51:29.050+0000] {python.py:177} INFO - Done. Returned value was: None
[2023-03-21T23:51:29.060+0000] {taskinstance.py:1326} INFO - Marking task as SUCCESS. dag_id=Spotify_Data_ETL, task_id=GetAudioQuality, execution_date=20230321T235116, start_date=20230321T235122, end_date=20230321T235129
[2023-03-21T23:51:29.110+0000] {local_task_job.py:212} INFO - Task exited with return code 0
[2023-03-21T23:51:29.134+0000] {taskinstance.py:2585} INFO - 1 downstream tasks scheduled from follow-on schedule check
