[2023-03-14T21:04:53.623+0000] {taskinstance.py:1083} INFO - Dependencies all met for <TaskInstance: Spotify_Data_ETL.AuthenticateAPI manual__2023-03-14T17:39:32.565428+00:00 [queued]>
[2023-03-14T21:04:53.628+0000] {taskinstance.py:1083} INFO - Dependencies all met for <TaskInstance: Spotify_Data_ETL.AuthenticateAPI manual__2023-03-14T17:39:32.565428+00:00 [queued]>
[2023-03-14T21:04:53.628+0000] {taskinstance.py:1279} INFO - 
--------------------------------------------------------------------------------
[2023-03-14T21:04:53.629+0000] {taskinstance.py:1280} INFO - Starting attempt 4 of 6
[2023-03-14T21:04:53.629+0000] {taskinstance.py:1281} INFO - 
--------------------------------------------------------------------------------
[2023-03-14T21:04:53.636+0000] {taskinstance.py:1300} INFO - Executing <Task(PythonOperator): AuthenticateAPI> on 2023-03-14 17:39:32.565428+00:00
[2023-03-14T21:04:53.641+0000] {standard_task_runner.py:55} INFO - Started process 340 to run task
[2023-03-14T21:04:53.644+0000] {standard_task_runner.py:82} INFO - Running: ['***', 'tasks', 'run', 'Spotify_Data_ETL', 'AuthenticateAPI', 'manual__2023-03-14T17:39:32.565428+00:00', '--job-id', '583', '--raw', '--subdir', 'DAGS_FOLDER/spotifydag.py', '--cfg-path', '/tmp/tmpsrppmkzb']
[2023-03-14T21:04:53.644+0000] {standard_task_runner.py:83} INFO - Job 583: Subtask AuthenticateAPI
[2023-03-14T21:04:53.686+0000] {task_command.py:388} INFO - Running <TaskInstance: Spotify_Data_ETL.AuthenticateAPI manual__2023-03-14T17:39:32.565428+00:00 [running]> on host aa32983f0e0e
[2023-03-14T21:04:53.900+0000] {taskinstance.py:1509} INFO - Exporting the following env vars:
AIRFLOW_CTX_DAG_OWNER=Ananta Moharana
AIRFLOW_CTX_DAG_ID=Spotify_Data_ETL
AIRFLOW_CTX_TASK_ID=AuthenticateAPI
AIRFLOW_CTX_EXECUTION_DATE=2023-03-14T17:39:32.565428+00:00
AIRFLOW_CTX_TRY_NUMBER=4
AIRFLOW_CTX_DAG_RUN_ID=manual__2023-03-14T17:39:32.565428+00:00
[2023-03-14T21:04:54.021+0000] {logging_mixin.py:137} INFO - BQDgFRTiFLDWAePbPqVM4k007HgPcO0KazXt3VODE4aHV69dmIN5NGnztm53FOVFlkaK8k7rj5qPDtjgV_9Or1d2KvcvG8B_7q_qh55LbfDrYKNQcfd6
[2023-03-14T21:04:54.035+0000] {python.py:177} INFO - Done. Returned value was: None
[2023-03-14T21:04:54.043+0000] {taskinstance.py:1323} INFO - Marking task as SUCCESS. dag_id=Spotify_Data_ETL, task_id=AuthenticateAPI, execution_date=20230314T173932, start_date=20230314T210453, end_date=20230314T210454
[2023-03-14T21:04:54.103+0000] {local_task_job.py:208} INFO - Task exited with return code 0
[2023-03-14T21:04:54.219+0000] {taskinstance.py:2578} INFO - 1 downstream tasks scheduled from follow-on schedule check
