[2023-03-14T20:17:06.015+0000] {taskinstance.py:1083} INFO - Dependencies all met for <TaskInstance: Spotify_Data_ETL.AuthenticateAPI manual__2023-03-14T17:39:32.565428+00:00 [queued]>
[2023-03-14T20:17:06.020+0000] {taskinstance.py:1083} INFO - Dependencies all met for <TaskInstance: Spotify_Data_ETL.AuthenticateAPI manual__2023-03-14T17:39:32.565428+00:00 [queued]>
[2023-03-14T20:17:06.020+0000] {taskinstance.py:1279} INFO - 
--------------------------------------------------------------------------------
[2023-03-14T20:17:06.020+0000] {taskinstance.py:1280} INFO - Starting attempt 2 of 4
[2023-03-14T20:17:06.021+0000] {taskinstance.py:1281} INFO - 
--------------------------------------------------------------------------------
[2023-03-14T20:17:06.027+0000] {taskinstance.py:1300} INFO - Executing <Task(PythonOperator): AuthenticateAPI> on 2023-03-14 17:39:32.565428+00:00
[2023-03-14T20:17:06.032+0000] {standard_task_runner.py:55} INFO - Started process 12541 to run task
[2023-03-14T20:17:06.036+0000] {standard_task_runner.py:82} INFO - Running: ['***', 'tasks', 'run', 'Spotify_Data_ETL', 'AuthenticateAPI', 'manual__2023-03-14T17:39:32.565428+00:00', '--job-id', '557', '--raw', '--subdir', 'DAGS_FOLDER/spotifydag.py', '--cfg-path', '/tmp/tmpb05m1vue']
[2023-03-14T20:17:06.036+0000] {standard_task_runner.py:83} INFO - Job 557: Subtask AuthenticateAPI
[2023-03-14T20:17:06.084+0000] {task_command.py:388} INFO - Running <TaskInstance: Spotify_Data_ETL.AuthenticateAPI manual__2023-03-14T17:39:32.565428+00:00 [running]> on host 9cabbaedf88c
[2023-03-14T20:17:06.306+0000] {taskinstance.py:1509} INFO - Exporting the following env vars:
AIRFLOW_CTX_DAG_OWNER=Ananta Moharana
AIRFLOW_CTX_DAG_ID=Spotify_Data_ETL
AIRFLOW_CTX_TASK_ID=AuthenticateAPI
AIRFLOW_CTX_EXECUTION_DATE=2023-03-14T17:39:32.565428+00:00
AIRFLOW_CTX_TRY_NUMBER=2
AIRFLOW_CTX_DAG_RUN_ID=manual__2023-03-14T17:39:32.565428+00:00
[2023-03-14T20:17:06.407+0000] {logging_mixin.py:137} INFO - BQBLyqkJMzi1fLeVnJpI4UJHZLBWm6-E-SUdH4-IU0eE3rAVGk10c9VITavPaDgsWVnuX-SN1xNX9nBD9dgq_emAXNnFo_vif0e8N8e2BS55hGD7UNnN
[2023-03-14T20:17:06.416+0000] {python.py:177} INFO - Done. Returned value was: None
[2023-03-14T20:17:06.423+0000] {taskinstance.py:1323} INFO - Marking task as SUCCESS. dag_id=Spotify_Data_ETL, task_id=AuthenticateAPI, execution_date=20230314T173932, start_date=20230314T201706, end_date=20230314T201706
[2023-03-14T20:17:06.452+0000] {local_task_job.py:208} INFO - Task exited with return code 0
[2023-03-14T20:17:06.473+0000] {taskinstance.py:2578} INFO - 1 downstream tasks scheduled from follow-on schedule check
