[2023-03-14T22:38:55.901+0000] {taskinstance.py:1083} INFO - Dependencies all met for <TaskInstance: Spotify_Data_ETL.AuthenticateAPI manual__2023-03-14T17:39:32.565428+00:00 [queued]>
[2023-03-14T22:38:55.906+0000] {taskinstance.py:1083} INFO - Dependencies all met for <TaskInstance: Spotify_Data_ETL.AuthenticateAPI manual__2023-03-14T17:39:32.565428+00:00 [queued]>
[2023-03-14T22:38:55.907+0000] {taskinstance.py:1279} INFO - 
--------------------------------------------------------------------------------
[2023-03-14T22:38:55.907+0000] {taskinstance.py:1280} INFO - Starting attempt 5 of 7
[2023-03-14T22:38:55.908+0000] {taskinstance.py:1281} INFO - 
--------------------------------------------------------------------------------
[2023-03-14T22:38:55.915+0000] {taskinstance.py:1300} INFO - Executing <Task(PythonOperator): AuthenticateAPI> on 2023-03-14 17:39:32.565428+00:00
[2023-03-14T22:38:55.920+0000] {standard_task_runner.py:55} INFO - Started process 6728 to run task
[2023-03-14T22:38:55.923+0000] {standard_task_runner.py:82} INFO - Running: ['***', 'tasks', 'run', 'Spotify_Data_ETL', 'AuthenticateAPI', 'manual__2023-03-14T17:39:32.565428+00:00', '--job-id', '595', '--raw', '--subdir', 'DAGS_FOLDER/spotifydag.py', '--cfg-path', '/tmp/tmpr_n_gqda']
[2023-03-14T22:38:55.924+0000] {standard_task_runner.py:83} INFO - Job 595: Subtask AuthenticateAPI
[2023-03-14T22:38:55.964+0000] {task_command.py:388} INFO - Running <TaskInstance: Spotify_Data_ETL.AuthenticateAPI manual__2023-03-14T17:39:32.565428+00:00 [running]> on host aa32983f0e0e
[2023-03-14T22:38:56.195+0000] {taskinstance.py:1509} INFO - Exporting the following env vars:
AIRFLOW_CTX_DAG_OWNER=Ananta Moharana
AIRFLOW_CTX_DAG_ID=Spotify_Data_ETL
AIRFLOW_CTX_TASK_ID=AuthenticateAPI
AIRFLOW_CTX_EXECUTION_DATE=2023-03-14T17:39:32.565428+00:00
AIRFLOW_CTX_TRY_NUMBER=5
AIRFLOW_CTX_DAG_RUN_ID=manual__2023-03-14T17:39:32.565428+00:00
[2023-03-14T22:38:56.302+0000] {logging_mixin.py:137} INFO - BQDDfBQnoQE5RK9jN32ymSW_mv1LiFKj-5wwOoU41zZ1GYQSUnIffpo298sa5fXLd9Fx5zHzLIMY3S8OKRid94vJJjni81k7LlNSSUC-lNQ_Skrx_qNx
[2023-03-14T22:38:56.315+0000] {python.py:177} INFO - Done. Returned value was: None
[2023-03-14T22:38:56.325+0000] {taskinstance.py:1323} INFO - Marking task as SUCCESS. dag_id=Spotify_Data_ETL, task_id=AuthenticateAPI, execution_date=20230314T173932, start_date=20230314T223855, end_date=20230314T223856
[2023-03-14T22:38:56.382+0000] {local_task_job.py:208} INFO - Task exited with return code 0
[2023-03-14T22:38:56.401+0000] {taskinstance.py:2578} INFO - 0 downstream tasks scheduled from follow-on schedule check
