[2023-03-14T20:35:28.033+0000] {taskinstance.py:1083} INFO - Dependencies all met for <TaskInstance: Spotify_Data_ETL.AuthenticateAPI manual__2023-03-14T17:39:32.565428+00:00 [queued]>
[2023-03-14T20:35:28.039+0000] {taskinstance.py:1083} INFO - Dependencies all met for <TaskInstance: Spotify_Data_ETL.AuthenticateAPI manual__2023-03-14T17:39:32.565428+00:00 [queued]>
[2023-03-14T20:35:28.039+0000] {taskinstance.py:1279} INFO - 
--------------------------------------------------------------------------------
[2023-03-14T20:35:28.040+0000] {taskinstance.py:1280} INFO - Starting attempt 3 of 5
[2023-03-14T20:35:28.040+0000] {taskinstance.py:1281} INFO - 
--------------------------------------------------------------------------------
[2023-03-14T20:35:28.047+0000] {taskinstance.py:1300} INFO - Executing <Task(PythonOperator): AuthenticateAPI> on 2023-03-14 17:39:32.565428+00:00
[2023-03-14T20:35:28.051+0000] {standard_task_runner.py:55} INFO - Started process 13894 to run task
[2023-03-14T20:35:28.055+0000] {standard_task_runner.py:82} INFO - Running: ['***', 'tasks', 'run', 'Spotify_Data_ETL', 'AuthenticateAPI', 'manual__2023-03-14T17:39:32.565428+00:00', '--job-id', '569', '--raw', '--subdir', 'DAGS_FOLDER/spotifydag.py', '--cfg-path', '/tmp/tmpjd89bus9']
[2023-03-14T20:35:28.055+0000] {standard_task_runner.py:83} INFO - Job 569: Subtask AuthenticateAPI
[2023-03-14T20:35:28.097+0000] {task_command.py:388} INFO - Running <TaskInstance: Spotify_Data_ETL.AuthenticateAPI manual__2023-03-14T17:39:32.565428+00:00 [running]> on host 9cabbaedf88c
[2023-03-14T20:35:28.312+0000] {taskinstance.py:1509} INFO - Exporting the following env vars:
AIRFLOW_CTX_DAG_OWNER=Ananta Moharana
AIRFLOW_CTX_DAG_ID=Spotify_Data_ETL
AIRFLOW_CTX_TASK_ID=AuthenticateAPI
AIRFLOW_CTX_EXECUTION_DATE=2023-03-14T17:39:32.565428+00:00
AIRFLOW_CTX_TRY_NUMBER=3
AIRFLOW_CTX_DAG_RUN_ID=manual__2023-03-14T17:39:32.565428+00:00
[2023-03-14T20:35:28.422+0000] {logging_mixin.py:137} INFO - BQBY95bewl4ZgM7x7VPNetIyUR3UqBB7MvbEp0MN7CDuJYd-R1MrxvcAdYMbf8GfEf45NrWw3TXnnNJHEsh_ss2d2gycolYozA4IrRA2xwXGL6rt40ux
[2023-03-14T20:35:28.433+0000] {python.py:177} INFO - Done. Returned value was: None
[2023-03-14T20:35:28.440+0000] {taskinstance.py:1323} INFO - Marking task as SUCCESS. dag_id=Spotify_Data_ETL, task_id=AuthenticateAPI, execution_date=20230314T173932, start_date=20230314T203528, end_date=20230314T203528
[2023-03-14T20:35:28.472+0000] {local_task_job.py:208} INFO - Task exited with return code 0
[2023-03-14T20:35:28.492+0000] {taskinstance.py:2578} INFO - 1 downstream tasks scheduled from follow-on schedule check
