[2023-03-14T03:43:54.750+0000] {taskinstance.py:1083} INFO - Dependencies all met for <TaskInstance: Spotify_Data_ETL.GetAudioQuality manual__2023-03-14T00:09:25.066398+00:00 [queued]>
[2023-03-14T03:43:54.821+0000] {taskinstance.py:1083} INFO - Dependencies all met for <TaskInstance: Spotify_Data_ETL.GetAudioQuality manual__2023-03-14T00:09:25.066398+00:00 [queued]>
[2023-03-14T03:43:54.824+0000] {taskinstance.py:1279} INFO - 
--------------------------------------------------------------------------------
[2023-03-14T03:43:54.851+0000] {taskinstance.py:1280} INFO - Starting attempt 14 of 16
[2023-03-14T03:43:54.854+0000] {taskinstance.py:1281} INFO - 
--------------------------------------------------------------------------------
[2023-03-14T03:43:54.892+0000] {taskinstance.py:1300} INFO - Executing <Task(PythonOperator): GetAudioQuality> on 2023-03-14 00:09:25.066398+00:00
[2023-03-14T03:43:54.918+0000] {standard_task_runner.py:55} INFO - Started process 1812 to run task
[2023-03-14T03:43:54.928+0000] {standard_task_runner.py:82} INFO - Running: ['***', 'tasks', 'run', 'Spotify_Data_ETL', 'GetAudioQuality', 'manual__2023-03-14T00:09:25.066398+00:00', '--job-id', '396', '--raw', '--subdir', 'DAGS_FOLDER/spotifydag.py', '--cfg-path', '/tmp/tmps6svry_2']
[2023-03-14T03:43:54.942+0000] {standard_task_runner.py:83} INFO - Job 396: Subtask GetAudioQuality
[2023-03-14T03:43:55.033+0000] {task_command.py:388} INFO - Running <TaskInstance: Spotify_Data_ETL.GetAudioQuality manual__2023-03-14T00:09:25.066398+00:00 [running]> on host c1e86c20df76
[2023-03-14T03:43:55.242+0000] {taskinstance.py:1509} INFO - Exporting the following env vars:
AIRFLOW_CTX_DAG_OWNER=Ananta Moharana
AIRFLOW_CTX_DAG_ID=Spotify_Data_ETL
AIRFLOW_CTX_TASK_ID=GetAudioQuality
AIRFLOW_CTX_EXECUTION_DATE=2023-03-14T00:09:25.066398+00:00
AIRFLOW_CTX_TRY_NUMBER=14
AIRFLOW_CTX_DAG_RUN_ID=manual__2023-03-14T00:09:25.066398+00:00
[2023-03-14T03:44:05.360+0000] {python.py:177} INFO - Done. Returned value was: None
[2023-03-14T03:44:05.370+0000] {taskinstance.py:1323} INFO - Marking task as SUCCESS. dag_id=Spotify_Data_ETL, task_id=GetAudioQuality, execution_date=20230314T000925, start_date=20230314T034354, end_date=20230314T034405
[2023-03-14T03:44:05.434+0000] {local_task_job.py:208} INFO - Task exited with return code 0
[2023-03-14T03:44:05.457+0000] {taskinstance.py:2578} INFO - 0 downstream tasks scheduled from follow-on schedule check
