[2023-03-14T00:09:30.755+0000] {taskinstance.py:1083} INFO - Dependencies all met for <TaskInstance: Spotify_Data_ETL.GetAudioQuality manual__2023-03-14T00:09:25.066398+00:00 [queued]>
[2023-03-14T00:09:30.761+0000] {taskinstance.py:1083} INFO - Dependencies all met for <TaskInstance: Spotify_Data_ETL.GetAudioQuality manual__2023-03-14T00:09:25.066398+00:00 [queued]>
[2023-03-14T00:09:30.761+0000] {taskinstance.py:1279} INFO - 
--------------------------------------------------------------------------------
[2023-03-14T00:09:30.761+0000] {taskinstance.py:1280} INFO - Starting attempt 1 of 3
[2023-03-14T00:09:30.762+0000] {taskinstance.py:1281} INFO - 
--------------------------------------------------------------------------------
[2023-03-14T00:09:30.769+0000] {taskinstance.py:1300} INFO - Executing <Task(PythonOperator): GetAudioQuality> on 2023-03-14 00:09:25.066398+00:00
[2023-03-14T00:09:30.774+0000] {standard_task_runner.py:55} INFO - Started process 6635 to run task
[2023-03-14T00:09:30.779+0000] {standard_task_runner.py:82} INFO - Running: ['***', 'tasks', 'run', 'Spotify_Data_ETL', 'GetAudioQuality', 'manual__2023-03-14T00:09:25.066398+00:00', '--job-id', '306', '--raw', '--subdir', 'DAGS_FOLDER/spotifydag.py', '--cfg-path', '/tmp/tmpvbd03zt5']
[2023-03-14T00:09:30.780+0000] {standard_task_runner.py:83} INFO - Job 306: Subtask GetAudioQuality
[2023-03-14T00:09:30.836+0000] {task_command.py:388} INFO - Running <TaskInstance: Spotify_Data_ETL.GetAudioQuality manual__2023-03-14T00:09:25.066398+00:00 [running]> on host 4d2033ffb16b
[2023-03-14T00:09:31.143+0000] {taskinstance.py:1509} INFO - Exporting the following env vars:
AIRFLOW_CTX_DAG_OWNER=Ananta Moharana
AIRFLOW_CTX_DAG_ID=Spotify_Data_ETL
AIRFLOW_CTX_TASK_ID=GetAudioQuality
AIRFLOW_CTX_EXECUTION_DATE=2023-03-14T00:09:25.066398+00:00
AIRFLOW_CTX_TRY_NUMBER=1
AIRFLOW_CTX_DAG_RUN_ID=manual__2023-03-14T00:09:25.066398+00:00
[2023-03-14T00:09:41.815+0000] {python.py:177} INFO - Done. Returned value was: None
[2023-03-14T00:09:41.834+0000] {taskinstance.py:1323} INFO - Marking task as SUCCESS. dag_id=Spotify_Data_ETL, task_id=GetAudioQuality, execution_date=20230314T000925, start_date=20230314T000930, end_date=20230314T000941
[2023-03-14T00:09:41.903+0000] {local_task_job.py:208} INFO - Task exited with return code 0
[2023-03-14T00:09:41.917+0000] {taskinstance.py:2578} INFO - 0 downstream tasks scheduled from follow-on schedule check
