[2023-03-14T03:22:47.746+0000] {taskinstance.py:1083} INFO - Dependencies all met for <TaskInstance: Spotify_Data_ETL.GetAudioQuality manual__2023-03-14T00:09:25.066398+00:00 [queued]>
[2023-03-14T03:22:47.752+0000] {taskinstance.py:1083} INFO - Dependencies all met for <TaskInstance: Spotify_Data_ETL.GetAudioQuality manual__2023-03-14T00:09:25.066398+00:00 [queued]>
[2023-03-14T03:22:47.752+0000] {taskinstance.py:1279} INFO - 
--------------------------------------------------------------------------------
[2023-03-14T03:22:47.753+0000] {taskinstance.py:1280} INFO - Starting attempt 8 of 10
[2023-03-14T03:22:47.753+0000] {taskinstance.py:1281} INFO - 
--------------------------------------------------------------------------------
[2023-03-14T03:22:47.768+0000] {taskinstance.py:1300} INFO - Executing <Task(PythonOperator): GetAudioQuality> on 2023-03-14 00:09:25.066398+00:00
[2023-03-14T03:22:47.777+0000] {standard_task_runner.py:55} INFO - Started process 220 to run task
[2023-03-14T03:22:47.786+0000] {standard_task_runner.py:82} INFO - Running: ['***', 'tasks', 'run', 'Spotify_Data_ETL', 'GetAudioQuality', 'manual__2023-03-14T00:09:25.066398+00:00', '--job-id', '354', '--raw', '--subdir', 'DAGS_FOLDER/spotifydag.py', '--cfg-path', '/tmp/tmpepwu_s3c']
[2023-03-14T03:22:47.788+0000] {standard_task_runner.py:83} INFO - Job 354: Subtask GetAudioQuality
[2023-03-14T03:22:47.838+0000] {task_command.py:388} INFO - Running <TaskInstance: Spotify_Data_ETL.GetAudioQuality manual__2023-03-14T00:09:25.066398+00:00 [running]> on host c1e86c20df76
[2023-03-14T03:22:48.010+0000] {taskinstance.py:1509} INFO - Exporting the following env vars:
AIRFLOW_CTX_DAG_OWNER=Ananta Moharana
AIRFLOW_CTX_DAG_ID=Spotify_Data_ETL
AIRFLOW_CTX_TASK_ID=GetAudioQuality
AIRFLOW_CTX_EXECUTION_DATE=2023-03-14T00:09:25.066398+00:00
AIRFLOW_CTX_TRY_NUMBER=8
AIRFLOW_CTX_DAG_RUN_ID=manual__2023-03-14T00:09:25.066398+00:00
[2023-03-14T03:22:57.591+0000] {python.py:177} INFO - Done. Returned value was: None
[2023-03-14T03:22:57.664+0000] {taskinstance.py:1323} INFO - Marking task as SUCCESS. dag_id=Spotify_Data_ETL, task_id=GetAudioQuality, execution_date=20230314T000925, start_date=20230314T032247, end_date=20230314T032257
[2023-03-14T03:22:57.747+0000] {local_task_job.py:208} INFO - Task exited with return code 0
[2023-03-14T03:22:57.770+0000] {taskinstance.py:2578} INFO - 0 downstream tasks scheduled from follow-on schedule check
