[2023-03-14T04:11:00.233+0000] {taskinstance.py:1083} INFO - Dependencies all met for <TaskInstance: Spotify_Data_ETL.GetAudioQuality manual__2023-03-14T00:09:25.066398+00:00 [queued]>
[2023-03-14T04:11:00.239+0000] {taskinstance.py:1083} INFO - Dependencies all met for <TaskInstance: Spotify_Data_ETL.GetAudioQuality manual__2023-03-14T00:09:25.066398+00:00 [queued]>
[2023-03-14T04:11:00.240+0000] {taskinstance.py:1279} INFO - 
--------------------------------------------------------------------------------
[2023-03-14T04:11:00.240+0000] {taskinstance.py:1280} INFO - Starting attempt 22 of 24
[2023-03-14T04:11:00.241+0000] {taskinstance.py:1281} INFO - 
--------------------------------------------------------------------------------
[2023-03-14T04:11:00.252+0000] {taskinstance.py:1300} INFO - Executing <Task(PythonOperator): GetAudioQuality> on 2023-03-14 00:09:25.066398+00:00
[2023-03-14T04:11:00.262+0000] {standard_task_runner.py:55} INFO - Started process 3865 to run task
[2023-03-14T04:11:00.266+0000] {standard_task_runner.py:82} INFO - Running: ['***', 'tasks', 'run', 'Spotify_Data_ETL', 'GetAudioQuality', 'manual__2023-03-14T00:09:25.066398+00:00', '--job-id', '449', '--raw', '--subdir', 'DAGS_FOLDER/spotifydag.py', '--cfg-path', '/tmp/tmp115dao0z']
[2023-03-14T04:11:00.267+0000] {standard_task_runner.py:83} INFO - Job 449: Subtask GetAudioQuality
[2023-03-14T04:11:00.471+0000] {task_command.py:388} INFO - Running <TaskInstance: Spotify_Data_ETL.GetAudioQuality manual__2023-03-14T00:09:25.066398+00:00 [running]> on host c1e86c20df76
[2023-03-14T04:11:00.741+0000] {taskinstance.py:1509} INFO - Exporting the following env vars:
AIRFLOW_CTX_DAG_OWNER=Ananta Moharana
AIRFLOW_CTX_DAG_ID=Spotify_Data_ETL
AIRFLOW_CTX_TASK_ID=GetAudioQuality
AIRFLOW_CTX_EXECUTION_DATE=2023-03-14T00:09:25.066398+00:00
AIRFLOW_CTX_TRY_NUMBER=22
AIRFLOW_CTX_DAG_RUN_ID=manual__2023-03-14T00:09:25.066398+00:00
[2023-03-14T04:11:11.264+0000] {python.py:177} INFO - Done. Returned value was: None
[2023-03-14T04:11:11.274+0000] {taskinstance.py:1323} INFO - Marking task as SUCCESS. dag_id=Spotify_Data_ETL, task_id=GetAudioQuality, execution_date=20230314T000925, start_date=20230314T041100, end_date=20230314T041111
[2023-03-14T04:11:11.389+0000] {local_task_job.py:208} INFO - Task exited with return code 0
[2023-03-14T04:11:11.704+0000] {taskinstance.py:2578} INFO - 0 downstream tasks scheduled from follow-on schedule check
