[2023-03-21T21:37:20.129+0000] {taskinstance.py:1084} INFO - Dependencies all met for dep_context=non-requeueable deps ti=<TaskInstance: Spotify_Data_ETL.AuthenticateAPI manual__2023-03-21T21:37:18.113830+00:00 [queued]>
[2023-03-21T21:37:20.135+0000] {taskinstance.py:1084} INFO - Dependencies all met for dep_context=requeueable deps ti=<TaskInstance: Spotify_Data_ETL.AuthenticateAPI manual__2023-03-21T21:37:18.113830+00:00 [queued]>
[2023-03-21T21:37:20.135+0000] {taskinstance.py:1282} INFO - 
--------------------------------------------------------------------------------
[2023-03-21T21:37:20.136+0000] {taskinstance.py:1283} INFO - Starting attempt 1 of 3
[2023-03-21T21:37:20.136+0000] {taskinstance.py:1284} INFO - 
--------------------------------------------------------------------------------
[2023-03-21T21:37:20.144+0000] {taskinstance.py:1303} INFO - Executing <Task(PythonOperator): AuthenticateAPI> on 2023-03-21 21:37:18.113830+00:00
[2023-03-21T21:37:20.149+0000] {standard_task_runner.py:55} INFO - Started process 16556 to run task
[2023-03-21T21:37:20.153+0000] {standard_task_runner.py:82} INFO - Running: ['***', 'tasks', 'run', 'Spotify_Data_ETL', 'AuthenticateAPI', 'manual__2023-03-21T21:37:18.113830+00:00', '--job-id', '2191', '--raw', '--subdir', 'DAGS_FOLDER/spotifydag.py', '--cfg-path', '/tmp/tmpjnenrd1p']
[2023-03-21T21:37:20.155+0000] {standard_task_runner.py:83} INFO - Job 2191: Subtask AuthenticateAPI
[2023-03-21T21:37:20.208+0000] {task_command.py:388} INFO - Running <TaskInstance: Spotify_Data_ETL.AuthenticateAPI manual__2023-03-21T21:37:18.113830+00:00 [running]> on host 1fd7b08731f2
[2023-03-21T21:37:20.251+0000] {taskinstance.py:1511} INFO - Exporting the following env vars:
AIRFLOW_CTX_DAG_OWNER=Ananta Moharana
AIRFLOW_CTX_DAG_ID=Spotify_Data_ETL
AIRFLOW_CTX_TASK_ID=AuthenticateAPI
AIRFLOW_CTX_EXECUTION_DATE=2023-03-21T21:37:18.113830+00:00
AIRFLOW_CTX_TRY_NUMBER=1
AIRFLOW_CTX_DAG_RUN_ID=manual__2023-03-21T21:37:18.113830+00:00
[2023-03-21T21:37:20.355+0000] {logging_mixin.py:137} INFO - BQB4cvyn4zKHOxXSx_tnQjdMNdRNcCk0Pj3_2RYRJzoz6K2pstsPI7GKcYqAbXxnX32-gl9GNdK6VTAQsDMmO9IVTBBQ6_PejFZi1zGc7NKStwm37td9
[2023-03-21T21:37:20.366+0000] {python.py:177} INFO - Done. Returned value was: None
[2023-03-21T21:37:20.377+0000] {taskinstance.py:1326} INFO - Marking task as SUCCESS. dag_id=Spotify_Data_ETL, task_id=AuthenticateAPI, execution_date=20230321T213718, start_date=20230321T213720, end_date=20230321T213720
[2023-03-21T21:37:20.404+0000] {local_task_job.py:212} INFO - Task exited with return code 0
[2023-03-21T21:37:20.427+0000] {taskinstance.py:2585} INFO - 1 downstream tasks scheduled from follow-on schedule check
