[2023-03-14T04:41:08.911+0000] {taskinstance.py:1083} INFO - Dependencies all met for <TaskInstance: Spotify_Data_ETL.AuthenticateAPI manual__2023-03-14T04:41:06.270770+00:00 [queued]>
[2023-03-14T04:41:08.916+0000] {taskinstance.py:1083} INFO - Dependencies all met for <TaskInstance: Spotify_Data_ETL.AuthenticateAPI manual__2023-03-14T04:41:06.270770+00:00 [queued]>
[2023-03-14T04:41:08.917+0000] {taskinstance.py:1279} INFO - 
--------------------------------------------------------------------------------
[2023-03-14T04:41:08.917+0000] {taskinstance.py:1280} INFO - Starting attempt 1 of 3
[2023-03-14T04:41:08.917+0000] {taskinstance.py:1281} INFO - 
--------------------------------------------------------------------------------
[2023-03-14T04:41:08.925+0000] {taskinstance.py:1300} INFO - Executing <Task(PythonOperator): AuthenticateAPI> on 2023-03-14 04:41:06.270770+00:00
[2023-03-14T04:41:08.931+0000] {standard_task_runner.py:55} INFO - Started process 420 to run task
[2023-03-14T04:41:08.934+0000] {standard_task_runner.py:82} INFO - Running: ['***', 'tasks', 'run', 'Spotify_Data_ETL', 'AuthenticateAPI', 'manual__2023-03-14T04:41:06.270770+00:00', '--job-id', '499', '--raw', '--subdir', 'DAGS_FOLDER/spotifydag.py', '--cfg-path', '/tmp/tmpxl7zqfq6']
[2023-03-14T04:41:08.935+0000] {standard_task_runner.py:83} INFO - Job 499: Subtask AuthenticateAPI
[2023-03-14T04:41:09.238+0000] {task_command.py:388} INFO - Running <TaskInstance: Spotify_Data_ETL.AuthenticateAPI manual__2023-03-14T04:41:06.270770+00:00 [running]> on host 2b460a741d49
[2023-03-14T04:41:09.290+0000] {taskinstance.py:1509} INFO - Exporting the following env vars:
AIRFLOW_CTX_DAG_OWNER=Ananta Moharana
AIRFLOW_CTX_DAG_ID=Spotify_Data_ETL
AIRFLOW_CTX_TASK_ID=AuthenticateAPI
AIRFLOW_CTX_EXECUTION_DATE=2023-03-14T04:41:06.270770+00:00
AIRFLOW_CTX_TRY_NUMBER=1
AIRFLOW_CTX_DAG_RUN_ID=manual__2023-03-14T04:41:06.270770+00:00
[2023-03-14T04:41:09.430+0000] {logging_mixin.py:137} INFO - BQCTaJyDIfY9HBuT8boxKBo99-o3SBwgQPHZNXw1XjASSGYPjGIJvoCePwiBcz66aNsQQyeDhrZBYj7n0rCIrbP9ovpjTlyuAICOgK6f0ntnDiX_3uvu
[2023-03-14T04:41:09.441+0000] {python.py:177} INFO - Done. Returned value was: None
[2023-03-14T04:41:09.449+0000] {taskinstance.py:1323} INFO - Marking task as SUCCESS. dag_id=Spotify_Data_ETL, task_id=AuthenticateAPI, execution_date=20230314T044106, start_date=20230314T044108, end_date=20230314T044109
[2023-03-14T04:41:09.510+0000] {local_task_job.py:208} INFO - Task exited with return code 0
[2023-03-14T04:41:09.652+0000] {taskinstance.py:2578} INFO - 1 downstream tasks scheduled from follow-on schedule check
