[2023-03-14T04:46:06.605+0000] {taskinstance.py:1083} INFO - Dependencies all met for <TaskInstance: Spotify_Data_ETL.AuthenticateAPI manual__2023-03-14T04:41:06.270770+00:00 [queued]>
[2023-03-14T04:46:06.610+0000] {taskinstance.py:1083} INFO - Dependencies all met for <TaskInstance: Spotify_Data_ETL.AuthenticateAPI manual__2023-03-14T04:41:06.270770+00:00 [queued]>
[2023-03-14T04:46:06.610+0000] {taskinstance.py:1279} INFO - 
--------------------------------------------------------------------------------
[2023-03-14T04:46:06.611+0000] {taskinstance.py:1280} INFO - Starting attempt 2 of 4
[2023-03-14T04:46:06.611+0000] {taskinstance.py:1281} INFO - 
--------------------------------------------------------------------------------
[2023-03-14T04:46:06.618+0000] {taskinstance.py:1300} INFO - Executing <Task(PythonOperator): AuthenticateAPI> on 2023-03-14 04:41:06.270770+00:00
[2023-03-14T04:46:06.623+0000] {standard_task_runner.py:55} INFO - Started process 148 to run task
[2023-03-14T04:46:06.627+0000] {standard_task_runner.py:82} INFO - Running: ['***', 'tasks', 'run', 'Spotify_Data_ETL', 'AuthenticateAPI', 'manual__2023-03-14T04:41:06.270770+00:00', '--job-id', '519', '--raw', '--subdir', 'DAGS_FOLDER/spotifydag.py', '--cfg-path', '/tmp/tmpuk8_rrv2']
[2023-03-14T04:46:06.627+0000] {standard_task_runner.py:83} INFO - Job 519: Subtask AuthenticateAPI
[2023-03-14T04:46:06.675+0000] {task_command.py:388} INFO - Running <TaskInstance: Spotify_Data_ETL.AuthenticateAPI manual__2023-03-14T04:41:06.270770+00:00 [running]> on host f1a61db33278
[2023-03-14T04:46:06.860+0000] {taskinstance.py:1509} INFO - Exporting the following env vars:
AIRFLOW_CTX_DAG_OWNER=Ananta Moharana
AIRFLOW_CTX_DAG_ID=Spotify_Data_ETL
AIRFLOW_CTX_TASK_ID=AuthenticateAPI
AIRFLOW_CTX_EXECUTION_DATE=2023-03-14T04:41:06.270770+00:00
AIRFLOW_CTX_TRY_NUMBER=2
AIRFLOW_CTX_DAG_RUN_ID=manual__2023-03-14T04:41:06.270770+00:00
[2023-03-14T04:46:07.136+0000] {logging_mixin.py:137} INFO - BQC1oImKrnnGw4bviwXa6TDsdL9eu7yeYuOpkPwJx7cAF78imZDfzfzN7rLuZvnsu_JC-CFgO1SXWIn2LX520jpOT7uzG_HdKIlFiZGzWUkH_v1NLm06
[2023-03-14T04:46:07.157+0000] {python.py:177} INFO - Done. Returned value was: None
[2023-03-14T04:46:07.168+0000] {taskinstance.py:1323} INFO - Marking task as SUCCESS. dag_id=Spotify_Data_ETL, task_id=AuthenticateAPI, execution_date=20230314T044106, start_date=20230314T044606, end_date=20230314T044607
[2023-03-14T04:46:07.214+0000] {local_task_job.py:208} INFO - Task exited with return code 0
[2023-03-14T04:46:07.349+0000] {taskinstance.py:2578} INFO - 1 downstream tasks scheduled from follow-on schedule check
