[2023-03-21T19:38:31.288+0000] {taskinstance.py:1084} INFO - Dependencies all met for dep_context=non-requeueable deps ti=<TaskInstance: Spotify_Data_ETL.GetAudioQuality manual__2023-03-21T19:32:07.537599+00:00 [queued]>
[2023-03-21T19:38:31.293+0000] {taskinstance.py:1084} INFO - Dependencies all met for dep_context=requeueable deps ti=<TaskInstance: Spotify_Data_ETL.GetAudioQuality manual__2023-03-21T19:32:07.537599+00:00 [queued]>
[2023-03-21T19:38:31.294+0000] {taskinstance.py:1282} INFO - 
--------------------------------------------------------------------------------
[2023-03-21T19:38:31.294+0000] {taskinstance.py:1283} INFO - Starting attempt 2 of 4
[2023-03-21T19:38:31.295+0000] {taskinstance.py:1284} INFO - 
--------------------------------------------------------------------------------
[2023-03-21T19:38:31.302+0000] {taskinstance.py:1303} INFO - Executing <Task(PythonOperator): GetAudioQuality> on 2023-03-21 19:32:07.537599+00:00
[2023-03-21T19:38:31.306+0000] {standard_task_runner.py:55} INFO - Started process 8332 to run task
[2023-03-21T19:38:31.310+0000] {standard_task_runner.py:82} INFO - Running: ['***', 'tasks', 'run', 'Spotify_Data_ETL', 'GetAudioQuality', 'manual__2023-03-21T19:32:07.537599+00:00', '--job-id', '1986', '--raw', '--subdir', 'DAGS_FOLDER/spotifydag.py', '--cfg-path', '/tmp/tmpuk03z4qe']
[2023-03-21T19:38:31.311+0000] {standard_task_runner.py:83} INFO - Job 1986: Subtask GetAudioQuality
[2023-03-21T19:38:31.362+0000] {task_command.py:388} INFO - Running <TaskInstance: Spotify_Data_ETL.GetAudioQuality manual__2023-03-21T19:32:07.537599+00:00 [running]> on host 1fd7b08731f2
[2023-03-21T19:38:31.406+0000] {taskinstance.py:1511} INFO - Exporting the following env vars:
AIRFLOW_CTX_DAG_OWNER=Ananta Moharana
AIRFLOW_CTX_DAG_ID=Spotify_Data_ETL
AIRFLOW_CTX_TASK_ID=GetAudioQuality
AIRFLOW_CTX_EXECUTION_DATE=2023-03-21T19:32:07.537599+00:00
AIRFLOW_CTX_TRY_NUMBER=2
AIRFLOW_CTX_DAG_RUN_ID=manual__2023-03-21T19:32:07.537599+00:00
[2023-03-21T19:38:37.595+0000] {python.py:177} INFO - Done. Returned value was: None
[2023-03-21T19:38:37.606+0000] {taskinstance.py:1326} INFO - Marking task as SUCCESS. dag_id=Spotify_Data_ETL, task_id=GetAudioQuality, execution_date=20230321T193207, start_date=20230321T193831, end_date=20230321T193837
[2023-03-21T19:38:37.633+0000] {local_task_job.py:212} INFO - Task exited with return code 0
[2023-03-21T19:38:37.656+0000] {taskinstance.py:2585} INFO - 1 downstream tasks scheduled from follow-on schedule check
