[2023-03-18T04:00:49.184+0000] {taskinstance.py:1083} INFO - Dependencies all met for <TaskInstance: Spotify_Data_ETL.GetAudioQuality manual__2023-03-18T03:59:25.819409+00:00 [queued]>
[2023-03-18T04:00:49.188+0000] {taskinstance.py:1083} INFO - Dependencies all met for <TaskInstance: Spotify_Data_ETL.GetAudioQuality manual__2023-03-18T03:59:25.819409+00:00 [queued]>
[2023-03-18T04:00:49.189+0000] {taskinstance.py:1279} INFO - 
--------------------------------------------------------------------------------
[2023-03-18T04:00:49.189+0000] {taskinstance.py:1280} INFO - Starting attempt 2 of 4
[2023-03-18T04:00:49.190+0000] {taskinstance.py:1281} INFO - 
--------------------------------------------------------------------------------
[2023-03-18T04:00:49.197+0000] {taskinstance.py:1300} INFO - Executing <Task(PythonOperator): GetAudioQuality> on 2023-03-18 03:59:25.819409+00:00
[2023-03-18T04:00:49.203+0000] {standard_task_runner.py:55} INFO - Started process 435 to run task
[2023-03-18T04:00:49.207+0000] {standard_task_runner.py:82} INFO - Running: ['***', 'tasks', 'run', 'Spotify_Data_ETL', 'GetAudioQuality', 'manual__2023-03-18T03:59:25.819409+00:00', '--job-id', '1390', '--raw', '--subdir', 'DAGS_FOLDER/spotifydag.py', '--cfg-path', '/tmp/tmp2m_qhu9k']
[2023-03-18T04:00:49.208+0000] {standard_task_runner.py:83} INFO - Job 1390: Subtask GetAudioQuality
[2023-03-18T04:00:49.268+0000] {task_command.py:388} INFO - Running <TaskInstance: Spotify_Data_ETL.GetAudioQuality manual__2023-03-18T03:59:25.819409+00:00 [running]> on host d7c7ac56d661
[2023-03-18T04:00:49.318+0000] {taskinstance.py:1509} INFO - Exporting the following env vars:
AIRFLOW_CTX_DAG_OWNER=Ananta Moharana
AIRFLOW_CTX_DAG_ID=Spotify_Data_ETL
AIRFLOW_CTX_TASK_ID=GetAudioQuality
AIRFLOW_CTX_EXECUTION_DATE=2023-03-18T03:59:25.819409+00:00
AIRFLOW_CTX_TRY_NUMBER=2
AIRFLOW_CTX_DAG_RUN_ID=manual__2023-03-18T03:59:25.819409+00:00
[2023-03-18T04:00:55.630+0000] {python.py:177} INFO - Done. Returned value was: None
[2023-03-18T04:00:55.638+0000] {taskinstance.py:1323} INFO - Marking task as SUCCESS. dag_id=Spotify_Data_ETL, task_id=GetAudioQuality, execution_date=20230318T035925, start_date=20230318T040049, end_date=20230318T040055
[2023-03-18T04:00:55.676+0000] {local_task_job.py:208} INFO - Task exited with return code 0
[2023-03-18T04:00:55.698+0000] {taskinstance.py:2578} INFO - 1 downstream tasks scheduled from follow-on schedule check
