[2023-03-18T04:12:21.034+0000] {taskinstance.py:1083} INFO - Dependencies all met for <TaskInstance: Spotify_Data_ETL.GetAudioQuality manual__2023-03-18T03:59:25.819409+00:00 [queued]>
[2023-03-18T04:12:21.039+0000] {taskinstance.py:1083} INFO - Dependencies all met for <TaskInstance: Spotify_Data_ETL.GetAudioQuality manual__2023-03-18T03:59:25.819409+00:00 [queued]>
[2023-03-18T04:12:21.040+0000] {taskinstance.py:1279} INFO - 
--------------------------------------------------------------------------------
[2023-03-18T04:12:21.040+0000] {taskinstance.py:1280} INFO - Starting attempt 4 of 6
[2023-03-18T04:12:21.040+0000] {taskinstance.py:1281} INFO - 
--------------------------------------------------------------------------------
[2023-03-18T04:12:21.048+0000] {taskinstance.py:1300} INFO - Executing <Task(PythonOperator): GetAudioQuality> on 2023-03-18 03:59:25.819409+00:00
[2023-03-18T04:12:21.053+0000] {standard_task_runner.py:55} INFO - Started process 1377 to run task
[2023-03-18T04:12:21.057+0000] {standard_task_runner.py:82} INFO - Running: ['***', 'tasks', 'run', 'Spotify_Data_ETL', 'GetAudioQuality', 'manual__2023-03-18T03:59:25.819409+00:00', '--job-id', '1427', '--raw', '--subdir', 'DAGS_FOLDER/spotifydag.py', '--cfg-path', '/tmp/tmp7760q8fx']
[2023-03-18T04:12:21.058+0000] {standard_task_runner.py:83} INFO - Job 1427: Subtask GetAudioQuality
[2023-03-18T04:12:21.161+0000] {task_command.py:388} INFO - Running <TaskInstance: Spotify_Data_ETL.GetAudioQuality manual__2023-03-18T03:59:25.819409+00:00 [running]> on host d7c7ac56d661
[2023-03-18T04:12:21.218+0000] {taskinstance.py:1509} INFO - Exporting the following env vars:
AIRFLOW_CTX_DAG_OWNER=Ananta Moharana
AIRFLOW_CTX_DAG_ID=Spotify_Data_ETL
AIRFLOW_CTX_TASK_ID=GetAudioQuality
AIRFLOW_CTX_EXECUTION_DATE=2023-03-18T03:59:25.819409+00:00
AIRFLOW_CTX_TRY_NUMBER=4
AIRFLOW_CTX_DAG_RUN_ID=manual__2023-03-18T03:59:25.819409+00:00
[2023-03-18T04:12:27.512+0000] {python.py:177} INFO - Done. Returned value was: None
[2023-03-18T04:12:27.520+0000] {taskinstance.py:1323} INFO - Marking task as SUCCESS. dag_id=Spotify_Data_ETL, task_id=GetAudioQuality, execution_date=20230318T035925, start_date=20230318T041221, end_date=20230318T041227
[2023-03-18T04:12:27.563+0000] {local_task_job.py:208} INFO - Task exited with return code 0
[2023-03-18T04:12:27.583+0000] {taskinstance.py:2578} INFO - 1 downstream tasks scheduled from follow-on schedule check
