[2023-03-13T00:48:22.026+0000] {taskinstance.py:1083} INFO - Dependencies all met for <TaskInstance: Spotify_Data_ETL.GetAudioQuality manual__2023-03-12T22:52:31.282023+00:00 [queued]>
[2023-03-13T00:48:22.033+0000] {taskinstance.py:1083} INFO - Dependencies all met for <TaskInstance: Spotify_Data_ETL.GetAudioQuality manual__2023-03-12T22:52:31.282023+00:00 [queued]>
[2023-03-13T00:48:22.034+0000] {taskinstance.py:1279} INFO - 
--------------------------------------------------------------------------------
[2023-03-13T00:48:22.034+0000] {taskinstance.py:1280} INFO - Starting attempt 3 of 5
[2023-03-13T00:48:22.035+0000] {taskinstance.py:1281} INFO - 
--------------------------------------------------------------------------------
[2023-03-13T00:48:22.043+0000] {taskinstance.py:1300} INFO - Executing <Task(PythonOperator): GetAudioQuality> on 2023-03-12 22:52:31.282023+00:00
[2023-03-13T00:48:22.048+0000] {standard_task_runner.py:55} INFO - Started process 241 to run task
[2023-03-13T00:48:22.054+0000] {standard_task_runner.py:82} INFO - Running: ['***', 'tasks', 'run', 'Spotify_Data_ETL', 'GetAudioQuality', 'manual__2023-03-12T22:52:31.282023+00:00', '--job-id', '218', '--raw', '--subdir', 'DAGS_FOLDER/spotifydag.py', '--cfg-path', '/tmp/tmp_kuej7o_']
[2023-03-13T00:48:22.056+0000] {standard_task_runner.py:83} INFO - Job 218: Subtask GetAudioQuality
[2023-03-13T00:48:22.115+0000] {task_command.py:388} INFO - Running <TaskInstance: Spotify_Data_ETL.GetAudioQuality manual__2023-03-12T22:52:31.282023+00:00 [running]> on host 62fbe2962392
[2023-03-13T00:48:22.159+0000] {taskinstance.py:1509} INFO - Exporting the following env vars:
AIRFLOW_CTX_DAG_OWNER=Ananta Moharana
AIRFLOW_CTX_DAG_ID=Spotify_Data_ETL
AIRFLOW_CTX_TASK_ID=GetAudioQuality
AIRFLOW_CTX_EXECUTION_DATE=2023-03-12T22:52:31.282023+00:00
AIRFLOW_CTX_TRY_NUMBER=3
AIRFLOW_CTX_DAG_RUN_ID=manual__2023-03-12T22:52:31.282023+00:00
[2023-03-13T00:48:28.442+0000] {python.py:177} INFO - Done. Returned value was: None
[2023-03-13T00:48:28.450+0000] {taskinstance.py:1323} INFO - Marking task as SUCCESS. dag_id=Spotify_Data_ETL, task_id=GetAudioQuality, execution_date=20230312T225231, start_date=20230313T004822, end_date=20230313T004828
[2023-03-13T00:48:28.488+0000] {local_task_job.py:208} INFO - Task exited with return code 0
[2023-03-13T00:48:28.501+0000] {taskinstance.py:2578} INFO - 0 downstream tasks scheduled from follow-on schedule check
