[2023-03-15T20:57:10.760+0000] {taskinstance.py:1083} INFO - Dependencies all met for <TaskInstance: Spotify_Data_ETL.GetArtistInfo manual__2023-03-14T22:41:08.560415+00:00 [queued]>
[2023-03-15T20:57:10.765+0000] {taskinstance.py:1083} INFO - Dependencies all met for <TaskInstance: Spotify_Data_ETL.GetArtistInfo manual__2023-03-14T22:41:08.560415+00:00 [queued]>
[2023-03-15T20:57:10.765+0000] {taskinstance.py:1279} INFO - 
--------------------------------------------------------------------------------
[2023-03-15T20:57:10.765+0000] {taskinstance.py:1280} INFO - Starting attempt 11 of 13
[2023-03-15T20:57:10.766+0000] {taskinstance.py:1281} INFO - 
--------------------------------------------------------------------------------
[2023-03-15T20:57:10.772+0000] {taskinstance.py:1300} INFO - Executing <Task(PythonOperator): GetArtistInfo> on 2023-03-14 22:41:08.560415+00:00
[2023-03-15T20:57:10.777+0000] {standard_task_runner.py:55} INFO - Started process 7685 to run task
[2023-03-15T20:57:10.780+0000] {standard_task_runner.py:82} INFO - Running: ['***', 'tasks', 'run', 'Spotify_Data_ETL', 'GetArtistInfo', 'manual__2023-03-14T22:41:08.560415+00:00', '--job-id', '747', '--raw', '--subdir', 'DAGS_FOLDER/spotifydag.py', '--cfg-path', '/tmp/tmpdzcdghe2']
[2023-03-15T20:57:10.781+0000] {standard_task_runner.py:83} INFO - Job 747: Subtask GetArtistInfo
[2023-03-15T20:57:10.825+0000] {task_command.py:388} INFO - Running <TaskInstance: Spotify_Data_ETL.GetArtistInfo manual__2023-03-14T22:41:08.560415+00:00 [running]> on host af46459234d2
[2023-03-15T20:57:11.019+0000] {taskinstance.py:1509} INFO - Exporting the following env vars:
AIRFLOW_CTX_DAG_OWNER=Ananta Moharana
AIRFLOW_CTX_DAG_ID=Spotify_Data_ETL
AIRFLOW_CTX_TASK_ID=GetArtistInfo
AIRFLOW_CTX_EXECUTION_DATE=2023-03-14T22:41:08.560415+00:00
AIRFLOW_CTX_TRY_NUMBER=11
AIRFLOW_CTX_DAG_RUN_ID=manual__2023-03-14T22:41:08.560415+00:00
[2023-03-15T20:57:16.846+0000] {python.py:177} INFO - Done. Returned value was: None
[2023-03-15T20:57:16.853+0000] {taskinstance.py:1323} INFO - Marking task as SUCCESS. dag_id=Spotify_Data_ETL, task_id=GetArtistInfo, execution_date=20230314T224108, start_date=20230315T205710, end_date=20230315T205716
[2023-03-15T20:57:16.896+0000] {local_task_job.py:208} INFO - Task exited with return code 0
[2023-03-15T20:57:16.912+0000] {taskinstance.py:2578} INFO - 0 downstream tasks scheduled from follow-on schedule check
