[2023-03-15T19:46:41.855+0000] {taskinstance.py:1083} INFO - Dependencies all met for <TaskInstance: Spotify_Data_ETL.GetArtistInfo manual__2023-03-14T22:41:08.560415+00:00 [queued]>
[2023-03-15T19:46:41.860+0000] {taskinstance.py:1083} INFO - Dependencies all met for <TaskInstance: Spotify_Data_ETL.GetArtistInfo manual__2023-03-14T22:41:08.560415+00:00 [queued]>
[2023-03-15T19:46:41.860+0000] {taskinstance.py:1279} INFO - 
--------------------------------------------------------------------------------
[2023-03-15T19:46:41.861+0000] {taskinstance.py:1280} INFO - Starting attempt 9 of 11
[2023-03-15T19:46:41.861+0000] {taskinstance.py:1281} INFO - 
--------------------------------------------------------------------------------
[2023-03-15T19:46:41.868+0000] {taskinstance.py:1300} INFO - Executing <Task(PythonOperator): GetArtistInfo> on 2023-03-14 22:41:08.560415+00:00
[2023-03-15T19:46:41.873+0000] {standard_task_runner.py:55} INFO - Started process 2707 to run task
[2023-03-15T19:46:41.876+0000] {standard_task_runner.py:82} INFO - Running: ['***', 'tasks', 'run', 'Spotify_Data_ETL', 'GetArtistInfo', 'manual__2023-03-14T22:41:08.560415+00:00', '--job-id', '723', '--raw', '--subdir', 'DAGS_FOLDER/spotifydag.py', '--cfg-path', '/tmp/tmpwx109kun']
[2023-03-15T19:46:41.876+0000] {standard_task_runner.py:83} INFO - Job 723: Subtask GetArtistInfo
[2023-03-15T19:46:41.921+0000] {task_command.py:388} INFO - Running <TaskInstance: Spotify_Data_ETL.GetArtistInfo manual__2023-03-14T22:41:08.560415+00:00 [running]> on host af46459234d2
[2023-03-15T19:46:42.139+0000] {taskinstance.py:1509} INFO - Exporting the following env vars:
AIRFLOW_CTX_DAG_OWNER=Ananta Moharana
AIRFLOW_CTX_DAG_ID=Spotify_Data_ETL
AIRFLOW_CTX_TASK_ID=GetArtistInfo
AIRFLOW_CTX_EXECUTION_DATE=2023-03-14T22:41:08.560415+00:00
AIRFLOW_CTX_TRY_NUMBER=9
AIRFLOW_CTX_DAG_RUN_ID=manual__2023-03-14T22:41:08.560415+00:00
[2023-03-15T19:46:47.986+0000] {python.py:177} INFO - Done. Returned value was: None
[2023-03-15T19:46:47.995+0000] {taskinstance.py:1323} INFO - Marking task as SUCCESS. dag_id=Spotify_Data_ETL, task_id=GetArtistInfo, execution_date=20230314T224108, start_date=20230315T194641, end_date=20230315T194647
[2023-03-15T19:46:48.047+0000] {local_task_job.py:208} INFO - Task exited with return code 0
[2023-03-15T19:46:48.064+0000] {taskinstance.py:2578} INFO - 0 downstream tasks scheduled from follow-on schedule check
