[2023-03-15T19:17:58.190+0000] {taskinstance.py:1083} INFO - Dependencies all met for <TaskInstance: Spotify_Data_ETL.GetArtistInfo manual__2023-03-14T22:41:08.560415+00:00 [queued]>
[2023-03-15T19:17:58.195+0000] {taskinstance.py:1083} INFO - Dependencies all met for <TaskInstance: Spotify_Data_ETL.GetArtistInfo manual__2023-03-14T22:41:08.560415+00:00 [queued]>
[2023-03-15T19:17:58.195+0000] {taskinstance.py:1279} INFO - 
--------------------------------------------------------------------------------
[2023-03-15T19:17:58.196+0000] {taskinstance.py:1280} INFO - Starting attempt 5 of 7
[2023-03-15T19:17:58.196+0000] {taskinstance.py:1281} INFO - 
--------------------------------------------------------------------------------
[2023-03-15T19:17:58.203+0000] {taskinstance.py:1300} INFO - Executing <Task(PythonOperator): GetArtistInfo> on 2023-03-14 22:41:08.560415+00:00
[2023-03-15T19:17:58.207+0000] {standard_task_runner.py:55} INFO - Started process 512 to run task
[2023-03-15T19:17:58.210+0000] {standard_task_runner.py:82} INFO - Running: ['***', 'tasks', 'run', 'Spotify_Data_ETL', 'GetArtistInfo', 'manual__2023-03-14T22:41:08.560415+00:00', '--job-id', '678', '--raw', '--subdir', 'DAGS_FOLDER/spotifydag.py', '--cfg-path', '/tmp/tmpmazfnmbg']
[2023-03-15T19:17:58.211+0000] {standard_task_runner.py:83} INFO - Job 678: Subtask GetArtistInfo
[2023-03-15T19:17:58.254+0000] {task_command.py:388} INFO - Running <TaskInstance: Spotify_Data_ETL.GetArtistInfo manual__2023-03-14T22:41:08.560415+00:00 [running]> on host af46459234d2
[2023-03-15T19:17:58.499+0000] {taskinstance.py:1509} INFO - Exporting the following env vars:
AIRFLOW_CTX_DAG_OWNER=Ananta Moharana
AIRFLOW_CTX_DAG_ID=Spotify_Data_ETL
AIRFLOW_CTX_TASK_ID=GetArtistInfo
AIRFLOW_CTX_EXECUTION_DATE=2023-03-14T22:41:08.560415+00:00
AIRFLOW_CTX_TRY_NUMBER=5
AIRFLOW_CTX_DAG_RUN_ID=manual__2023-03-14T22:41:08.560415+00:00
[2023-03-15T19:18:05.688+0000] {python.py:177} INFO - Done. Returned value was: None
[2023-03-15T19:18:05.695+0000] {taskinstance.py:1323} INFO - Marking task as SUCCESS. dag_id=Spotify_Data_ETL, task_id=GetArtistInfo, execution_date=20230314T224108, start_date=20230315T191758, end_date=20230315T191805
[2023-03-15T19:18:05.751+0000] {local_task_job.py:208} INFO - Task exited with return code 0
[2023-03-15T19:18:05.769+0000] {taskinstance.py:2578} INFO - 0 downstream tasks scheduled from follow-on schedule check
