[2023-03-14T04:15:27.552+0000] {taskinstance.py:1083} INFO - Dependencies all met for <TaskInstance: Spotify_Data_ETL.AuthenticateAPI manual__2023-03-14T04:09:39.290984+00:00 [queued]>
[2023-03-14T04:15:27.557+0000] {taskinstance.py:1083} INFO - Dependencies all met for <TaskInstance: Spotify_Data_ETL.AuthenticateAPI manual__2023-03-14T04:09:39.290984+00:00 [queued]>
[2023-03-14T04:15:27.558+0000] {taskinstance.py:1279} INFO - 
--------------------------------------------------------------------------------
[2023-03-14T04:15:27.558+0000] {taskinstance.py:1280} INFO - Starting attempt 5 of 7
[2023-03-14T04:15:27.558+0000] {taskinstance.py:1281} INFO - 
--------------------------------------------------------------------------------
[2023-03-14T04:15:27.565+0000] {taskinstance.py:1300} INFO - Executing <Task(PythonOperator): AuthenticateAPI> on 2023-03-14 04:09:39.290984+00:00
[2023-03-14T04:15:27.570+0000] {standard_task_runner.py:55} INFO - Started process 81 to run task
[2023-03-14T04:15:27.573+0000] {standard_task_runner.py:82} INFO - Running: ['***', 'tasks', 'run', 'Spotify_Data_ETL', 'AuthenticateAPI', 'manual__2023-03-14T04:09:39.290984+00:00', '--job-id', '465', '--raw', '--subdir', 'DAGS_FOLDER/spotifydag.py', '--cfg-path', '/tmp/tmpwx0j2r0o']
[2023-03-14T04:15:27.574+0000] {standard_task_runner.py:83} INFO - Job 465: Subtask AuthenticateAPI
[2023-03-14T04:15:27.869+0000] {task_command.py:388} INFO - Running <TaskInstance: Spotify_Data_ETL.AuthenticateAPI manual__2023-03-14T04:09:39.290984+00:00 [running]> on host f9d11a1d4c93
[2023-03-14T04:15:27.918+0000] {taskinstance.py:1509} INFO - Exporting the following env vars:
AIRFLOW_CTX_DAG_OWNER=Ananta Moharana
AIRFLOW_CTX_DAG_ID=Spotify_Data_ETL
AIRFLOW_CTX_TASK_ID=AuthenticateAPI
AIRFLOW_CTX_EXECUTION_DATE=2023-03-14T04:09:39.290984+00:00
AIRFLOW_CTX_TRY_NUMBER=5
AIRFLOW_CTX_DAG_RUN_ID=manual__2023-03-14T04:09:39.290984+00:00
[2023-03-14T04:15:28.009+0000] {logging_mixin.py:137} INFO - BQBLD6UsY6E2uori4GclYkSAqO0TwNIAe1EKv3oByESxrNRYwj5X5EEkmyKBAGVFrsE1XREXo9Bh8F0kxmtQIVoW6XQOp0CuD8OkvaG2DmfGSWlW04u8
[2023-03-14T04:15:28.024+0000] {python.py:177} INFO - Done. Returned value was: None
[2023-03-14T04:15:28.032+0000] {taskinstance.py:1323} INFO - Marking task as SUCCESS. dag_id=Spotify_Data_ETL, task_id=AuthenticateAPI, execution_date=20230314T040939, start_date=20230314T041527, end_date=20230314T041528
[2023-03-14T04:15:28.067+0000] {local_task_job.py:208} INFO - Task exited with return code 0
[2023-03-14T04:15:28.224+0000] {taskinstance.py:2578} INFO - 1 downstream tasks scheduled from follow-on schedule check
