[2023-03-14T04:13:06.361+0000] {taskinstance.py:1083} INFO - Dependencies all met for <TaskInstance: Spotify_Data_ETL.AuthenticateAPI manual__2023-03-14T04:09:39.290984+00:00 [queued]>
[2023-03-14T04:13:06.369+0000] {taskinstance.py:1083} INFO - Dependencies all met for <TaskInstance: Spotify_Data_ETL.AuthenticateAPI manual__2023-03-14T04:09:39.290984+00:00 [queued]>
[2023-03-14T04:13:06.369+0000] {taskinstance.py:1279} INFO - 
--------------------------------------------------------------------------------
[2023-03-14T04:13:06.370+0000] {taskinstance.py:1280} INFO - Starting attempt 4 of 6
[2023-03-14T04:13:06.370+0000] {taskinstance.py:1281} INFO - 
--------------------------------------------------------------------------------
[2023-03-14T04:13:06.379+0000] {taskinstance.py:1300} INFO - Executing <Task(PythonOperator): AuthenticateAPI> on 2023-03-14 04:09:39.290984+00:00
[2023-03-14T04:13:06.384+0000] {standard_task_runner.py:55} INFO - Started process 4034 to run task
[2023-03-14T04:13:06.387+0000] {standard_task_runner.py:82} INFO - Running: ['***', 'tasks', 'run', 'Spotify_Data_ETL', 'AuthenticateAPI', 'manual__2023-03-14T04:09:39.290984+00:00', '--job-id', '458', '--raw', '--subdir', 'DAGS_FOLDER/spotifydag.py', '--cfg-path', '/tmp/tmpcm30mvkt']
[2023-03-14T04:13:06.432+0000] {standard_task_runner.py:83} INFO - Job 458: Subtask AuthenticateAPI
[2023-03-14T04:13:06.579+0000] {task_command.py:388} INFO - Running <TaskInstance: Spotify_Data_ETL.AuthenticateAPI manual__2023-03-14T04:09:39.290984+00:00 [running]> on host c1e86c20df76
[2023-03-14T04:13:06.904+0000] {taskinstance.py:1509} INFO - Exporting the following env vars:
AIRFLOW_CTX_DAG_OWNER=Ananta Moharana
AIRFLOW_CTX_DAG_ID=Spotify_Data_ETL
AIRFLOW_CTX_TASK_ID=AuthenticateAPI
AIRFLOW_CTX_EXECUTION_DATE=2023-03-14T04:09:39.290984+00:00
AIRFLOW_CTX_TRY_NUMBER=4
AIRFLOW_CTX_DAG_RUN_ID=manual__2023-03-14T04:09:39.290984+00:00
[2023-03-14T04:13:06.998+0000] {logging_mixin.py:137} INFO - BQD1SUQOZGkOeY6afCjcnJbkzgL8Sx2EY6c2lC-ElpxMfg-LZdjo09LZe6E55xjPIQB1DR9CsvACkJLE2I3PkGNHAOxb1zKHM0YZ3fosxAZBNFgjD3UM
[2023-03-14T04:13:07.009+0000] {python.py:177} INFO - Done. Returned value was: None
[2023-03-14T04:13:07.017+0000] {taskinstance.py:1323} INFO - Marking task as SUCCESS. dag_id=Spotify_Data_ETL, task_id=AuthenticateAPI, execution_date=20230314T040939, start_date=20230314T041306, end_date=20230314T041307
[2023-03-14T04:13:07.066+0000] {local_task_job.py:208} INFO - Task exited with return code 0
[2023-03-14T04:13:07.087+0000] {taskinstance.py:2578} INFO - 1 downstream tasks scheduled from follow-on schedule check
