[2023-03-14T04:10:55.837+0000] {taskinstance.py:1083} INFO - Dependencies all met for <TaskInstance: Spotify_Data_ETL.AuthenticateAPI manual__2023-03-14T04:09:39.290984+00:00 [queued]>
[2023-03-14T04:10:55.842+0000] {taskinstance.py:1083} INFO - Dependencies all met for <TaskInstance: Spotify_Data_ETL.AuthenticateAPI manual__2023-03-14T04:09:39.290984+00:00 [queued]>
[2023-03-14T04:10:55.843+0000] {taskinstance.py:1279} INFO - 
--------------------------------------------------------------------------------
[2023-03-14T04:10:55.843+0000] {taskinstance.py:1280} INFO - Starting attempt 2 of 4
[2023-03-14T04:10:55.844+0000] {taskinstance.py:1281} INFO - 
--------------------------------------------------------------------------------
[2023-03-14T04:10:55.851+0000] {taskinstance.py:1300} INFO - Executing <Task(PythonOperator): AuthenticateAPI> on 2023-03-14 04:09:39.290984+00:00
[2023-03-14T04:10:55.857+0000] {standard_task_runner.py:55} INFO - Started process 3848 to run task
[2023-03-14T04:10:55.861+0000] {standard_task_runner.py:82} INFO - Running: ['***', 'tasks', 'run', 'Spotify_Data_ETL', 'AuthenticateAPI', 'manual__2023-03-14T04:09:39.290984+00:00', '--job-id', '443', '--raw', '--subdir', 'DAGS_FOLDER/spotifydag.py', '--cfg-path', '/tmp/tmphjbrdmcu']
[2023-03-14T04:10:55.861+0000] {standard_task_runner.py:83} INFO - Job 443: Subtask AuthenticateAPI
[2023-03-14T04:10:55.917+0000] {task_command.py:388} INFO - Running <TaskInstance: Spotify_Data_ETL.AuthenticateAPI manual__2023-03-14T04:09:39.290984+00:00 [running]> on host c1e86c20df76
[2023-03-14T04:10:56.292+0000] {taskinstance.py:1509} INFO - Exporting the following env vars:
AIRFLOW_CTX_DAG_OWNER=Ananta Moharana
AIRFLOW_CTX_DAG_ID=Spotify_Data_ETL
AIRFLOW_CTX_TASK_ID=AuthenticateAPI
AIRFLOW_CTX_EXECUTION_DATE=2023-03-14T04:09:39.290984+00:00
AIRFLOW_CTX_TRY_NUMBER=2
AIRFLOW_CTX_DAG_RUN_ID=manual__2023-03-14T04:09:39.290984+00:00
[2023-03-14T04:10:56.455+0000] {logging_mixin.py:137} INFO - BQCi3196OzKWYMvJ5WDNkwnKM7fCbnztKjCUtoYJwgDxprIeB5gMGzNPpqCeYMTvetE72Ub-2s0w_YZaJ_YZga-VKeoheR67Px0i3-HlzsPSQIVCZ4Jy
[2023-03-14T04:10:56.480+0000] {python.py:177} INFO - Done. Returned value was: None
[2023-03-14T04:10:56.496+0000] {taskinstance.py:1323} INFO - Marking task as SUCCESS. dag_id=Spotify_Data_ETL, task_id=AuthenticateAPI, execution_date=20230314T040939, start_date=20230314T041055, end_date=20230314T041056
[2023-03-14T04:10:56.567+0000] {local_task_job.py:208} INFO - Task exited with return code 0
[2023-03-14T04:10:56.634+0000] {taskinstance.py:2578} INFO - 1 downstream tasks scheduled from follow-on schedule check
