[2023-03-13T19:11:25.778+0000] {taskinstance.py:1083} INFO - Dependencies all met for <TaskInstance: Spotify_Data_ETL.AuthenticateAPI manual__2023-03-13T17:35:51.683738+00:00 [queued]>
[2023-03-13T19:11:25.783+0000] {taskinstance.py:1083} INFO - Dependencies all met for <TaskInstance: Spotify_Data_ETL.AuthenticateAPI manual__2023-03-13T17:35:51.683738+00:00 [queued]>
[2023-03-13T19:11:25.783+0000] {taskinstance.py:1279} INFO - 
--------------------------------------------------------------------------------
[2023-03-13T19:11:25.784+0000] {taskinstance.py:1280} INFO - Starting attempt 4 of 6
[2023-03-13T19:11:25.784+0000] {taskinstance.py:1281} INFO - 
--------------------------------------------------------------------------------
[2023-03-13T19:11:25.791+0000] {taskinstance.py:1300} INFO - Executing <Task(PythonOperator): AuthenticateAPI> on 2023-03-13 17:35:51.683738+00:00
[2023-03-13T19:11:25.796+0000] {standard_task_runner.py:55} INFO - Started process 10188 to run task
[2023-03-13T19:11:25.799+0000] {standard_task_runner.py:82} INFO - Running: ['***', 'tasks', 'run', 'Spotify_Data_ETL', 'AuthenticateAPI', 'manual__2023-03-13T17:35:51.683738+00:00', '--job-id', '250', '--raw', '--subdir', 'DAGS_FOLDER/spotifydag.py', '--cfg-path', '/tmp/tmpvo2hnep1']
[2023-03-13T19:11:25.800+0000] {standard_task_runner.py:83} INFO - Job 250: Subtask AuthenticateAPI
[2023-03-13T19:11:25.851+0000] {task_command.py:388} INFO - Running <TaskInstance: Spotify_Data_ETL.AuthenticateAPI manual__2023-03-13T17:35:51.683738+00:00 [running]> on host 649b70e6a8b0
[2023-03-13T19:11:25.901+0000] {taskinstance.py:1509} INFO - Exporting the following env vars:
AIRFLOW_CTX_DAG_OWNER=Ananta Moharana
AIRFLOW_CTX_DAG_ID=Spotify_Data_ETL
AIRFLOW_CTX_TASK_ID=AuthenticateAPI
AIRFLOW_CTX_EXECUTION_DATE=2023-03-13T17:35:51.683738+00:00
AIRFLOW_CTX_TRY_NUMBER=4
AIRFLOW_CTX_DAG_RUN_ID=manual__2023-03-13T17:35:51.683738+00:00
[2023-03-13T19:11:26.066+0000] {logging_mixin.py:137} INFO - BQCHX_YVxDOW-IITP2TI1Aur7Q6SIkUNw9_dRGsGBGdnLG3Y_I6XgcY698NLvHHkFu-yOMboLVVTLbE__eH9f5B8LM9FAxecxVE9v6yU7pr-SXvXYkrV
[2023-03-13T19:11:26.077+0000] {python.py:177} INFO - Done. Returned value was: None
[2023-03-13T19:11:26.085+0000] {taskinstance.py:1323} INFO - Marking task as SUCCESS. dag_id=Spotify_Data_ETL, task_id=AuthenticateAPI, execution_date=20230313T173551, start_date=20230313T191125, end_date=20230313T191126
[2023-03-13T19:11:26.131+0000] {local_task_job.py:208} INFO - Task exited with return code 0
[2023-03-13T19:11:26.151+0000] {taskinstance.py:2578} INFO - 1 downstream tasks scheduled from follow-on schedule check
