[2023-03-13T19:07:44.466+0000] {taskinstance.py:1083} INFO - Dependencies all met for <TaskInstance: Spotify_Data_ETL.AuthenticateAPI manual__2023-03-13T17:35:51.683738+00:00 [queued]>
[2023-03-13T19:07:44.470+0000] {taskinstance.py:1083} INFO - Dependencies all met for <TaskInstance: Spotify_Data_ETL.AuthenticateAPI manual__2023-03-13T17:35:51.683738+00:00 [queued]>
[2023-03-13T19:07:44.471+0000] {taskinstance.py:1279} INFO - 
--------------------------------------------------------------------------------
[2023-03-13T19:07:44.471+0000] {taskinstance.py:1280} INFO - Starting attempt 3 of 5
[2023-03-13T19:07:44.472+0000] {taskinstance.py:1281} INFO - 
--------------------------------------------------------------------------------
[2023-03-13T19:07:44.479+0000] {taskinstance.py:1300} INFO - Executing <Task(PythonOperator): AuthenticateAPI> on 2023-03-13 17:35:51.683738+00:00
[2023-03-13T19:07:44.483+0000] {standard_task_runner.py:55} INFO - Started process 9895 to run task
[2023-03-13T19:07:44.486+0000] {standard_task_runner.py:82} INFO - Running: ['***', 'tasks', 'run', 'Spotify_Data_ETL', 'AuthenticateAPI', 'manual__2023-03-13T17:35:51.683738+00:00', '--job-id', '239', '--raw', '--subdir', 'DAGS_FOLDER/spotifydag.py', '--cfg-path', '/tmp/tmpuuyf7zui']
[2023-03-13T19:07:44.486+0000] {standard_task_runner.py:83} INFO - Job 239: Subtask AuthenticateAPI
[2023-03-13T19:07:44.531+0000] {task_command.py:388} INFO - Running <TaskInstance: Spotify_Data_ETL.AuthenticateAPI manual__2023-03-13T17:35:51.683738+00:00 [running]> on host 649b70e6a8b0
[2023-03-13T19:07:44.574+0000] {taskinstance.py:1509} INFO - Exporting the following env vars:
AIRFLOW_CTX_DAG_OWNER=Ananta Moharana
AIRFLOW_CTX_DAG_ID=Spotify_Data_ETL
AIRFLOW_CTX_TASK_ID=AuthenticateAPI
AIRFLOW_CTX_EXECUTION_DATE=2023-03-13T17:35:51.683738+00:00
AIRFLOW_CTX_TRY_NUMBER=3
AIRFLOW_CTX_DAG_RUN_ID=manual__2023-03-13T17:35:51.683738+00:00
[2023-03-13T19:07:44.714+0000] {logging_mixin.py:137} INFO - BQCgYfdz06jT3213_AxwytMOFzVOuJPLrZmZwePxrOnBKJ38hVSByKFTgDnGafnxXb3R_UdFqNBnT_OfBgcDLI21NwC4YRTXI4uC1LKj25f4e8507kvX
[2023-03-13T19:07:44.727+0000] {python.py:177} INFO - Done. Returned value was: None
[2023-03-13T19:07:44.734+0000] {taskinstance.py:1323} INFO - Marking task as SUCCESS. dag_id=Spotify_Data_ETL, task_id=AuthenticateAPI, execution_date=20230313T173551, start_date=20230313T190744, end_date=20230313T190744
[2023-03-13T19:07:44.786+0000] {local_task_job.py:208} INFO - Task exited with return code 0
[2023-03-13T19:07:44.806+0000] {taskinstance.py:2578} INFO - 1 downstream tasks scheduled from follow-on schedule check
