[2023-03-13T19:24:30.793+0000] {taskinstance.py:1083} INFO - Dependencies all met for <TaskInstance: Spotify_Data_ETL.AuthenticateAPI manual__2023-03-13T17:35:51.683738+00:00 [queued]>
[2023-03-13T19:24:30.798+0000] {taskinstance.py:1083} INFO - Dependencies all met for <TaskInstance: Spotify_Data_ETL.AuthenticateAPI manual__2023-03-13T17:35:51.683738+00:00 [queued]>
[2023-03-13T19:24:30.798+0000] {taskinstance.py:1279} INFO - 
--------------------------------------------------------------------------------
[2023-03-13T19:24:30.798+0000] {taskinstance.py:1280} INFO - Starting attempt 6 of 8
[2023-03-13T19:24:30.799+0000] {taskinstance.py:1281} INFO - 
--------------------------------------------------------------------------------
[2023-03-13T19:24:30.806+0000] {taskinstance.py:1300} INFO - Executing <Task(PythonOperator): AuthenticateAPI> on 2023-03-13 17:35:51.683738+00:00
[2023-03-13T19:24:30.811+0000] {standard_task_runner.py:55} INFO - Started process 11136 to run task
[2023-03-13T19:24:30.814+0000] {standard_task_runner.py:82} INFO - Running: ['***', 'tasks', 'run', 'Spotify_Data_ETL', 'AuthenticateAPI', 'manual__2023-03-13T17:35:51.683738+00:00', '--job-id', '261', '--raw', '--subdir', 'DAGS_FOLDER/spotifydag.py', '--cfg-path', '/tmp/tmp1673ujty']
[2023-03-13T19:24:30.814+0000] {standard_task_runner.py:83} INFO - Job 261: Subtask AuthenticateAPI
[2023-03-13T19:24:30.858+0000] {task_command.py:388} INFO - Running <TaskInstance: Spotify_Data_ETL.AuthenticateAPI manual__2023-03-13T17:35:51.683738+00:00 [running]> on host 649b70e6a8b0
[2023-03-13T19:24:30.899+0000] {taskinstance.py:1509} INFO - Exporting the following env vars:
AIRFLOW_CTX_DAG_OWNER=Ananta Moharana
AIRFLOW_CTX_DAG_ID=Spotify_Data_ETL
AIRFLOW_CTX_TASK_ID=AuthenticateAPI
AIRFLOW_CTX_EXECUTION_DATE=2023-03-13T17:35:51.683738+00:00
AIRFLOW_CTX_TRY_NUMBER=6
AIRFLOW_CTX_DAG_RUN_ID=manual__2023-03-13T17:35:51.683738+00:00
[2023-03-13T19:24:31.261+0000] {logging_mixin.py:137} INFO - BQBniQ2DLG1M6yZHZ0SivlJYmvz4WDpqQDwcBtbBiyMRScoAYgxhnANR0XYIo8cgKymq1QGRirKz5enfgU01m4Q8asGOYCmwjPoN_OpFR1VJJ4zDiGsw
[2023-03-13T19:24:31.291+0000] {python.py:177} INFO - Done. Returned value was: None
[2023-03-13T19:24:31.306+0000] {taskinstance.py:1323} INFO - Marking task as SUCCESS. dag_id=Spotify_Data_ETL, task_id=AuthenticateAPI, execution_date=20230313T173551, start_date=20230313T192430, end_date=20230313T192431
[2023-03-13T19:24:31.327+0000] {local_task_job.py:208} INFO - Task exited with return code 0
[2023-03-13T19:24:31.348+0000] {taskinstance.py:2578} INFO - 1 downstream tasks scheduled from follow-on schedule check
