[2023-03-13T20:22:43.949+0000] {taskinstance.py:1083} INFO - Dependencies all met for <TaskInstance: Spotify_Data_ETL.AuthenticateAPI manual__2023-03-13T17:35:51.683738+00:00 [queued]>
[2023-03-13T20:22:43.955+0000] {taskinstance.py:1083} INFO - Dependencies all met for <TaskInstance: Spotify_Data_ETL.AuthenticateAPI manual__2023-03-13T17:35:51.683738+00:00 [queued]>
[2023-03-13T20:22:43.955+0000] {taskinstance.py:1279} INFO - 
--------------------------------------------------------------------------------
[2023-03-13T20:22:43.956+0000] {taskinstance.py:1280} INFO - Starting attempt 9 of 11
[2023-03-13T20:22:43.956+0000] {taskinstance.py:1281} INFO - 
--------------------------------------------------------------------------------
[2023-03-13T20:22:43.966+0000] {taskinstance.py:1300} INFO - Executing <Task(PythonOperator): AuthenticateAPI> on 2023-03-13 17:35:51.683738+00:00
[2023-03-13T20:22:43.971+0000] {standard_task_runner.py:55} INFO - Started process 14819 to run task
[2023-03-13T20:22:43.975+0000] {standard_task_runner.py:82} INFO - Running: ['***', 'tasks', 'run', 'Spotify_Data_ETL', 'AuthenticateAPI', 'manual__2023-03-13T17:35:51.683738+00:00', '--job-id', '292', '--raw', '--subdir', 'DAGS_FOLDER/spotifydag.py', '--cfg-path', '/tmp/tmpp8vfp5oi']
[2023-03-13T20:22:43.976+0000] {standard_task_runner.py:83} INFO - Job 292: Subtask AuthenticateAPI
[2023-03-13T20:22:44.032+0000] {task_command.py:388} INFO - Running <TaskInstance: Spotify_Data_ETL.AuthenticateAPI manual__2023-03-13T17:35:51.683738+00:00 [running]> on host 649b70e6a8b0
[2023-03-13T20:22:44.078+0000] {taskinstance.py:1509} INFO - Exporting the following env vars:
AIRFLOW_CTX_DAG_OWNER=Ananta Moharana
AIRFLOW_CTX_DAG_ID=Spotify_Data_ETL
AIRFLOW_CTX_TASK_ID=AuthenticateAPI
AIRFLOW_CTX_EXECUTION_DATE=2023-03-13T17:35:51.683738+00:00
AIRFLOW_CTX_TRY_NUMBER=9
AIRFLOW_CTX_DAG_RUN_ID=manual__2023-03-13T17:35:51.683738+00:00
[2023-03-13T20:22:44.225+0000] {logging_mixin.py:137} INFO - BQDRWBNXu7kUAsoeNcPQ3tCkAL2MCIbpMze7dxlNGvmKM1R4RtdSH5YhNV9iny0IT7_3ZYFRYB6jJh_QV_z3cNAGiV0IThEwZjZY8wmqSo9ptcuq4i_y
[2023-03-13T20:22:44.238+0000] {python.py:177} INFO - Done. Returned value was: None
[2023-03-13T20:22:44.246+0000] {taskinstance.py:1323} INFO - Marking task as SUCCESS. dag_id=Spotify_Data_ETL, task_id=AuthenticateAPI, execution_date=20230313T173551, start_date=20230313T202243, end_date=20230313T202244
[2023-03-13T20:22:44.272+0000] {local_task_job.py:208} INFO - Task exited with return code 0
[2023-03-13T20:22:44.290+0000] {taskinstance.py:2578} INFO - 1 downstream tasks scheduled from follow-on schedule check
