[2023-03-21T19:38:31.264+0000] {taskinstance.py:1084} INFO - Dependencies all met for dep_context=non-requeueable deps ti=<TaskInstance: Spotify_Data_ETL.GetArtistInfo manual__2023-03-21T19:32:07.537599+00:00 [queued]>
[2023-03-21T19:38:31.270+0000] {taskinstance.py:1084} INFO - Dependencies all met for dep_context=requeueable deps ti=<TaskInstance: Spotify_Data_ETL.GetArtistInfo manual__2023-03-21T19:32:07.537599+00:00 [queued]>
[2023-03-21T19:38:31.270+0000] {taskinstance.py:1282} INFO - 
--------------------------------------------------------------------------------
[2023-03-21T19:38:31.271+0000] {taskinstance.py:1283} INFO - Starting attempt 2 of 4
[2023-03-21T19:38:31.271+0000] {taskinstance.py:1284} INFO - 
--------------------------------------------------------------------------------
[2023-03-21T19:38:31.279+0000] {taskinstance.py:1303} INFO - Executing <Task(PythonOperator): GetArtistInfo> on 2023-03-21 19:32:07.537599+00:00
[2023-03-21T19:38:31.284+0000] {standard_task_runner.py:55} INFO - Started process 8331 to run task
[2023-03-21T19:38:31.287+0000] {standard_task_runner.py:82} INFO - Running: ['***', 'tasks', 'run', 'Spotify_Data_ETL', 'GetArtistInfo', 'manual__2023-03-21T19:32:07.537599+00:00', '--job-id', '1985', '--raw', '--subdir', 'DAGS_FOLDER/spotifydag.py', '--cfg-path', '/tmp/tmpdelvsqt_']
[2023-03-21T19:38:31.288+0000] {standard_task_runner.py:83} INFO - Job 1985: Subtask GetArtistInfo
[2023-03-21T19:38:31.340+0000] {task_command.py:388} INFO - Running <TaskInstance: Spotify_Data_ETL.GetArtistInfo manual__2023-03-21T19:32:07.537599+00:00 [running]> on host 1fd7b08731f2
[2023-03-21T19:38:31.387+0000] {taskinstance.py:1511} INFO - Exporting the following env vars:
AIRFLOW_CTX_DAG_OWNER=Ananta Moharana
AIRFLOW_CTX_DAG_ID=Spotify_Data_ETL
AIRFLOW_CTX_TASK_ID=GetArtistInfo
AIRFLOW_CTX_EXECUTION_DATE=2023-03-21T19:32:07.537599+00:00
AIRFLOW_CTX_TRY_NUMBER=2
AIRFLOW_CTX_DAG_RUN_ID=manual__2023-03-21T19:32:07.537599+00:00
[2023-03-21T19:38:37.329+0000] {python.py:177} INFO - Done. Returned value was: None
[2023-03-21T19:38:37.341+0000] {taskinstance.py:1326} INFO - Marking task as SUCCESS. dag_id=Spotify_Data_ETL, task_id=GetArtistInfo, execution_date=20230321T193207, start_date=20230321T193831, end_date=20230321T193837
[2023-03-21T19:38:37.383+0000] {local_task_job.py:212} INFO - Task exited with return code 0
[2023-03-21T19:38:37.405+0000] {taskinstance.py:2585} INFO - 0 downstream tasks scheduled from follow-on schedule check
