[2023-03-16T18:04:39.658+0000] {taskinstance.py:1083} INFO - Dependencies all met for <TaskInstance: Spotify_Data_ETL.TransformData manual__2023-03-16T18:04:25.665608+00:00 [queued]>
[2023-03-16T18:04:39.664+0000] {taskinstance.py:1083} INFO - Dependencies all met for <TaskInstance: Spotify_Data_ETL.TransformData manual__2023-03-16T18:04:25.665608+00:00 [queued]>
[2023-03-16T18:04:39.664+0000] {taskinstance.py:1279} INFO - 
--------------------------------------------------------------------------------
[2023-03-16T18:04:39.665+0000] {taskinstance.py:1280} INFO - Starting attempt 1 of 3
[2023-03-16T18:04:39.665+0000] {taskinstance.py:1281} INFO - 
--------------------------------------------------------------------------------
[2023-03-16T18:04:39.673+0000] {taskinstance.py:1300} INFO - Executing <Task(PythonOperator): TransformData> on 2023-03-16 18:04:25.665608+00:00
[2023-03-16T18:04:39.678+0000] {standard_task_runner.py:55} INFO - Started process 471 to run task
[2023-03-16T18:04:39.681+0000] {standard_task_runner.py:82} INFO - Running: ['***', 'tasks', 'run', 'Spotify_Data_ETL', 'TransformData', 'manual__2023-03-16T18:04:25.665608+00:00', '--job-id', '1331', '--raw', '--subdir', 'DAGS_FOLDER/spotifydag.py', '--cfg-path', '/tmp/tmpc7i7g_4o']
[2023-03-16T18:04:39.681+0000] {standard_task_runner.py:83} INFO - Job 1331: Subtask TransformData
[2023-03-16T18:04:39.723+0000] {task_command.py:388} INFO - Running <TaskInstance: Spotify_Data_ETL.TransformData manual__2023-03-16T18:04:25.665608+00:00 [running]> on host 8f7fdf71f1bb
[2023-03-16T18:04:39.877+0000] {taskinstance.py:1509} INFO - Exporting the following env vars:
AIRFLOW_CTX_DAG_OWNER=Ananta Moharana
AIRFLOW_CTX_DAG_ID=Spotify_Data_ETL
AIRFLOW_CTX_TASK_ID=TransformData
AIRFLOW_CTX_EXECUTION_DATE=2023-03-16T18:04:25.665608+00:00
AIRFLOW_CTX_TRY_NUMBER=1
AIRFLOW_CTX_DAG_RUN_ID=manual__2023-03-16T18:04:25.665608+00:00
[2023-03-16T18:04:39.909+0000] {warnings.py:110} WARNING - /opt/***/dags/src/transform.py:29: SettingWithCopyWarning: 
A value is trying to be set on a copy of a slice from a DataFrame.
Try using .loc[row_indexer,col_indexer] = value instead

See the caveats in the documentation: https://pandas.pydata.org/pandas-docs/stable/user_guide/indexing.html#returning-a-view-versus-a-copy
  song_fact['date']=today

[2023-03-16T18:04:39.912+0000] {warnings.py:110} WARNING - /home/***/.local/lib/python3.7/site-packages/pandas/util/_decorators.py:311: SettingWithCopyWarning: 
A value is trying to be set on a copy of a slice from a DataFrame

See the caveats in the documentation: https://pandas.pydata.org/pandas-docs/stable/user_guide/indexing.html#returning-a-view-versus-a-copy
  return func(*args, **kwargs)

[2023-03-16T18:04:39.963+0000] {python.py:177} INFO - Done. Returned value was: None
[2023-03-16T18:04:39.970+0000] {taskinstance.py:1323} INFO - Marking task as SUCCESS. dag_id=Spotify_Data_ETL, task_id=TransformData, execution_date=20230316T180425, start_date=20230316T180439, end_date=20230316T180439
[2023-03-16T18:04:40.016+0000] {local_task_job.py:208} INFO - Task exited with return code 0
[2023-03-16T18:04:40.036+0000] {taskinstance.py:2578} INFO - 6 downstream tasks scheduled from follow-on schedule check
