[2023-03-15T19:35:46.072+0000] {taskinstance.py:1083} INFO - Dependencies all met for <TaskInstance: Spotify_Data_ETL.GetSongsFromPlaylist manual__2023-03-14T22:41:08.560415+00:00 [queued]>
[2023-03-15T19:35:46.077+0000] {taskinstance.py:1083} INFO - Dependencies all met for <TaskInstance: Spotify_Data_ETL.GetSongsFromPlaylist manual__2023-03-14T22:41:08.560415+00:00 [queued]>
[2023-03-15T19:35:46.077+0000] {taskinstance.py:1279} INFO - 
--------------------------------------------------------------------------------
[2023-03-15T19:35:46.078+0000] {taskinstance.py:1280} INFO - Starting attempt 7 of 9
[2023-03-15T19:35:46.078+0000] {taskinstance.py:1281} INFO - 
--------------------------------------------------------------------------------
[2023-03-15T19:35:46.085+0000] {taskinstance.py:1300} INFO - Executing <Task(PythonOperator): GetSongsFromPlaylist> on 2023-03-14 22:41:08.560415+00:00
[2023-03-15T19:35:46.089+0000] {standard_task_runner.py:55} INFO - Started process 1827 to run task
[2023-03-15T19:35:46.092+0000] {standard_task_runner.py:82} INFO - Running: ['***', 'tasks', 'run', 'Spotify_Data_ETL', 'GetSongsFromPlaylist', 'manual__2023-03-14T22:41:08.560415+00:00', '--job-id', '696', '--raw', '--subdir', 'DAGS_FOLDER/spotifydag.py', '--cfg-path', '/tmp/tmpxipt12lf']
[2023-03-15T19:35:46.093+0000] {standard_task_runner.py:83} INFO - Job 696: Subtask GetSongsFromPlaylist
[2023-03-15T19:35:46.135+0000] {task_command.py:388} INFO - Running <TaskInstance: Spotify_Data_ETL.GetSongsFromPlaylist manual__2023-03-14T22:41:08.560415+00:00 [running]> on host af46459234d2
[2023-03-15T19:35:46.284+0000] {taskinstance.py:1509} INFO - Exporting the following env vars:
AIRFLOW_CTX_DAG_OWNER=Ananta Moharana
AIRFLOW_CTX_DAG_ID=Spotify_Data_ETL
AIRFLOW_CTX_TASK_ID=GetSongsFromPlaylist
AIRFLOW_CTX_EXECUTION_DATE=2023-03-14T22:41:08.560415+00:00
AIRFLOW_CTX_TRY_NUMBER=7
AIRFLOW_CTX_DAG_RUN_ID=manual__2023-03-14T22:41:08.560415+00:00
[2023-03-15T19:35:46.880+0000] {python.py:177} INFO - Done. Returned value was: None
[2023-03-15T19:35:46.887+0000] {taskinstance.py:1323} INFO - Marking task as SUCCESS. dag_id=Spotify_Data_ETL, task_id=GetSongsFromPlaylist, execution_date=20230314T224108, start_date=20230315T193546, end_date=20230315T193546
[2023-03-15T19:35:46.944+0000] {local_task_job.py:208} INFO - Task exited with return code 0
[2023-03-15T19:35:46.963+0000] {taskinstance.py:2578} INFO - 2 downstream tasks scheduled from follow-on schedule check
