[2023-03-15T20:31:25.396+0000] {taskinstance.py:1083} INFO - Dependencies all met for <TaskInstance: Spotify_Data_ETL.GetSongsFromPlaylist manual__2023-03-14T22:41:08.560415+00:00 [queued]>
[2023-03-15T20:31:25.400+0000] {taskinstance.py:1083} INFO - Dependencies all met for <TaskInstance: Spotify_Data_ETL.GetSongsFromPlaylist manual__2023-03-14T22:41:08.560415+00:00 [queued]>
[2023-03-15T20:31:25.401+0000] {taskinstance.py:1279} INFO - 
--------------------------------------------------------------------------------
[2023-03-15T20:31:25.401+0000] {taskinstance.py:1280} INFO - Starting attempt 10 of 12
[2023-03-15T20:31:25.401+0000] {taskinstance.py:1281} INFO - 
--------------------------------------------------------------------------------
[2023-03-15T20:31:25.408+0000] {taskinstance.py:1300} INFO - Executing <Task(PythonOperator): GetSongsFromPlaylist> on 2023-03-14 22:41:08.560415+00:00
[2023-03-15T20:31:25.412+0000] {standard_task_runner.py:55} INFO - Started process 5809 to run task
[2023-03-15T20:31:25.415+0000] {standard_task_runner.py:82} INFO - Running: ['***', 'tasks', 'run', 'Spotify_Data_ETL', 'GetSongsFromPlaylist', 'manual__2023-03-14T22:41:08.560415+00:00', '--job-id', '734', '--raw', '--subdir', 'DAGS_FOLDER/spotifydag.py', '--cfg-path', '/tmp/tmpvvrhog86']
[2023-03-15T20:31:25.416+0000] {standard_task_runner.py:83} INFO - Job 734: Subtask GetSongsFromPlaylist
[2023-03-15T20:31:25.462+0000] {task_command.py:388} INFO - Running <TaskInstance: Spotify_Data_ETL.GetSongsFromPlaylist manual__2023-03-14T22:41:08.560415+00:00 [running]> on host af46459234d2
[2023-03-15T20:31:25.626+0000] {taskinstance.py:1509} INFO - Exporting the following env vars:
AIRFLOW_CTX_DAG_OWNER=Ananta Moharana
AIRFLOW_CTX_DAG_ID=Spotify_Data_ETL
AIRFLOW_CTX_TASK_ID=GetSongsFromPlaylist
AIRFLOW_CTX_EXECUTION_DATE=2023-03-14T22:41:08.560415+00:00
AIRFLOW_CTX_TRY_NUMBER=10
AIRFLOW_CTX_DAG_RUN_ID=manual__2023-03-14T22:41:08.560415+00:00
[2023-03-15T20:31:26.211+0000] {python.py:177} INFO - Done. Returned value was: None
[2023-03-15T20:31:26.220+0000] {taskinstance.py:1323} INFO - Marking task as SUCCESS. dag_id=Spotify_Data_ETL, task_id=GetSongsFromPlaylist, execution_date=20230314T224108, start_date=20230315T203125, end_date=20230315T203126
[2023-03-15T20:31:26.279+0000] {local_task_job.py:208} INFO - Task exited with return code 0
[2023-03-15T20:31:26.301+0000] {taskinstance.py:2578} INFO - 2 downstream tasks scheduled from follow-on schedule check
