[2023-03-18T04:25:59.441+0000] {taskinstance.py:1083} INFO - Dependencies all met for <TaskInstance: Spotify_Data_ETL.GetArtistInfo manual__2023-03-18T04:25:53.095760+00:00 [queued]>
[2023-03-18T04:25:59.446+0000] {taskinstance.py:1083} INFO - Dependencies all met for <TaskInstance: Spotify_Data_ETL.GetArtistInfo manual__2023-03-18T04:25:53.095760+00:00 [queued]>
[2023-03-18T04:25:59.447+0000] {taskinstance.py:1279} INFO - 
--------------------------------------------------------------------------------
[2023-03-18T04:25:59.447+0000] {taskinstance.py:1280} INFO - Starting attempt 1 of 3
[2023-03-18T04:25:59.448+0000] {taskinstance.py:1281} INFO - 
--------------------------------------------------------------------------------
[2023-03-18T04:25:59.455+0000] {taskinstance.py:1300} INFO - Executing <Task(PythonOperator): GetArtistInfo> on 2023-03-18 04:25:53.095760+00:00
[2023-03-18T04:25:59.460+0000] {standard_task_runner.py:55} INFO - Started process 101 to run task
[2023-03-18T04:25:59.465+0000] {standard_task_runner.py:82} INFO - Running: ['***', 'tasks', 'run', 'Spotify_Data_ETL', 'GetArtistInfo', 'manual__2023-03-18T04:25:53.095760+00:00', '--job-id', '1502', '--raw', '--subdir', 'DAGS_FOLDER/spotifydag.py', '--cfg-path', '/tmp/tmppiqnhelj']
[2023-03-18T04:25:59.466+0000] {standard_task_runner.py:83} INFO - Job 1502: Subtask GetArtistInfo
[2023-03-18T04:25:59.518+0000] {task_command.py:388} INFO - Running <TaskInstance: Spotify_Data_ETL.GetArtistInfo manual__2023-03-18T04:25:53.095760+00:00 [running]> on host 80993b942372
[2023-03-18T04:25:59.564+0000] {taskinstance.py:1509} INFO - Exporting the following env vars:
AIRFLOW_CTX_DAG_OWNER=Ananta Moharana
AIRFLOW_CTX_DAG_ID=Spotify_Data_ETL
AIRFLOW_CTX_TASK_ID=GetArtistInfo
AIRFLOW_CTX_EXECUTION_DATE=2023-03-18T04:25:53.095760+00:00
AIRFLOW_CTX_TRY_NUMBER=1
AIRFLOW_CTX_DAG_RUN_ID=manual__2023-03-18T04:25:53.095760+00:00
[2023-03-18T04:26:05.803+0000] {python.py:177} INFO - Done. Returned value was: None
[2023-03-18T04:26:05.813+0000] {taskinstance.py:1323} INFO - Marking task as SUCCESS. dag_id=Spotify_Data_ETL, task_id=GetArtistInfo, execution_date=20230318T042553, start_date=20230318T042559, end_date=20230318T042605
[2023-03-18T04:26:05.858+0000] {local_task_job.py:208} INFO - Task exited with return code 0
[2023-03-18T04:26:05.877+0000] {taskinstance.py:2578} INFO - 0 downstream tasks scheduled from follow-on schedule check
