[2023-03-11T22:01:29.248+0000] {taskinstance.py:1083} INFO - Dependencies all met for <TaskInstance: Spotify_Data_ETL.AuthenticateAPI manual__2023-03-11T21:37:28.234370+00:00 [queued]>
[2023-03-11T22:01:29.253+0000] {taskinstance.py:1083} INFO - Dependencies all met for <TaskInstance: Spotify_Data_ETL.AuthenticateAPI manual__2023-03-11T21:37:28.234370+00:00 [queued]>
[2023-03-11T22:01:29.253+0000] {taskinstance.py:1279} INFO - 
--------------------------------------------------------------------------------
[2023-03-11T22:01:29.254+0000] {taskinstance.py:1280} INFO - Starting attempt 2 of 4
[2023-03-11T22:01:29.254+0000] {taskinstance.py:1281} INFO - 
--------------------------------------------------------------------------------
[2023-03-11T22:01:29.261+0000] {taskinstance.py:1300} INFO - Executing <Task(PythonOperator): AuthenticateAPI> on 2023-03-11 21:37:28.234370+00:00
[2023-03-11T22:01:29.265+0000] {standard_task_runner.py:55} INFO - Started process 2537 to run task
[2023-03-11T22:01:29.268+0000] {standard_task_runner.py:82} INFO - Running: ['***', 'tasks', 'run', 'Spotify_Data_ETL', 'AuthenticateAPI', 'manual__2023-03-11T21:37:28.234370+00:00', '--job-id', '12', '--raw', '--subdir', 'DAGS_FOLDER/spotifydag.py', '--cfg-path', '/tmp/tmpafsqeixv']
[2023-03-11T22:01:29.269+0000] {standard_task_runner.py:83} INFO - Job 12: Subtask AuthenticateAPI
[2023-03-11T22:01:29.312+0000] {task_command.py:388} INFO - Running <TaskInstance: Spotify_Data_ETL.AuthenticateAPI manual__2023-03-11T21:37:28.234370+00:00 [running]> on host 65cc573a89f7
[2023-03-11T22:01:29.352+0000] {taskinstance.py:1509} INFO - Exporting the following env vars:
AIRFLOW_CTX_DAG_OWNER=Ananta Moharana
AIRFLOW_CTX_DAG_ID=Spotify_Data_ETL
AIRFLOW_CTX_TASK_ID=AuthenticateAPI
AIRFLOW_CTX_EXECUTION_DATE=2023-03-11T21:37:28.234370+00:00
AIRFLOW_CTX_TRY_NUMBER=2
AIRFLOW_CTX_DAG_RUN_ID=manual__2023-03-11T21:37:28.234370+00:00
[2023-03-11T22:01:29.466+0000] {python.py:177} INFO - Done. Returned value was: None
[2023-03-11T22:01:29.473+0000] {taskinstance.py:1323} INFO - Marking task as SUCCESS. dag_id=Spotify_Data_ETL, task_id=AuthenticateAPI, execution_date=20230311T213728, start_date=20230311T220129, end_date=20230311T220129
[2023-03-11T22:01:29.523+0000] {local_task_job.py:208} INFO - Task exited with return code 0
[2023-03-11T22:01:29.537+0000] {taskinstance.py:2578} INFO - 1 downstream tasks scheduled from follow-on schedule check
