[2023-03-11T22:02:23.645+0000] {taskinstance.py:1083} INFO - Dependencies all met for <TaskInstance: Spotify_Data_ETL.AuthenticateAPI manual__2023-03-11T21:37:28.234370+00:00 [queued]>
[2023-03-11T22:02:23.650+0000] {taskinstance.py:1083} INFO - Dependencies all met for <TaskInstance: Spotify_Data_ETL.AuthenticateAPI manual__2023-03-11T21:37:28.234370+00:00 [queued]>
[2023-03-11T22:02:23.650+0000] {taskinstance.py:1279} INFO - 
--------------------------------------------------------------------------------
[2023-03-11T22:02:23.650+0000] {taskinstance.py:1280} INFO - Starting attempt 3 of 5
[2023-03-11T22:02:23.651+0000] {taskinstance.py:1281} INFO - 
--------------------------------------------------------------------------------
[2023-03-11T22:02:23.658+0000] {taskinstance.py:1300} INFO - Executing <Task(PythonOperator): AuthenticateAPI> on 2023-03-11 21:37:28.234370+00:00
[2023-03-11T22:02:23.662+0000] {standard_task_runner.py:55} INFO - Started process 2608 to run task
[2023-03-11T22:02:23.665+0000] {standard_task_runner.py:82} INFO - Running: ['***', 'tasks', 'run', 'Spotify_Data_ETL', 'AuthenticateAPI', 'manual__2023-03-11T21:37:28.234370+00:00', '--job-id', '14', '--raw', '--subdir', 'DAGS_FOLDER/spotifydag.py', '--cfg-path', '/tmp/tmpoa0tc2ys']
[2023-03-11T22:02:23.665+0000] {standard_task_runner.py:83} INFO - Job 14: Subtask AuthenticateAPI
[2023-03-11T22:02:23.707+0000] {task_command.py:388} INFO - Running <TaskInstance: Spotify_Data_ETL.AuthenticateAPI manual__2023-03-11T21:37:28.234370+00:00 [running]> on host 65cc573a89f7
[2023-03-11T22:02:23.748+0000] {taskinstance.py:1509} INFO - Exporting the following env vars:
AIRFLOW_CTX_DAG_OWNER=Ananta Moharana
AIRFLOW_CTX_DAG_ID=Spotify_Data_ETL
AIRFLOW_CTX_TASK_ID=AuthenticateAPI
AIRFLOW_CTX_EXECUTION_DATE=2023-03-11T21:37:28.234370+00:00
AIRFLOW_CTX_TRY_NUMBER=3
AIRFLOW_CTX_DAG_RUN_ID=manual__2023-03-11T21:37:28.234370+00:00
[2023-03-11T22:02:23.833+0000] {logging_mixin.py:137} INFO - BQBEq_r9Of3hltcwvLxNPovxHcrZS8IsiSbCKnVnJ8cEWBmv9MV11AqA6JJ0YNF8UJVIlbSgjPIOs6SiviBgvuj0Fruak6MImTtw9v9c8vgXOigr_njX
[2023-03-11T22:02:23.845+0000] {python.py:177} INFO - Done. Returned value was: None
[2023-03-11T22:02:23.853+0000] {taskinstance.py:1323} INFO - Marking task as SUCCESS. dag_id=Spotify_Data_ETL, task_id=AuthenticateAPI, execution_date=20230311T213728, start_date=20230311T220223, end_date=20230311T220223
[2023-03-11T22:02:23.877+0000] {local_task_job.py:208} INFO - Task exited with return code 0
[2023-03-11T22:02:23.892+0000] {taskinstance.py:2578} INFO - 1 downstream tasks scheduled from follow-on schedule check
