[2023-03-14T03:22:43.790+0000] {taskinstance.py:1083} INFO - Dependencies all met for <TaskInstance: Spotify_Data_ETL.AuthenticateAPI manual__2023-03-14T00:09:25.066398+00:00 [queued]>
[2023-03-14T03:22:43.795+0000] {taskinstance.py:1083} INFO - Dependencies all met for <TaskInstance: Spotify_Data_ETL.AuthenticateAPI manual__2023-03-14T00:09:25.066398+00:00 [queued]>
[2023-03-14T03:22:43.795+0000] {taskinstance.py:1279} INFO - 
--------------------------------------------------------------------------------
[2023-03-14T03:22:43.796+0000] {taskinstance.py:1280} INFO - Starting attempt 9 of 11
[2023-03-14T03:22:43.796+0000] {taskinstance.py:1281} INFO - 
--------------------------------------------------------------------------------
[2023-03-14T03:22:43.804+0000] {taskinstance.py:1300} INFO - Executing <Task(PythonOperator): AuthenticateAPI> on 2023-03-14 00:09:25.066398+00:00
[2023-03-14T03:22:43.809+0000] {standard_task_runner.py:55} INFO - Started process 208 to run task
[2023-03-14T03:22:43.813+0000] {standard_task_runner.py:82} INFO - Running: ['***', 'tasks', 'run', 'Spotify_Data_ETL', 'AuthenticateAPI', 'manual__2023-03-14T00:09:25.066398+00:00', '--job-id', '352', '--raw', '--subdir', 'DAGS_FOLDER/spotifydag.py', '--cfg-path', '/tmp/tmpmcq59f57']
[2023-03-14T03:22:43.813+0000] {standard_task_runner.py:83} INFO - Job 352: Subtask AuthenticateAPI
[2023-03-14T03:22:43.865+0000] {task_command.py:388} INFO - Running <TaskInstance: Spotify_Data_ETL.AuthenticateAPI manual__2023-03-14T00:09:25.066398+00:00 [running]> on host c1e86c20df76
[2023-03-14T03:22:44.174+0000] {taskinstance.py:1509} INFO - Exporting the following env vars:
AIRFLOW_CTX_DAG_OWNER=Ananta Moharana
AIRFLOW_CTX_DAG_ID=Spotify_Data_ETL
AIRFLOW_CTX_TASK_ID=AuthenticateAPI
AIRFLOW_CTX_EXECUTION_DATE=2023-03-14T00:09:25.066398+00:00
AIRFLOW_CTX_TRY_NUMBER=9
AIRFLOW_CTX_DAG_RUN_ID=manual__2023-03-14T00:09:25.066398+00:00
[2023-03-14T03:22:44.408+0000] {logging_mixin.py:137} INFO - BQCJefu0V6rRYEXam6zirgoTjFeeLcWQ5CjHKc6km6NvLatiSbnV470VVw6M2lQFZBnGLy-Dk4luJwC_PkKCDl3O_IfnG2Kd0IlIGkckMbzfXerodf9b
[2023-03-14T03:22:44.420+0000] {python.py:177} INFO - Done. Returned value was: None
[2023-03-14T03:22:44.427+0000] {taskinstance.py:1323} INFO - Marking task as SUCCESS. dag_id=Spotify_Data_ETL, task_id=AuthenticateAPI, execution_date=20230314T000925, start_date=20230314T032243, end_date=20230314T032244
[2023-03-14T03:22:44.475+0000] {local_task_job.py:208} INFO - Task exited with return code 0
[2023-03-14T03:22:44.498+0000] {taskinstance.py:2578} INFO - 1 downstream tasks scheduled from follow-on schedule check
