[2023-03-14T04:09:41.458+0000] {taskinstance.py:1083} INFO - Dependencies all met for <TaskInstance: Spotify_Data_ETL.AuthenticateAPI manual__2023-03-14T00:09:25.066398+00:00 [queued]>
[2023-03-14T04:09:41.464+0000] {taskinstance.py:1083} INFO - Dependencies all met for <TaskInstance: Spotify_Data_ETL.AuthenticateAPI manual__2023-03-14T00:09:25.066398+00:00 [queued]>
[2023-03-14T04:09:41.464+0000] {taskinstance.py:1279} INFO - 
--------------------------------------------------------------------------------
[2023-03-14T04:09:41.465+0000] {taskinstance.py:1280} INFO - Starting attempt 22 of 24
[2023-03-14T04:09:41.465+0000] {taskinstance.py:1281} INFO - 
--------------------------------------------------------------------------------
[2023-03-14T04:09:41.473+0000] {taskinstance.py:1300} INFO - Executing <Task(PythonOperator): AuthenticateAPI> on 2023-03-14 00:09:25.066398+00:00
[2023-03-14T04:09:41.480+0000] {standard_task_runner.py:55} INFO - Started process 3726 to run task
[2023-03-14T04:09:41.484+0000] {standard_task_runner.py:82} INFO - Running: ['***', 'tasks', 'run', 'Spotify_Data_ETL', 'AuthenticateAPI', 'manual__2023-03-14T00:09:25.066398+00:00', '--job-id', '433', '--raw', '--subdir', 'DAGS_FOLDER/spotifydag.py', '--cfg-path', '/tmp/tmpl8hrccnb']
[2023-03-14T04:09:41.485+0000] {standard_task_runner.py:83} INFO - Job 433: Subtask AuthenticateAPI
[2023-03-14T04:09:41.544+0000] {task_command.py:388} INFO - Running <TaskInstance: Spotify_Data_ETL.AuthenticateAPI manual__2023-03-14T00:09:25.066398+00:00 [running]> on host c1e86c20df76
[2023-03-14T04:09:41.864+0000] {taskinstance.py:1509} INFO - Exporting the following env vars:
AIRFLOW_CTX_DAG_OWNER=Ananta Moharana
AIRFLOW_CTX_DAG_ID=Spotify_Data_ETL
AIRFLOW_CTX_TASK_ID=AuthenticateAPI
AIRFLOW_CTX_EXECUTION_DATE=2023-03-14T00:09:25.066398+00:00
AIRFLOW_CTX_TRY_NUMBER=22
AIRFLOW_CTX_DAG_RUN_ID=manual__2023-03-14T00:09:25.066398+00:00
[2023-03-14T04:09:41.986+0000] {logging_mixin.py:137} INFO - BQDr-0hns2tsP-VZKPLQsz-i0rQgCCh3TLqvp9nbDfpnEgcIQZFnZozCt0kbsstLxKhPNxc1mzGzoAbJ1Tb-M8mZ9Wr_E3ACZluuRHnPotXGOfO-m6Sj
[2023-03-14T04:09:42.001+0000] {python.py:177} INFO - Done. Returned value was: None
[2023-03-14T04:09:42.010+0000] {taskinstance.py:1323} INFO - Marking task as SUCCESS. dag_id=Spotify_Data_ETL, task_id=AuthenticateAPI, execution_date=20230314T000925, start_date=20230314T040941, end_date=20230314T040942
[2023-03-14T04:09:42.062+0000] {local_task_job.py:208} INFO - Task exited with return code 0
[2023-03-14T04:09:42.084+0000] {taskinstance.py:2578} INFO - 1 downstream tasks scheduled from follow-on schedule check
