[2023-03-14T03:45:07.548+0000] {taskinstance.py:1083} INFO - Dependencies all met for <TaskInstance: Spotify_Data_ETL.AuthenticateAPI manual__2023-03-14T00:09:25.066398+00:00 [queued]>
[2023-03-14T03:45:07.555+0000] {taskinstance.py:1083} INFO - Dependencies all met for <TaskInstance: Spotify_Data_ETL.AuthenticateAPI manual__2023-03-14T00:09:25.066398+00:00 [queued]>
[2023-03-14T03:45:07.555+0000] {taskinstance.py:1279} INFO - 
--------------------------------------------------------------------------------
[2023-03-14T03:45:07.556+0000] {taskinstance.py:1280} INFO - Starting attempt 16 of 18
[2023-03-14T03:45:07.556+0000] {taskinstance.py:1281} INFO - 
--------------------------------------------------------------------------------
[2023-03-14T03:45:07.567+0000] {taskinstance.py:1300} INFO - Executing <Task(PythonOperator): AuthenticateAPI> on 2023-03-14 00:09:25.066398+00:00
[2023-03-14T03:45:07.575+0000] {standard_task_runner.py:55} INFO - Started process 1896 to run task
[2023-03-14T03:45:07.579+0000] {standard_task_runner.py:82} INFO - Running: ['***', 'tasks', 'run', 'Spotify_Data_ETL', 'AuthenticateAPI', 'manual__2023-03-14T00:09:25.066398+00:00', '--job-id', '398', '--raw', '--subdir', 'DAGS_FOLDER/spotifydag.py', '--cfg-path', '/tmp/tmprgp7qvev']
[2023-03-14T03:45:07.580+0000] {standard_task_runner.py:83} INFO - Job 398: Subtask AuthenticateAPI
[2023-03-14T03:45:07.636+0000] {task_command.py:388} INFO - Running <TaskInstance: Spotify_Data_ETL.AuthenticateAPI manual__2023-03-14T00:09:25.066398+00:00 [running]> on host c1e86c20df76
[2023-03-14T03:45:07.984+0000] {taskinstance.py:1509} INFO - Exporting the following env vars:
AIRFLOW_CTX_DAG_OWNER=Ananta Moharana
AIRFLOW_CTX_DAG_ID=Spotify_Data_ETL
AIRFLOW_CTX_TASK_ID=AuthenticateAPI
AIRFLOW_CTX_EXECUTION_DATE=2023-03-14T00:09:25.066398+00:00
AIRFLOW_CTX_TRY_NUMBER=16
AIRFLOW_CTX_DAG_RUN_ID=manual__2023-03-14T00:09:25.066398+00:00
[2023-03-14T03:45:08.203+0000] {logging_mixin.py:137} INFO - BQCgXOPHP4V1E4Hcy0hG80UWm2OS6hJvjAkZLBP-pESaNaGrvZtwXp5M8sHujUHJNv9RDbAx-2OVTctPE0ScbKia6ONKkbejSFz3DDzBICUbCfaieyQd
[2023-03-14T03:45:08.216+0000] {python.py:177} INFO - Done. Returned value was: None
[2023-03-14T03:45:08.226+0000] {taskinstance.py:1323} INFO - Marking task as SUCCESS. dag_id=Spotify_Data_ETL, task_id=AuthenticateAPI, execution_date=20230314T000925, start_date=20230314T034507, end_date=20230314T034508
[2023-03-14T03:45:08.277+0000] {local_task_job.py:208} INFO - Task exited with return code 0
[2023-03-14T03:45:08.299+0000] {taskinstance.py:2578} INFO - 1 downstream tasks scheduled from follow-on schedule check
