[2023-03-14T03:28:07.310+0000] {taskinstance.py:1083} INFO - Dependencies all met for <TaskInstance: Spotify_Data_ETL.AuthenticateAPI manual__2023-03-14T00:09:25.066398+00:00 [queued]>
[2023-03-14T03:28:07.323+0000] {taskinstance.py:1083} INFO - Dependencies all met for <TaskInstance: Spotify_Data_ETL.AuthenticateAPI manual__2023-03-14T00:09:25.066398+00:00 [queued]>
[2023-03-14T03:28:07.324+0000] {taskinstance.py:1279} INFO - 
--------------------------------------------------------------------------------
[2023-03-14T03:28:07.324+0000] {taskinstance.py:1280} INFO - Starting attempt 10 of 12
[2023-03-14T03:28:07.325+0000] {taskinstance.py:1281} INFO - 
--------------------------------------------------------------------------------
[2023-03-14T03:28:07.332+0000] {taskinstance.py:1300} INFO - Executing <Task(PythonOperator): AuthenticateAPI> on 2023-03-14 00:09:25.066398+00:00
[2023-03-14T03:28:07.337+0000] {standard_task_runner.py:55} INFO - Started process 607 to run task
[2023-03-14T03:28:07.340+0000] {standard_task_runner.py:82} INFO - Running: ['***', 'tasks', 'run', 'Spotify_Data_ETL', 'AuthenticateAPI', 'manual__2023-03-14T00:09:25.066398+00:00', '--job-id', '358', '--raw', '--subdir', 'DAGS_FOLDER/spotifydag.py', '--cfg-path', '/tmp/tmpx1zt6v7u']
[2023-03-14T03:28:07.341+0000] {standard_task_runner.py:83} INFO - Job 358: Subtask AuthenticateAPI
[2023-03-14T03:28:07.386+0000] {task_command.py:388} INFO - Running <TaskInstance: Spotify_Data_ETL.AuthenticateAPI manual__2023-03-14T00:09:25.066398+00:00 [running]> on host c1e86c20df76
[2023-03-14T03:28:07.640+0000] {taskinstance.py:1509} INFO - Exporting the following env vars:
AIRFLOW_CTX_DAG_OWNER=Ananta Moharana
AIRFLOW_CTX_DAG_ID=Spotify_Data_ETL
AIRFLOW_CTX_TASK_ID=AuthenticateAPI
AIRFLOW_CTX_EXECUTION_DATE=2023-03-14T00:09:25.066398+00:00
AIRFLOW_CTX_TRY_NUMBER=10
AIRFLOW_CTX_DAG_RUN_ID=manual__2023-03-14T00:09:25.066398+00:00
[2023-03-14T03:28:07.961+0000] {logging_mixin.py:137} INFO - BQArUEnoGq8apw6XC-BO_4e1K20xHtOthyNGYQ4im1mVxnuDAeJNEYwwoHJz3SmwvyuL7uam6alPZip9zt_3B3lZP9oGiVlN6i0sl7i6_3M7F87QhMtL
[2023-03-14T03:28:07.981+0000] {python.py:177} INFO - Done. Returned value was: None
[2023-03-14T03:28:07.990+0000] {taskinstance.py:1323} INFO - Marking task as SUCCESS. dag_id=Spotify_Data_ETL, task_id=AuthenticateAPI, execution_date=20230314T000925, start_date=20230314T032807, end_date=20230314T032807
[2023-03-14T03:28:08.049+0000] {local_task_job.py:208} INFO - Task exited with return code 0
[2023-03-14T03:28:08.069+0000] {taskinstance.py:2578} INFO - 1 downstream tasks scheduled from follow-on schedule check
