[2023-03-14T02:12:16.979+0000] {taskinstance.py:1083} INFO - Dependencies all met for <TaskInstance: Spotify_Data_ETL.AuthenticateAPI manual__2023-03-14T00:09:25.066398+00:00 [queued]>
[2023-03-14T02:12:16.985+0000] {taskinstance.py:1083} INFO - Dependencies all met for <TaskInstance: Spotify_Data_ETL.AuthenticateAPI manual__2023-03-14T00:09:25.066398+00:00 [queued]>
[2023-03-14T02:12:16.985+0000] {taskinstance.py:1279} INFO - 
--------------------------------------------------------------------------------
[2023-03-14T02:12:16.986+0000] {taskinstance.py:1280} INFO - Starting attempt 4 of 6
[2023-03-14T02:12:16.986+0000] {taskinstance.py:1281} INFO - 
--------------------------------------------------------------------------------
[2023-03-14T02:12:16.993+0000] {taskinstance.py:1300} INFO - Executing <Task(PythonOperator): AuthenticateAPI> on 2023-03-14 00:09:25.066398+00:00
[2023-03-14T02:12:17.001+0000] {standard_task_runner.py:55} INFO - Started process 13018 to run task
[2023-03-14T02:12:17.005+0000] {standard_task_runner.py:82} INFO - Running: ['***', 'tasks', 'run', 'Spotify_Data_ETL', 'AuthenticateAPI', 'manual__2023-03-14T00:09:25.066398+00:00', '--job-id', '325', '--raw', '--subdir', 'DAGS_FOLDER/spotifydag.py', '--cfg-path', '/tmp/tmphck3xlsr']
[2023-03-14T02:12:17.006+0000] {standard_task_runner.py:83} INFO - Job 325: Subtask AuthenticateAPI
[2023-03-14T02:12:17.050+0000] {task_command.py:388} INFO - Running <TaskInstance: Spotify_Data_ETL.AuthenticateAPI manual__2023-03-14T00:09:25.066398+00:00 [running]> on host 4d2033ffb16b
[2023-03-14T02:12:17.234+0000] {taskinstance.py:1509} INFO - Exporting the following env vars:
AIRFLOW_CTX_DAG_OWNER=Ananta Moharana
AIRFLOW_CTX_DAG_ID=Spotify_Data_ETL
AIRFLOW_CTX_TASK_ID=AuthenticateAPI
AIRFLOW_CTX_EXECUTION_DATE=2023-03-14T00:09:25.066398+00:00
AIRFLOW_CTX_TRY_NUMBER=4
AIRFLOW_CTX_DAG_RUN_ID=manual__2023-03-14T00:09:25.066398+00:00
[2023-03-14T02:12:17.325+0000] {logging_mixin.py:137} INFO - BQBHv1mw0LopInSpa6HGgTqPWVnRA9Fk9j4M2D7evLx4WknRNGH0uRUNebUncn12WD3S6iIDeAEnU1H4wGeeGRexAdMEhBLuNYyECx67pFvfj_I_27aU
[2023-03-14T02:12:17.335+0000] {python.py:177} INFO - Done. Returned value was: None
[2023-03-14T02:12:17.343+0000] {taskinstance.py:1323} INFO - Marking task as SUCCESS. dag_id=Spotify_Data_ETL, task_id=AuthenticateAPI, execution_date=20230314T000925, start_date=20230314T021216, end_date=20230314T021217
[2023-03-14T02:12:17.380+0000] {local_task_job.py:208} INFO - Task exited with return code 0
[2023-03-14T02:12:17.398+0000] {taskinstance.py:2578} INFO - 1 downstream tasks scheduled from follow-on schedule check
