[2023-03-14T03:18:59.308+0000] {taskinstance.py:1083} INFO - Dependencies all met for <TaskInstance: Spotify_Data_ETL.AuthenticateAPI manual__2023-03-14T00:09:25.066398+00:00 [queued]>
[2023-03-14T03:18:59.313+0000] {taskinstance.py:1083} INFO - Dependencies all met for <TaskInstance: Spotify_Data_ETL.AuthenticateAPI manual__2023-03-14T00:09:25.066398+00:00 [queued]>
[2023-03-14T03:18:59.313+0000] {taskinstance.py:1279} INFO - 
--------------------------------------------------------------------------------
[2023-03-14T03:18:59.313+0000] {taskinstance.py:1280} INFO - Starting attempt 7 of 9
[2023-03-14T03:18:59.314+0000] {taskinstance.py:1281} INFO - 
--------------------------------------------------------------------------------
[2023-03-14T03:18:59.320+0000] {taskinstance.py:1300} INFO - Executing <Task(PythonOperator): AuthenticateAPI> on 2023-03-14 00:09:25.066398+00:00
[2023-03-14T03:18:59.325+0000] {standard_task_runner.py:55} INFO - Started process 17776 to run task
[2023-03-14T03:18:59.328+0000] {standard_task_runner.py:82} INFO - Running: ['***', 'tasks', 'run', 'Spotify_Data_ETL', 'AuthenticateAPI', 'manual__2023-03-14T00:09:25.066398+00:00', '--job-id', '340', '--raw', '--subdir', 'DAGS_FOLDER/spotifydag.py', '--cfg-path', '/tmp/tmp1fbqfhp1']
[2023-03-14T03:18:59.329+0000] {standard_task_runner.py:83} INFO - Job 340: Subtask AuthenticateAPI
[2023-03-14T03:18:59.370+0000] {task_command.py:388} INFO - Running <TaskInstance: Spotify_Data_ETL.AuthenticateAPI manual__2023-03-14T00:09:25.066398+00:00 [running]> on host 4d2033ffb16b
[2023-03-14T03:18:59.603+0000] {taskinstance.py:1509} INFO - Exporting the following env vars:
AIRFLOW_CTX_DAG_OWNER=Ananta Moharana
AIRFLOW_CTX_DAG_ID=Spotify_Data_ETL
AIRFLOW_CTX_TASK_ID=AuthenticateAPI
AIRFLOW_CTX_EXECUTION_DATE=2023-03-14T00:09:25.066398+00:00
AIRFLOW_CTX_TRY_NUMBER=7
AIRFLOW_CTX_DAG_RUN_ID=manual__2023-03-14T00:09:25.066398+00:00
[2023-03-14T03:18:59.783+0000] {logging_mixin.py:137} INFO - BQDRVJHjyOS_GQRx-fRx4IKIYbvAJIYg8w55dFQJVkTiN2KQ5vnwzqkp4bzLUEJuJ2GgRpccNIwnVCLhLxJEwdbES96KW2Dg1pDCWvHJoLvA67Wa159D
[2023-03-14T03:18:59.797+0000] {python.py:177} INFO - Done. Returned value was: None
[2023-03-14T03:18:59.807+0000] {taskinstance.py:1323} INFO - Marking task as SUCCESS. dag_id=Spotify_Data_ETL, task_id=AuthenticateAPI, execution_date=20230314T000925, start_date=20230314T031859, end_date=20230314T031859
[2023-03-14T03:18:59.876+0000] {local_task_job.py:208} INFO - Task exited with return code 0
[2023-03-14T03:18:59.897+0000] {taskinstance.py:2578} INFO - 1 downstream tasks scheduled from follow-on schedule check
