[2023-03-14T03:30:22.770+0000] {taskinstance.py:1083} INFO - Dependencies all met for <TaskInstance: Spotify_Data_ETL.AuthenticateAPI manual__2023-03-14T00:09:25.066398+00:00 [queued]>
[2023-03-14T03:30:22.775+0000] {taskinstance.py:1083} INFO - Dependencies all met for <TaskInstance: Spotify_Data_ETL.AuthenticateAPI manual__2023-03-14T00:09:25.066398+00:00 [queued]>
[2023-03-14T03:30:22.775+0000] {taskinstance.py:1279} INFO - 
--------------------------------------------------------------------------------
[2023-03-14T03:30:22.776+0000] {taskinstance.py:1280} INFO - Starting attempt 11 of 13
[2023-03-14T03:30:22.776+0000] {taskinstance.py:1281} INFO - 
--------------------------------------------------------------------------------
[2023-03-14T03:30:22.783+0000] {taskinstance.py:1300} INFO - Executing <Task(PythonOperator): AuthenticateAPI> on 2023-03-14 00:09:25.066398+00:00
[2023-03-14T03:30:22.791+0000] {standard_task_runner.py:55} INFO - Started process 778 to run task
[2023-03-14T03:30:22.794+0000] {standard_task_runner.py:82} INFO - Running: ['***', 'tasks', 'run', 'Spotify_Data_ETL', 'AuthenticateAPI', 'manual__2023-03-14T00:09:25.066398+00:00', '--job-id', '363', '--raw', '--subdir', 'DAGS_FOLDER/spotifydag.py', '--cfg-path', '/tmp/tmp00bbp2uc']
[2023-03-14T03:30:22.795+0000] {standard_task_runner.py:83} INFO - Job 363: Subtask AuthenticateAPI
[2023-03-14T03:30:22.842+0000] {task_command.py:388} INFO - Running <TaskInstance: Spotify_Data_ETL.AuthenticateAPI manual__2023-03-14T00:09:25.066398+00:00 [running]> on host c1e86c20df76
[2023-03-14T03:30:23.067+0000] {taskinstance.py:1509} INFO - Exporting the following env vars:
AIRFLOW_CTX_DAG_OWNER=Ananta Moharana
AIRFLOW_CTX_DAG_ID=Spotify_Data_ETL
AIRFLOW_CTX_TASK_ID=AuthenticateAPI
AIRFLOW_CTX_EXECUTION_DATE=2023-03-14T00:09:25.066398+00:00
AIRFLOW_CTX_TRY_NUMBER=11
AIRFLOW_CTX_DAG_RUN_ID=manual__2023-03-14T00:09:25.066398+00:00
[2023-03-14T03:30:23.243+0000] {logging_mixin.py:137} INFO - BQB1qVjrCrr3SU6GWWsCoOCyAhGdtAkdjzhdapkuRiup2KjyZSTR1vn_OVqtDTSxczNsSXXQreKFVrpLBStNyKX_xUDdOWGnYOMVuA6tQTNUHzxNt-7j
[2023-03-14T03:30:23.258+0000] {python.py:177} INFO - Done. Returned value was: None
[2023-03-14T03:30:23.267+0000] {taskinstance.py:1323} INFO - Marking task as SUCCESS. dag_id=Spotify_Data_ETL, task_id=AuthenticateAPI, execution_date=20230314T000925, start_date=20230314T033022, end_date=20230314T033023
[2023-03-14T03:30:23.308+0000] {local_task_job.py:208} INFO - Task exited with return code 0
[2023-03-14T03:30:23.328+0000] {taskinstance.py:2578} INFO - 1 downstream tasks scheduled from follow-on schedule check
