[2023-03-14T02:11:04.140+0000] {taskinstance.py:1083} INFO - Dependencies all met for <TaskInstance: Spotify_Data_ETL.AuthenticateAPI manual__2023-03-14T00:09:25.066398+00:00 [queued]>
[2023-03-14T02:11:04.145+0000] {taskinstance.py:1083} INFO - Dependencies all met for <TaskInstance: Spotify_Data_ETL.AuthenticateAPI manual__2023-03-14T00:09:25.066398+00:00 [queued]>
[2023-03-14T02:11:04.146+0000] {taskinstance.py:1279} INFO - 
--------------------------------------------------------------------------------
[2023-03-14T02:11:04.146+0000] {taskinstance.py:1280} INFO - Starting attempt 3 of 5
[2023-03-14T02:11:04.146+0000] {taskinstance.py:1281} INFO - 
--------------------------------------------------------------------------------
[2023-03-14T02:11:04.155+0000] {taskinstance.py:1300} INFO - Executing <Task(PythonOperator): AuthenticateAPI> on 2023-03-14 00:09:25.066398+00:00
[2023-03-14T02:11:04.159+0000] {standard_task_runner.py:55} INFO - Started process 12917 to run task
[2023-03-14T02:11:04.163+0000] {standard_task_runner.py:82} INFO - Running: ['***', 'tasks', 'run', 'Spotify_Data_ETL', 'AuthenticateAPI', 'manual__2023-03-14T00:09:25.066398+00:00', '--job-id', '318', '--raw', '--subdir', 'DAGS_FOLDER/spotifydag.py', '--cfg-path', '/tmp/tmpnc1j4jr1']
[2023-03-14T02:11:04.164+0000] {standard_task_runner.py:83} INFO - Job 318: Subtask AuthenticateAPI
[2023-03-14T02:11:04.215+0000] {task_command.py:388} INFO - Running <TaskInstance: Spotify_Data_ETL.AuthenticateAPI manual__2023-03-14T00:09:25.066398+00:00 [running]> on host 4d2033ffb16b
[2023-03-14T02:11:04.443+0000] {taskinstance.py:1509} INFO - Exporting the following env vars:
AIRFLOW_CTX_DAG_OWNER=Ananta Moharana
AIRFLOW_CTX_DAG_ID=Spotify_Data_ETL
AIRFLOW_CTX_TASK_ID=AuthenticateAPI
AIRFLOW_CTX_EXECUTION_DATE=2023-03-14T00:09:25.066398+00:00
AIRFLOW_CTX_TRY_NUMBER=3
AIRFLOW_CTX_DAG_RUN_ID=manual__2023-03-14T00:09:25.066398+00:00
[2023-03-14T02:11:04.592+0000] {logging_mixin.py:137} INFO - BQB867CEH09A92ZYZqGsDnAFSr-RDqXFesoatQ1TBPI4TNRfakwFD187zafT4XvB4tOh0mEE-DA22I15nWJGCVFoRkATQid-djo4eZ0jfoUqJGQJNDDf
[2023-03-14T02:11:04.616+0000] {python.py:177} INFO - Done. Returned value was: None
[2023-03-14T02:11:04.626+0000] {taskinstance.py:1323} INFO - Marking task as SUCCESS. dag_id=Spotify_Data_ETL, task_id=AuthenticateAPI, execution_date=20230314T000925, start_date=20230314T021104, end_date=20230314T021104
[2023-03-14T02:11:04.665+0000] {local_task_job.py:208} INFO - Task exited with return code 0
[2023-03-14T02:11:04.686+0000] {taskinstance.py:2578} INFO - 1 downstream tasks scheduled from follow-on schedule check
