[2023-03-14T03:21:18.501+0000] {taskinstance.py:1083} INFO - Dependencies all met for <TaskInstance: Spotify_Data_ETL.AuthenticateAPI manual__2023-03-14T00:09:25.066398+00:00 [queued]>
[2023-03-14T03:21:18.506+0000] {taskinstance.py:1083} INFO - Dependencies all met for <TaskInstance: Spotify_Data_ETL.AuthenticateAPI manual__2023-03-14T00:09:25.066398+00:00 [queued]>
[2023-03-14T03:21:18.506+0000] {taskinstance.py:1279} INFO - 
--------------------------------------------------------------------------------
[2023-03-14T03:21:18.506+0000] {taskinstance.py:1280} INFO - Starting attempt 8 of 10
[2023-03-14T03:21:18.507+0000] {taskinstance.py:1281} INFO - 
--------------------------------------------------------------------------------
[2023-03-14T03:21:18.514+0000] {taskinstance.py:1300} INFO - Executing <Task(PythonOperator): AuthenticateAPI> on 2023-03-14 00:09:25.066398+00:00
[2023-03-14T03:21:18.520+0000] {standard_task_runner.py:55} INFO - Started process 93 to run task
[2023-03-14T03:21:18.523+0000] {standard_task_runner.py:82} INFO - Running: ['***', 'tasks', 'run', 'Spotify_Data_ETL', 'AuthenticateAPI', 'manual__2023-03-14T00:09:25.066398+00:00', '--job-id', '347', '--raw', '--subdir', 'DAGS_FOLDER/spotifydag.py', '--cfg-path', '/tmp/tmpd9m1kmyb']
[2023-03-14T03:21:18.524+0000] {standard_task_runner.py:83} INFO - Job 347: Subtask AuthenticateAPI
[2023-03-14T03:21:18.577+0000] {task_command.py:388} INFO - Running <TaskInstance: Spotify_Data_ETL.AuthenticateAPI manual__2023-03-14T00:09:25.066398+00:00 [running]> on host c1e86c20df76
[2023-03-14T03:21:18.925+0000] {taskinstance.py:1509} INFO - Exporting the following env vars:
AIRFLOW_CTX_DAG_OWNER=Ananta Moharana
AIRFLOW_CTX_DAG_ID=Spotify_Data_ETL
AIRFLOW_CTX_TASK_ID=AuthenticateAPI
AIRFLOW_CTX_EXECUTION_DATE=2023-03-14T00:09:25.066398+00:00
AIRFLOW_CTX_TRY_NUMBER=8
AIRFLOW_CTX_DAG_RUN_ID=manual__2023-03-14T00:09:25.066398+00:00
[2023-03-14T03:21:19.268+0000] {logging_mixin.py:137} INFO - BQCqSFoPkz96FBsnfWDVGnKNR-bLCrf3607MLrcVp9Ld6x6R3JfYhd21jA8fRBsz0ADkR-ypZUk9SCaypcD9d6XMS4MkcZvKJ63o9CJHX-ex1vq7t-fl
[2023-03-14T03:21:19.278+0000] {python.py:177} INFO - Done. Returned value was: None
[2023-03-14T03:21:19.287+0000] {taskinstance.py:1323} INFO - Marking task as SUCCESS. dag_id=Spotify_Data_ETL, task_id=AuthenticateAPI, execution_date=20230314T000925, start_date=20230314T032118, end_date=20230314T032119
[2023-03-14T03:21:19.339+0000] {local_task_job.py:208} INFO - Task exited with return code 0
[2023-03-14T03:21:19.359+0000] {taskinstance.py:2578} INFO - 1 downstream tasks scheduled from follow-on schedule check
