[2023-03-14T03:17:46.900+0000] {taskinstance.py:1083} INFO - Dependencies all met for <TaskInstance: Spotify_Data_ETL.AuthenticateAPI manual__2023-03-14T00:09:25.066398+00:00 [queued]>
[2023-03-14T03:17:46.905+0000] {taskinstance.py:1083} INFO - Dependencies all met for <TaskInstance: Spotify_Data_ETL.AuthenticateAPI manual__2023-03-14T00:09:25.066398+00:00 [queued]>
[2023-03-14T03:17:46.906+0000] {taskinstance.py:1279} INFO - 
--------------------------------------------------------------------------------
[2023-03-14T03:17:46.906+0000] {taskinstance.py:1280} INFO - Starting attempt 6 of 8
[2023-03-14T03:17:46.906+0000] {taskinstance.py:1281} INFO - 
--------------------------------------------------------------------------------
[2023-03-14T03:17:46.913+0000] {taskinstance.py:1300} INFO - Executing <Task(PythonOperator): AuthenticateAPI> on 2023-03-14 00:09:25.066398+00:00
[2023-03-14T03:17:46.918+0000] {standard_task_runner.py:55} INFO - Started process 17679 to run task
[2023-03-14T03:17:46.921+0000] {standard_task_runner.py:82} INFO - Running: ['***', 'tasks', 'run', 'Spotify_Data_ETL', 'AuthenticateAPI', 'manual__2023-03-14T00:09:25.066398+00:00', '--job-id', '338', '--raw', '--subdir', 'DAGS_FOLDER/spotifydag.py', '--cfg-path', '/tmp/tmpegspnpql']
[2023-03-14T03:17:46.921+0000] {standard_task_runner.py:83} INFO - Job 338: Subtask AuthenticateAPI
[2023-03-14T03:17:46.963+0000] {task_command.py:388} INFO - Running <TaskInstance: Spotify_Data_ETL.AuthenticateAPI manual__2023-03-14T00:09:25.066398+00:00 [running]> on host 4d2033ffb16b
[2023-03-14T03:17:47.215+0000] {taskinstance.py:1509} INFO - Exporting the following env vars:
AIRFLOW_CTX_DAG_OWNER=Ananta Moharana
AIRFLOW_CTX_DAG_ID=Spotify_Data_ETL
AIRFLOW_CTX_TASK_ID=AuthenticateAPI
AIRFLOW_CTX_EXECUTION_DATE=2023-03-14T00:09:25.066398+00:00
AIRFLOW_CTX_TRY_NUMBER=6
AIRFLOW_CTX_DAG_RUN_ID=manual__2023-03-14T00:09:25.066398+00:00
[2023-03-14T03:17:47.351+0000] {logging_mixin.py:137} INFO - BQDIueDP0Q3jvuBwpYl7uJtx_dIa47Ueo09lckbGAKm_J-IaCStKSyEsaLkGDUPN-kg04_9daQumgZ8Am6O6qfMlAYmRwxL-7Jl7-wwRfD0S7xIM4Kij
[2023-03-14T03:17:47.366+0000] {python.py:177} INFO - Done. Returned value was: None
[2023-03-14T03:17:47.375+0000] {taskinstance.py:1323} INFO - Marking task as SUCCESS. dag_id=Spotify_Data_ETL, task_id=AuthenticateAPI, execution_date=20230314T000925, start_date=20230314T031746, end_date=20230314T031747
[2023-03-14T03:17:47.418+0000] {local_task_job.py:208} INFO - Task exited with return code 0
[2023-03-14T03:17:47.440+0000] {taskinstance.py:2578} INFO - 1 downstream tasks scheduled from follow-on schedule check
