[2023-03-14T03:31:29.391+0000] {taskinstance.py:1083} INFO - Dependencies all met for <TaskInstance: Spotify_Data_ETL.AuthenticateAPI manual__2023-03-14T00:09:25.066398+00:00 [queued]>
[2023-03-14T03:31:29.397+0000] {taskinstance.py:1083} INFO - Dependencies all met for <TaskInstance: Spotify_Data_ETL.AuthenticateAPI manual__2023-03-14T00:09:25.066398+00:00 [queued]>
[2023-03-14T03:31:29.397+0000] {taskinstance.py:1279} INFO - 
--------------------------------------------------------------------------------
[2023-03-14T03:31:29.398+0000] {taskinstance.py:1280} INFO - Starting attempt 12 of 14
[2023-03-14T03:31:29.398+0000] {taskinstance.py:1281} INFO - 
--------------------------------------------------------------------------------
[2023-03-14T03:31:29.416+0000] {taskinstance.py:1300} INFO - Executing <Task(PythonOperator): AuthenticateAPI> on 2023-03-14 00:09:25.066398+00:00
[2023-03-14T03:31:29.422+0000] {standard_task_runner.py:55} INFO - Started process 874 to run task
[2023-03-14T03:31:29.426+0000] {standard_task_runner.py:82} INFO - Running: ['***', 'tasks', 'run', 'Spotify_Data_ETL', 'AuthenticateAPI', 'manual__2023-03-14T00:09:25.066398+00:00', '--job-id', '369', '--raw', '--subdir', 'DAGS_FOLDER/spotifydag.py', '--cfg-path', '/tmp/tmpsm197on7']
[2023-03-14T03:31:29.427+0000] {standard_task_runner.py:83} INFO - Job 369: Subtask AuthenticateAPI
[2023-03-14T03:31:29.484+0000] {task_command.py:388} INFO - Running <TaskInstance: Spotify_Data_ETL.AuthenticateAPI manual__2023-03-14T00:09:25.066398+00:00 [running]> on host c1e86c20df76
[2023-03-14T03:31:29.796+0000] {taskinstance.py:1509} INFO - Exporting the following env vars:
AIRFLOW_CTX_DAG_OWNER=Ananta Moharana
AIRFLOW_CTX_DAG_ID=Spotify_Data_ETL
AIRFLOW_CTX_TASK_ID=AuthenticateAPI
AIRFLOW_CTX_EXECUTION_DATE=2023-03-14T00:09:25.066398+00:00
AIRFLOW_CTX_TRY_NUMBER=12
AIRFLOW_CTX_DAG_RUN_ID=manual__2023-03-14T00:09:25.066398+00:00
[2023-03-14T03:31:29.909+0000] {logging_mixin.py:137} INFO - BQB-0DREuoj_y8DoEXKK99ILGBCp2-FJtd_LDQ92bRT94clUCFD8H5lhqebdj6-12nXJB3LkDJjqRt96QoDZRvpQ_X-A61gsux86y04t_WTxUHT4797G
[2023-03-14T03:31:29.925+0000] {python.py:177} INFO - Done. Returned value was: None
[2023-03-14T03:31:29.936+0000] {taskinstance.py:1323} INFO - Marking task as SUCCESS. dag_id=Spotify_Data_ETL, task_id=AuthenticateAPI, execution_date=20230314T000925, start_date=20230314T033129, end_date=20230314T033129
[2023-03-14T03:31:30.000+0000] {local_task_job.py:208} INFO - Task exited with return code 0
[2023-03-14T03:31:30.020+0000] {taskinstance.py:2578} INFO - 1 downstream tasks scheduled from follow-on schedule check
