[2023-03-14T04:41:27.722+0000] {taskinstance.py:1083} INFO - Dependencies all met for <TaskInstance: Spotify_Data_ETL.SongArtistBridgeToS3 manual__2023-03-14T04:41:06.270770+00:00 [queued]>
[2023-03-14T04:41:27.738+0000] {taskinstance.py:1083} INFO - Dependencies all met for <TaskInstance: Spotify_Data_ETL.SongArtistBridgeToS3 manual__2023-03-14T04:41:06.270770+00:00 [queued]>
[2023-03-14T04:41:27.739+0000] {taskinstance.py:1279} INFO - 
--------------------------------------------------------------------------------
[2023-03-14T04:41:27.739+0000] {taskinstance.py:1280} INFO - Starting attempt 1 of 3
[2023-03-14T04:41:27.740+0000] {taskinstance.py:1281} INFO - 
--------------------------------------------------------------------------------
[2023-03-14T04:41:27.774+0000] {taskinstance.py:1300} INFO - Executing <Task(PythonOperator): SongArtistBridgeToS3> on 2023-03-14 04:41:06.270770+00:00
[2023-03-14T04:41:27.787+0000] {standard_task_runner.py:55} INFO - Started process 497 to run task
[2023-03-14T04:41:27.792+0000] {standard_task_runner.py:82} INFO - Running: ['***', 'tasks', 'run', 'Spotify_Data_ETL', 'SongArtistBridgeToS3', 'manual__2023-03-14T04:41:06.270770+00:00', '--job-id', '515', '--raw', '--subdir', 'DAGS_FOLDER/spotifydag.py', '--cfg-path', '/tmp/tmpq9ginjby']
[2023-03-14T04:41:27.797+0000] {standard_task_runner.py:83} INFO - Job 515: Subtask SongArtistBridgeToS3
[2023-03-14T04:41:28.016+0000] {task_command.py:388} INFO - Running <TaskInstance: Spotify_Data_ETL.SongArtistBridgeToS3 manual__2023-03-14T04:41:06.270770+00:00 [running]> on host 2b460a741d49
[2023-03-14T04:41:29.603+0000] {taskinstance.py:1509} INFO - Exporting the following env vars:
AIRFLOW_CTX_DAG_OWNER=Ananta Moharana
AIRFLOW_CTX_DAG_ID=Spotify_Data_ETL
AIRFLOW_CTX_TASK_ID=SongArtistBridgeToS3
AIRFLOW_CTX_EXECUTION_DATE=2023-03-14T04:41:06.270770+00:00
AIRFLOW_CTX_TRY_NUMBER=1
AIRFLOW_CTX_DAG_RUN_ID=manual__2023-03-14T04:41:06.270770+00:00
[2023-03-14T04:41:29.625+0000] {base.py:73} INFO - Using connection ID 's3_connection' for task execution.
[2023-03-14T04:41:29.627+0000] {connection_wrapper.py:334} INFO - AWS Connection (conn_id='s3_connection', conn_type='aws') credentials retrieved from login and password.
[2023-03-14T04:41:30.439+0000] {python.py:177} INFO - Done. Returned value was: None
[2023-03-14T04:41:30.452+0000] {taskinstance.py:1323} INFO - Marking task as SUCCESS. dag_id=Spotify_Data_ETL, task_id=SongArtistBridgeToS3, execution_date=20230314T044106, start_date=20230314T044127, end_date=20230314T044130
[2023-03-14T04:41:30.554+0000] {local_task_job.py:208} INFO - Task exited with return code 0
[2023-03-14T04:41:30.623+0000] {taskinstance.py:2578} INFO - 0 downstream tasks scheduled from follow-on schedule check
