[2023-03-14T21:05:06.974+0000] {taskinstance.py:1083} INFO - Dependencies all met for <TaskInstance: Spotify_Data_ETL.ArtistGenreBridgeToS3 manual__2023-03-14T17:39:32.565428+00:00 [queued]>
[2023-03-14T21:05:06.987+0000] {taskinstance.py:1083} INFO - Dependencies all met for <TaskInstance: Spotify_Data_ETL.ArtistGenreBridgeToS3 manual__2023-03-14T17:39:32.565428+00:00 [queued]>
[2023-03-14T21:05:06.987+0000] {taskinstance.py:1279} INFO - 
--------------------------------------------------------------------------------
[2023-03-14T21:05:06.988+0000] {taskinstance.py:1280} INFO - Starting attempt 4 of 6
[2023-03-14T21:05:06.988+0000] {taskinstance.py:1281} INFO - 
--------------------------------------------------------------------------------
[2023-03-14T21:05:07.001+0000] {taskinstance.py:1300} INFO - Executing <Task(PythonOperator): ArtistGenreBridgeToS3> on 2023-03-14 17:39:32.565428+00:00
[2023-03-14T21:05:07.007+0000] {standard_task_runner.py:55} INFO - Started process 380 to run task
[2023-03-14T21:05:07.023+0000] {standard_task_runner.py:82} INFO - Running: ['***', 'tasks', 'run', 'Spotify_Data_ETL', 'ArtistGenreBridgeToS3', 'manual__2023-03-14T17:39:32.565428+00:00', '--job-id', '588', '--raw', '--subdir', 'DAGS_FOLDER/spotifydag.py', '--cfg-path', '/tmp/tmpr1grxkmj']
[2023-03-14T21:05:07.024+0000] {standard_task_runner.py:83} INFO - Job 588: Subtask ArtistGenreBridgeToS3
[2023-03-14T21:05:07.115+0000] {task_command.py:388} INFO - Running <TaskInstance: Spotify_Data_ETL.ArtistGenreBridgeToS3 manual__2023-03-14T17:39:32.565428+00:00 [running]> on host aa32983f0e0e
[2023-03-14T21:05:07.503+0000] {taskinstance.py:1509} INFO - Exporting the following env vars:
AIRFLOW_CTX_DAG_OWNER=Ananta Moharana
AIRFLOW_CTX_DAG_ID=Spotify_Data_ETL
AIRFLOW_CTX_TASK_ID=ArtistGenreBridgeToS3
AIRFLOW_CTX_EXECUTION_DATE=2023-03-14T17:39:32.565428+00:00
AIRFLOW_CTX_TRY_NUMBER=4
AIRFLOW_CTX_DAG_RUN_ID=manual__2023-03-14T17:39:32.565428+00:00
[2023-03-14T21:05:07.519+0000] {base.py:73} INFO - Using connection ID 'aws_connection' for task execution.
[2023-03-14T21:05:07.520+0000] {connection_wrapper.py:334} INFO - AWS Connection (conn_id='aws_connection', conn_type='aws') credentials retrieved from login and password.
[2023-03-14T21:05:08.519+0000] {python.py:177} INFO - Done. Returned value was: None
[2023-03-14T21:05:08.532+0000] {taskinstance.py:1323} INFO - Marking task as SUCCESS. dag_id=Spotify_Data_ETL, task_id=ArtistGenreBridgeToS3, execution_date=20230314T173932, start_date=20230314T210506, end_date=20230314T210508
[2023-03-14T21:05:08.639+0000] {local_task_job.py:208} INFO - Task exited with return code 0
[2023-03-14T21:05:08.672+0000] {taskinstance.py:2578} INFO - 0 downstream tasks scheduled from follow-on schedule check
