[2023-03-14T04:46:21.196+0000] {taskinstance.py:1083} INFO - Dependencies all met for <TaskInstance: Spotify_Data_ETL.TransformData manual__2023-03-14T04:41:06.270770+00:00 [queued]>
[2023-03-14T04:46:21.201+0000] {taskinstance.py:1083} INFO - Dependencies all met for <TaskInstance: Spotify_Data_ETL.TransformData manual__2023-03-14T04:41:06.270770+00:00 [queued]>
[2023-03-14T04:46:21.201+0000] {taskinstance.py:1279} INFO - 
--------------------------------------------------------------------------------
[2023-03-14T04:46:21.202+0000] {taskinstance.py:1280} INFO - Starting attempt 2 of 4
[2023-03-14T04:46:21.202+0000] {taskinstance.py:1281} INFO - 
--------------------------------------------------------------------------------
[2023-03-14T04:46:21.209+0000] {taskinstance.py:1300} INFO - Executing <Task(PythonOperator): TransformData> on 2023-03-14 04:41:06.270770+00:00
[2023-03-14T04:46:21.214+0000] {standard_task_runner.py:55} INFO - Started process 184 to run task
[2023-03-14T04:46:21.217+0000] {standard_task_runner.py:82} INFO - Running: ['***', 'tasks', 'run', 'Spotify_Data_ETL', 'TransformData', 'manual__2023-03-14T04:41:06.270770+00:00', '--job-id', '527', '--raw', '--subdir', 'DAGS_FOLDER/spotifydag.py', '--cfg-path', '/tmp/tmprk4ih536']
[2023-03-14T04:46:21.218+0000] {standard_task_runner.py:83} INFO - Job 527: Subtask TransformData
[2023-03-14T04:46:21.265+0000] {task_command.py:388} INFO - Running <TaskInstance: Spotify_Data_ETL.TransformData manual__2023-03-14T04:41:06.270770+00:00 [running]> on host f1a61db33278
[2023-03-14T04:46:21.454+0000] {taskinstance.py:1509} INFO - Exporting the following env vars:
AIRFLOW_CTX_DAG_OWNER=Ananta Moharana
AIRFLOW_CTX_DAG_ID=Spotify_Data_ETL
AIRFLOW_CTX_TASK_ID=TransformData
AIRFLOW_CTX_EXECUTION_DATE=2023-03-14T04:41:06.270770+00:00
AIRFLOW_CTX_TRY_NUMBER=2
AIRFLOW_CTX_DAG_RUN_ID=manual__2023-03-14T04:41:06.270770+00:00
[2023-03-14T04:46:21.493+0000] {warnings.py:110} WARNING - /home/***/.local/lib/python3.7/site-packages/pandas/util/_decorators.py:311: SettingWithCopyWarning: 
A value is trying to be set on a copy of a slice from a DataFrame

See the caveats in the documentation: https://pandas.pydata.org/pandas-docs/stable/user_guide/indexing.html#returning-a-view-versus-a-copy
  return func(*args, **kwargs)

[2023-03-14T04:46:21.595+0000] {python.py:177} INFO - Done. Returned value was: None
[2023-03-14T04:46:21.605+0000] {taskinstance.py:1323} INFO - Marking task as SUCCESS. dag_id=Spotify_Data_ETL, task_id=TransformData, execution_date=20230314T044106, start_date=20230314T044621, end_date=20230314T044621
[2023-03-14T04:46:21.671+0000] {local_task_job.py:208} INFO - Task exited with return code 0
[2023-03-14T04:46:21.689+0000] {taskinstance.py:2578} INFO - 7 downstream tasks scheduled from follow-on schedule check
