[2023-03-14T22:38:56.801+0000] {taskinstance.py:1083} INFO - Dependencies all met for <TaskInstance: Spotify_Data_ETL.GetSongsFromPlaylist manual__2023-03-14T17:39:32.565428+00:00 [queued]>
[2023-03-14T22:38:56.806+0000] {taskinstance.py:1083} INFO - Dependencies all met for <TaskInstance: Spotify_Data_ETL.GetSongsFromPlaylist manual__2023-03-14T17:39:32.565428+00:00 [queued]>
[2023-03-14T22:38:56.806+0000] {taskinstance.py:1279} INFO - 
--------------------------------------------------------------------------------
[2023-03-14T22:38:56.807+0000] {taskinstance.py:1280} INFO - Starting attempt 5 of 7
[2023-03-14T22:38:56.807+0000] {taskinstance.py:1281} INFO - 
--------------------------------------------------------------------------------
[2023-03-14T22:38:56.814+0000] {taskinstance.py:1300} INFO - Executing <Task(PythonOperator): GetSongsFromPlaylist> on 2023-03-14 17:39:32.565428+00:00
[2023-03-14T22:38:56.819+0000] {standard_task_runner.py:55} INFO - Started process 6731 to run task
[2023-03-14T22:38:56.822+0000] {standard_task_runner.py:82} INFO - Running: ['***', 'tasks', 'run', 'Spotify_Data_ETL', 'GetSongsFromPlaylist', 'manual__2023-03-14T17:39:32.565428+00:00', '--job-id', '596', '--raw', '--subdir', 'DAGS_FOLDER/spotifydag.py', '--cfg-path', '/tmp/tmphcupl79v']
[2023-03-14T22:38:56.823+0000] {standard_task_runner.py:83} INFO - Job 596: Subtask GetSongsFromPlaylist
[2023-03-14T22:38:56.868+0000] {task_command.py:388} INFO - Running <TaskInstance: Spotify_Data_ETL.GetSongsFromPlaylist manual__2023-03-14T17:39:32.565428+00:00 [running]> on host aa32983f0e0e
[2023-03-14T22:38:57.046+0000] {taskinstance.py:1509} INFO - Exporting the following env vars:
AIRFLOW_CTX_DAG_OWNER=Ananta Moharana
AIRFLOW_CTX_DAG_ID=Spotify_Data_ETL
AIRFLOW_CTX_TASK_ID=GetSongsFromPlaylist
AIRFLOW_CTX_EXECUTION_DATE=2023-03-14T17:39:32.565428+00:00
AIRFLOW_CTX_TRY_NUMBER=5
AIRFLOW_CTX_DAG_RUN_ID=manual__2023-03-14T17:39:32.565428+00:00
[2023-03-14T22:38:57.591+0000] {python.py:177} INFO - Done. Returned value was: None
[2023-03-14T22:38:57.598+0000] {taskinstance.py:1323} INFO - Marking task as SUCCESS. dag_id=Spotify_Data_ETL, task_id=GetSongsFromPlaylist, execution_date=20230314T173932, start_date=20230314T223856, end_date=20230314T223857
[2023-03-14T22:38:57.662+0000] {local_task_job.py:208} INFO - Task exited with return code 0
[2023-03-14T22:38:57.682+0000] {taskinstance.py:2578} INFO - 2 downstream tasks scheduled from follow-on schedule check
