[2023-03-14T20:35:29.065+0000] {taskinstance.py:1083} INFO - Dependencies all met for <TaskInstance: Spotify_Data_ETL.GetSongsFromPlaylist manual__2023-03-14T17:39:32.565428+00:00 [queued]>
[2023-03-14T20:35:29.069+0000] {taskinstance.py:1083} INFO - Dependencies all met for <TaskInstance: Spotify_Data_ETL.GetSongsFromPlaylist manual__2023-03-14T17:39:32.565428+00:00 [queued]>
[2023-03-14T20:35:29.070+0000] {taskinstance.py:1279} INFO - 
--------------------------------------------------------------------------------
[2023-03-14T20:35:29.070+0000] {taskinstance.py:1280} INFO - Starting attempt 3 of 5
[2023-03-14T20:35:29.070+0000] {taskinstance.py:1281} INFO - 
--------------------------------------------------------------------------------
[2023-03-14T20:35:29.077+0000] {taskinstance.py:1300} INFO - Executing <Task(PythonOperator): GetSongsFromPlaylist> on 2023-03-14 17:39:32.565428+00:00
[2023-03-14T20:35:29.082+0000] {standard_task_runner.py:55} INFO - Started process 13897 to run task
[2023-03-14T20:35:29.085+0000] {standard_task_runner.py:82} INFO - Running: ['***', 'tasks', 'run', 'Spotify_Data_ETL', 'GetSongsFromPlaylist', 'manual__2023-03-14T17:39:32.565428+00:00', '--job-id', '570', '--raw', '--subdir', 'DAGS_FOLDER/spotifydag.py', '--cfg-path', '/tmp/tmppehr4xd0']
[2023-03-14T20:35:29.085+0000] {standard_task_runner.py:83} INFO - Job 570: Subtask GetSongsFromPlaylist
[2023-03-14T20:35:29.127+0000] {task_command.py:388} INFO - Running <TaskInstance: Spotify_Data_ETL.GetSongsFromPlaylist manual__2023-03-14T17:39:32.565428+00:00 [running]> on host 9cabbaedf88c
[2023-03-14T20:35:29.285+0000] {taskinstance.py:1509} INFO - Exporting the following env vars:
AIRFLOW_CTX_DAG_OWNER=Ananta Moharana
AIRFLOW_CTX_DAG_ID=Spotify_Data_ETL
AIRFLOW_CTX_TASK_ID=GetSongsFromPlaylist
AIRFLOW_CTX_EXECUTION_DATE=2023-03-14T17:39:32.565428+00:00
AIRFLOW_CTX_TRY_NUMBER=3
AIRFLOW_CTX_DAG_RUN_ID=manual__2023-03-14T17:39:32.565428+00:00
[2023-03-14T20:35:29.866+0000] {python.py:177} INFO - Done. Returned value was: None
[2023-03-14T20:35:29.874+0000] {taskinstance.py:1323} INFO - Marking task as SUCCESS. dag_id=Spotify_Data_ETL, task_id=GetSongsFromPlaylist, execution_date=20230314T173932, start_date=20230314T203529, end_date=20230314T203529
[2023-03-14T20:35:29.923+0000] {local_task_job.py:208} INFO - Task exited with return code 0
[2023-03-14T20:35:29.944+0000] {taskinstance.py:2578} INFO - 2 downstream tasks scheduled from follow-on schedule check
