[2023-03-14T04:12:18.153+0000] {taskinstance.py:1083} INFO - Dependencies all met for <TaskInstance: Spotify_Data_ETL.GetSongsFromPlaylist manual__2023-03-14T04:09:39.290984+00:00 [queued]>
[2023-03-14T04:12:18.158+0000] {taskinstance.py:1083} INFO - Dependencies all met for <TaskInstance: Spotify_Data_ETL.GetSongsFromPlaylist manual__2023-03-14T04:09:39.290984+00:00 [queued]>
[2023-03-14T04:12:18.158+0000] {taskinstance.py:1279} INFO - 
--------------------------------------------------------------------------------
[2023-03-14T04:12:18.159+0000] {taskinstance.py:1280} INFO - Starting attempt 3 of 5
[2023-03-14T04:12:18.159+0000] {taskinstance.py:1281} INFO - 
--------------------------------------------------------------------------------
[2023-03-14T04:12:18.166+0000] {taskinstance.py:1300} INFO - Executing <Task(PythonOperator): GetSongsFromPlaylist> on 2023-03-14 04:09:39.290984+00:00
[2023-03-14T04:12:18.171+0000] {standard_task_runner.py:55} INFO - Started process 3969 to run task
[2023-03-14T04:12:18.174+0000] {standard_task_runner.py:82} INFO - Running: ['***', 'tasks', 'run', 'Spotify_Data_ETL', 'GetSongsFromPlaylist', 'manual__2023-03-14T04:09:39.290984+00:00', '--job-id', '454', '--raw', '--subdir', 'DAGS_FOLDER/spotifydag.py', '--cfg-path', '/tmp/tmppouptief']
[2023-03-14T04:12:18.175+0000] {standard_task_runner.py:83} INFO - Job 454: Subtask GetSongsFromPlaylist
[2023-03-14T04:12:18.219+0000] {task_command.py:388} INFO - Running <TaskInstance: Spotify_Data_ETL.GetSongsFromPlaylist manual__2023-03-14T04:09:39.290984+00:00 [running]> on host c1e86c20df76
[2023-03-14T04:12:18.408+0000] {taskinstance.py:1509} INFO - Exporting the following env vars:
AIRFLOW_CTX_DAG_OWNER=Ananta Moharana
AIRFLOW_CTX_DAG_ID=Spotify_Data_ETL
AIRFLOW_CTX_TASK_ID=GetSongsFromPlaylist
AIRFLOW_CTX_EXECUTION_DATE=2023-03-14T04:09:39.290984+00:00
AIRFLOW_CTX_TRY_NUMBER=3
AIRFLOW_CTX_DAG_RUN_ID=manual__2023-03-14T04:09:39.290984+00:00
[2023-03-14T04:12:19.232+0000] {python.py:177} INFO - Done. Returned value was: None
[2023-03-14T04:12:19.240+0000] {taskinstance.py:1323} INFO - Marking task as SUCCESS. dag_id=Spotify_Data_ETL, task_id=GetSongsFromPlaylist, execution_date=20230314T040939, start_date=20230314T041218, end_date=20230314T041219
[2023-03-14T04:12:19.296+0000] {local_task_job.py:208} INFO - Task exited with return code 0
[2023-03-14T04:12:19.323+0000] {taskinstance.py:2578} INFO - 0 downstream tasks scheduled from follow-on schedule check
