[2023-03-16T04:45:58.004+0000] {taskinstance.py:1083} INFO - Dependencies all met for <TaskInstance: Spotify_Data_ETL.GetArtistInfo manual__2023-03-16T04:25:58.412323+00:00 [queued]>
[2023-03-16T04:45:58.009+0000] {taskinstance.py:1083} INFO - Dependencies all met for <TaskInstance: Spotify_Data_ETL.GetArtistInfo manual__2023-03-16T04:25:58.412323+00:00 [queued]>
[2023-03-16T04:45:58.010+0000] {taskinstance.py:1279} INFO - 
--------------------------------------------------------------------------------
[2023-03-16T04:45:58.010+0000] {taskinstance.py:1280} INFO - Starting attempt 5 of 7
[2023-03-16T04:45:58.010+0000] {taskinstance.py:1281} INFO - 
--------------------------------------------------------------------------------
[2023-03-16T04:45:58.018+0000] {taskinstance.py:1300} INFO - Executing <Task(PythonOperator): GetArtistInfo> on 2023-03-16 04:25:58.412323+00:00
[2023-03-16T04:45:58.022+0000] {standard_task_runner.py:55} INFO - Started process 7078 to run task
[2023-03-16T04:45:58.026+0000] {standard_task_runner.py:82} INFO - Running: ['***', 'tasks', 'run', 'Spotify_Data_ETL', 'GetArtistInfo', 'manual__2023-03-16T04:25:58.412323+00:00', '--job-id', '1096', '--raw', '--subdir', 'DAGS_FOLDER/spotifydag.py', '--cfg-path', '/tmp/tmpqad07zfe']
[2023-03-16T04:45:58.026+0000] {standard_task_runner.py:83} INFO - Job 1096: Subtask GetArtistInfo
[2023-03-16T04:45:58.074+0000] {task_command.py:388} INFO - Running <TaskInstance: Spotify_Data_ETL.GetArtistInfo manual__2023-03-16T04:25:58.412323+00:00 [running]> on host 18c42e4ef76b
[2023-03-16T04:45:58.339+0000] {taskinstance.py:1509} INFO - Exporting the following env vars:
AIRFLOW_CTX_DAG_OWNER=Ananta Moharana
AIRFLOW_CTX_DAG_ID=Spotify_Data_ETL
AIRFLOW_CTX_TASK_ID=GetArtistInfo
AIRFLOW_CTX_EXECUTION_DATE=2023-03-16T04:25:58.412323+00:00
AIRFLOW_CTX_TRY_NUMBER=5
AIRFLOW_CTX_DAG_RUN_ID=manual__2023-03-16T04:25:58.412323+00:00
[2023-03-16T04:46:32.360+0000] {python.py:177} INFO - Done. Returned value was: None
[2023-03-16T04:46:32.368+0000] {taskinstance.py:1323} INFO - Marking task as SUCCESS. dag_id=Spotify_Data_ETL, task_id=GetArtistInfo, execution_date=20230316T042558, start_date=20230316T044558, end_date=20230316T044632
[2023-03-16T04:46:32.410+0000] {local_task_job.py:208} INFO - Task exited with return code 0
[2023-03-16T04:46:32.435+0000] {taskinstance.py:2578} INFO - 1 downstream tasks scheduled from follow-on schedule check
