[2023-03-16T04:37:28.066+0000] {taskinstance.py:1083} INFO - Dependencies all met for <TaskInstance: Spotify_Data_ETL.GetArtistInfo manual__2023-03-16T04:25:58.412323+00:00 [queued]>
[2023-03-16T04:37:28.072+0000] {taskinstance.py:1083} INFO - Dependencies all met for <TaskInstance: Spotify_Data_ETL.GetArtistInfo manual__2023-03-16T04:25:58.412323+00:00 [queued]>
[2023-03-16T04:37:28.072+0000] {taskinstance.py:1279} INFO - 
--------------------------------------------------------------------------------
[2023-03-16T04:37:28.073+0000] {taskinstance.py:1280} INFO - Starting attempt 4 of 6
[2023-03-16T04:37:28.073+0000] {taskinstance.py:1281} INFO - 
--------------------------------------------------------------------------------
[2023-03-16T04:37:28.080+0000] {taskinstance.py:1300} INFO - Executing <Task(PythonOperator): GetArtistInfo> on 2023-03-16 04:25:58.412323+00:00
[2023-03-16T04:37:28.086+0000] {standard_task_runner.py:55} INFO - Started process 6333 to run task
[2023-03-16T04:37:28.089+0000] {standard_task_runner.py:82} INFO - Running: ['***', 'tasks', 'run', 'Spotify_Data_ETL', 'GetArtistInfo', 'manual__2023-03-16T04:25:58.412323+00:00', '--job-id', '1049', '--raw', '--subdir', 'DAGS_FOLDER/spotifydag.py', '--cfg-path', '/tmp/tmp3ga5sck2']
[2023-03-16T04:37:28.090+0000] {standard_task_runner.py:83} INFO - Job 1049: Subtask GetArtistInfo
[2023-03-16T04:37:28.138+0000] {task_command.py:388} INFO - Running <TaskInstance: Spotify_Data_ETL.GetArtistInfo manual__2023-03-16T04:25:58.412323+00:00 [running]> on host 18c42e4ef76b
[2023-03-16T04:37:28.318+0000] {taskinstance.py:1509} INFO - Exporting the following env vars:
AIRFLOW_CTX_DAG_OWNER=Ananta Moharana
AIRFLOW_CTX_DAG_ID=Spotify_Data_ETL
AIRFLOW_CTX_TASK_ID=GetArtistInfo
AIRFLOW_CTX_EXECUTION_DATE=2023-03-16T04:25:58.412323+00:00
AIRFLOW_CTX_TRY_NUMBER=4
AIRFLOW_CTX_DAG_RUN_ID=manual__2023-03-16T04:25:58.412323+00:00
[2023-03-16T04:38:14.513+0000] {python.py:177} INFO - Done. Returned value was: None
[2023-03-16T04:38:14.527+0000] {taskinstance.py:1323} INFO - Marking task as SUCCESS. dag_id=Spotify_Data_ETL, task_id=GetArtistInfo, execution_date=20230316T042558, start_date=20230316T043728, end_date=20230316T043814
[2023-03-16T04:38:14.580+0000] {local_task_job.py:208} INFO - Task exited with return code 0
[2023-03-16T04:38:14.604+0000] {taskinstance.py:2578} INFO - 1 downstream tasks scheduled from follow-on schedule check
