[2023-03-16T04:27:56.362+0000] {taskinstance.py:1083} INFO - Dependencies all met for <TaskInstance: Spotify_Data_ETL.GetArtistInfo manual__2023-03-16T04:25:58.412323+00:00 [queued]>
[2023-03-16T04:27:56.369+0000] {taskinstance.py:1083} INFO - Dependencies all met for <TaskInstance: Spotify_Data_ETL.GetArtistInfo manual__2023-03-16T04:25:58.412323+00:00 [queued]>
[2023-03-16T04:27:56.370+0000] {taskinstance.py:1279} INFO - 
--------------------------------------------------------------------------------
[2023-03-16T04:27:56.370+0000] {taskinstance.py:1280} INFO - Starting attempt 3 of 5
[2023-03-16T04:27:56.371+0000] {taskinstance.py:1281} INFO - 
--------------------------------------------------------------------------------
[2023-03-16T04:27:56.377+0000] {taskinstance.py:1300} INFO - Executing <Task(PythonOperator): GetArtistInfo> on 2023-03-16 04:25:58.412323+00:00
[2023-03-16T04:27:56.382+0000] {standard_task_runner.py:55} INFO - Started process 5390 to run task
[2023-03-16T04:27:56.387+0000] {standard_task_runner.py:82} INFO - Running: ['***', 'tasks', 'run', 'Spotify_Data_ETL', 'GetArtistInfo', 'manual__2023-03-16T04:25:58.412323+00:00', '--job-id', '961', '--raw', '--subdir', 'DAGS_FOLDER/spotifydag.py', '--cfg-path', '/tmp/tmpsossuin6']
[2023-03-16T04:27:56.388+0000] {standard_task_runner.py:83} INFO - Job 961: Subtask GetArtistInfo
[2023-03-16T04:27:56.450+0000] {task_command.py:388} INFO - Running <TaskInstance: Spotify_Data_ETL.GetArtistInfo manual__2023-03-16T04:25:58.412323+00:00 [running]> on host 18c42e4ef76b
[2023-03-16T04:27:56.704+0000] {taskinstance.py:1509} INFO - Exporting the following env vars:
AIRFLOW_CTX_DAG_OWNER=Ananta Moharana
AIRFLOW_CTX_DAG_ID=Spotify_Data_ETL
AIRFLOW_CTX_TASK_ID=GetArtistInfo
AIRFLOW_CTX_EXECUTION_DATE=2023-03-16T04:25:58.412323+00:00
AIRFLOW_CTX_TRY_NUMBER=3
AIRFLOW_CTX_DAG_RUN_ID=manual__2023-03-16T04:25:58.412323+00:00
[2023-03-16T04:28:32.633+0000] {python.py:177} INFO - Done. Returned value was: None
[2023-03-16T04:28:32.640+0000] {taskinstance.py:1323} INFO - Marking task as SUCCESS. dag_id=Spotify_Data_ETL, task_id=GetArtistInfo, execution_date=20230316T042558, start_date=20230316T042756, end_date=20230316T042832
[2023-03-16T04:28:32.685+0000] {local_task_job.py:208} INFO - Task exited with return code 0
[2023-03-16T04:28:32.705+0000] {taskinstance.py:2578} INFO - 0 downstream tasks scheduled from follow-on schedule check
