[2023-03-14T04:33:17.171+0000] {taskinstance.py:1083} INFO - Dependencies all met for <TaskInstance: Spotify_Data_ETL.GetSongsFromPlaylist manual__2023-03-14T04:24:23.196801+00:00 [queued]>
[2023-03-14T04:33:17.177+0000] {taskinstance.py:1083} INFO - Dependencies all met for <TaskInstance: Spotify_Data_ETL.GetSongsFromPlaylist manual__2023-03-14T04:24:23.196801+00:00 [queued]>
[2023-03-14T04:33:17.178+0000] {taskinstance.py:1279} INFO - 
--------------------------------------------------------------------------------
[2023-03-14T04:33:17.178+0000] {taskinstance.py:1280} INFO - Starting attempt 2 of 4
[2023-03-14T04:33:17.179+0000] {taskinstance.py:1281} INFO - 
--------------------------------------------------------------------------------
[2023-03-14T04:33:17.187+0000] {taskinstance.py:1300} INFO - Executing <Task(PythonOperator): GetSongsFromPlaylist> on 2023-03-14 04:24:23.196801+00:00
[2023-03-14T04:33:17.192+0000] {standard_task_runner.py:55} INFO - Started process 1426 to run task
[2023-03-14T04:33:17.196+0000] {standard_task_runner.py:82} INFO - Running: ['***', 'tasks', 'run', 'Spotify_Data_ETL', 'GetSongsFromPlaylist', 'manual__2023-03-14T04:24:23.196801+00:00', '--job-id', '490', '--raw', '--subdir', 'DAGS_FOLDER/spotifydag.py', '--cfg-path', '/tmp/tmpq1bhjtjz']
[2023-03-14T04:33:17.197+0000] {standard_task_runner.py:83} INFO - Job 490: Subtask GetSongsFromPlaylist
[2023-03-14T04:33:17.252+0000] {task_command.py:388} INFO - Running <TaskInstance: Spotify_Data_ETL.GetSongsFromPlaylist manual__2023-03-14T04:24:23.196801+00:00 [running]> on host f9d11a1d4c93
[2023-03-14T04:33:17.430+0000] {taskinstance.py:1509} INFO - Exporting the following env vars:
AIRFLOW_CTX_DAG_OWNER=Ananta Moharana
AIRFLOW_CTX_DAG_ID=Spotify_Data_ETL
AIRFLOW_CTX_TASK_ID=GetSongsFromPlaylist
AIRFLOW_CTX_EXECUTION_DATE=2023-03-14T04:24:23.196801+00:00
AIRFLOW_CTX_TRY_NUMBER=2
AIRFLOW_CTX_DAG_RUN_ID=manual__2023-03-14T04:24:23.196801+00:00
[2023-03-14T04:33:18.041+0000] {python.py:177} INFO - Done. Returned value was: None
[2023-03-14T04:33:18.050+0000] {taskinstance.py:1323} INFO - Marking task as SUCCESS. dag_id=Spotify_Data_ETL, task_id=GetSongsFromPlaylist, execution_date=20230314T042423, start_date=20230314T043317, end_date=20230314T043318
[2023-03-14T04:33:18.112+0000] {local_task_job.py:208} INFO - Task exited with return code 0
[2023-03-14T04:33:18.133+0000] {taskinstance.py:2578} INFO - 2 downstream tasks scheduled from follow-on schedule check
