[2023-03-14T04:41:10.636+0000] {taskinstance.py:1083} INFO - Dependencies all met for <TaskInstance: Spotify_Data_ETL.GetSongsFromPlaylist manual__2023-03-14T04:24:23.196801+00:00 [queued]>
[2023-03-14T04:41:10.646+0000] {taskinstance.py:1083} INFO - Dependencies all met for <TaskInstance: Spotify_Data_ETL.GetSongsFromPlaylist manual__2023-03-14T04:24:23.196801+00:00 [queued]>
[2023-03-14T04:41:10.646+0000] {taskinstance.py:1279} INFO - 
--------------------------------------------------------------------------------
[2023-03-14T04:41:10.647+0000] {taskinstance.py:1280} INFO - Starting attempt 3 of 5
[2023-03-14T04:41:10.647+0000] {taskinstance.py:1281} INFO - 
--------------------------------------------------------------------------------
[2023-03-14T04:41:10.663+0000] {taskinstance.py:1300} INFO - Executing <Task(PythonOperator): GetSongsFromPlaylist> on 2023-03-14 04:24:23.196801+00:00
[2023-03-14T04:41:10.672+0000] {standard_task_runner.py:55} INFO - Started process 426 to run task
[2023-03-14T04:41:10.687+0000] {standard_task_runner.py:82} INFO - Running: ['***', 'tasks', 'run', 'Spotify_Data_ETL', 'GetSongsFromPlaylist', 'manual__2023-03-14T04:24:23.196801+00:00', '--job-id', '500', '--raw', '--subdir', 'DAGS_FOLDER/spotifydag.py', '--cfg-path', '/tmp/tmpmj6q41ah']
[2023-03-14T04:41:10.688+0000] {standard_task_runner.py:83} INFO - Job 500: Subtask GetSongsFromPlaylist
[2023-03-14T04:41:10.792+0000] {task_command.py:388} INFO - Running <TaskInstance: Spotify_Data_ETL.GetSongsFromPlaylist manual__2023-03-14T04:24:23.196801+00:00 [running]> on host 2b460a741d49
[2023-03-14T04:41:11.128+0000] {taskinstance.py:1509} INFO - Exporting the following env vars:
AIRFLOW_CTX_DAG_OWNER=Ananta Moharana
AIRFLOW_CTX_DAG_ID=Spotify_Data_ETL
AIRFLOW_CTX_TASK_ID=GetSongsFromPlaylist
AIRFLOW_CTX_EXECUTION_DATE=2023-03-14T04:24:23.196801+00:00
AIRFLOW_CTX_TRY_NUMBER=3
AIRFLOW_CTX_DAG_RUN_ID=manual__2023-03-14T04:24:23.196801+00:00
[2023-03-14T04:41:11.940+0000] {python.py:177} INFO - Done. Returned value was: None
[2023-03-14T04:41:11.948+0000] {taskinstance.py:1323} INFO - Marking task as SUCCESS. dag_id=Spotify_Data_ETL, task_id=GetSongsFromPlaylist, execution_date=20230314T042423, start_date=20230314T044110, end_date=20230314T044111
[2023-03-14T04:41:11.991+0000] {local_task_job.py:208} INFO - Task exited with return code 0
[2023-03-14T04:41:12.012+0000] {taskinstance.py:2578} INFO - 2 downstream tasks scheduled from follow-on schedule check
