[2023-03-12T22:25:25.377+0000] {taskinstance.py:1083} INFO - Dependencies all met for <TaskInstance: Spotify_Data_ETL.AuthenticateAPI manual__2023-03-12T22:04:14.795695+00:00 [queued]>
[2023-03-12T22:25:25.382+0000] {taskinstance.py:1083} INFO - Dependencies all met for <TaskInstance: Spotify_Data_ETL.AuthenticateAPI manual__2023-03-12T22:04:14.795695+00:00 [queued]>
[2023-03-12T22:25:25.383+0000] {taskinstance.py:1279} INFO - 
--------------------------------------------------------------------------------
[2023-03-12T22:25:25.383+0000] {taskinstance.py:1280} INFO - Starting attempt 2 of 4
[2023-03-12T22:25:25.384+0000] {taskinstance.py:1281} INFO - 
--------------------------------------------------------------------------------
[2023-03-12T22:25:25.390+0000] {taskinstance.py:1300} INFO - Executing <Task(PythonOperator): AuthenticateAPI> on 2023-03-12 22:04:14.795695+00:00
[2023-03-12T22:25:25.395+0000] {standard_task_runner.py:55} INFO - Started process 2124 to run task
[2023-03-12T22:25:25.398+0000] {standard_task_runner.py:82} INFO - Running: ['***', 'tasks', 'run', 'Spotify_Data_ETL', 'AuthenticateAPI', 'manual__2023-03-12T22:04:14.795695+00:00', '--job-id', '131', '--raw', '--subdir', 'DAGS_FOLDER/spotifydag.py', '--cfg-path', '/tmp/tmpeaejwx74']
[2023-03-12T22:25:25.398+0000] {standard_task_runner.py:83} INFO - Job 131: Subtask AuthenticateAPI
[2023-03-12T22:25:25.442+0000] {task_command.py:388} INFO - Running <TaskInstance: Spotify_Data_ETL.AuthenticateAPI manual__2023-03-12T22:04:14.795695+00:00 [running]> on host 83697a7176fb
[2023-03-12T22:25:25.481+0000] {taskinstance.py:1509} INFO - Exporting the following env vars:
AIRFLOW_CTX_DAG_OWNER=Ananta Moharana
AIRFLOW_CTX_DAG_ID=Spotify_Data_ETL
AIRFLOW_CTX_TASK_ID=AuthenticateAPI
AIRFLOW_CTX_EXECUTION_DATE=2023-03-12T22:04:14.795695+00:00
AIRFLOW_CTX_TRY_NUMBER=2
AIRFLOW_CTX_DAG_RUN_ID=manual__2023-03-12T22:04:14.795695+00:00
[2023-03-12T22:25:25.722+0000] {logging_mixin.py:137} INFO - BQD2ffwgbIE9uOMJ84P3pp9X41-Zv7RqI2X6vR9W_mIB64n9NIMS9kFwzwHDaKQFULT1tUMZKTQprT7xq25YInu1rbhpti58INjktQLpXzBaJV0az0u9
[2023-03-12T22:25:25.739+0000] {python.py:177} INFO - Done. Returned value was: None
[2023-03-12T22:25:25.748+0000] {taskinstance.py:1323} INFO - Marking task as SUCCESS. dag_id=Spotify_Data_ETL, task_id=AuthenticateAPI, execution_date=20230312T220414, start_date=20230312T222525, end_date=20230312T222525
[2023-03-12T22:25:25.782+0000] {local_task_job.py:208} INFO - Task exited with return code 0
[2023-03-12T22:25:25.801+0000] {taskinstance.py:2578} INFO - 1 downstream tasks scheduled from follow-on schedule check
