[2023-03-12T22:27:35.904+0000] {taskinstance.py:1083} INFO - Dependencies all met for <TaskInstance: Spotify_Data_ETL.AuthenticateAPI manual__2023-03-12T22:04:14.795695+00:00 [queued]>
[2023-03-12T22:27:35.909+0000] {taskinstance.py:1083} INFO - Dependencies all met for <TaskInstance: Spotify_Data_ETL.AuthenticateAPI manual__2023-03-12T22:04:14.795695+00:00 [queued]>
[2023-03-12T22:27:35.909+0000] {taskinstance.py:1279} INFO - 
--------------------------------------------------------------------------------
[2023-03-12T22:27:35.910+0000] {taskinstance.py:1280} INFO - Starting attempt 4 of 6
[2023-03-12T22:27:35.910+0000] {taskinstance.py:1281} INFO - 
--------------------------------------------------------------------------------
[2023-03-12T22:27:35.917+0000] {taskinstance.py:1300} INFO - Executing <Task(PythonOperator): AuthenticateAPI> on 2023-03-12 22:04:14.795695+00:00
[2023-03-12T22:27:35.921+0000] {standard_task_runner.py:55} INFO - Started process 2297 to run task
[2023-03-12T22:27:35.924+0000] {standard_task_runner.py:82} INFO - Running: ['***', 'tasks', 'run', 'Spotify_Data_ETL', 'AuthenticateAPI', 'manual__2023-03-12T22:04:14.795695+00:00', '--job-id', '137', '--raw', '--subdir', 'DAGS_FOLDER/spotifydag.py', '--cfg-path', '/tmp/tmpvd2p4bjb']
[2023-03-12T22:27:35.925+0000] {standard_task_runner.py:83} INFO - Job 137: Subtask AuthenticateAPI
[2023-03-12T22:27:35.969+0000] {task_command.py:388} INFO - Running <TaskInstance: Spotify_Data_ETL.AuthenticateAPI manual__2023-03-12T22:04:14.795695+00:00 [running]> on host 83697a7176fb
[2023-03-12T22:27:36.009+0000] {taskinstance.py:1509} INFO - Exporting the following env vars:
AIRFLOW_CTX_DAG_OWNER=Ananta Moharana
AIRFLOW_CTX_DAG_ID=Spotify_Data_ETL
AIRFLOW_CTX_TASK_ID=AuthenticateAPI
AIRFLOW_CTX_EXECUTION_DATE=2023-03-12T22:04:14.795695+00:00
AIRFLOW_CTX_TRY_NUMBER=4
AIRFLOW_CTX_DAG_RUN_ID=manual__2023-03-12T22:04:14.795695+00:00
[2023-03-12T22:27:36.264+0000] {logging_mixin.py:137} INFO - BQDglOh6SwKmP3iPYKJAsaQ_tYzjqqj3MH2T-9PtE1SiNatYY7OyND1v2tWDWRAYnN1wstVFDwr3k0DaTp1VAFUV8lUn8O30JPXEx4L3JKDFmc5HJEeA
[2023-03-12T22:27:36.284+0000] {python.py:177} INFO - Done. Returned value was: None
[2023-03-12T22:27:36.296+0000] {taskinstance.py:1323} INFO - Marking task as SUCCESS. dag_id=Spotify_Data_ETL, task_id=AuthenticateAPI, execution_date=20230312T220414, start_date=20230312T222735, end_date=20230312T222736
[2023-03-12T22:27:36.345+0000] {local_task_job.py:208} INFO - Task exited with return code 0
[2023-03-12T22:27:36.361+0000] {taskinstance.py:2578} INFO - 1 downstream tasks scheduled from follow-on schedule check
