[2023-03-13T19:24:48.563+0000] {taskinstance.py:1083} INFO - Dependencies all met for <TaskInstance: Spotify_Data_ETL.GetAudioQuality manual__2023-03-13T19:24:44.180760+00:00 [queued]>
[2023-03-13T19:24:48.569+0000] {taskinstance.py:1083} INFO - Dependencies all met for <TaskInstance: Spotify_Data_ETL.GetAudioQuality manual__2023-03-13T19:24:44.180760+00:00 [queued]>
[2023-03-13T19:24:48.570+0000] {taskinstance.py:1279} INFO - 
--------------------------------------------------------------------------------
[2023-03-13T19:24:48.570+0000] {taskinstance.py:1280} INFO - Starting attempt 1 of 3
[2023-03-13T19:24:48.570+0000] {taskinstance.py:1281} INFO - 
--------------------------------------------------------------------------------
[2023-03-13T19:24:48.578+0000] {taskinstance.py:1300} INFO - Executing <Task(PythonOperator): GetAudioQuality> on 2023-03-13 19:24:44.180760+00:00
[2023-03-13T19:24:48.583+0000] {standard_task_runner.py:55} INFO - Started process 11171 to run task
[2023-03-13T19:24:48.586+0000] {standard_task_runner.py:82} INFO - Running: ['***', 'tasks', 'run', 'Spotify_Data_ETL', 'GetAudioQuality', 'manual__2023-03-13T19:24:44.180760+00:00', '--job-id', '268', '--raw', '--subdir', 'DAGS_FOLDER/spotifydag.py', '--cfg-path', '/tmp/tmpsz2l3bj4']
[2023-03-13T19:24:48.587+0000] {standard_task_runner.py:83} INFO - Job 268: Subtask GetAudioQuality
[2023-03-13T19:24:48.643+0000] {task_command.py:388} INFO - Running <TaskInstance: Spotify_Data_ETL.GetAudioQuality manual__2023-03-13T19:24:44.180760+00:00 [running]> on host 649b70e6a8b0
[2023-03-13T19:24:48.699+0000] {taskinstance.py:1509} INFO - Exporting the following env vars:
AIRFLOW_CTX_DAG_OWNER=Ananta Moharana
AIRFLOW_CTX_DAG_ID=Spotify_Data_ETL
AIRFLOW_CTX_TASK_ID=GetAudioQuality
AIRFLOW_CTX_EXECUTION_DATE=2023-03-13T19:24:44.180760+00:00
AIRFLOW_CTX_TRY_NUMBER=1
AIRFLOW_CTX_DAG_RUN_ID=manual__2023-03-13T19:24:44.180760+00:00
[2023-03-13T19:24:59.154+0000] {python.py:177} INFO - Done. Returned value was: None
[2023-03-13T19:24:59.167+0000] {taskinstance.py:1323} INFO - Marking task as SUCCESS. dag_id=Spotify_Data_ETL, task_id=GetAudioQuality, execution_date=20230313T192444, start_date=20230313T192448, end_date=20230313T192459
[2023-03-13T19:24:59.208+0000] {local_task_job.py:208} INFO - Task exited with return code 0
[2023-03-13T19:24:59.226+0000] {taskinstance.py:2578} INFO - 0 downstream tasks scheduled from follow-on schedule check
