[2023-03-14T04:09:43.107+0000] {taskinstance.py:1083} INFO - Dependencies all met for <TaskInstance: Spotify_Data_ETL.GetSongsFromPlaylist manual__2023-03-14T00:09:25.066398+00:00 [queued]>
[2023-03-14T04:09:43.113+0000] {taskinstance.py:1083} INFO - Dependencies all met for <TaskInstance: Spotify_Data_ETL.GetSongsFromPlaylist manual__2023-03-14T00:09:25.066398+00:00 [queued]>
[2023-03-14T04:09:43.113+0000] {taskinstance.py:1279} INFO - 
--------------------------------------------------------------------------------
[2023-03-14T04:09:43.114+0000] {taskinstance.py:1280} INFO - Starting attempt 22 of 24
[2023-03-14T04:09:43.114+0000] {taskinstance.py:1281} INFO - 
--------------------------------------------------------------------------------
[2023-03-14T04:09:43.121+0000] {taskinstance.py:1300} INFO - Executing <Task(PythonOperator): GetSongsFromPlaylist> on 2023-03-14 00:09:25.066398+00:00
[2023-03-14T04:09:43.127+0000] {standard_task_runner.py:55} INFO - Started process 3733 to run task
[2023-03-14T04:09:43.131+0000] {standard_task_runner.py:82} INFO - Running: ['***', 'tasks', 'run', 'Spotify_Data_ETL', 'GetSongsFromPlaylist', 'manual__2023-03-14T00:09:25.066398+00:00', '--job-id', '435', '--raw', '--subdir', 'DAGS_FOLDER/spotifydag.py', '--cfg-path', '/tmp/tmpbcvcwq13']
[2023-03-14T04:09:43.132+0000] {standard_task_runner.py:83} INFO - Job 435: Subtask GetSongsFromPlaylist
[2023-03-14T04:09:43.186+0000] {task_command.py:388} INFO - Running <TaskInstance: Spotify_Data_ETL.GetSongsFromPlaylist manual__2023-03-14T00:09:25.066398+00:00 [running]> on host c1e86c20df76
[2023-03-14T04:09:43.390+0000] {taskinstance.py:1509} INFO - Exporting the following env vars:
AIRFLOW_CTX_DAG_OWNER=Ananta Moharana
AIRFLOW_CTX_DAG_ID=Spotify_Data_ETL
AIRFLOW_CTX_TASK_ID=GetSongsFromPlaylist
AIRFLOW_CTX_EXECUTION_DATE=2023-03-14T00:09:25.066398+00:00
AIRFLOW_CTX_TRY_NUMBER=22
AIRFLOW_CTX_DAG_RUN_ID=manual__2023-03-14T00:09:25.066398+00:00
[2023-03-14T04:09:44.158+0000] {python.py:177} INFO - Done. Returned value was: None
[2023-03-14T04:09:44.166+0000] {taskinstance.py:1323} INFO - Marking task as SUCCESS. dag_id=Spotify_Data_ETL, task_id=GetSongsFromPlaylist, execution_date=20230314T000925, start_date=20230314T040943, end_date=20230314T040944
[2023-03-14T04:09:44.212+0000] {local_task_job.py:208} INFO - Task exited with return code 0
[2023-03-14T04:09:44.231+0000] {taskinstance.py:2578} INFO - 2 downstream tasks scheduled from follow-on schedule check
