[2023-03-14T03:43:52.180+0000] {taskinstance.py:1083} INFO - Dependencies all met for <TaskInstance: Spotify_Data_ETL.GetSongsFromPlaylist manual__2023-03-14T00:09:25.066398+00:00 [queued]>
[2023-03-14T03:43:52.184+0000] {taskinstance.py:1083} INFO - Dependencies all met for <TaskInstance: Spotify_Data_ETL.GetSongsFromPlaylist manual__2023-03-14T00:09:25.066398+00:00 [queued]>
[2023-03-14T03:43:52.184+0000] {taskinstance.py:1279} INFO - 
--------------------------------------------------------------------------------
[2023-03-14T03:43:52.185+0000] {taskinstance.py:1280} INFO - Starting attempt 15 of 17
[2023-03-14T03:43:52.185+0000] {taskinstance.py:1281} INFO - 
--------------------------------------------------------------------------------
[2023-03-14T03:43:52.192+0000] {taskinstance.py:1300} INFO - Executing <Task(PythonOperator): GetSongsFromPlaylist> on 2023-03-14 00:09:25.066398+00:00
[2023-03-14T03:43:52.197+0000] {standard_task_runner.py:55} INFO - Started process 1806 to run task
[2023-03-14T03:43:52.200+0000] {standard_task_runner.py:82} INFO - Running: ['***', 'tasks', 'run', 'Spotify_Data_ETL', 'GetSongsFromPlaylist', 'manual__2023-03-14T00:09:25.066398+00:00', '--job-id', '394', '--raw', '--subdir', 'DAGS_FOLDER/spotifydag.py', '--cfg-path', '/tmp/tmpolux4dw2']
[2023-03-14T03:43:52.201+0000] {standard_task_runner.py:83} INFO - Job 394: Subtask GetSongsFromPlaylist
[2023-03-14T03:43:52.246+0000] {task_command.py:388} INFO - Running <TaskInstance: Spotify_Data_ETL.GetSongsFromPlaylist manual__2023-03-14T00:09:25.066398+00:00 [running]> on host c1e86c20df76
[2023-03-14T03:43:52.412+0000] {taskinstance.py:1509} INFO - Exporting the following env vars:
AIRFLOW_CTX_DAG_OWNER=Ananta Moharana
AIRFLOW_CTX_DAG_ID=Spotify_Data_ETL
AIRFLOW_CTX_TASK_ID=GetSongsFromPlaylist
AIRFLOW_CTX_EXECUTION_DATE=2023-03-14T00:09:25.066398+00:00
AIRFLOW_CTX_TRY_NUMBER=15
AIRFLOW_CTX_DAG_RUN_ID=manual__2023-03-14T00:09:25.066398+00:00
[2023-03-14T03:43:53.215+0000] {python.py:177} INFO - Done. Returned value was: None
[2023-03-14T03:43:53.224+0000] {taskinstance.py:1323} INFO - Marking task as SUCCESS. dag_id=Spotify_Data_ETL, task_id=GetSongsFromPlaylist, execution_date=20230314T000925, start_date=20230314T034352, end_date=20230314T034353
[2023-03-14T03:43:53.282+0000] {local_task_job.py:208} INFO - Task exited with return code 0
[2023-03-14T03:43:53.305+0000] {taskinstance.py:2578} INFO - 2 downstream tasks scheduled from follow-on schedule check
