[2023-03-14T03:34:28.897+0000] {taskinstance.py:1083} INFO - Dependencies all met for <TaskInstance: Spotify_Data_ETL.GetSongsFromPlaylist manual__2023-03-14T00:09:25.066398+00:00 [queued]>
[2023-03-14T03:34:28.901+0000] {taskinstance.py:1083} INFO - Dependencies all met for <TaskInstance: Spotify_Data_ETL.GetSongsFromPlaylist manual__2023-03-14T00:09:25.066398+00:00 [queued]>
[2023-03-14T03:34:28.902+0000] {taskinstance.py:1279} INFO - 
--------------------------------------------------------------------------------
[2023-03-14T03:34:28.902+0000] {taskinstance.py:1280} INFO - Starting attempt 13 of 15
[2023-03-14T03:34:28.902+0000] {taskinstance.py:1281} INFO - 
--------------------------------------------------------------------------------
[2023-03-14T03:34:28.909+0000] {taskinstance.py:1300} INFO - Executing <Task(PythonOperator): GetSongsFromPlaylist> on 2023-03-14 00:09:25.066398+00:00
[2023-03-14T03:34:28.914+0000] {standard_task_runner.py:55} INFO - Started process 1102 to run task
[2023-03-14T03:34:28.917+0000] {standard_task_runner.py:82} INFO - Running: ['***', 'tasks', 'run', 'Spotify_Data_ETL', 'GetSongsFromPlaylist', 'manual__2023-03-14T00:09:25.066398+00:00', '--job-id', '376', '--raw', '--subdir', 'DAGS_FOLDER/spotifydag.py', '--cfg-path', '/tmp/tmpl_5_bfat']
[2023-03-14T03:34:28.918+0000] {standard_task_runner.py:83} INFO - Job 376: Subtask GetSongsFromPlaylist
[2023-03-14T03:34:28.963+0000] {task_command.py:388} INFO - Running <TaskInstance: Spotify_Data_ETL.GetSongsFromPlaylist manual__2023-03-14T00:09:25.066398+00:00 [running]> on host c1e86c20df76
[2023-03-14T03:34:29.173+0000] {taskinstance.py:1509} INFO - Exporting the following env vars:
AIRFLOW_CTX_DAG_OWNER=Ananta Moharana
AIRFLOW_CTX_DAG_ID=Spotify_Data_ETL
AIRFLOW_CTX_TASK_ID=GetSongsFromPlaylist
AIRFLOW_CTX_EXECUTION_DATE=2023-03-14T00:09:25.066398+00:00
AIRFLOW_CTX_TRY_NUMBER=13
AIRFLOW_CTX_DAG_RUN_ID=manual__2023-03-14T00:09:25.066398+00:00
[2023-03-14T03:34:29.682+0000] {python.py:177} INFO - Done. Returned value was: None
[2023-03-14T03:34:29.690+0000] {taskinstance.py:1323} INFO - Marking task as SUCCESS. dag_id=Spotify_Data_ETL, task_id=GetSongsFromPlaylist, execution_date=20230314T000925, start_date=20230314T033428, end_date=20230314T033429
[2023-03-14T03:34:29.746+0000] {local_task_job.py:208} INFO - Task exited with return code 0
[2023-03-14T03:34:29.766+0000] {taskinstance.py:2578} INFO - 2 downstream tasks scheduled from follow-on schedule check
