[2023-03-14T02:22:20.083+0000] {taskinstance.py:1083} INFO - Dependencies all met for <TaskInstance: Spotify_Data_ETL.GetSongsFromPlaylist manual__2023-03-14T00:09:25.066398+00:00 [queued]>
[2023-03-14T02:22:20.088+0000] {taskinstance.py:1083} INFO - Dependencies all met for <TaskInstance: Spotify_Data_ETL.GetSongsFromPlaylist manual__2023-03-14T00:09:25.066398+00:00 [queued]>
[2023-03-14T02:22:20.089+0000] {taskinstance.py:1279} INFO - 
--------------------------------------------------------------------------------
[2023-03-14T02:22:20.089+0000] {taskinstance.py:1280} INFO - Starting attempt 5 of 7
[2023-03-14T02:22:20.090+0000] {taskinstance.py:1281} INFO - 
--------------------------------------------------------------------------------
[2023-03-14T02:22:20.097+0000] {taskinstance.py:1300} INFO - Executing <Task(PythonOperator): GetSongsFromPlaylist> on 2023-03-14 00:09:25.066398+00:00
[2023-03-14T02:22:20.102+0000] {standard_task_runner.py:55} INFO - Started process 13755 to run task
[2023-03-14T02:22:20.105+0000] {standard_task_runner.py:82} INFO - Running: ['***', 'tasks', 'run', 'Spotify_Data_ETL', 'GetSongsFromPlaylist', 'manual__2023-03-14T00:09:25.066398+00:00', '--job-id', '332', '--raw', '--subdir', 'DAGS_FOLDER/spotifydag.py', '--cfg-path', '/tmp/tmphm6euylq']
[2023-03-14T02:22:20.106+0000] {standard_task_runner.py:83} INFO - Job 332: Subtask GetSongsFromPlaylist
[2023-03-14T02:22:20.150+0000] {task_command.py:388} INFO - Running <TaskInstance: Spotify_Data_ETL.GetSongsFromPlaylist manual__2023-03-14T00:09:25.066398+00:00 [running]> on host 4d2033ffb16b
[2023-03-14T02:22:20.333+0000] {taskinstance.py:1509} INFO - Exporting the following env vars:
AIRFLOW_CTX_DAG_OWNER=Ananta Moharana
AIRFLOW_CTX_DAG_ID=Spotify_Data_ETL
AIRFLOW_CTX_TASK_ID=GetSongsFromPlaylist
AIRFLOW_CTX_EXECUTION_DATE=2023-03-14T00:09:25.066398+00:00
AIRFLOW_CTX_TRY_NUMBER=5
AIRFLOW_CTX_DAG_RUN_ID=manual__2023-03-14T00:09:25.066398+00:00
[2023-03-14T02:22:20.995+0000] {python.py:177} INFO - Done. Returned value was: None
[2023-03-14T02:22:21.003+0000] {taskinstance.py:1323} INFO - Marking task as SUCCESS. dag_id=Spotify_Data_ETL, task_id=GetSongsFromPlaylist, execution_date=20230314T000925, start_date=20230314T022220, end_date=20230314T022221
[2023-03-14T02:22:21.045+0000] {local_task_job.py:208} INFO - Task exited with return code 0
[2023-03-14T02:22:21.065+0000] {taskinstance.py:2578} INFO - 2 downstream tasks scheduled from follow-on schedule check
