[2023-03-14T03:46:24.293+0000] {taskinstance.py:1083} INFO - Dependencies all met for <TaskInstance: Spotify_Data_ETL.GetSongsFromPlaylist manual__2023-03-14T00:09:25.066398+00:00 [queued]>
[2023-03-14T03:46:24.298+0000] {taskinstance.py:1083} INFO - Dependencies all met for <TaskInstance: Spotify_Data_ETL.GetSongsFromPlaylist manual__2023-03-14T00:09:25.066398+00:00 [queued]>
[2023-03-14T03:46:24.298+0000] {taskinstance.py:1279} INFO - 
--------------------------------------------------------------------------------
[2023-03-14T03:46:24.298+0000] {taskinstance.py:1280} INFO - Starting attempt 17 of 19
[2023-03-14T03:46:24.299+0000] {taskinstance.py:1281} INFO - 
--------------------------------------------------------------------------------
[2023-03-14T03:46:24.305+0000] {taskinstance.py:1300} INFO - Executing <Task(PythonOperator): GetSongsFromPlaylist> on 2023-03-14 00:09:25.066398+00:00
[2023-03-14T03:46:24.310+0000] {standard_task_runner.py:55} INFO - Started process 2008 to run task
[2023-03-14T03:46:24.313+0000] {standard_task_runner.py:82} INFO - Running: ['***', 'tasks', 'run', 'Spotify_Data_ETL', 'GetSongsFromPlaylist', 'manual__2023-03-14T00:09:25.066398+00:00', '--job-id', '405', '--raw', '--subdir', 'DAGS_FOLDER/spotifydag.py', '--cfg-path', '/tmp/tmp7vftj7yz']
[2023-03-14T03:46:24.314+0000] {standard_task_runner.py:83} INFO - Job 405: Subtask GetSongsFromPlaylist
[2023-03-14T03:46:24.359+0000] {task_command.py:388} INFO - Running <TaskInstance: Spotify_Data_ETL.GetSongsFromPlaylist manual__2023-03-14T00:09:25.066398+00:00 [running]> on host c1e86c20df76
[2023-03-14T03:46:24.563+0000] {taskinstance.py:1509} INFO - Exporting the following env vars:
AIRFLOW_CTX_DAG_OWNER=Ananta Moharana
AIRFLOW_CTX_DAG_ID=Spotify_Data_ETL
AIRFLOW_CTX_TASK_ID=GetSongsFromPlaylist
AIRFLOW_CTX_EXECUTION_DATE=2023-03-14T00:09:25.066398+00:00
AIRFLOW_CTX_TRY_NUMBER=17
AIRFLOW_CTX_DAG_RUN_ID=manual__2023-03-14T00:09:25.066398+00:00
[2023-03-14T03:46:25.251+0000] {python.py:177} INFO - Done. Returned value was: None
[2023-03-14T03:46:25.258+0000] {taskinstance.py:1323} INFO - Marking task as SUCCESS. dag_id=Spotify_Data_ETL, task_id=GetSongsFromPlaylist, execution_date=20230314T000925, start_date=20230314T034624, end_date=20230314T034625
[2023-03-14T03:46:25.322+0000] {local_task_job.py:208} INFO - Task exited with return code 0
[2023-03-14T03:46:25.341+0000] {taskinstance.py:2578} INFO - 2 downstream tasks scheduled from follow-on schedule check
