[2023-03-21T03:23:39.109+0000] {taskinstance.py:1084} INFO - Dependencies all met for dep_context=non-requeueable deps ti=<TaskInstance: Spotify_Data_ETL.AuthenticateAPI manual__2023-03-21T03:00:40.656791+00:00 [queued]>
[2023-03-21T03:23:39.114+0000] {taskinstance.py:1084} INFO - Dependencies all met for dep_context=requeueable deps ti=<TaskInstance: Spotify_Data_ETL.AuthenticateAPI manual__2023-03-21T03:00:40.656791+00:00 [queued]>
[2023-03-21T03:23:39.115+0000] {taskinstance.py:1282} INFO - 
--------------------------------------------------------------------------------
[2023-03-21T03:23:39.115+0000] {taskinstance.py:1283} INFO - Starting attempt 4 of 6
[2023-03-21T03:23:39.116+0000] {taskinstance.py:1284} INFO - 
--------------------------------------------------------------------------------
[2023-03-21T03:23:39.126+0000] {taskinstance.py:1303} INFO - Executing <Task(PythonOperator): AuthenticateAPI> on 2023-03-21 03:00:40.656791+00:00
[2023-03-21T03:23:39.131+0000] {standard_task_runner.py:55} INFO - Started process 21670 to run task
[2023-03-21T03:23:39.136+0000] {standard_task_runner.py:82} INFO - Running: ['***', 'tasks', 'run', 'Spotify_Data_ETL', 'AuthenticateAPI', 'manual__2023-03-21T03:00:40.656791+00:00', '--job-id', '1767', '--raw', '--subdir', 'DAGS_FOLDER/spotifydag.py', '--cfg-path', '/tmp/tmpsdxhbw2j']
[2023-03-21T03:23:39.136+0000] {standard_task_runner.py:83} INFO - Job 1767: Subtask AuthenticateAPI
[2023-03-21T03:23:39.212+0000] {task_command.py:388} INFO - Running <TaskInstance: Spotify_Data_ETL.AuthenticateAPI manual__2023-03-21T03:00:40.656791+00:00 [running]> on host 1fd7b08731f2
[2023-03-21T03:23:39.274+0000] {taskinstance.py:1511} INFO - Exporting the following env vars:
AIRFLOW_CTX_DAG_OWNER=Ananta Moharana
AIRFLOW_CTX_DAG_ID=Spotify_Data_ETL
AIRFLOW_CTX_TASK_ID=AuthenticateAPI
AIRFLOW_CTX_EXECUTION_DATE=2023-03-21T03:00:40.656791+00:00
AIRFLOW_CTX_TRY_NUMBER=4
AIRFLOW_CTX_DAG_RUN_ID=manual__2023-03-21T03:00:40.656791+00:00
[2023-03-21T03:23:39.381+0000] {logging_mixin.py:137} INFO - BQAkfEfsPFYWDWNThp7MFAjM4VzeETFn2NynfqsvqXrdtB6gehwspcLFGny7jCM9b1iF9n3m6MzJD7AXX08hHK8nzaZIP9Clae9-SodYGMXxBeNyf-w6
[2023-03-21T03:23:39.394+0000] {python.py:177} INFO - Done. Returned value was: None
[2023-03-21T03:23:39.402+0000] {taskinstance.py:1326} INFO - Marking task as SUCCESS. dag_id=Spotify_Data_ETL, task_id=AuthenticateAPI, execution_date=20230321T030040, start_date=20230321T032339, end_date=20230321T032339
[2023-03-21T03:23:39.430+0000] {local_task_job.py:212} INFO - Task exited with return code 0
[2023-03-21T03:23:39.454+0000] {taskinstance.py:2585} INFO - 1 downstream tasks scheduled from follow-on schedule check
