[2023-03-21T18:56:19.204+0000] {taskinstance.py:1084} INFO - Dependencies all met for dep_context=non-requeueable deps ti=<TaskInstance: Spotify_Data_ETL.AuthenticateAPI manual__2023-03-21T03:00:40.656791+00:00 [queued]>
[2023-03-21T18:56:19.210+0000] {taskinstance.py:1084} INFO - Dependencies all met for dep_context=requeueable deps ti=<TaskInstance: Spotify_Data_ETL.AuthenticateAPI manual__2023-03-21T03:00:40.656791+00:00 [queued]>
[2023-03-21T18:56:19.211+0000] {taskinstance.py:1282} INFO - 
--------------------------------------------------------------------------------
[2023-03-21T18:56:19.211+0000] {taskinstance.py:1283} INFO - Starting attempt 8 of 10
[2023-03-21T18:56:19.212+0000] {taskinstance.py:1284} INFO - 
--------------------------------------------------------------------------------
[2023-03-21T18:56:19.220+0000] {taskinstance.py:1303} INFO - Executing <Task(PythonOperator): AuthenticateAPI> on 2023-03-21 03:00:40.656791+00:00
[2023-03-21T18:56:19.225+0000] {standard_task_runner.py:55} INFO - Started process 4724 to run task
[2023-03-21T18:56:19.229+0000] {standard_task_runner.py:82} INFO - Running: ['***', 'tasks', 'run', 'Spotify_Data_ETL', 'AuthenticateAPI', 'manual__2023-03-21T03:00:40.656791+00:00', '--job-id', '1842', '--raw', '--subdir', 'DAGS_FOLDER/spotifydag.py', '--cfg-path', '/tmp/tmprvdqk0ty']
[2023-03-21T18:56:19.230+0000] {standard_task_runner.py:83} INFO - Job 1842: Subtask AuthenticateAPI
[2023-03-21T18:56:19.280+0000] {task_command.py:388} INFO - Running <TaskInstance: Spotify_Data_ETL.AuthenticateAPI manual__2023-03-21T03:00:40.656791+00:00 [running]> on host 1fd7b08731f2
[2023-03-21T18:56:19.325+0000] {taskinstance.py:1511} INFO - Exporting the following env vars:
AIRFLOW_CTX_DAG_OWNER=Ananta Moharana
AIRFLOW_CTX_DAG_ID=Spotify_Data_ETL
AIRFLOW_CTX_TASK_ID=AuthenticateAPI
AIRFLOW_CTX_EXECUTION_DATE=2023-03-21T03:00:40.656791+00:00
AIRFLOW_CTX_TRY_NUMBER=8
AIRFLOW_CTX_DAG_RUN_ID=manual__2023-03-21T03:00:40.656791+00:00
[2023-03-21T18:56:19.438+0000] {logging_mixin.py:137} INFO - BQBxfXIW_fgE79-7zcFzzYXfQihBT0nlTnWjd5ml7xhsMmonVV7qHGkXKf9z4GGJWpLv-u5zbqfgSyJ5jGNCTHDddockTm-zmEAI0GeczuWtVgJBXBjR
[2023-03-21T18:56:19.450+0000] {python.py:177} INFO - Done. Returned value was: None
[2023-03-21T18:56:19.458+0000] {taskinstance.py:1326} INFO - Marking task as SUCCESS. dag_id=Spotify_Data_ETL, task_id=AuthenticateAPI, execution_date=20230321T030040, start_date=20230321T185619, end_date=20230321T185619
[2023-03-21T18:56:19.481+0000] {local_task_job.py:212} INFO - Task exited with return code 0
[2023-03-21T18:56:19.502+0000] {taskinstance.py:2585} INFO - 1 downstream tasks scheduled from follow-on schedule check
