[2023-03-21T03:26:18.223+0000] {taskinstance.py:1084} INFO - Dependencies all met for dep_context=non-requeueable deps ti=<TaskInstance: Spotify_Data_ETL.AuthenticateAPI manual__2023-03-21T03:00:40.656791+00:00 [queued]>
[2023-03-21T03:26:18.227+0000] {taskinstance.py:1084} INFO - Dependencies all met for dep_context=requeueable deps ti=<TaskInstance: Spotify_Data_ETL.AuthenticateAPI manual__2023-03-21T03:00:40.656791+00:00 [queued]>
[2023-03-21T03:26:18.228+0000] {taskinstance.py:1282} INFO - 
--------------------------------------------------------------------------------
[2023-03-21T03:26:18.228+0000] {taskinstance.py:1283} INFO - Starting attempt 5 of 7
[2023-03-21T03:26:18.228+0000] {taskinstance.py:1284} INFO - 
--------------------------------------------------------------------------------
[2023-03-21T03:26:18.235+0000] {taskinstance.py:1303} INFO - Executing <Task(PythonOperator): AuthenticateAPI> on 2023-03-21 03:00:40.656791+00:00
[2023-03-21T03:26:18.241+0000] {standard_task_runner.py:55} INFO - Started process 21937 to run task
[2023-03-21T03:26:18.245+0000] {standard_task_runner.py:82} INFO - Running: ['***', 'tasks', 'run', 'Spotify_Data_ETL', 'AuthenticateAPI', 'manual__2023-03-21T03:00:40.656791+00:00', '--job-id', '1786', '--raw', '--subdir', 'DAGS_FOLDER/spotifydag.py', '--cfg-path', '/tmp/tmpvmh0pz6j']
[2023-03-21T03:26:18.245+0000] {standard_task_runner.py:83} INFO - Job 1786: Subtask AuthenticateAPI
[2023-03-21T03:26:18.290+0000] {task_command.py:388} INFO - Running <TaskInstance: Spotify_Data_ETL.AuthenticateAPI manual__2023-03-21T03:00:40.656791+00:00 [running]> on host 1fd7b08731f2
[2023-03-21T03:26:18.331+0000] {taskinstance.py:1511} INFO - Exporting the following env vars:
AIRFLOW_CTX_DAG_OWNER=Ananta Moharana
AIRFLOW_CTX_DAG_ID=Spotify_Data_ETL
AIRFLOW_CTX_TASK_ID=AuthenticateAPI
AIRFLOW_CTX_EXECUTION_DATE=2023-03-21T03:00:40.656791+00:00
AIRFLOW_CTX_TRY_NUMBER=5
AIRFLOW_CTX_DAG_RUN_ID=manual__2023-03-21T03:00:40.656791+00:00
[2023-03-21T03:26:18.414+0000] {logging_mixin.py:137} INFO - BQBfRBKArxZaMovDA2Dk4CZUF7-o5GcIwSu4yjRTP3ohjzHcNOXBhcK1Q6aZgQKkW9LBn-5dbZTk4AfiRUwePsCqMOoeCtw9y-x8YqhC1EcTUVwXcIz6
[2023-03-21T03:26:18.426+0000] {python.py:177} INFO - Done. Returned value was: None
[2023-03-21T03:26:18.434+0000] {taskinstance.py:1326} INFO - Marking task as SUCCESS. dag_id=Spotify_Data_ETL, task_id=AuthenticateAPI, execution_date=20230321T030040, start_date=20230321T032618, end_date=20230321T032618
[2023-03-21T03:26:18.457+0000] {local_task_job.py:212} INFO - Task exited with return code 0
[2023-03-21T03:26:18.478+0000] {taskinstance.py:2585} INFO - 1 downstream tasks scheduled from follow-on schedule check
