[2023-03-21T03:03:32.645+0000] {taskinstance.py:1084} INFO - Dependencies all met for dep_context=non-requeueable deps ti=<TaskInstance: Spotify_Data_ETL.AuthenticateAPI manual__2023-03-21T03:00:40.656791+00:00 [queued]>
[2023-03-21T03:03:32.649+0000] {taskinstance.py:1084} INFO - Dependencies all met for dep_context=requeueable deps ti=<TaskInstance: Spotify_Data_ETL.AuthenticateAPI manual__2023-03-21T03:00:40.656791+00:00 [queued]>
[2023-03-21T03:03:32.650+0000] {taskinstance.py:1282} INFO - 
--------------------------------------------------------------------------------
[2023-03-21T03:03:32.650+0000] {taskinstance.py:1283} INFO - Starting attempt 2 of 4
[2023-03-21T03:03:32.651+0000] {taskinstance.py:1284} INFO - 
--------------------------------------------------------------------------------
[2023-03-21T03:03:32.658+0000] {taskinstance.py:1303} INFO - Executing <Task(PythonOperator): AuthenticateAPI> on 2023-03-21 03:00:40.656791+00:00
[2023-03-21T03:03:32.664+0000] {standard_task_runner.py:55} INFO - Started process 20136 to run task
[2023-03-21T03:03:32.668+0000] {standard_task_runner.py:82} INFO - Running: ['***', 'tasks', 'run', 'Spotify_Data_ETL', 'AuthenticateAPI', 'manual__2023-03-21T03:00:40.656791+00:00', '--job-id', '1731', '--raw', '--subdir', 'DAGS_FOLDER/spotifydag.py', '--cfg-path', '/tmp/tmptzqwgnud']
[2023-03-21T03:03:32.668+0000] {standard_task_runner.py:83} INFO - Job 1731: Subtask AuthenticateAPI
[2023-03-21T03:03:32.714+0000] {task_command.py:388} INFO - Running <TaskInstance: Spotify_Data_ETL.AuthenticateAPI manual__2023-03-21T03:00:40.656791+00:00 [running]> on host 1fd7b08731f2
[2023-03-21T03:03:32.753+0000] {taskinstance.py:1511} INFO - Exporting the following env vars:
AIRFLOW_CTX_DAG_OWNER=Ananta Moharana
AIRFLOW_CTX_DAG_ID=Spotify_Data_ETL
AIRFLOW_CTX_TASK_ID=AuthenticateAPI
AIRFLOW_CTX_EXECUTION_DATE=2023-03-21T03:00:40.656791+00:00
AIRFLOW_CTX_TRY_NUMBER=2
AIRFLOW_CTX_DAG_RUN_ID=manual__2023-03-21T03:00:40.656791+00:00
[2023-03-21T03:03:32.885+0000] {logging_mixin.py:137} INFO - BQDT0eBsDXg6MRNulyi231TGeeM79BgwyI6lb5geU2w1iUU4pNFfZyu-QN87xO5mctOzuy53m7d2MfQyxtX-jepbPi2Z2_9OBKnz2ZPNVsQf68Sd9P7c
[2023-03-21T03:03:32.897+0000] {python.py:177} INFO - Done. Returned value was: None
[2023-03-21T03:03:32.904+0000] {taskinstance.py:1326} INFO - Marking task as SUCCESS. dag_id=Spotify_Data_ETL, task_id=AuthenticateAPI, execution_date=20230321T030040, start_date=20230321T030332, end_date=20230321T030332
[2023-03-21T03:03:32.961+0000] {local_task_job.py:212} INFO - Task exited with return code 0
[2023-03-21T03:03:32.989+0000] {taskinstance.py:2585} INFO - 1 downstream tasks scheduled from follow-on schedule check
