[2023-03-12T17:58:25.717+0000] {taskinstance.py:1083} INFO - Dependencies all met for <TaskInstance: Spotify_Data_ETL.AuthenticateAPI manual__2023-03-11T23:26:27.607616+00:00 [queued]>
[2023-03-12T17:58:25.722+0000] {taskinstance.py:1083} INFO - Dependencies all met for <TaskInstance: Spotify_Data_ETL.AuthenticateAPI manual__2023-03-11T23:26:27.607616+00:00 [queued]>
[2023-03-12T17:58:25.723+0000] {taskinstance.py:1279} INFO - 
--------------------------------------------------------------------------------
[2023-03-12T17:58:25.723+0000] {taskinstance.py:1280} INFO - Starting attempt 4 of 6
[2023-03-12T17:58:25.724+0000] {taskinstance.py:1281} INFO - 
--------------------------------------------------------------------------------
[2023-03-12T17:58:25.731+0000] {taskinstance.py:1300} INFO - Executing <Task(PythonOperator): AuthenticateAPI> on 2023-03-11 23:26:27.607616+00:00
[2023-03-12T17:58:25.735+0000] {standard_task_runner.py:55} INFO - Started process 743 to run task
[2023-03-12T17:58:25.738+0000] {standard_task_runner.py:82} INFO - Running: ['***', 'tasks', 'run', 'Spotify_Data_ETL', 'AuthenticateAPI', 'manual__2023-03-11T23:26:27.607616+00:00', '--job-id', '46', '--raw', '--subdir', 'DAGS_FOLDER/spotifydag.py', '--cfg-path', '/tmp/tmpegdh06tq']
[2023-03-12T17:58:25.739+0000] {standard_task_runner.py:83} INFO - Job 46: Subtask AuthenticateAPI
[2023-03-12T17:58:25.783+0000] {task_command.py:388} INFO - Running <TaskInstance: Spotify_Data_ETL.AuthenticateAPI manual__2023-03-11T23:26:27.607616+00:00 [running]> on host 7a5ad222a4d0
[2023-03-12T17:58:25.823+0000] {taskinstance.py:1509} INFO - Exporting the following env vars:
AIRFLOW_CTX_DAG_OWNER=Ananta Moharana
AIRFLOW_CTX_DAG_ID=Spotify_Data_ETL
AIRFLOW_CTX_TASK_ID=AuthenticateAPI
AIRFLOW_CTX_EXECUTION_DATE=2023-03-11T23:26:27.607616+00:00
AIRFLOW_CTX_TRY_NUMBER=4
AIRFLOW_CTX_DAG_RUN_ID=manual__2023-03-11T23:26:27.607616+00:00
[2023-03-12T17:58:25.938+0000] {logging_mixin.py:137} INFO - BQBNFXUXIwetClM6oiSuJOzBgkKnJTPhKURIuCL9s9HwoLh-m3iPfr7WXUDxJQX4P3PczB0UpL87oudsiIMgPS3wcszTJMy86z1KPGPk0I-9I4givWjW
[2023-03-12T17:58:25.955+0000] {python.py:177} INFO - Done. Returned value was: None
[2023-03-12T17:58:25.969+0000] {taskinstance.py:1323} INFO - Marking task as SUCCESS. dag_id=Spotify_Data_ETL, task_id=AuthenticateAPI, execution_date=20230311T232627, start_date=20230312T175825, end_date=20230312T175825
[2023-03-12T17:58:25.990+0000] {local_task_job.py:208} INFO - Task exited with return code 0
[2023-03-12T17:58:26.006+0000] {taskinstance.py:2578} INFO - 1 downstream tasks scheduled from follow-on schedule check
