[2023-03-11T23:26:29.294+0000] {taskinstance.py:1083} INFO - Dependencies all met for <TaskInstance: Spotify_Data_ETL.AuthenticateAPI manual__2023-03-11T23:26:27.607616+00:00 [queued]>
[2023-03-11T23:26:29.300+0000] {taskinstance.py:1083} INFO - Dependencies all met for <TaskInstance: Spotify_Data_ETL.AuthenticateAPI manual__2023-03-11T23:26:27.607616+00:00 [queued]>
[2023-03-11T23:26:29.300+0000] {taskinstance.py:1279} INFO - 
--------------------------------------------------------------------------------
[2023-03-11T23:26:29.301+0000] {taskinstance.py:1280} INFO - Starting attempt 1 of 3
[2023-03-11T23:26:29.301+0000] {taskinstance.py:1281} INFO - 
--------------------------------------------------------------------------------
[2023-03-11T23:26:29.308+0000] {taskinstance.py:1300} INFO - Executing <Task(PythonOperator): AuthenticateAPI> on 2023-03-11 23:26:27.607616+00:00
[2023-03-11T23:26:29.312+0000] {standard_task_runner.py:55} INFO - Started process 868 to run task
[2023-03-11T23:26:29.315+0000] {standard_task_runner.py:82} INFO - Running: ['***', 'tasks', 'run', 'Spotify_Data_ETL', 'AuthenticateAPI', 'manual__2023-03-11T23:26:27.607616+00:00', '--job-id', '36', '--raw', '--subdir', 'DAGS_FOLDER/spotifydag.py', '--cfg-path', '/tmp/tmpprbi2lan']
[2023-03-11T23:26:29.316+0000] {standard_task_runner.py:83} INFO - Job 36: Subtask AuthenticateAPI
[2023-03-11T23:26:29.359+0000] {task_command.py:388} INFO - Running <TaskInstance: Spotify_Data_ETL.AuthenticateAPI manual__2023-03-11T23:26:27.607616+00:00 [running]> on host 4fa3b0adb91e
[2023-03-11T23:26:29.397+0000] {taskinstance.py:1509} INFO - Exporting the following env vars:
AIRFLOW_CTX_DAG_OWNER=Ananta Moharana
AIRFLOW_CTX_DAG_ID=Spotify_Data_ETL
AIRFLOW_CTX_TASK_ID=AuthenticateAPI
AIRFLOW_CTX_EXECUTION_DATE=2023-03-11T23:26:27.607616+00:00
AIRFLOW_CTX_TRY_NUMBER=1
AIRFLOW_CTX_DAG_RUN_ID=manual__2023-03-11T23:26:27.607616+00:00
[2023-03-11T23:26:29.493+0000] {logging_mixin.py:137} INFO - BQCCvRL4iDM1KzlJBcweR6KJ0_nE6UxVd7f1LclrdDbWHJsNoubK-W8OF8NQXW5kulOcDhQBQSmIZPkIiMm5tJotrShl6CeCVB8Sp2yBw4oEO9pDeCD0
[2023-03-11T23:26:29.503+0000] {python.py:177} INFO - Done. Returned value was: None
[2023-03-11T23:26:29.510+0000] {taskinstance.py:1323} INFO - Marking task as SUCCESS. dag_id=Spotify_Data_ETL, task_id=AuthenticateAPI, execution_date=20230311T232627, start_date=20230311T232629, end_date=20230311T232629
[2023-03-11T23:26:29.529+0000] {local_task_job.py:208} INFO - Task exited with return code 0
[2023-03-11T23:26:29.543+0000] {taskinstance.py:2578} INFO - 1 downstream tasks scheduled from follow-on schedule check
