[2023-03-12T17:57:19.257+0000] {taskinstance.py:1083} INFO - Dependencies all met for <TaskInstance: Spotify_Data_ETL.AuthenticateAPI manual__2023-03-11T23:26:27.607616+00:00 [queued]>
[2023-03-12T17:57:19.263+0000] {taskinstance.py:1083} INFO - Dependencies all met for <TaskInstance: Spotify_Data_ETL.AuthenticateAPI manual__2023-03-11T23:26:27.607616+00:00 [queued]>
[2023-03-12T17:57:19.264+0000] {taskinstance.py:1279} INFO - 
--------------------------------------------------------------------------------
[2023-03-12T17:57:19.264+0000] {taskinstance.py:1280} INFO - Starting attempt 2 of 4
[2023-03-12T17:57:19.264+0000] {taskinstance.py:1281} INFO - 
--------------------------------------------------------------------------------
[2023-03-12T17:57:19.272+0000] {taskinstance.py:1300} INFO - Executing <Task(PythonOperator): AuthenticateAPI> on 2023-03-11 23:26:27.607616+00:00
[2023-03-12T17:57:19.277+0000] {standard_task_runner.py:55} INFO - Started process 651 to run task
[2023-03-12T17:57:19.280+0000] {standard_task_runner.py:82} INFO - Running: ['***', 'tasks', 'run', 'Spotify_Data_ETL', 'AuthenticateAPI', 'manual__2023-03-11T23:26:27.607616+00:00', '--job-id', '42', '--raw', '--subdir', 'DAGS_FOLDER/spotifydag.py', '--cfg-path', '/tmp/tmp5r42fyxl']
[2023-03-12T17:57:19.281+0000] {standard_task_runner.py:83} INFO - Job 42: Subtask AuthenticateAPI
[2023-03-12T17:57:19.325+0000] {task_command.py:388} INFO - Running <TaskInstance: Spotify_Data_ETL.AuthenticateAPI manual__2023-03-11T23:26:27.607616+00:00 [running]> on host 7a5ad222a4d0
[2023-03-12T17:57:19.365+0000] {taskinstance.py:1509} INFO - Exporting the following env vars:
AIRFLOW_CTX_DAG_OWNER=Ananta Moharana
AIRFLOW_CTX_DAG_ID=Spotify_Data_ETL
AIRFLOW_CTX_TASK_ID=AuthenticateAPI
AIRFLOW_CTX_EXECUTION_DATE=2023-03-11T23:26:27.607616+00:00
AIRFLOW_CTX_TRY_NUMBER=2
AIRFLOW_CTX_DAG_RUN_ID=manual__2023-03-11T23:26:27.607616+00:00
[2023-03-12T17:57:19.479+0000] {logging_mixin.py:137} INFO - BQCtRfdoT7DLg0xEmEgYHKOlFZCd15a9UgMPYWqgvi1MiYyaYtqqrX-TKQY9FT0DS5dy0xXZiXgZxVHqHuQ_Dr4dtqsOhCDIIZIDOE8j44lBhAsLRbL4
[2023-03-12T17:57:19.490+0000] {python.py:177} INFO - Done. Returned value was: None
[2023-03-12T17:57:19.497+0000] {taskinstance.py:1323} INFO - Marking task as SUCCESS. dag_id=Spotify_Data_ETL, task_id=AuthenticateAPI, execution_date=20230311T232627, start_date=20230312T175719, end_date=20230312T175719
[2023-03-12T17:57:19.532+0000] {local_task_job.py:208} INFO - Task exited with return code 0
[2023-03-12T17:57:19.546+0000] {taskinstance.py:2578} INFO - 1 downstream tasks scheduled from follow-on schedule check
