[2023-03-11T23:21:05.522+0000] {taskinstance.py:1083} INFO - Dependencies all met for <TaskInstance: Spotify_Data_ETL.AuthenticateAPI manual__2023-03-11T23:21:03.414733+00:00 [queued]>
[2023-03-11T23:21:05.528+0000] {taskinstance.py:1083} INFO - Dependencies all met for <TaskInstance: Spotify_Data_ETL.AuthenticateAPI manual__2023-03-11T23:21:03.414733+00:00 [queued]>
[2023-03-11T23:21:05.528+0000] {taskinstance.py:1279} INFO - 
--------------------------------------------------------------------------------
[2023-03-11T23:21:05.529+0000] {taskinstance.py:1280} INFO - Starting attempt 1 of 3
[2023-03-11T23:21:05.529+0000] {taskinstance.py:1281} INFO - 
--------------------------------------------------------------------------------
[2023-03-11T23:21:05.536+0000] {taskinstance.py:1300} INFO - Executing <Task(PythonOperator): AuthenticateAPI> on 2023-03-11 23:21:03.414733+00:00
[2023-03-11T23:21:05.541+0000] {standard_task_runner.py:55} INFO - Started process 444 to run task
[2023-03-11T23:21:05.544+0000] {standard_task_runner.py:82} INFO - Running: ['***', 'tasks', 'run', 'Spotify_Data_ETL', 'AuthenticateAPI', 'manual__2023-03-11T23:21:03.414733+00:00', '--job-id', '20', '--raw', '--subdir', 'DAGS_FOLDER/spotifydag.py', '--cfg-path', '/tmp/tmpqyn47i3f']
[2023-03-11T23:21:05.545+0000] {standard_task_runner.py:83} INFO - Job 20: Subtask AuthenticateAPI
[2023-03-11T23:21:05.589+0000] {task_command.py:388} INFO - Running <TaskInstance: Spotify_Data_ETL.AuthenticateAPI manual__2023-03-11T23:21:03.414733+00:00 [running]> on host 4fa3b0adb91e
[2023-03-11T23:21:05.627+0000] {taskinstance.py:1509} INFO - Exporting the following env vars:
AIRFLOW_CTX_DAG_OWNER=Ananta Moharana
AIRFLOW_CTX_DAG_ID=Spotify_Data_ETL
AIRFLOW_CTX_TASK_ID=AuthenticateAPI
AIRFLOW_CTX_EXECUTION_DATE=2023-03-11T23:21:03.414733+00:00
AIRFLOW_CTX_TRY_NUMBER=1
AIRFLOW_CTX_DAG_RUN_ID=manual__2023-03-11T23:21:03.414733+00:00
[2023-03-11T23:21:05.739+0000] {logging_mixin.py:137} INFO - BQBJHFv7hjGJutZnv89bnstsQ4BCWZowoWxGujjiSoPfdGWZNQNr_5y-dxIkK0TuduNP-h-xD7K4tBvZI9fi9g0Akn7VNya3lA8TXw3sGcIo7htqXagL
[2023-03-11T23:21:05.751+0000] {python.py:177} INFO - Done. Returned value was: None
[2023-03-11T23:21:05.759+0000] {taskinstance.py:1323} INFO - Marking task as SUCCESS. dag_id=Spotify_Data_ETL, task_id=AuthenticateAPI, execution_date=20230311T232103, start_date=20230311T232105, end_date=20230311T232105
[2023-03-11T23:21:05.798+0000] {local_task_job.py:208} INFO - Task exited with return code 0
[2023-03-11T23:21:05.813+0000] {taskinstance.py:2578} INFO - 1 downstream tasks scheduled from follow-on schedule check
