[2023-03-21T18:59:00.291+0000] {taskinstance.py:1084} INFO - Dependencies all met for dep_context=non-requeueable deps ti=<TaskInstance: Spotify_Data_ETL.AuthenticateAPI manual__2023-03-21T18:58:58.410635+00:00 [queued]>
[2023-03-21T18:59:00.296+0000] {taskinstance.py:1084} INFO - Dependencies all met for dep_context=requeueable deps ti=<TaskInstance: Spotify_Data_ETL.AuthenticateAPI manual__2023-03-21T18:58:58.410635+00:00 [queued]>
[2023-03-21T18:59:00.296+0000] {taskinstance.py:1282} INFO - 
--------------------------------------------------------------------------------
[2023-03-21T18:59:00.297+0000] {taskinstance.py:1283} INFO - Starting attempt 1 of 3
[2023-03-21T18:59:00.297+0000] {taskinstance.py:1284} INFO - 
--------------------------------------------------------------------------------
[2023-03-21T18:59:00.304+0000] {taskinstance.py:1303} INFO - Executing <Task(PythonOperator): AuthenticateAPI> on 2023-03-21 18:58:58.410635+00:00
[2023-03-21T18:59:00.308+0000] {standard_task_runner.py:55} INFO - Started process 5005 to run task
[2023-03-21T18:59:00.312+0000] {standard_task_runner.py:82} INFO - Running: ['***', 'tasks', 'run', 'Spotify_Data_ETL', 'AuthenticateAPI', 'manual__2023-03-21T18:58:58.410635+00:00', '--job-id', '1864', '--raw', '--subdir', 'DAGS_FOLDER/spotifydag.py', '--cfg-path', '/tmp/tmpjtgrfv4p']
[2023-03-21T18:59:00.312+0000] {standard_task_runner.py:83} INFO - Job 1864: Subtask AuthenticateAPI
[2023-03-21T18:59:00.355+0000] {task_command.py:388} INFO - Running <TaskInstance: Spotify_Data_ETL.AuthenticateAPI manual__2023-03-21T18:58:58.410635+00:00 [running]> on host 1fd7b08731f2
[2023-03-21T18:59:00.395+0000] {taskinstance.py:1511} INFO - Exporting the following env vars:
AIRFLOW_CTX_DAG_OWNER=Ananta Moharana
AIRFLOW_CTX_DAG_ID=Spotify_Data_ETL
AIRFLOW_CTX_TASK_ID=AuthenticateAPI
AIRFLOW_CTX_EXECUTION_DATE=2023-03-21T18:58:58.410635+00:00
AIRFLOW_CTX_TRY_NUMBER=1
AIRFLOW_CTX_DAG_RUN_ID=manual__2023-03-21T18:58:58.410635+00:00
[2023-03-21T18:59:00.503+0000] {logging_mixin.py:137} INFO - BQCOHBOTCqPMxWTOCSBtzA9sR3VczxImty-CFcvTnXlafZK1QgCuBCXLvCTZK_QchRgq0t7hksitT5R45UgGaeWRRH4npSSRA-6V6neWyghLemJwCGCp
[2023-03-21T18:59:00.516+0000] {python.py:177} INFO - Done. Returned value was: None
[2023-03-21T18:59:00.523+0000] {taskinstance.py:1326} INFO - Marking task as SUCCESS. dag_id=Spotify_Data_ETL, task_id=AuthenticateAPI, execution_date=20230321T185858, start_date=20230321T185900, end_date=20230321T185900
[2023-03-21T18:59:00.565+0000] {local_task_job.py:212} INFO - Task exited with return code 0
[2023-03-21T18:59:00.587+0000] {taskinstance.py:2585} INFO - 1 downstream tasks scheduled from follow-on schedule check
