[2023-03-21T19:27:01.324+0000] {taskinstance.py:1084} INFO - Dependencies all met for dep_context=non-requeueable deps ti=<TaskInstance: Spotify_Data_ETL.AuthenticateAPI manual__2023-03-21T18:58:58.410635+00:00 [queued]>
[2023-03-21T19:27:01.329+0000] {taskinstance.py:1084} INFO - Dependencies all met for dep_context=requeueable deps ti=<TaskInstance: Spotify_Data_ETL.AuthenticateAPI manual__2023-03-21T18:58:58.410635+00:00 [queued]>
[2023-03-21T19:27:01.330+0000] {taskinstance.py:1282} INFO - 
--------------------------------------------------------------------------------
[2023-03-21T19:27:01.330+0000] {taskinstance.py:1283} INFO - Starting attempt 3 of 5
[2023-03-21T19:27:01.331+0000] {taskinstance.py:1284} INFO - 
--------------------------------------------------------------------------------
[2023-03-21T19:27:01.338+0000] {taskinstance.py:1303} INFO - Executing <Task(PythonOperator): AuthenticateAPI> on 2023-03-21 18:58:58.410635+00:00
[2023-03-21T19:27:01.343+0000] {standard_task_runner.py:55} INFO - Started process 7164 to run task
[2023-03-21T19:27:01.347+0000] {standard_task_runner.py:82} INFO - Running: ['***', 'tasks', 'run', 'Spotify_Data_ETL', 'AuthenticateAPI', 'manual__2023-03-21T18:58:58.410635+00:00', '--job-id', '1906', '--raw', '--subdir', 'DAGS_FOLDER/spotifydag.py', '--cfg-path', '/tmp/tmpw2ito0cr']
[2023-03-21T19:27:01.347+0000] {standard_task_runner.py:83} INFO - Job 1906: Subtask AuthenticateAPI
[2023-03-21T19:27:01.393+0000] {task_command.py:388} INFO - Running <TaskInstance: Spotify_Data_ETL.AuthenticateAPI manual__2023-03-21T18:58:58.410635+00:00 [running]> on host 1fd7b08731f2
[2023-03-21T19:27:01.438+0000] {taskinstance.py:1511} INFO - Exporting the following env vars:
AIRFLOW_CTX_DAG_OWNER=Ananta Moharana
AIRFLOW_CTX_DAG_ID=Spotify_Data_ETL
AIRFLOW_CTX_TASK_ID=AuthenticateAPI
AIRFLOW_CTX_EXECUTION_DATE=2023-03-21T18:58:58.410635+00:00
AIRFLOW_CTX_TRY_NUMBER=3
AIRFLOW_CTX_DAG_RUN_ID=manual__2023-03-21T18:58:58.410635+00:00
[2023-03-21T19:27:01.552+0000] {logging_mixin.py:137} INFO - BQDxtXjGKVlHhydPHqjo3OJXgHzKuia9Z5LPz13y3T_LnQa1seCnoLCoCmMhEfCw_QsnM5cGCP9TiqnFbQDmZwO00Sy6f4jezU64BVee0AN53VBlmtHd
[2023-03-21T19:27:01.592+0000] {python.py:177} INFO - Done. Returned value was: None
[2023-03-21T19:27:01.607+0000] {taskinstance.py:1326} INFO - Marking task as SUCCESS. dag_id=Spotify_Data_ETL, task_id=AuthenticateAPI, execution_date=20230321T185858, start_date=20230321T192701, end_date=20230321T192701
[2023-03-21T19:27:01.646+0000] {local_task_job.py:212} INFO - Task exited with return code 0
[2023-03-21T19:27:01.675+0000] {taskinstance.py:2585} INFO - 0 downstream tasks scheduled from follow-on schedule check
