[2023-03-21T19:29:09.661+0000] {taskinstance.py:1084} INFO - Dependencies all met for dep_context=non-requeueable deps ti=<TaskInstance: Spotify_Data_ETL.AuthenticateAPI manual__2023-03-21T18:58:58.410635+00:00 [queued]>
[2023-03-21T19:29:09.667+0000] {taskinstance.py:1084} INFO - Dependencies all met for dep_context=requeueable deps ti=<TaskInstance: Spotify_Data_ETL.AuthenticateAPI manual__2023-03-21T18:58:58.410635+00:00 [queued]>
[2023-03-21T19:29:09.668+0000] {taskinstance.py:1282} INFO - 
--------------------------------------------------------------------------------
[2023-03-21T19:29:09.669+0000] {taskinstance.py:1283} INFO - Starting attempt 5 of 7
[2023-03-21T19:29:09.669+0000] {taskinstance.py:1284} INFO - 
--------------------------------------------------------------------------------
[2023-03-21T19:29:09.681+0000] {taskinstance.py:1303} INFO - Executing <Task(PythonOperator): AuthenticateAPI> on 2023-03-21 18:58:58.410635+00:00
[2023-03-21T19:29:09.688+0000] {standard_task_runner.py:55} INFO - Started process 7474 to run task
[2023-03-21T19:29:09.692+0000] {standard_task_runner.py:82} INFO - Running: ['***', 'tasks', 'run', 'Spotify_Data_ETL', 'AuthenticateAPI', 'manual__2023-03-21T18:58:58.410635+00:00', '--job-id', '1942', '--raw', '--subdir', 'DAGS_FOLDER/spotifydag.py', '--cfg-path', '/tmp/tmpi0rf75oe']
[2023-03-21T19:29:09.693+0000] {standard_task_runner.py:83} INFO - Job 1942: Subtask AuthenticateAPI
[2023-03-21T19:29:09.791+0000] {task_command.py:388} INFO - Running <TaskInstance: Spotify_Data_ETL.AuthenticateAPI manual__2023-03-21T18:58:58.410635+00:00 [running]> on host 1fd7b08731f2
[2023-03-21T19:29:09.851+0000] {taskinstance.py:1511} INFO - Exporting the following env vars:
AIRFLOW_CTX_DAG_OWNER=Ananta Moharana
AIRFLOW_CTX_DAG_ID=Spotify_Data_ETL
AIRFLOW_CTX_TASK_ID=AuthenticateAPI
AIRFLOW_CTX_EXECUTION_DATE=2023-03-21T18:58:58.410635+00:00
AIRFLOW_CTX_TRY_NUMBER=5
AIRFLOW_CTX_DAG_RUN_ID=manual__2023-03-21T18:58:58.410635+00:00
[2023-03-21T19:29:09.960+0000] {logging_mixin.py:137} INFO - BQDcD-CG95XHFjV5vqvKmnVTNQGb-s2T-9zEYs_O97ZuTH0WvFJADY6TVn6ZcaHFMSvYVqZ86_XJnxJUHG5BhH58fyz6-91emhdvffyr43KMgxDY_8_G
[2023-03-21T19:29:09.972+0000] {python.py:177} INFO - Done. Returned value was: None
[2023-03-21T19:29:09.980+0000] {taskinstance.py:1326} INFO - Marking task as SUCCESS. dag_id=Spotify_Data_ETL, task_id=AuthenticateAPI, execution_date=20230321T185858, start_date=20230321T192909, end_date=20230321T192909
[2023-03-21T19:29:10.026+0000] {local_task_job.py:212} INFO - Task exited with return code 0
[2023-03-21T19:29:10.050+0000] {taskinstance.py:2585} INFO - 1 downstream tasks scheduled from follow-on schedule check
