[2023-03-18T04:19:06.800+0000] {taskinstance.py:1083} INFO - Dependencies all met for <TaskInstance: Spotify_Data_ETL.GetArtistInfo manual__2023-03-18T03:59:25.819409+00:00 [queued]>
[2023-03-18T04:19:06.806+0000] {taskinstance.py:1083} INFO - Dependencies all met for <TaskInstance: Spotify_Data_ETL.GetArtistInfo manual__2023-03-18T03:59:25.819409+00:00 [queued]>
[2023-03-18T04:19:06.806+0000] {taskinstance.py:1279} INFO - 
--------------------------------------------------------------------------------
[2023-03-18T04:19:06.807+0000] {taskinstance.py:1280} INFO - Starting attempt 6 of 8
[2023-03-18T04:19:06.807+0000] {taskinstance.py:1281} INFO - 
--------------------------------------------------------------------------------
[2023-03-18T04:19:06.814+0000] {taskinstance.py:1300} INFO - Executing <Task(PythonOperator): GetArtistInfo> on 2023-03-18 03:59:25.819409+00:00
[2023-03-18T04:19:06.819+0000] {standard_task_runner.py:55} INFO - Started process 1998 to run task
[2023-03-18T04:19:06.823+0000] {standard_task_runner.py:82} INFO - Running: ['***', 'tasks', 'run', 'Spotify_Data_ETL', 'GetArtistInfo', 'manual__2023-03-18T03:59:25.819409+00:00', '--job-id', '1469', '--raw', '--subdir', 'DAGS_FOLDER/spotifydag.py', '--cfg-path', '/tmp/tmpfn2ty8qi']
[2023-03-18T04:19:06.823+0000] {standard_task_runner.py:83} INFO - Job 1469: Subtask GetArtistInfo
[2023-03-18T04:19:06.889+0000] {task_command.py:388} INFO - Running <TaskInstance: Spotify_Data_ETL.GetArtistInfo manual__2023-03-18T03:59:25.819409+00:00 [running]> on host d7c7ac56d661
[2023-03-18T04:19:06.946+0000] {taskinstance.py:1509} INFO - Exporting the following env vars:
AIRFLOW_CTX_DAG_OWNER=Ananta Moharana
AIRFLOW_CTX_DAG_ID=Spotify_Data_ETL
AIRFLOW_CTX_TASK_ID=GetArtistInfo
AIRFLOW_CTX_EXECUTION_DATE=2023-03-18T03:59:25.819409+00:00
AIRFLOW_CTX_TRY_NUMBER=6
AIRFLOW_CTX_DAG_RUN_ID=manual__2023-03-18T03:59:25.819409+00:00
[2023-03-18T04:19:12.784+0000] {python.py:177} INFO - Done. Returned value was: None
[2023-03-18T04:19:12.795+0000] {taskinstance.py:1323} INFO - Marking task as SUCCESS. dag_id=Spotify_Data_ETL, task_id=GetArtistInfo, execution_date=20230318T035925, start_date=20230318T041906, end_date=20230318T041912
[2023-03-18T04:19:12.838+0000] {local_task_job.py:208} INFO - Task exited with return code 0
[2023-03-18T04:19:12.859+0000] {taskinstance.py:2578} INFO - 0 downstream tasks scheduled from follow-on schedule check
