[2023-03-18T04:10:04.200+0000] {taskinstance.py:1083} INFO - Dependencies all met for <TaskInstance: Spotify_Data_ETL.GetArtistInfo manual__2023-03-18T03:59:25.819409+00:00 [queued]>
[2023-03-18T04:10:04.206+0000] {taskinstance.py:1083} INFO - Dependencies all met for <TaskInstance: Spotify_Data_ETL.GetArtistInfo manual__2023-03-18T03:59:25.819409+00:00 [queued]>
[2023-03-18T04:10:04.207+0000] {taskinstance.py:1279} INFO - 
--------------------------------------------------------------------------------
[2023-03-18T04:10:04.207+0000] {taskinstance.py:1280} INFO - Starting attempt 3 of 5
[2023-03-18T04:10:04.208+0000] {taskinstance.py:1281} INFO - 
--------------------------------------------------------------------------------
[2023-03-18T04:10:04.216+0000] {taskinstance.py:1300} INFO - Executing <Task(PythonOperator): GetArtistInfo> on 2023-03-18 03:59:25.819409+00:00
[2023-03-18T04:10:04.222+0000] {standard_task_runner.py:55} INFO - Started process 1147 to run task
[2023-03-18T04:10:04.225+0000] {standard_task_runner.py:82} INFO - Running: ['***', 'tasks', 'run', 'Spotify_Data_ETL', 'GetArtistInfo', 'manual__2023-03-18T03:59:25.819409+00:00', '--job-id', '1406', '--raw', '--subdir', 'DAGS_FOLDER/spotifydag.py', '--cfg-path', '/tmp/tmphqppdk6_']
[2023-03-18T04:10:04.226+0000] {standard_task_runner.py:83} INFO - Job 1406: Subtask GetArtistInfo
[2023-03-18T04:10:04.285+0000] {task_command.py:388} INFO - Running <TaskInstance: Spotify_Data_ETL.GetArtistInfo manual__2023-03-18T03:59:25.819409+00:00 [running]> on host d7c7ac56d661
[2023-03-18T04:10:04.333+0000] {taskinstance.py:1509} INFO - Exporting the following env vars:
AIRFLOW_CTX_DAG_OWNER=Ananta Moharana
AIRFLOW_CTX_DAG_ID=Spotify_Data_ETL
AIRFLOW_CTX_TASK_ID=GetArtistInfo
AIRFLOW_CTX_EXECUTION_DATE=2023-03-18T03:59:25.819409+00:00
AIRFLOW_CTX_TRY_NUMBER=3
AIRFLOW_CTX_DAG_RUN_ID=manual__2023-03-18T03:59:25.819409+00:00
[2023-03-18T04:10:10.196+0000] {python.py:177} INFO - Done. Returned value was: None
[2023-03-18T04:10:10.203+0000] {taskinstance.py:1323} INFO - Marking task as SUCCESS. dag_id=Spotify_Data_ETL, task_id=GetArtistInfo, execution_date=20230318T035925, start_date=20230318T041004, end_date=20230318T041010
[2023-03-18T04:10:10.251+0000] {local_task_job.py:208} INFO - Task exited with return code 0
[2023-03-18T04:10:10.271+0000] {taskinstance.py:2578} INFO - 0 downstream tasks scheduled from follow-on schedule check
