[2023-03-12T22:37:33.732+0000] {taskinstance.py:1083} INFO - Dependencies all met for <TaskInstance: Spotify_Data_ETL.AuthenticateAPI manual__2023-03-12T22:27:34.575843+00:00 [queued]>
[2023-03-12T22:37:33.737+0000] {taskinstance.py:1083} INFO - Dependencies all met for <TaskInstance: Spotify_Data_ETL.AuthenticateAPI manual__2023-03-12T22:27:34.575843+00:00 [queued]>
[2023-03-12T22:37:33.738+0000] {taskinstance.py:1279} INFO - 
--------------------------------------------------------------------------------
[2023-03-12T22:37:33.738+0000] {taskinstance.py:1280} INFO - Starting attempt 2 of 4
[2023-03-12T22:37:33.739+0000] {taskinstance.py:1281} INFO - 
--------------------------------------------------------------------------------
[2023-03-12T22:37:33.745+0000] {taskinstance.py:1300} INFO - Executing <Task(PythonOperator): AuthenticateAPI> on 2023-03-12 22:27:34.575843+00:00
[2023-03-12T22:37:33.750+0000] {standard_task_runner.py:55} INFO - Started process 130 to run task
[2023-03-12T22:37:33.753+0000] {standard_task_runner.py:82} INFO - Running: ['***', 'tasks', 'run', 'Spotify_Data_ETL', 'AuthenticateAPI', 'manual__2023-03-12T22:27:34.575843+00:00', '--job-id', '146', '--raw', '--subdir', 'DAGS_FOLDER/spotifydag.py', '--cfg-path', '/tmp/tmpal6vaalo']
[2023-03-12T22:37:33.754+0000] {standard_task_runner.py:83} INFO - Job 146: Subtask AuthenticateAPI
[2023-03-12T22:37:33.800+0000] {task_command.py:388} INFO - Running <TaskInstance: Spotify_Data_ETL.AuthenticateAPI manual__2023-03-12T22:27:34.575843+00:00 [running]> on host 82c473378c2f
[2023-03-12T22:37:33.844+0000] {taskinstance.py:1509} INFO - Exporting the following env vars:
AIRFLOW_CTX_DAG_OWNER=Ananta Moharana
AIRFLOW_CTX_DAG_ID=Spotify_Data_ETL
AIRFLOW_CTX_TASK_ID=AuthenticateAPI
AIRFLOW_CTX_EXECUTION_DATE=2023-03-12T22:27:34.575843+00:00
AIRFLOW_CTX_TRY_NUMBER=2
AIRFLOW_CTX_DAG_RUN_ID=manual__2023-03-12T22:27:34.575843+00:00
[2023-03-12T22:37:34.001+0000] {logging_mixin.py:137} INFO - BQA-fX49K4NSVlPTu4DyeI3XlEL7MycblixuHkkSBJOOv8qgPAf-Nn9k8cZK3LfbZcSFgEmhuOVoLdCpe3ts4cVlCI5a1l_EayH60838-wr6YtzVgH-v
[2023-03-12T22:37:34.015+0000] {python.py:177} INFO - Done. Returned value was: None
[2023-03-12T22:37:34.026+0000] {taskinstance.py:1323} INFO - Marking task as SUCCESS. dag_id=Spotify_Data_ETL, task_id=AuthenticateAPI, execution_date=20230312T222734, start_date=20230312T223733, end_date=20230312T223734
[2023-03-12T22:37:34.091+0000] {local_task_job.py:208} INFO - Task exited with return code 0
[2023-03-12T22:37:34.135+0000] {taskinstance.py:2578} INFO - 1 downstream tasks scheduled from follow-on schedule check
