[2023-03-13T19:24:31.773+0000] {taskinstance.py:1083} INFO - Dependencies all met for <TaskInstance: Spotify_Data_ETL.GetSongsFromPlaylist manual__2023-03-13T17:35:51.683738+00:00 [queued]>
[2023-03-13T19:24:31.777+0000] {taskinstance.py:1083} INFO - Dependencies all met for <TaskInstance: Spotify_Data_ETL.GetSongsFromPlaylist manual__2023-03-13T17:35:51.683738+00:00 [queued]>
[2023-03-13T19:24:31.777+0000] {taskinstance.py:1279} INFO - 
--------------------------------------------------------------------------------
[2023-03-13T19:24:31.778+0000] {taskinstance.py:1280} INFO - Starting attempt 6 of 8
[2023-03-13T19:24:31.778+0000] {taskinstance.py:1281} INFO - 
--------------------------------------------------------------------------------
[2023-03-13T19:24:31.785+0000] {taskinstance.py:1300} INFO - Executing <Task(PythonOperator): GetSongsFromPlaylist> on 2023-03-13 17:35:51.683738+00:00
[2023-03-13T19:24:31.789+0000] {standard_task_runner.py:55} INFO - Started process 11139 to run task
[2023-03-13T19:24:31.792+0000] {standard_task_runner.py:82} INFO - Running: ['***', 'tasks', 'run', 'Spotify_Data_ETL', 'GetSongsFromPlaylist', 'manual__2023-03-13T17:35:51.683738+00:00', '--job-id', '262', '--raw', '--subdir', 'DAGS_FOLDER/spotifydag.py', '--cfg-path', '/tmp/tmp86itwq7y']
[2023-03-13T19:24:31.793+0000] {standard_task_runner.py:83} INFO - Job 262: Subtask GetSongsFromPlaylist
[2023-03-13T19:24:31.835+0000] {task_command.py:388} INFO - Running <TaskInstance: Spotify_Data_ETL.GetSongsFromPlaylist manual__2023-03-13T17:35:51.683738+00:00 [running]> on host 649b70e6a8b0
[2023-03-13T19:24:31.875+0000] {taskinstance.py:1509} INFO - Exporting the following env vars:
AIRFLOW_CTX_DAG_OWNER=Ananta Moharana
AIRFLOW_CTX_DAG_ID=Spotify_Data_ETL
AIRFLOW_CTX_TASK_ID=GetSongsFromPlaylist
AIRFLOW_CTX_EXECUTION_DATE=2023-03-13T17:35:51.683738+00:00
AIRFLOW_CTX_TRY_NUMBER=6
AIRFLOW_CTX_DAG_RUN_ID=manual__2023-03-13T17:35:51.683738+00:00
[2023-03-13T19:24:32.436+0000] {python.py:177} INFO - Done. Returned value was: None
[2023-03-13T19:24:32.444+0000] {taskinstance.py:1323} INFO - Marking task as SUCCESS. dag_id=Spotify_Data_ETL, task_id=GetSongsFromPlaylist, execution_date=20230313T173551, start_date=20230313T192431, end_date=20230313T192432
[2023-03-13T19:24:32.470+0000] {local_task_job.py:208} INFO - Task exited with return code 0
[2023-03-13T19:24:32.489+0000] {taskinstance.py:2578} INFO - 2 downstream tasks scheduled from follow-on schedule check
