[2023-03-17T19:16:34.724+0000] {taskinstance.py:1083} INFO - Dependencies all met for <TaskInstance: Spotify_Data_ETL.TransformData manual__2023-03-17T19:16:21.700412+00:00 [queued]>
[2023-03-17T19:16:34.729+0000] {taskinstance.py:1083} INFO - Dependencies all met for <TaskInstance: Spotify_Data_ETL.TransformData manual__2023-03-17T19:16:21.700412+00:00 [queued]>
[2023-03-17T19:16:34.729+0000] {taskinstance.py:1279} INFO - 
--------------------------------------------------------------------------------
[2023-03-17T19:16:34.729+0000] {taskinstance.py:1280} INFO - Starting attempt 1 of 3
[2023-03-17T19:16:34.730+0000] {taskinstance.py:1281} INFO - 
--------------------------------------------------------------------------------
[2023-03-17T19:16:34.736+0000] {taskinstance.py:1300} INFO - Executing <Task(PythonOperator): TransformData> on 2023-03-17 19:16:21.700412+00:00
[2023-03-17T19:16:34.740+0000] {standard_task_runner.py:55} INFO - Started process 6067 to run task
[2023-03-17T19:16:34.743+0000] {standard_task_runner.py:82} INFO - Running: ['***', 'tasks', 'run', 'Spotify_Data_ETL', 'TransformData', 'manual__2023-03-17T19:16:21.700412+00:00', '--job-id', '1351', '--raw', '--subdir', 'DAGS_FOLDER/spotifydag.py', '--cfg-path', '/tmp/tmp_438o6wn']
[2023-03-17T19:16:34.744+0000] {standard_task_runner.py:83} INFO - Job 1351: Subtask TransformData
[2023-03-17T19:16:34.786+0000] {task_command.py:388} INFO - Running <TaskInstance: Spotify_Data_ETL.TransformData manual__2023-03-17T19:16:21.700412+00:00 [running]> on host 8f7fdf71f1bb
[2023-03-17T19:16:34.824+0000] {taskinstance.py:1509} INFO - Exporting the following env vars:
AIRFLOW_CTX_DAG_OWNER=Ananta Moharana
AIRFLOW_CTX_DAG_ID=Spotify_Data_ETL
AIRFLOW_CTX_TASK_ID=TransformData
AIRFLOW_CTX_EXECUTION_DATE=2023-03-17T19:16:21.700412+00:00
AIRFLOW_CTX_TRY_NUMBER=1
AIRFLOW_CTX_DAG_RUN_ID=manual__2023-03-17T19:16:21.700412+00:00
[2023-03-17T19:16:34.859+0000] {warnings.py:110} WARNING - /opt/***/dags/src/transform.py:29: SettingWithCopyWarning: 
A value is trying to be set on a copy of a slice from a DataFrame.
Try using .loc[row_indexer,col_indexer] = value instead

See the caveats in the documentation: https://pandas.pydata.org/pandas-docs/stable/user_guide/indexing.html#returning-a-view-versus-a-copy
  song_fact['date']=today

[2023-03-17T19:16:34.860+0000] {warnings.py:110} WARNING - /home/***/.local/lib/python3.7/site-packages/pandas/util/_decorators.py:311: SettingWithCopyWarning: 
A value is trying to be set on a copy of a slice from a DataFrame

See the caveats in the documentation: https://pandas.pydata.org/pandas-docs/stable/user_guide/indexing.html#returning-a-view-versus-a-copy
  return func(*args, **kwargs)

[2023-03-17T19:16:34.908+0000] {python.py:177} INFO - Done. Returned value was: None
[2023-03-17T19:16:34.914+0000] {taskinstance.py:1323} INFO - Marking task as SUCCESS. dag_id=Spotify_Data_ETL, task_id=TransformData, execution_date=20230317T191621, start_date=20230317T191634, end_date=20230317T191634
[2023-03-17T19:16:34.957+0000] {local_task_job.py:208} INFO - Task exited with return code 0
[2023-03-17T19:16:34.977+0000] {taskinstance.py:2578} INFO - 6 downstream tasks scheduled from follow-on schedule check
