[2023-03-21T23:31:59.994+0000] {taskinstance.py:1084} INFO - Dependencies all met for dep_context=non-requeueable deps ti=<TaskInstance: Spotify_Data_ETL.TransformData manual__2023-03-21T23:31:45.009664+00:00 [queued]>
[2023-03-21T23:31:59.999+0000] {taskinstance.py:1084} INFO - Dependencies all met for dep_context=requeueable deps ti=<TaskInstance: Spotify_Data_ETL.TransformData manual__2023-03-21T23:31:45.009664+00:00 [queued]>
[2023-03-21T23:32:00.001+0000] {taskinstance.py:1282} INFO - 
--------------------------------------------------------------------------------
[2023-03-21T23:32:00.002+0000] {taskinstance.py:1283} INFO - Starting attempt 1 of 3
[2023-03-21T23:32:00.004+0000] {taskinstance.py:1284} INFO - 
--------------------------------------------------------------------------------
[2023-03-21T23:32:00.011+0000] {taskinstance.py:1303} INFO - Executing <Task(PythonOperator): TransformData> on 2023-03-21 23:31:45.009664+00:00
[2023-03-21T23:32:00.017+0000] {standard_task_runner.py:55} INFO - Started process 302 to run task
[2023-03-21T23:32:00.027+0000] {standard_task_runner.py:82} INFO - Running: ['***', 'tasks', 'run', 'Spotify_Data_ETL', 'TransformData', 'manual__2023-03-21T23:31:45.009664+00:00', '--job-id', '2390', '--raw', '--subdir', 'DAGS_FOLDER/spotifydag.py', '--cfg-path', '/tmp/tmpmpj6ila3']
[2023-03-21T23:32:00.038+0000] {standard_task_runner.py:83} INFO - Job 2390: Subtask TransformData
[2023-03-21T23:32:00.092+0000] {task_command.py:388} INFO - Running <TaskInstance: Spotify_Data_ETL.TransformData manual__2023-03-21T23:31:45.009664+00:00 [running]> on host c6886449e314
[2023-03-21T23:32:00.138+0000] {taskinstance.py:1511} INFO - Exporting the following env vars:
AIRFLOW_CTX_DAG_OWNER=Ananta Moharana
AIRFLOW_CTX_DAG_ID=Spotify_Data_ETL
AIRFLOW_CTX_TASK_ID=TransformData
AIRFLOW_CTX_EXECUTION_DATE=2023-03-21T23:31:45.009664+00:00
AIRFLOW_CTX_TRY_NUMBER=1
AIRFLOW_CTX_DAG_RUN_ID=manual__2023-03-21T23:31:45.009664+00:00
[2023-03-21T23:32:00.177+0000] {warnings.py:110} WARNING - /opt/***/dags/src/transform.py:29: SettingWithCopyWarning: 
A value is trying to be set on a copy of a slice from a DataFrame.
Try using .loc[row_indexer,col_indexer] = value instead

See the caveats in the documentation: https://pandas.pydata.org/pandas-docs/stable/user_guide/indexing.html#returning-a-view-versus-a-copy
  song_fact['date']=today

[2023-03-21T23:32:00.179+0000] {warnings.py:110} WARNING - /home/***/.local/lib/python3.7/site-packages/pandas/util/_decorators.py:311: SettingWithCopyWarning: 
A value is trying to be set on a copy of a slice from a DataFrame

See the caveats in the documentation: https://pandas.pydata.org/pandas-docs/stable/user_guide/indexing.html#returning-a-view-versus-a-copy
  return func(*args, **kwargs)

[2023-03-21T23:32:00.235+0000] {python.py:177} INFO - Done. Returned value was: None
[2023-03-21T23:32:00.242+0000] {taskinstance.py:1326} INFO - Marking task as SUCCESS. dag_id=Spotify_Data_ETL, task_id=TransformData, execution_date=20230321T233145, start_date=20230321T233159, end_date=20230321T233200
[2023-03-21T23:32:00.275+0000] {local_task_job.py:212} INFO - Task exited with return code 0
[2023-03-21T23:32:00.298+0000] {taskinstance.py:2585} INFO - 6 downstream tasks scheduled from follow-on schedule check
