[2023-03-13T19:24:47.075+0000] {taskinstance.py:1083} INFO - Dependencies all met for <TaskInstance: Spotify_Data_ETL.GetSongsFromPlaylist manual__2023-03-13T19:24:44.180760+00:00 [queued]>
[2023-03-13T19:24:47.081+0000] {taskinstance.py:1083} INFO - Dependencies all met for <TaskInstance: Spotify_Data_ETL.GetSongsFromPlaylist manual__2023-03-13T19:24:44.180760+00:00 [queued]>
[2023-03-13T19:24:47.082+0000] {taskinstance.py:1279} INFO - 
--------------------------------------------------------------------------------
[2023-03-13T19:24:47.082+0000] {taskinstance.py:1280} INFO - Starting attempt 1 of 3
[2023-03-13T19:24:47.082+0000] {taskinstance.py:1281} INFO - 
--------------------------------------------------------------------------------
[2023-03-13T19:24:47.090+0000] {taskinstance.py:1300} INFO - Executing <Task(PythonOperator): GetSongsFromPlaylist> on 2023-03-13 19:24:44.180760+00:00
[2023-03-13T19:24:47.095+0000] {standard_task_runner.py:55} INFO - Started process 11165 to run task
[2023-03-13T19:24:47.101+0000] {standard_task_runner.py:82} INFO - Running: ['***', 'tasks', 'run', 'Spotify_Data_ETL', 'GetSongsFromPlaylist', 'manual__2023-03-13T19:24:44.180760+00:00', '--job-id', '266', '--raw', '--subdir', 'DAGS_FOLDER/spotifydag.py', '--cfg-path', '/tmp/tmpr9mqa3v7']
[2023-03-13T19:24:47.101+0000] {standard_task_runner.py:83} INFO - Job 266: Subtask GetSongsFromPlaylist
[2023-03-13T19:24:47.157+0000] {task_command.py:388} INFO - Running <TaskInstance: Spotify_Data_ETL.GetSongsFromPlaylist manual__2023-03-13T19:24:44.180760+00:00 [running]> on host 649b70e6a8b0
[2023-03-13T19:24:47.213+0000] {taskinstance.py:1509} INFO - Exporting the following env vars:
AIRFLOW_CTX_DAG_OWNER=Ananta Moharana
AIRFLOW_CTX_DAG_ID=Spotify_Data_ETL
AIRFLOW_CTX_TASK_ID=GetSongsFromPlaylist
AIRFLOW_CTX_EXECUTION_DATE=2023-03-13T19:24:44.180760+00:00
AIRFLOW_CTX_TRY_NUMBER=1
AIRFLOW_CTX_DAG_RUN_ID=manual__2023-03-13T19:24:44.180760+00:00
[2023-03-13T19:24:48.028+0000] {python.py:177} INFO - Done. Returned value was: None
[2023-03-13T19:24:48.035+0000] {taskinstance.py:1323} INFO - Marking task as SUCCESS. dag_id=Spotify_Data_ETL, task_id=GetSongsFromPlaylist, execution_date=20230313T192444, start_date=20230313T192447, end_date=20230313T192448
[2023-03-13T19:24:48.077+0000] {local_task_job.py:208} INFO - Task exited with return code 0
[2023-03-13T19:24:48.097+0000] {taskinstance.py:2578} INFO - 2 downstream tasks scheduled from follow-on schedule check
